[2022-07-08 07:00:01,941] {taskinstance.py:1037} INFO - Dependencies all met for <TaskInstance: upbit_bitcoin.upbit_bitcoin_extract scheduled__2022-07-08T06:00:00+00:00 [queued]>
[2022-07-08 07:00:01,956] {taskinstance.py:1037} INFO - Dependencies all met for <TaskInstance: upbit_bitcoin.upbit_bitcoin_extract scheduled__2022-07-08T06:00:00+00:00 [queued]>
[2022-07-08 07:00:01,957] {taskinstance.py:1243} INFO - 
--------------------------------------------------------------------------------
[2022-07-08 07:00:01,957] {taskinstance.py:1244} INFO - Starting attempt 1 of 1
[2022-07-08 07:00:01,957] {taskinstance.py:1245} INFO - 
--------------------------------------------------------------------------------
[2022-07-08 07:00:01,974] {taskinstance.py:1264} INFO - Executing <Task(PythonOperator): upbit_bitcoin_extract> on 2022-07-08 06:00:00+00:00
[2022-07-08 07:00:01,979] {standard_task_runner.py:52} INFO - Started process 1418 to run task
[2022-07-08 07:00:01,984] {standard_task_runner.py:76} INFO - Running: ['***', 'tasks', 'run', 'upbit_bitcoin', 'upbit_bitcoin_extract', 'scheduled__2022-07-08T06:00:00+00:00', '--job-id', '799', '--raw', '--subdir', 'DAGS_FOLDER/upbit_bitcoin.py', '--cfg-path', '/tmp/tmplg68l5g3', '--error-file', '/tmp/tmpxev17erg']
[2022-07-08 07:00:01,984] {standard_task_runner.py:77} INFO - Job 799: Subtask upbit_bitcoin_extract
[2022-07-08 07:00:02,078] {logging_mixin.py:109} INFO - Running <TaskInstance: upbit_bitcoin.upbit_bitcoin_extract scheduled__2022-07-08T06:00:00+00:00 [running]> on host 9514ca4c721b
[2022-07-08 07:00:02,165] {taskinstance.py:1431} INFO - Exporting the following env vars:
AIRFLOW_CTX_DAG_OWNER=***
AIRFLOW_CTX_DAG_ID=upbit_bitcoin
AIRFLOW_CTX_TASK_ID=upbit_bitcoin_extract
AIRFLOW_CTX_EXECUTION_DATE=2022-07-08T06:00:00+00:00
AIRFLOW_CTX_DAG_RUN_ID=scheduled__2022-07-08T06:00:00+00:00
[2022-07-08 07:00:02,176] {upbit_bitcoin.py:30} INFO - 2022-07-08T15:00:00
[2022-07-08 07:00:02,177] {upbit_bitcoin.py:34} INFO - 2022-07-08T15:00:00Z
[2022-07-08 07:00:02,177] {upbit_bitcoin.py:37} INFO - https://api.upbit.com/v1/candles/minutes/1?market=KRW-BTC&to=2022-07-08T15:00:00Z&count=1
[2022-07-08 07:00:02,177] {python.py:175} INFO - Done. Returned value was: https://api.upbit.com/v1/candles/minutes/1?market=KRW-BTC&to=2022-07-08T15:00:00Z&count=1
[2022-07-08 07:00:02,215] {taskinstance.py:1282} INFO - Marking task as SUCCESS. dag_id=upbit_bitcoin, task_id=upbit_bitcoin_extract, execution_date=20220708T060000, start_date=20220708T070001, end_date=20220708T070002
[2022-07-08 07:00:02,277] {local_task_job.py:154} INFO - Task exited with return code 0
[2022-07-08 07:00:02,324] {local_task_job.py:264} INFO - 0 downstream tasks scheduled from follow-on schedule check
[2022-07-08 07:26:42,317] {taskinstance.py:1037} INFO - Dependencies all met for <TaskInstance: upbit_bitcoin.upbit_bitcoin_extract scheduled__2022-07-08T06:00:00+00:00 [queued]>
[2022-07-08 07:26:42,335] {taskinstance.py:1037} INFO - Dependencies all met for <TaskInstance: upbit_bitcoin.upbit_bitcoin_extract scheduled__2022-07-08T06:00:00+00:00 [queued]>
[2022-07-08 07:26:42,335] {taskinstance.py:1243} INFO - 
--------------------------------------------------------------------------------
[2022-07-08 07:26:42,335] {taskinstance.py:1244} INFO - Starting attempt 1 of 1
[2022-07-08 07:26:42,335] {taskinstance.py:1245} INFO - 
--------------------------------------------------------------------------------
[2022-07-08 07:26:42,359] {taskinstance.py:1264} INFO - Executing <Task(PythonOperator): upbit_bitcoin_extract> on 2022-07-08 06:00:00+00:00
[2022-07-08 07:26:42,364] {standard_task_runner.py:52} INFO - Started process 2450 to run task
[2022-07-08 07:26:42,369] {standard_task_runner.py:76} INFO - Running: ['***', 'tasks', 'run', 'upbit_bitcoin', 'upbit_bitcoin_extract', 'scheduled__2022-07-08T06:00:00+00:00', '--job-id', '805', '--raw', '--subdir', 'DAGS_FOLDER/upbit_bitcoin.py', '--cfg-path', '/tmp/tmphiqrm87p', '--error-file', '/tmp/tmpu2f_kcib']
[2022-07-08 07:26:42,370] {standard_task_runner.py:77} INFO - Job 805: Subtask upbit_bitcoin_extract
[2022-07-08 07:26:42,450] {logging_mixin.py:109} INFO - Running <TaskInstance: upbit_bitcoin.upbit_bitcoin_extract scheduled__2022-07-08T06:00:00+00:00 [running]> on host 9514ca4c721b
[2022-07-08 07:26:42,538] {taskinstance.py:1431} INFO - Exporting the following env vars:
AIRFLOW_CTX_DAG_OWNER=***
AIRFLOW_CTX_DAG_ID=upbit_bitcoin
AIRFLOW_CTX_TASK_ID=upbit_bitcoin_extract
AIRFLOW_CTX_EXECUTION_DATE=2022-07-08T06:00:00+00:00
AIRFLOW_CTX_DAG_RUN_ID=scheduled__2022-07-08T06:00:00+00:00
[2022-07-08 07:26:42,553] {upbit_bitcoin.py:31} INFO - 2022-07-08T15:00:00
[2022-07-08 07:26:42,553] {upbit_bitcoin.py:35} INFO - 2022-07-08T15:00:00Z
[2022-07-08 07:26:42,553] {upbit_bitcoin.py:38} INFO - https://api.upbit.com/v1/candles/minutes/1?market=KRW-BTC&to=2022-07-08T15:00:00Z&count=1
[2022-07-08 07:26:42,553] {python.py:175} INFO - Done. Returned value was: https://api.upbit.com/v1/candles/minutes/1?market=KRW-BTC&to=2022-07-08T15:00:00Z&count=1
[2022-07-08 07:26:42,587] {taskinstance.py:1282} INFO - Marking task as SUCCESS. dag_id=upbit_bitcoin, task_id=upbit_bitcoin_extract, execution_date=20220708T060000, start_date=20220708T072642, end_date=20220708T072642
[2022-07-08 07:26:42,622] {local_task_job.py:154} INFO - Task exited with return code 0
[2022-07-08 07:26:42,670] {local_task_job.py:264} INFO - 0 downstream tasks scheduled from follow-on schedule check
[2022-07-08 07:28:16,127] {taskinstance.py:1037} INFO - Dependencies all met for <TaskInstance: upbit_bitcoin.upbit_bitcoin_extract scheduled__2022-07-08T06:00:00+00:00 [queued]>
[2022-07-08 07:28:16,141] {taskinstance.py:1037} INFO - Dependencies all met for <TaskInstance: upbit_bitcoin.upbit_bitcoin_extract scheduled__2022-07-08T06:00:00+00:00 [queued]>
[2022-07-08 07:28:16,142] {taskinstance.py:1243} INFO - 
--------------------------------------------------------------------------------
[2022-07-08 07:28:16,142] {taskinstance.py:1244} INFO - Starting attempt 1 of 1
[2022-07-08 07:28:16,142] {taskinstance.py:1245} INFO - 
--------------------------------------------------------------------------------
[2022-07-08 07:28:16,163] {taskinstance.py:1264} INFO - Executing <Task(PythonOperator): upbit_bitcoin_extract> on 2022-07-08 06:00:00+00:00
[2022-07-08 07:28:16,178] {standard_task_runner.py:52} INFO - Started process 2518 to run task
[2022-07-08 07:28:16,185] {standard_task_runner.py:76} INFO - Running: ['***', 'tasks', 'run', 'upbit_bitcoin', 'upbit_bitcoin_extract', 'scheduled__2022-07-08T06:00:00+00:00', '--job-id', '810', '--raw', '--subdir', 'DAGS_FOLDER/upbit_bitcoin.py', '--cfg-path', '/tmp/tmp6cmlw3n7', '--error-file', '/tmp/tmpmv04rbhn']
[2022-07-08 07:28:16,186] {standard_task_runner.py:77} INFO - Job 810: Subtask upbit_bitcoin_extract
[2022-07-08 07:28:16,335] {logging_mixin.py:109} INFO - Running <TaskInstance: upbit_bitcoin.upbit_bitcoin_extract scheduled__2022-07-08T06:00:00+00:00 [running]> on host 9514ca4c721b
[2022-07-08 07:28:16,458] {taskinstance.py:1431} INFO - Exporting the following env vars:
AIRFLOW_CTX_DAG_OWNER=***
AIRFLOW_CTX_DAG_ID=upbit_bitcoin
AIRFLOW_CTX_TASK_ID=upbit_bitcoin_extract
AIRFLOW_CTX_EXECUTION_DATE=2022-07-08T06:00:00+00:00
AIRFLOW_CTX_DAG_RUN_ID=scheduled__2022-07-08T06:00:00+00:00
[2022-07-08 07:28:16,465] {upbit_bitcoin.py:32} INFO - 2022-07-08T06:00:00+00:00
[2022-07-08 07:28:16,465] {upbit_bitcoin.py:36} INFO - 2022-07-08T06:00:00+00:00Z
[2022-07-08 07:28:16,466] {upbit_bitcoin.py:39} INFO - https://api.upbit.com/v1/candles/minutes/1?market=KRW-BTC&to=2022-07-08T06:00:00+00:00Z&count=1
[2022-07-08 07:28:16,466] {python.py:175} INFO - Done. Returned value was: https://api.upbit.com/v1/candles/minutes/1?market=KRW-BTC&to=2022-07-08T06:00:00+00:00Z&count=1
[2022-07-08 07:28:16,508] {taskinstance.py:1282} INFO - Marking task as SUCCESS. dag_id=upbit_bitcoin, task_id=upbit_bitcoin_extract, execution_date=20220708T060000, start_date=20220708T072816, end_date=20220708T072816
[2022-07-08 07:28:16,568] {local_task_job.py:154} INFO - Task exited with return code 0
[2022-07-08 07:28:16,677] {local_task_job.py:264} INFO - 0 downstream tasks scheduled from follow-on schedule check
[2022-07-08 07:32:42,496] {taskinstance.py:1037} INFO - Dependencies all met for <TaskInstance: upbit_bitcoin.upbit_bitcoin_extract scheduled__2022-07-08T06:00:00+00:00 [queued]>
[2022-07-08 07:32:42,518] {taskinstance.py:1037} INFO - Dependencies all met for <TaskInstance: upbit_bitcoin.upbit_bitcoin_extract scheduled__2022-07-08T06:00:00+00:00 [queued]>
[2022-07-08 07:32:42,519] {taskinstance.py:1243} INFO - 
--------------------------------------------------------------------------------
[2022-07-08 07:32:42,519] {taskinstance.py:1244} INFO - Starting attempt 1 of 1
[2022-07-08 07:32:42,519] {taskinstance.py:1245} INFO - 
--------------------------------------------------------------------------------
[2022-07-08 07:32:42,544] {taskinstance.py:1264} INFO - Executing <Task(PythonOperator): upbit_bitcoin_extract> on 2022-07-08 06:00:00+00:00
[2022-07-08 07:32:42,549] {standard_task_runner.py:52} INFO - Started process 2695 to run task
[2022-07-08 07:32:42,555] {standard_task_runner.py:76} INFO - Running: ['***', 'tasks', 'run', 'upbit_bitcoin', 'upbit_bitcoin_extract', 'scheduled__2022-07-08T06:00:00+00:00', '--job-id', '817', '--raw', '--subdir', 'DAGS_FOLDER/upbit_bitcoin.py', '--cfg-path', '/tmp/tmpyhxoqtvu', '--error-file', '/tmp/tmp5rdt39ex']
[2022-07-08 07:32:42,556] {standard_task_runner.py:77} INFO - Job 817: Subtask upbit_bitcoin_extract
[2022-07-08 07:32:42,652] {logging_mixin.py:109} INFO - Running <TaskInstance: upbit_bitcoin.upbit_bitcoin_extract scheduled__2022-07-08T06:00:00+00:00 [running]> on host 9514ca4c721b
[2022-07-08 07:32:42,738] {taskinstance.py:1431} INFO - Exporting the following env vars:
AIRFLOW_CTX_DAG_OWNER=***
AIRFLOW_CTX_DAG_ID=upbit_bitcoin
AIRFLOW_CTX_TASK_ID=upbit_bitcoin_extract
AIRFLOW_CTX_EXECUTION_DATE=2022-07-08T06:00:00+00:00
AIRFLOW_CTX_DAG_RUN_ID=scheduled__2022-07-08T06:00:00+00:00
[2022-07-08 07:32:42,739] {upbit_bitcoin.py:32} INFO - 2022-07-08T06:00:00
[2022-07-08 07:32:42,739] {upbit_bitcoin.py:36} INFO - 2022-07-08T06:00:00Z
[2022-07-08 07:32:42,739] {upbit_bitcoin.py:39} INFO - https://api.upbit.com/v1/candles/minutes/1?market=KRW-BTC&to=2022-07-08T06:00:00Z&count=1
[2022-07-08 07:32:42,873] {python.py:175} INFO - Done. Returned value was: [{'market': 'KRW-BTC', 'candle_date_time_utc': '2022-07-08T05:59:00', 'candle_date_time_kst': '2022-07-08T14:59:00', 'opening_price': 28591000.0, 'high_price': 28609000.0, 'low_price': 28557000.0, 'trade_price': 28581000.0, 'timestamp': 1657259999946, 'candle_acc_trade_price': 201094643.41311, 'candle_acc_trade_volume': 7.03421203, 'unit': 1}]
[2022-07-08 07:32:42,976] {taskinstance.py:1282} INFO - Marking task as SUCCESS. dag_id=upbit_bitcoin, task_id=upbit_bitcoin_extract, execution_date=20220708T060000, start_date=20220708T073242, end_date=20220708T073242
[2022-07-08 07:32:43,055] {local_task_job.py:154} INFO - Task exited with return code 0
[2022-07-08 07:32:43,103] {local_task_job.py:264} INFO - 0 downstream tasks scheduled from follow-on schedule check
