[2022-07-20 07:03:48,806] {taskinstance.py:1037} INFO - Dependencies all met for <TaskInstance: Upbit_api.insert_bitcoin scheduled__2022-07-20T03:00:00+00:00 [queued]>
[2022-07-20 07:03:48,879] {taskinstance.py:1037} INFO - Dependencies all met for <TaskInstance: Upbit_api.insert_bitcoin scheduled__2022-07-20T03:00:00+00:00 [queued]>
[2022-07-20 07:03:48,880] {taskinstance.py:1243} INFO - 
--------------------------------------------------------------------------------
[2022-07-20 07:03:48,880] {taskinstance.py:1244} INFO - Starting attempt 1 of 2
[2022-07-20 07:03:48,880] {taskinstance.py:1245} INFO - 
--------------------------------------------------------------------------------
[2022-07-20 07:03:48,935] {taskinstance.py:1264} INFO - Executing <Task(PostgresOperator): insert_bitcoin> on 2022-07-20 03:00:00+00:00
[2022-07-20 07:03:48,952] {standard_task_runner.py:52} INFO - Started process 3172 to run task
[2022-07-20 07:03:48,972] {standard_task_runner.py:76} INFO - Running: ['***', 'tasks', 'run', 'Upbit_api', 'insert_bitcoin', 'scheduled__2022-07-20T03:00:00+00:00', '--job-id', '214', '--raw', '--subdir', 'DAGS_FOLDER/Upbit_Api.py', '--cfg-path', '/tmp/tmpy25bf__b', '--error-file', '/tmp/tmpfhwag49b']
[2022-07-20 07:03:48,973] {standard_task_runner.py:77} INFO - Job 214: Subtask insert_bitcoin
[2022-07-20 07:03:49,226] {logging_mixin.py:109} INFO - Running <TaskInstance: Upbit_api.insert_bitcoin scheduled__2022-07-20T03:00:00+00:00 [running]> on host 0741836b2d3b
[2022-07-20 07:03:49,940] {taskinstance.py:1431} INFO - Exporting the following env vars:
AIRFLOW_CTX_DAG_OWNER=kimuksung2
AIRFLOW_CTX_DAG_ID=Upbit_api
AIRFLOW_CTX_TASK_ID=insert_bitcoin
AIRFLOW_CTX_EXECUTION_DATE=2022-07-20T03:00:00+00:00
AIRFLOW_CTX_DAG_RUN_ID=scheduled__2022-07-20T03:00:00+00:00
[2022-07-20 07:03:49,960] {base.py:79} INFO - Using connection to: id: postgres_xcom_test. Host: postgres, Port: 5432, Schema: test, Login: ***, Password: ***, extra: {}
[2022-07-20 07:03:49,993] {dbapi.py:225} INFO - Running statement: 
            insert into bitcoin (name , time_utc , time_ktc , opening_price , high_price , low_price , trade_price ) 
            values (
                'KRW-BTC',
                '2022-07-20T02:59:00',
                '2022-07-20T11:59:00',
                30731000.0,
                30731000.0,
                30705000.0,
                30719000.0
            )
        , parameters: None
[2022-07-20 07:03:50,012] {dbapi.py:233} INFO - Rows affected: 1
[2022-07-20 07:03:50,065] {taskinstance.py:1282} INFO - Marking task as SUCCESS. dag_id=Upbit_api, task_id=insert_bitcoin, execution_date=20220720T030000, start_date=20220720T070348, end_date=20220720T070350
[2022-07-20 07:03:50,134] {local_task_job.py:154} INFO - Task exited with return code 0
[2022-07-20 07:03:50,213] {local_task_job.py:264} INFO - 0 downstream tasks scheduled from follow-on schedule check
