[2022-07-07 08:00:02,822] {taskinstance.py:1037} INFO - Dependencies all met for <TaskInstance: upbit_bitcoin.upbit_bitcoin_extract scheduled__2022-07-07T07:00:00+00:00 [queued]>
[2022-07-07 08:00:02,849] {taskinstance.py:1037} INFO - Dependencies all met for <TaskInstance: upbit_bitcoin.upbit_bitcoin_extract scheduled__2022-07-07T07:00:00+00:00 [queued]>
[2022-07-07 08:00:02,850] {taskinstance.py:1243} INFO - 
--------------------------------------------------------------------------------
[2022-07-07 08:00:02,850] {taskinstance.py:1244} INFO - Starting attempt 1 of 1
[2022-07-07 08:00:02,850] {taskinstance.py:1245} INFO - 
--------------------------------------------------------------------------------
[2022-07-07 08:00:02,875] {taskinstance.py:1264} INFO - Executing <Task(PythonOperator): upbit_bitcoin_extract> on 2022-07-07 07:00:00+00:00
[2022-07-07 08:00:02,883] {standard_task_runner.py:52} INFO - Started process 3536 to run task
[2022-07-07 08:00:02,886] {standard_task_runner.py:76} INFO - Running: ['***', 'tasks', 'run', 'upbit_bitcoin', 'upbit_bitcoin_extract', 'scheduled__2022-07-07T07:00:00+00:00', '--job-id', '701', '--raw', '--subdir', 'DAGS_FOLDER/upbit_bitcoin.py', '--cfg-path', '/tmp/tmpg63ywybb', '--error-file', '/tmp/tmpxle1xlo6']
[2022-07-07 08:00:02,887] {standard_task_runner.py:77} INFO - Job 701: Subtask upbit_bitcoin_extract
[2022-07-07 08:00:02,983] {logging_mixin.py:109} INFO - Running <TaskInstance: upbit_bitcoin.upbit_bitcoin_extract scheduled__2022-07-07T07:00:00+00:00 [running]> on host 9514ca4c721b
[2022-07-07 08:00:03,100] {taskinstance.py:1431} INFO - Exporting the following env vars:
AIRFLOW_CTX_DAG_OWNER=***
AIRFLOW_CTX_DAG_ID=upbit_bitcoin
AIRFLOW_CTX_TASK_ID=upbit_bitcoin_extract
AIRFLOW_CTX_EXECUTION_DATE=2022-07-07T07:00:00+00:00
AIRFLOW_CTX_DAG_RUN_ID=scheduled__2022-07-07T07:00:00+00:00
[2022-07-07 08:00:03,112] {upbit_bitcoin.py:35} INFO - 2022-07-07 07:00:00
[2022-07-07 08:00:03,112] {upbit_bitcoin.py:38} INFO - https://api.upbit.com/v1/candles/minutes/1?market=KRW-BTC&to=2022-07-07 07:00:00&count=1
[2022-07-07 08:00:03,112] {python.py:175} INFO - Done. Returned value was: https://api.upbit.com/v1/candles/minutes/1?market=KRW-BTC&to=2022-07-07 07:00:00&count=1
[2022-07-07 08:00:03,165] {taskinstance.py:1282} INFO - Marking task as SUCCESS. dag_id=upbit_bitcoin, task_id=upbit_bitcoin_extract, execution_date=20220707T070000, start_date=20220707T080002, end_date=20220707T080003
[2022-07-07 08:00:03,222] {local_task_job.py:154} INFO - Task exited with return code 0
[2022-07-07 08:00:03,289] {local_task_job.py:264} INFO - 0 downstream tasks scheduled from follow-on schedule check
[2022-07-07 08:00:47,786] {taskinstance.py:1037} INFO - Dependencies all met for <TaskInstance: upbit_bitcoin.upbit_bitcoin_extract scheduled__2022-07-07T07:00:00+00:00 [queued]>
[2022-07-07 08:00:47,820] {taskinstance.py:1037} INFO - Dependencies all met for <TaskInstance: upbit_bitcoin.upbit_bitcoin_extract scheduled__2022-07-07T07:00:00+00:00 [queued]>
[2022-07-07 08:00:47,821] {taskinstance.py:1243} INFO - 
--------------------------------------------------------------------------------
[2022-07-07 08:00:47,821] {taskinstance.py:1244} INFO - Starting attempt 1 of 1
[2022-07-07 08:00:47,821] {taskinstance.py:1245} INFO - 
--------------------------------------------------------------------------------
[2022-07-07 08:00:47,850] {taskinstance.py:1264} INFO - Executing <Task(PythonOperator): upbit_bitcoin_extract> on 2022-07-07 07:00:00+00:00
[2022-07-07 08:00:47,855] {standard_task_runner.py:52} INFO - Started process 3578 to run task
[2022-07-07 08:00:47,864] {standard_task_runner.py:76} INFO - Running: ['***', 'tasks', 'run', 'upbit_bitcoin', 'upbit_bitcoin_extract', 'scheduled__2022-07-07T07:00:00+00:00', '--job-id', '708', '--raw', '--subdir', 'DAGS_FOLDER/upbit_bitcoin.py', '--cfg-path', '/tmp/tmpyxsbtxtc', '--error-file', '/tmp/tmpjun8eora']
[2022-07-07 08:00:47,865] {standard_task_runner.py:77} INFO - Job 708: Subtask upbit_bitcoin_extract
[2022-07-07 08:00:47,988] {logging_mixin.py:109} INFO - Running <TaskInstance: upbit_bitcoin.upbit_bitcoin_extract scheduled__2022-07-07T07:00:00+00:00 [running]> on host 9514ca4c721b
[2022-07-07 08:00:48,202] {taskinstance.py:1431} INFO - Exporting the following env vars:
AIRFLOW_CTX_DAG_OWNER=***
AIRFLOW_CTX_DAG_ID=upbit_bitcoin
AIRFLOW_CTX_TASK_ID=upbit_bitcoin_extract
AIRFLOW_CTX_EXECUTION_DATE=2022-07-07T07:00:00+00:00
AIRFLOW_CTX_DAG_RUN_ID=scheduled__2022-07-07T07:00:00+00:00
[2022-07-07 08:00:48,221] {upbit_bitcoin.py:34} INFO - 2022-07-07 07:00:00
[2022-07-07 08:00:48,221] {upbit_bitcoin.py:37} INFO - https://api.upbit.com/v1/candles/minutes/1?market=KRW-BTC&to=2022-07-07 07:00:00&count=1
[2022-07-07 08:00:48,221] {python.py:175} INFO - Done. Returned value was: https://api.upbit.com/v1/candles/minutes/1?market=KRW-BTC&to=2022-07-07 07:00:00&count=1
[2022-07-07 08:00:48,279] {taskinstance.py:1282} INFO - Marking task as SUCCESS. dag_id=upbit_bitcoin, task_id=upbit_bitcoin_extract, execution_date=20220707T070000, start_date=20220707T080047, end_date=20220707T080048
[2022-07-07 08:00:48,337] {local_task_job.py:154} INFO - Task exited with return code 0
[2022-07-07 08:00:48,420] {local_task_job.py:264} INFO - 0 downstream tasks scheduled from follow-on schedule check
[2022-07-07 08:16:14,562] {taskinstance.py:1037} INFO - Dependencies all met for <TaskInstance: upbit_bitcoin.upbit_bitcoin_extract scheduled__2022-07-07T07:00:00+00:00 [queued]>
[2022-07-07 08:16:14,591] {taskinstance.py:1037} INFO - Dependencies all met for <TaskInstance: upbit_bitcoin.upbit_bitcoin_extract scheduled__2022-07-07T07:00:00+00:00 [queued]>
[2022-07-07 08:16:14,592] {taskinstance.py:1243} INFO - 
--------------------------------------------------------------------------------
[2022-07-07 08:16:14,592] {taskinstance.py:1244} INFO - Starting attempt 1 of 1
[2022-07-07 08:16:14,592] {taskinstance.py:1245} INFO - 
--------------------------------------------------------------------------------
[2022-07-07 08:16:14,618] {taskinstance.py:1264} INFO - Executing <Task(PythonOperator): upbit_bitcoin_extract> on 2022-07-07 07:00:00+00:00
[2022-07-07 08:16:14,625] {standard_task_runner.py:52} INFO - Started process 4174 to run task
[2022-07-07 08:16:14,633] {standard_task_runner.py:76} INFO - Running: ['***', 'tasks', 'run', 'upbit_bitcoin', 'upbit_bitcoin_extract', 'scheduled__2022-07-07T07:00:00+00:00', '--job-id', '721', '--raw', '--subdir', 'DAGS_FOLDER/upbit_bitcoin.py', '--cfg-path', '/tmp/tmparmro4bi', '--error-file', '/tmp/tmpd6y_jchk']
[2022-07-07 08:16:14,634] {standard_task_runner.py:77} INFO - Job 721: Subtask upbit_bitcoin_extract
[2022-07-07 08:16:14,718] {logging_mixin.py:109} INFO - Running <TaskInstance: upbit_bitcoin.upbit_bitcoin_extract scheduled__2022-07-07T07:00:00+00:00 [running]> on host 9514ca4c721b
[2022-07-07 08:16:14,811] {taskinstance.py:1431} INFO - Exporting the following env vars:
AIRFLOW_CTX_DAG_OWNER=***
AIRFLOW_CTX_DAG_ID=upbit_bitcoin
AIRFLOW_CTX_TASK_ID=upbit_bitcoin_extract
AIRFLOW_CTX_EXECUTION_DATE=2022-07-07T07:00:00+00:00
AIRFLOW_CTX_DAG_RUN_ID=scheduled__2022-07-07T07:00:00+00:00
[2022-07-07 08:16:14,831] {upbit_bitcoin.py:31} INFO - 2022-07-07 07:00:00
[2022-07-07 08:16:14,831] {upbit_bitcoin.py:34} INFO - https://api.upbit.com/v1/candles/minutes/1?market=KRW-BTC&to=2022-07-07 07:00:00&count=1
[2022-07-07 08:16:14,832] {python.py:175} INFO - Done. Returned value was: https://api.upbit.com/v1/candles/minutes/1?market=KRW-BTC&to=2022-07-07 07:00:00&count=1
[2022-07-07 08:16:14,872] {taskinstance.py:1282} INFO - Marking task as SUCCESS. dag_id=upbit_bitcoin, task_id=upbit_bitcoin_extract, execution_date=20220707T070000, start_date=20220707T081614, end_date=20220707T081614
[2022-07-07 08:16:14,924] {local_task_job.py:154} INFO - Task exited with return code 0
[2022-07-07 08:16:14,995] {local_task_job.py:264} INFO - 0 downstream tasks scheduled from follow-on schedule check
[2022-07-07 08:19:02,253] {taskinstance.py:1037} INFO - Dependencies all met for <TaskInstance: upbit_bitcoin.upbit_bitcoin_extract scheduled__2022-07-07T07:00:00+00:00 [queued]>
[2022-07-07 08:19:02,273] {taskinstance.py:1037} INFO - Dependencies all met for <TaskInstance: upbit_bitcoin.upbit_bitcoin_extract scheduled__2022-07-07T07:00:00+00:00 [queued]>
[2022-07-07 08:19:02,273] {taskinstance.py:1243} INFO - 
--------------------------------------------------------------------------------
[2022-07-07 08:19:02,273] {taskinstance.py:1244} INFO - Starting attempt 1 of 1
[2022-07-07 08:19:02,273] {taskinstance.py:1245} INFO - 
--------------------------------------------------------------------------------
[2022-07-07 08:19:02,297] {taskinstance.py:1264} INFO - Executing <Task(PythonOperator): upbit_bitcoin_extract> on 2022-07-07 07:00:00+00:00
[2022-07-07 08:19:02,303] {standard_task_runner.py:52} INFO - Started process 4289 to run task
[2022-07-07 08:19:02,313] {standard_task_runner.py:76} INFO - Running: ['***', 'tasks', 'run', 'upbit_bitcoin', 'upbit_bitcoin_extract', 'scheduled__2022-07-07T07:00:00+00:00', '--job-id', '728', '--raw', '--subdir', 'DAGS_FOLDER/upbit_bitcoin.py', '--cfg-path', '/tmp/tmpdsfur4om', '--error-file', '/tmp/tmpizo5gj2j']
[2022-07-07 08:19:02,314] {standard_task_runner.py:77} INFO - Job 728: Subtask upbit_bitcoin_extract
[2022-07-07 08:19:02,447] {logging_mixin.py:109} INFO - Running <TaskInstance: upbit_bitcoin.upbit_bitcoin_extract scheduled__2022-07-07T07:00:00+00:00 [running]> on host 9514ca4c721b
[2022-07-07 08:19:02,669] {taskinstance.py:1431} INFO - Exporting the following env vars:
AIRFLOW_CTX_DAG_OWNER=***
AIRFLOW_CTX_DAG_ID=upbit_bitcoin
AIRFLOW_CTX_TASK_ID=upbit_bitcoin_extract
AIRFLOW_CTX_EXECUTION_DATE=2022-07-07T07:00:00+00:00
AIRFLOW_CTX_DAG_RUN_ID=scheduled__2022-07-07T07:00:00+00:00
[2022-07-07 08:19:02,698] {upbit_bitcoin.py:32} INFO - 2022-07-07 07:00:00
[2022-07-07 08:19:02,698] {upbit_bitcoin.py:35} INFO - https://api.upbit.com/v1/candles/minutes/1?market=KRW-BTC&to=2022-07-07 07:00:00&count=1
[2022-07-07 08:19:02,698] {python.py:175} INFO - Done. Returned value was: https://api.upbit.com/v1/candles/minutes/1?market=KRW-BTC&to=2022-07-07 07:00:00&count=1
[2022-07-07 08:19:02,767] {taskinstance.py:1282} INFO - Marking task as SUCCESS. dag_id=upbit_bitcoin, task_id=upbit_bitcoin_extract, execution_date=20220707T070000, start_date=20220707T081902, end_date=20220707T081902
[2022-07-07 08:19:02,835] {local_task_job.py:154} INFO - Task exited with return code 0
[2022-07-07 08:19:02,925] {local_task_job.py:264} INFO - 0 downstream tasks scheduled from follow-on schedule check
