[2022-07-07 06:39:50,369] {taskinstance.py:1037} INFO - Dependencies all met for <TaskInstance: upbit_bitcoin.upbit_bitcoin_extract scheduled__2022-07-06T23:00:00+00:00 [queued]>
[2022-07-07 06:39:50,391] {taskinstance.py:1037} INFO - Dependencies all met for <TaskInstance: upbit_bitcoin.upbit_bitcoin_extract scheduled__2022-07-06T23:00:00+00:00 [queued]>
[2022-07-07 06:39:50,391] {taskinstance.py:1243} INFO - 
--------------------------------------------------------------------------------
[2022-07-07 06:39:50,392] {taskinstance.py:1244} INFO - Starting attempt 1 of 1
[2022-07-07 06:39:50,392] {taskinstance.py:1245} INFO - 
--------------------------------------------------------------------------------
[2022-07-07 06:39:50,459] {taskinstance.py:1264} INFO - Executing <Task(PythonOperator): upbit_bitcoin_extract> on 2022-07-06 23:00:00+00:00
[2022-07-07 06:39:50,469] {standard_task_runner.py:52} INFO - Started process 336 to run task
[2022-07-07 06:39:50,473] {standard_task_runner.py:76} INFO - Running: ['***', 'tasks', 'run', 'upbit_bitcoin', 'upbit_bitcoin_extract', 'scheduled__2022-07-06T23:00:00+00:00', '--job-id', '606', '--raw', '--subdir', 'DAGS_FOLDER/upbit_bitcoin.py', '--cfg-path', '/tmp/tmpp183qf0s', '--error-file', '/tmp/tmpfra9qqvn']
[2022-07-07 06:39:50,474] {standard_task_runner.py:77} INFO - Job 606: Subtask upbit_bitcoin_extract
[2022-07-07 06:39:50,602] {logging_mixin.py:109} INFO - Running <TaskInstance: upbit_bitcoin.upbit_bitcoin_extract scheduled__2022-07-06T23:00:00+00:00 [running]> on host 9514ca4c721b
[2022-07-07 06:39:50,727] {taskinstance.py:1431} INFO - Exporting the following env vars:
AIRFLOW_CTX_DAG_OWNER=***
AIRFLOW_CTX_DAG_ID=upbit_bitcoin
AIRFLOW_CTX_TASK_ID=upbit_bitcoin_extract
AIRFLOW_CTX_EXECUTION_DATE=2022-07-06T23:00:00+00:00
AIRFLOW_CTX_DAG_RUN_ID=scheduled__2022-07-06T23:00:00+00:00
[2022-07-07 06:39:50,728] {upbit_bitcoin.py:22} INFO - ['2022-07-06', '23:00:00+00:00']
[2022-07-07 06:39:50,729] {upbit_bitcoin.py:29} INFO - https://api.upbit.com/v1/candles/minutes/1?market=KRW-BTC&to=2022-07-07 00:00:00&count=5
[2022-07-07 06:39:50,729] {python.py:175} INFO - Done. Returned value was: https://api.upbit.com/v1/candles/minutes/1?market=KRW-BTC&to=2022-07-07 00:00:00&count=5
[2022-07-07 06:39:50,772] {taskinstance.py:1282} INFO - Marking task as SUCCESS. dag_id=upbit_bitcoin, task_id=upbit_bitcoin_extract, execution_date=20220706T230000, start_date=20220707T063950, end_date=20220707T063950
[2022-07-07 06:39:50,815] {local_task_job.py:154} INFO - Task exited with return code 0
[2022-07-07 06:39:50,873] {local_task_job.py:264} INFO - 0 downstream tasks scheduled from follow-on schedule check
[2022-07-07 06:43:40,554] {taskinstance.py:1037} INFO - Dependencies all met for <TaskInstance: upbit_bitcoin.upbit_bitcoin_extract scheduled__2022-07-06T23:00:00+00:00 [queued]>
[2022-07-07 06:43:40,570] {taskinstance.py:1037} INFO - Dependencies all met for <TaskInstance: upbit_bitcoin.upbit_bitcoin_extract scheduled__2022-07-06T23:00:00+00:00 [queued]>
[2022-07-07 06:43:40,570] {taskinstance.py:1243} INFO - 
--------------------------------------------------------------------------------
[2022-07-07 06:43:40,570] {taskinstance.py:1244} INFO - Starting attempt 1 of 1
[2022-07-07 06:43:40,570] {taskinstance.py:1245} INFO - 
--------------------------------------------------------------------------------
[2022-07-07 06:43:40,597] {taskinstance.py:1264} INFO - Executing <Task(PythonOperator): upbit_bitcoin_extract> on 2022-07-06 23:00:00+00:00
[2022-07-07 06:43:40,603] {standard_task_runner.py:52} INFO - Started process 507 to run task
[2022-07-07 06:43:40,607] {standard_task_runner.py:76} INFO - Running: ['***', 'tasks', 'run', 'upbit_bitcoin', 'upbit_bitcoin_extract', 'scheduled__2022-07-06T23:00:00+00:00', '--job-id', '621', '--raw', '--subdir', 'DAGS_FOLDER/upbit_bitcoin.py', '--cfg-path', '/tmp/tmpdlu_hd4o', '--error-file', '/tmp/tmpy8c731or']
[2022-07-07 06:43:40,607] {standard_task_runner.py:77} INFO - Job 621: Subtask upbit_bitcoin_extract
[2022-07-07 06:43:40,691] {logging_mixin.py:109} INFO - Running <TaskInstance: upbit_bitcoin.upbit_bitcoin_extract scheduled__2022-07-06T23:00:00+00:00 [running]> on host 9514ca4c721b
[2022-07-07 06:43:40,775] {taskinstance.py:1431} INFO - Exporting the following env vars:
AIRFLOW_CTX_DAG_OWNER=***
AIRFLOW_CTX_DAG_ID=upbit_bitcoin
AIRFLOW_CTX_TASK_ID=upbit_bitcoin_extract
AIRFLOW_CTX_EXECUTION_DATE=2022-07-06T23:00:00+00:00
AIRFLOW_CTX_DAG_RUN_ID=scheduled__2022-07-06T23:00:00+00:00
[2022-07-07 06:43:40,777] {upbit_bitcoin.py:27} INFO - 2022-07-06 23:00:00
[2022-07-07 06:43:40,777] {upbit_bitcoin.py:31} INFO - https://api.upbit.com/v1/candles/minutes/1?market=KRW-BTC&to=2022-07-06 23:00:00&count=1
[2022-07-07 06:43:40,777] {python.py:175} INFO - Done. Returned value was: https://api.upbit.com/v1/candles/minutes/1?market=KRW-BTC&to=2022-07-06 23:00:00&count=1
[2022-07-07 06:43:40,804] {taskinstance.py:1282} INFO - Marking task as SUCCESS. dag_id=upbit_bitcoin, task_id=upbit_bitcoin_extract, execution_date=20220706T230000, start_date=20220707T064340, end_date=20220707T064340
[2022-07-07 06:43:40,859] {local_task_job.py:154} INFO - Task exited with return code 0
[2022-07-07 06:43:40,900] {local_task_job.py:264} INFO - 0 downstream tasks scheduled from follow-on schedule check
