[2022-07-19 06:50:58,553] {taskinstance.py:1037} INFO - Dependencies all met for <TaskInstance: dag_with_postgres_operator.create_postgres_table scheduled__2022-07-18T00:00:00+00:00 [queued]>
[2022-07-19 06:50:58,579] {taskinstance.py:1037} INFO - Dependencies all met for <TaskInstance: dag_with_postgres_operator.create_postgres_table scheduled__2022-07-18T00:00:00+00:00 [queued]>
[2022-07-19 06:50:58,579] {taskinstance.py:1243} INFO - 
--------------------------------------------------------------------------------
[2022-07-19 06:50:58,579] {taskinstance.py:1244} INFO - Starting attempt 1 of 6
[2022-07-19 06:50:58,579] {taskinstance.py:1245} INFO - 
--------------------------------------------------------------------------------
[2022-07-19 06:50:58,633] {taskinstance.py:1264} INFO - Executing <Task(PostgresOperator): create_postgres_table> on 2022-07-18 00:00:00+00:00
[2022-07-19 06:50:58,645] {standard_task_runner.py:52} INFO - Started process 643 to run task
[2022-07-19 06:50:58,664] {standard_task_runner.py:76} INFO - Running: ['***', 'tasks', 'run', 'dag_with_postgres_operator', 'create_postgres_table', 'scheduled__2022-07-18T00:00:00+00:00', '--job-id', '53', '--raw', '--subdir', 'DAGS_FOLDER/example_postgres.py', '--cfg-path', '/tmp/tmp0bghtbmt', '--error-file', '/tmp/tmp7ftmqkge']
[2022-07-19 06:50:58,665] {standard_task_runner.py:77} INFO - Job 53: Subtask create_postgres_table
[2022-07-19 06:50:58,817] {logging_mixin.py:109} INFO - Running <TaskInstance: dag_with_postgres_operator.create_postgres_table scheduled__2022-07-18T00:00:00+00:00 [running]> on host 0741836b2d3b
[2022-07-19 06:50:59,426] {taskinstance.py:1431} INFO - Exporting the following env vars:
AIRFLOW_CTX_DAG_OWNER=kimuksung2
AIRFLOW_CTX_DAG_ID=dag_with_postgres_operator
AIRFLOW_CTX_TASK_ID=create_postgres_table
AIRFLOW_CTX_EXECUTION_DATE=2022-07-18T00:00:00+00:00
AIRFLOW_CTX_DAG_RUN_ID=scheduled__2022-07-18T00:00:00+00:00
[2022-07-19 06:51:01,796] {base.py:79} INFO - Using connection to: id: postgres_localhost. Host: host.docker.internal, Port: 5432, Schema: test, Login: ***, Password: ***, extra: {}
[2022-07-19 06:51:01,878] {dbapi.py:225} INFO - Running statement: 
            create table if not exists dag_runs (
                dt date,
                dag_id character varying,
                primary key (dt, dag_id)
            )
        , parameters: None
[2022-07-19 06:51:01,890] {postgres.py:73} INFO - NOTICE:  relation "dag_runs" already exists, skipping

[2022-07-19 06:51:02,107] {taskinstance.py:1282} INFO - Marking task as SUCCESS. dag_id=dag_with_postgres_operator, task_id=create_postgres_table, execution_date=20220718T000000, start_date=20220719T065058, end_date=20220719T065102
[2022-07-19 06:51:15,214] {local_task_job.py:154} INFO - Task exited with return code 0
[2022-07-19 06:51:15,426] {local_task_job.py:264} INFO - 0 downstream tasks scheduled from follow-on schedule check
[2022-07-19 07:03:26,095] {taskinstance.py:1037} INFO - Dependencies all met for <TaskInstance: dag_with_postgres_operator.create_postgres_table scheduled__2022-07-18T00:00:00+00:00 [queued]>
[2022-07-19 07:03:26,109] {taskinstance.py:1037} INFO - Dependencies all met for <TaskInstance: dag_with_postgres_operator.create_postgres_table scheduled__2022-07-18T00:00:00+00:00 [queued]>
[2022-07-19 07:03:26,110] {taskinstance.py:1243} INFO - 
--------------------------------------------------------------------------------
[2022-07-19 07:03:26,110] {taskinstance.py:1244} INFO - Starting attempt 1 of 6
[2022-07-19 07:03:26,110] {taskinstance.py:1245} INFO - 
--------------------------------------------------------------------------------
[2022-07-19 07:03:26,127] {taskinstance.py:1264} INFO - Executing <Task(PostgresOperator): create_postgres_table> on 2022-07-18 00:00:00+00:00
[2022-07-19 07:03:26,132] {standard_task_runner.py:52} INFO - Started process 986 to run task
[2022-07-19 07:03:26,137] {standard_task_runner.py:76} INFO - Running: ['***', 'tasks', 'run', 'dag_with_postgres_operator', 'create_postgres_table', 'scheduled__2022-07-18T00:00:00+00:00', '--job-id', '65', '--raw', '--subdir', 'DAGS_FOLDER/example_postgres.py', '--cfg-path', '/tmp/tmpgk11kc42', '--error-file', '/tmp/tmpctl9vqwk']
[2022-07-19 07:03:26,138] {standard_task_runner.py:77} INFO - Job 65: Subtask create_postgres_table
[2022-07-19 07:03:26,209] {logging_mixin.py:109} INFO - Running <TaskInstance: dag_with_postgres_operator.create_postgres_table scheduled__2022-07-18T00:00:00+00:00 [running]> on host 0741836b2d3b
[2022-07-19 07:03:26,283] {taskinstance.py:1431} INFO - Exporting the following env vars:
AIRFLOW_CTX_DAG_OWNER=kimuksung2
AIRFLOW_CTX_DAG_ID=dag_with_postgres_operator
AIRFLOW_CTX_TASK_ID=create_postgres_table
AIRFLOW_CTX_EXECUTION_DATE=2022-07-18T00:00:00+00:00
AIRFLOW_CTX_DAG_RUN_ID=scheduled__2022-07-18T00:00:00+00:00
[2022-07-19 07:03:26,294] {base.py:79} INFO - Using connection to: id: postgres_localhost. Host: postgres, Port: 5432, Schema: test, Login: ***, Password: ***, extra: {}
[2022-07-19 07:03:26,305] {dbapi.py:225} INFO - Running statement: 
            create table if not exists dag_runs (
                dt date,
                dag_id character varying,
                primary key (dt, dag_id)
            )
        , parameters: None
[2022-07-19 07:03:26,305] {postgres.py:73} INFO - NOTICE:  relation "dag_runs" already exists, skipping

[2022-07-19 07:03:26,322] {taskinstance.py:1282} INFO - Marking task as SUCCESS. dag_id=dag_with_postgres_operator, task_id=create_postgres_table, execution_date=20220718T000000, start_date=20220719T070326, end_date=20220719T070326
[2022-07-19 07:03:26,348] {local_task_job.py:154} INFO - Task exited with return code 0
[2022-07-19 07:03:26,392] {local_task_job.py:264} INFO - 1 downstream tasks scheduled from follow-on schedule check
