[2022-07-20 07:03:41,076] {taskinstance.py:1037} INFO - Dependencies all met for <TaskInstance: Upbit_api.create_table_coin scheduled__2022-07-20T05:00:00+00:00 [queued]>
[2022-07-20 07:03:41,245] {taskinstance.py:1037} INFO - Dependencies all met for <TaskInstance: Upbit_api.create_table_coin scheduled__2022-07-20T05:00:00+00:00 [queued]>
[2022-07-20 07:03:41,245] {taskinstance.py:1243} INFO - 
--------------------------------------------------------------------------------
[2022-07-20 07:03:41,245] {taskinstance.py:1244} INFO - Starting attempt 1 of 2
[2022-07-20 07:03:41,245] {taskinstance.py:1245} INFO - 
--------------------------------------------------------------------------------
[2022-07-20 07:03:41,334] {taskinstance.py:1264} INFO - Executing <Task(PostgresOperator): create_table_coin> on 2022-07-20 05:00:00+00:00
[2022-07-20 07:03:41,339] {standard_task_runner.py:52} INFO - Started process 3142 to run task
[2022-07-20 07:03:41,891] {standard_task_runner.py:76} INFO - Running: ['***', 'tasks', 'run', 'Upbit_api', 'create_table_coin', 'scheduled__2022-07-20T05:00:00+00:00', '--job-id', '203', '--raw', '--subdir', 'DAGS_FOLDER/Upbit_Api.py', '--cfg-path', '/tmp/tmpn2pyfgxa', '--error-file', '/tmp/tmpr37fout8']
[2022-07-20 07:03:41,959] {standard_task_runner.py:77} INFO - Job 203: Subtask create_table_coin
[2022-07-20 07:03:42,637] {logging_mixin.py:109} INFO - Running <TaskInstance: Upbit_api.create_table_coin scheduled__2022-07-20T05:00:00+00:00 [running]> on host 0741836b2d3b
[2022-07-20 07:03:43,158] {taskinstance.py:1431} INFO - Exporting the following env vars:
AIRFLOW_CTX_DAG_OWNER=kimuksung2
AIRFLOW_CTX_DAG_ID=Upbit_api
AIRFLOW_CTX_TASK_ID=create_table_coin
AIRFLOW_CTX_EXECUTION_DATE=2022-07-20T05:00:00+00:00
AIRFLOW_CTX_DAG_RUN_ID=scheduled__2022-07-20T05:00:00+00:00
[2022-07-20 07:03:43,340] {base.py:79} INFO - Using connection to: id: postgres_xcom_test. Host: postgres, Port: 5432, Schema: test, Login: ***, Password: ***, extra: {}
[2022-07-20 07:03:43,373] {dbapi.py:225} INFO - Running statement: 
            create table if not exists bitcoin (
                name text,
                time_utc timestamp,
                time_ktc timestamp,
                opening_price double precision,
                high_price double precision,
                low_price double precision,
                trade_price double precision,
                primary key (time_ktc, trade_price)
            )
        , parameters: None
[2022-07-20 07:03:43,388] {postgres.py:73} INFO - NOTICE:  relation "bitcoin" already exists, skipping

[2022-07-20 07:03:43,488] {taskinstance.py:1282} INFO - Marking task as SUCCESS. dag_id=Upbit_api, task_id=create_table_coin, execution_date=20220720T050000, start_date=20220720T070341, end_date=20220720T070343
[2022-07-20 07:03:43,838] {local_task_job.py:154} INFO - Task exited with return code 0
[2022-07-20 07:03:44,060] {local_task_job.py:264} INFO - 1 downstream tasks scheduled from follow-on schedule check
