[2022-07-20 07:03:29,464] {taskinstance.py:1037} INFO - Dependencies all met for <TaskInstance: Upbit_api.upbit_bitcoin_api_extract scheduled__2022-07-19T21:00:00+00:00 [queued]>
[2022-07-20 07:03:29,538] {taskinstance.py:1037} INFO - Dependencies all met for <TaskInstance: Upbit_api.upbit_bitcoin_api_extract scheduled__2022-07-19T21:00:00+00:00 [queued]>
[2022-07-20 07:03:29,539] {taskinstance.py:1243} INFO - 
--------------------------------------------------------------------------------
[2022-07-20 07:03:29,539] {taskinstance.py:1244} INFO - Starting attempt 1 of 2
[2022-07-20 07:03:29,539] {taskinstance.py:1245} INFO - 
--------------------------------------------------------------------------------
[2022-07-20 07:03:29,706] {taskinstance.py:1264} INFO - Executing <Task(PythonOperator): upbit_bitcoin_api_extract> on 2022-07-19 21:00:00+00:00
[2022-07-20 07:03:29,802] {standard_task_runner.py:52} INFO - Started process 3119 to run task
[2022-07-20 07:03:29,820] {standard_task_runner.py:76} INFO - Running: ['***', 'tasks', 'run', 'Upbit_api', 'upbit_bitcoin_api_extract', 'scheduled__2022-07-19T21:00:00+00:00', '--job-id', '190', '--raw', '--subdir', 'DAGS_FOLDER/Upbit_Api.py', '--cfg-path', '/tmp/tmp58bjlov5', '--error-file', '/tmp/tmp028px_45']
[2022-07-20 07:03:29,856] {standard_task_runner.py:77} INFO - Job 190: Subtask upbit_bitcoin_api_extract
[2022-07-20 07:03:30,900] {logging_mixin.py:109} INFO - Running <TaskInstance: Upbit_api.upbit_bitcoin_api_extract scheduled__2022-07-19T21:00:00+00:00 [running]> on host 0741836b2d3b
[2022-07-20 07:03:36,039] {taskinstance.py:1431} INFO - Exporting the following env vars:
AIRFLOW_CTX_DAG_OWNER=kimuksung2
AIRFLOW_CTX_DAG_ID=Upbit_api
AIRFLOW_CTX_TASK_ID=upbit_bitcoin_api_extract
AIRFLOW_CTX_EXECUTION_DATE=2022-07-19T21:00:00+00:00
AIRFLOW_CTX_DAG_RUN_ID=scheduled__2022-07-19T21:00:00+00:00
[2022-07-20 07:03:36,040] {Upbit_Api.py:21} INFO - https://api.upbit.com/v1/candles/minutes/1?market=KRW-BTC&to=2022-07-19T21:00:00Z&count=1
[2022-07-20 07:03:36,392] {python.py:175} INFO - Done. Returned value was: [{'market': 'KRW-BTC', 'candle_date_time_utc': '2022-07-19T20:59:00', 'candle_date_time_kst': '2022-07-20T05:59:00', 'opening_price': 30481000.0, 'high_price': 30501000.0, 'low_price': 30481000.0, 'trade_price': 30485000.0, 'timestamp': 1658264397685, 'candle_acc_trade_price': 33340881.61998, 'candle_acc_trade_volume': 1.09344416, 'unit': 1}]
[2022-07-20 07:03:36,593] {taskinstance.py:1282} INFO - Marking task as SUCCESS. dag_id=Upbit_api, task_id=upbit_bitcoin_api_extract, execution_date=20220719T210000, start_date=20220720T070329, end_date=20220720T070336
[2022-07-20 07:03:36,704] {local_task_job.py:154} INFO - Task exited with return code 0
[2022-07-20 07:03:36,886] {local_task_job.py:264} INFO - 1 downstream tasks scheduled from follow-on schedule check
