[2022-07-20 07:02:54,619] {taskinstance.py:1037} INFO - Dependencies all met for <TaskInstance: Upbit_api.upbit_bitcoin_api_extract scheduled__2022-07-19T11:00:00+00:00 [queued]>
[2022-07-20 07:02:54,697] {taskinstance.py:1037} INFO - Dependencies all met for <TaskInstance: Upbit_api.upbit_bitcoin_api_extract scheduled__2022-07-19T11:00:00+00:00 [queued]>
[2022-07-20 07:02:54,703] {taskinstance.py:1243} INFO - 
--------------------------------------------------------------------------------
[2022-07-20 07:02:54,703] {taskinstance.py:1244} INFO - Starting attempt 1 of 2
[2022-07-20 07:02:54,703] {taskinstance.py:1245} INFO - 
--------------------------------------------------------------------------------
[2022-07-20 07:02:55,465] {taskinstance.py:1264} INFO - Executing <Task(PythonOperator): upbit_bitcoin_api_extract> on 2022-07-19 11:00:00+00:00
[2022-07-20 07:02:55,473] {standard_task_runner.py:52} INFO - Started process 3038 to run task
[2022-07-20 07:02:55,495] {standard_task_runner.py:76} INFO - Running: ['***', 'tasks', 'run', 'Upbit_api', 'upbit_bitcoin_api_extract', 'scheduled__2022-07-19T11:00:00+00:00', '--job-id', '159', '--raw', '--subdir', 'DAGS_FOLDER/Upbit_Api.py', '--cfg-path', '/tmp/tmp66aeelef', '--error-file', '/tmp/tmp_5qzi5nw']
[2022-07-20 07:02:55,496] {standard_task_runner.py:77} INFO - Job 159: Subtask upbit_bitcoin_api_extract
[2022-07-20 07:02:55,815] {logging_mixin.py:109} INFO - Running <TaskInstance: Upbit_api.upbit_bitcoin_api_extract scheduled__2022-07-19T11:00:00+00:00 [running]> on host 0741836b2d3b
[2022-07-20 07:02:57,500] {taskinstance.py:1431} INFO - Exporting the following env vars:
AIRFLOW_CTX_DAG_OWNER=kimuksung2
AIRFLOW_CTX_DAG_ID=Upbit_api
AIRFLOW_CTX_TASK_ID=upbit_bitcoin_api_extract
AIRFLOW_CTX_EXECUTION_DATE=2022-07-19T11:00:00+00:00
AIRFLOW_CTX_DAG_RUN_ID=scheduled__2022-07-19T11:00:00+00:00
[2022-07-20 07:02:57,504] {Upbit_Api.py:21} INFO - https://api.upbit.com/v1/candles/minutes/1?market=KRW-BTC&to=2022-07-19T11:00:00Z&count=1
[2022-07-20 07:02:58,398] {python.py:175} INFO - Done. Returned value was: [{'market': 'KRW-BTC', 'candle_date_time_utc': '2022-07-19T10:59:00', 'candle_date_time_kst': '2022-07-19T19:59:00', 'opening_price': 28824000.0, 'high_price': 28846000.0, 'low_price': 28824000.0, 'trade_price': 28838000.0, 'timestamp': 1658228399046, 'candle_acc_trade_price': 88197559.12427, 'candle_acc_trade_volume': 3.05832715, 'unit': 1}]
[2022-07-20 07:02:58,908] {taskinstance.py:1282} INFO - Marking task as SUCCESS. dag_id=Upbit_api, task_id=upbit_bitcoin_api_extract, execution_date=20220719T110000, start_date=20220720T070254, end_date=20220720T070258
[2022-07-20 07:02:59,139] {local_task_job.py:154} INFO - Task exited with return code 0
[2022-07-20 07:02:59,429] {local_task_job.py:264} INFO - 1 downstream tasks scheduled from follow-on schedule check
