[2022-07-20 07:02:56,325] {taskinstance.py:1037} INFO - Dependencies all met for <TaskInstance: Upbit_api.upbit_bitcoin_api_extract scheduled__2022-07-19T13:00:00+00:00 [queued]>
[2022-07-20 07:02:56,553] {taskinstance.py:1037} INFO - Dependencies all met for <TaskInstance: Upbit_api.upbit_bitcoin_api_extract scheduled__2022-07-19T13:00:00+00:00 [queued]>
[2022-07-20 07:02:56,553] {taskinstance.py:1243} INFO - 
--------------------------------------------------------------------------------
[2022-07-20 07:02:56,553] {taskinstance.py:1244} INFO - Starting attempt 1 of 2
[2022-07-20 07:02:56,553] {taskinstance.py:1245} INFO - 
--------------------------------------------------------------------------------
[2022-07-20 07:02:57,326] {taskinstance.py:1264} INFO - Executing <Task(PythonOperator): upbit_bitcoin_api_extract> on 2022-07-19 13:00:00+00:00
[2022-07-20 07:02:57,419] {standard_task_runner.py:52} INFO - Started process 3040 to run task
[2022-07-20 07:02:57,991] {standard_task_runner.py:76} INFO - Running: ['***', 'tasks', 'run', 'Upbit_api', 'upbit_bitcoin_api_extract', 'scheduled__2022-07-19T13:00:00+00:00', '--job-id', '162', '--raw', '--subdir', 'DAGS_FOLDER/Upbit_Api.py', '--cfg-path', '/tmp/tmpc28g79id', '--error-file', '/tmp/tmpkz3qvvaf']
[2022-07-20 07:02:57,992] {standard_task_runner.py:77} INFO - Job 162: Subtask upbit_bitcoin_api_extract
[2022-07-20 07:02:58,509] {logging_mixin.py:109} INFO - Running <TaskInstance: Upbit_api.upbit_bitcoin_api_extract scheduled__2022-07-19T13:00:00+00:00 [running]> on host 0741836b2d3b
[2022-07-20 07:02:59,038] {taskinstance.py:1431} INFO - Exporting the following env vars:
AIRFLOW_CTX_DAG_OWNER=kimuksung2
AIRFLOW_CTX_DAG_ID=Upbit_api
AIRFLOW_CTX_TASK_ID=upbit_bitcoin_api_extract
AIRFLOW_CTX_EXECUTION_DATE=2022-07-19T13:00:00+00:00
AIRFLOW_CTX_DAG_RUN_ID=scheduled__2022-07-19T13:00:00+00:00
[2022-07-20 07:02:59,039] {Upbit_Api.py:21} INFO - https://api.upbit.com/v1/candles/minutes/1?market=KRW-BTC&to=2022-07-19T13:00:00Z&count=1
[2022-07-20 07:02:59,363] {python.py:175} INFO - Done. Returned value was: [{'market': 'KRW-BTC', 'candle_date_time_utc': '2022-07-19T12:59:00', 'candle_date_time_kst': '2022-07-19T21:59:00', 'opening_price': 29039000.0, 'high_price': 29040000.0, 'low_price': 29031000.0, 'trade_price': 29031000.0, 'timestamp': 1658235599666, 'candle_acc_trade_price': 113059675.71217, 'candle_acc_trade_volume': 3.89365961, 'unit': 1}]
[2022-07-20 07:02:59,616] {taskinstance.py:1282} INFO - Marking task as SUCCESS. dag_id=Upbit_api, task_id=upbit_bitcoin_api_extract, execution_date=20220719T130000, start_date=20220720T070256, end_date=20220720T070259
[2022-07-20 07:02:59,808] {local_task_job.py:154} INFO - Task exited with return code 0
[2022-07-20 07:03:00,628] {local_task_job.py:264} INFO - 0 downstream tasks scheduled from follow-on schedule check
