[2022-07-20 07:03:36,680] {taskinstance.py:1037} INFO - Dependencies all met for <TaskInstance: Upbit_api.create_table_coin scheduled__2022-07-20T02:00:00+00:00 [queued]>
[2022-07-20 07:03:36,737] {taskinstance.py:1037} INFO - Dependencies all met for <TaskInstance: Upbit_api.create_table_coin scheduled__2022-07-20T02:00:00+00:00 [queued]>
[2022-07-20 07:03:36,737] {taskinstance.py:1243} INFO - 
--------------------------------------------------------------------------------
[2022-07-20 07:03:36,738] {taskinstance.py:1244} INFO - Starting attempt 1 of 2
[2022-07-20 07:03:36,738] {taskinstance.py:1245} INFO - 
--------------------------------------------------------------------------------
[2022-07-20 07:03:36,832] {taskinstance.py:1264} INFO - Executing <Task(PostgresOperator): create_table_coin> on 2022-07-20 02:00:00+00:00
[2022-07-20 07:03:36,844] {standard_task_runner.py:52} INFO - Started process 3125 to run task
[2022-07-20 07:03:36,877] {standard_task_runner.py:76} INFO - Running: ['***', 'tasks', 'run', 'Upbit_api', 'create_table_coin', 'scheduled__2022-07-20T02:00:00+00:00', '--job-id', '194', '--raw', '--subdir', 'DAGS_FOLDER/Upbit_Api.py', '--cfg-path', '/tmp/tmpe6kl2nx1', '--error-file', '/tmp/tmplhc2w6xo']
[2022-07-20 07:03:36,878] {standard_task_runner.py:77} INFO - Job 194: Subtask create_table_coin
[2022-07-20 07:03:37,138] {logging_mixin.py:109} INFO - Running <TaskInstance: Upbit_api.create_table_coin scheduled__2022-07-20T02:00:00+00:00 [running]> on host 0741836b2d3b
[2022-07-20 07:03:37,438] {taskinstance.py:1431} INFO - Exporting the following env vars:
AIRFLOW_CTX_DAG_OWNER=kimuksung2
AIRFLOW_CTX_DAG_ID=Upbit_api
AIRFLOW_CTX_TASK_ID=create_table_coin
AIRFLOW_CTX_EXECUTION_DATE=2022-07-20T02:00:00+00:00
AIRFLOW_CTX_DAG_RUN_ID=scheduled__2022-07-20T02:00:00+00:00
[2022-07-20 07:03:37,550] {base.py:79} INFO - Using connection to: id: postgres_xcom_test. Host: postgres, Port: 5432, Schema: test, Login: ***, Password: ***, extra: {}
[2022-07-20 07:03:37,565] {dbapi.py:225} INFO - Running statement: 
            create table if not exists bitcoin (
                name text,
                time_utc timestamp,
                time_ktc timestamp,
                opening_price double precision,
                high_price double precision,
                low_price double precision,
                trade_price double precision,
                primary key (time_ktc, trade_price)
            )
        , parameters: None
[2022-07-20 07:03:37,568] {postgres.py:73} INFO - NOTICE:  relation "bitcoin" already exists, skipping

[2022-07-20 07:03:37,678] {taskinstance.py:1282} INFO - Marking task as SUCCESS. dag_id=Upbit_api, task_id=create_table_coin, execution_date=20220720T020000, start_date=20220720T070336, end_date=20220720T070337
[2022-07-20 07:03:37,848] {local_task_job.py:154} INFO - Task exited with return code 0
[2022-07-20 07:03:38,061] {local_task_job.py:264} INFO - 1 downstream tasks scheduled from follow-on schedule check
