[2022-07-07 04:24:35,556] {taskinstance.py:1037} INFO - Dependencies all met for <TaskInstance: upbit_bitcoin.upbit_bitcoin_extract scheduled__2022-07-07T00:00:00+00:00 [queued]>
[2022-07-07 04:24:35,576] {taskinstance.py:1037} INFO - Dependencies all met for <TaskInstance: upbit_bitcoin.upbit_bitcoin_extract scheduled__2022-07-07T00:00:00+00:00 [queued]>
[2022-07-07 04:24:35,576] {taskinstance.py:1243} INFO - 
--------------------------------------------------------------------------------
[2022-07-07 04:24:35,576] {taskinstance.py:1244} INFO - Starting attempt 1 of 1
[2022-07-07 04:24:35,576] {taskinstance.py:1245} INFO - 
--------------------------------------------------------------------------------
[2022-07-07 04:24:35,601] {taskinstance.py:1264} INFO - Executing <Task(PythonOperator): upbit_bitcoin_extract> on 2022-07-07 00:00:00+00:00
[2022-07-07 04:24:35,607] {standard_task_runner.py:52} INFO - Started process 431 to run task
[2022-07-07 04:24:35,615] {standard_task_runner.py:76} INFO - Running: ['***', 'tasks', 'run', 'upbit_bitcoin', 'upbit_bitcoin_extract', 'scheduled__2022-07-07T00:00:00+00:00', '--job-id', '512', '--raw', '--subdir', 'DAGS_FOLDER/upbit_bitcoin.py', '--cfg-path', '/tmp/tmpwuu77e2y', '--error-file', '/tmp/tmp9mivelvh']
[2022-07-07 04:24:35,616] {standard_task_runner.py:77} INFO - Job 512: Subtask upbit_bitcoin_extract
[2022-07-07 04:24:35,778] {logging_mixin.py:109} INFO - Running <TaskInstance: upbit_bitcoin.upbit_bitcoin_extract scheduled__2022-07-07T00:00:00+00:00 [running]> on host 9514ca4c721b
[2022-07-07 04:24:35,895] {taskinstance.py:1431} INFO - Exporting the following env vars:
AIRFLOW_CTX_DAG_OWNER=***
AIRFLOW_CTX_DAG_ID=upbit_bitcoin
AIRFLOW_CTX_TASK_ID=upbit_bitcoin_extract
AIRFLOW_CTX_EXECUTION_DATE=2022-07-07T00:00:00+00:00
AIRFLOW_CTX_DAG_RUN_ID=scheduled__2022-07-07T00:00:00+00:00
[2022-07-07 04:24:35,897] {logging_mixin.py:109} INFO - bitcoin_data start
[2022-07-07 04:24:36,477] {upbit_bitcoin.py:24} INFO - [{"market":"KRW-BTC","trade_date":"20220707","trade_time":"042433","trade_date_kst":"20220707","trade_time_kst":"132433","trade_timestamp":1657167873000,"opening_price":26953000.0000,"high_price":27000000.0000,"low_price":26794000.0000,"trade_price":26800000.0000,"prev_closing_price":26954000.00000000,"change":"FALL","change_price":154000.00000000,"change_rate":0.0057134377,"signed_change_price":-154000.00000000,"signed_change_rate":-0.0057134377,"trade_volume":0.00134472,"acc_trade_price":29368239910.436430000000,"acc_trade_price_24h":140704035885.32837000,"acc_trade_volume":1092.13528877,"acc_trade_volume_24h":5277.43790838,"highest_52_week_price":82700000.00000000,"highest_52_week_date":"2021-11-09","lowest_52_week_price":23800000.0000,"lowest_52_week_date":"2022-06-19","timestamp":1657167873618}]
[2022-07-07 04:24:36,516] {python.py:175} INFO - Done. Returned value was: [{"market":"KRW-BTC","trade_date":"20220707","trade_time":"042433","trade_date_kst":"20220707","trade_time_kst":"132433","trade_timestamp":1657167873000,"opening_price":26953000.0000,"high_price":27000000.0000,"low_price":26794000.0000,"trade_price":26800000.0000,"prev_closing_price":26954000.00000000,"change":"FALL","change_price":154000.00000000,"change_rate":0.0057134377,"signed_change_price":-154000.00000000,"signed_change_rate":-0.0057134377,"trade_volume":0.00134472,"acc_trade_price":29368239910.436430000000,"acc_trade_price_24h":140704035885.32837000,"acc_trade_volume":1092.13528877,"acc_trade_volume_24h":5277.43790838,"highest_52_week_price":82700000.00000000,"highest_52_week_date":"2021-11-09","lowest_52_week_price":23800000.0000,"lowest_52_week_date":"2022-06-19","timestamp":1657167873618}]
[2022-07-07 04:24:36,768] {taskinstance.py:1282} INFO - Marking task as SUCCESS. dag_id=upbit_bitcoin, task_id=upbit_bitcoin_extract, execution_date=20220707T000000, start_date=20220707T042435, end_date=20220707T042436
[2022-07-07 04:24:37,189] {local_task_job.py:154} INFO - Task exited with return code 0
[2022-07-07 04:24:37,434] {local_task_job.py:264} INFO - 0 downstream tasks scheduled from follow-on schedule check
[2022-07-07 06:39:50,702] {taskinstance.py:1037} INFO - Dependencies all met for <TaskInstance: upbit_bitcoin.upbit_bitcoin_extract scheduled__2022-07-07T00:00:00+00:00 [queued]>
[2022-07-07 06:39:50,741] {taskinstance.py:1037} INFO - Dependencies all met for <TaskInstance: upbit_bitcoin.upbit_bitcoin_extract scheduled__2022-07-07T00:00:00+00:00 [queued]>
[2022-07-07 06:39:50,741] {taskinstance.py:1243} INFO - 
--------------------------------------------------------------------------------
[2022-07-07 06:39:50,742] {taskinstance.py:1244} INFO - Starting attempt 1 of 1
[2022-07-07 06:39:50,742] {taskinstance.py:1245} INFO - 
--------------------------------------------------------------------------------
[2022-07-07 06:39:50,769] {taskinstance.py:1264} INFO - Executing <Task(PythonOperator): upbit_bitcoin_extract> on 2022-07-07 00:00:00+00:00
[2022-07-07 06:39:50,774] {standard_task_runner.py:52} INFO - Started process 337 to run task
[2022-07-07 06:39:50,779] {standard_task_runner.py:76} INFO - Running: ['***', 'tasks', 'run', 'upbit_bitcoin', 'upbit_bitcoin_extract', 'scheduled__2022-07-07T00:00:00+00:00', '--job-id', '607', '--raw', '--subdir', 'DAGS_FOLDER/upbit_bitcoin.py', '--cfg-path', '/tmp/tmpu9k2qbnf', '--error-file', '/tmp/tmp7r6h6rs6']
[2022-07-07 06:39:50,779] {standard_task_runner.py:77} INFO - Job 607: Subtask upbit_bitcoin_extract
[2022-07-07 06:39:50,867] {logging_mixin.py:109} INFO - Running <TaskInstance: upbit_bitcoin.upbit_bitcoin_extract scheduled__2022-07-07T00:00:00+00:00 [running]> on host 9514ca4c721b
[2022-07-07 06:39:50,937] {taskinstance.py:1431} INFO - Exporting the following env vars:
AIRFLOW_CTX_DAG_OWNER=***
AIRFLOW_CTX_DAG_ID=upbit_bitcoin
AIRFLOW_CTX_TASK_ID=upbit_bitcoin_extract
AIRFLOW_CTX_EXECUTION_DATE=2022-07-07T00:00:00+00:00
AIRFLOW_CTX_DAG_RUN_ID=scheduled__2022-07-07T00:00:00+00:00
[2022-07-07 06:39:50,938] {upbit_bitcoin.py:22} INFO - ['2022-07-07', '00:00:00+00:00']
[2022-07-07 06:39:50,938] {upbit_bitcoin.py:29} INFO - https://api.upbit.com/v1/candles/minutes/1?market=KRW-BTC&to=2022-07-07 00:00:00&count=5
[2022-07-07 06:39:50,938] {python.py:175} INFO - Done. Returned value was: https://api.upbit.com/v1/candles/minutes/1?market=KRW-BTC&to=2022-07-07 00:00:00&count=5
[2022-07-07 06:39:50,961] {taskinstance.py:1282} INFO - Marking task as SUCCESS. dag_id=upbit_bitcoin, task_id=upbit_bitcoin_extract, execution_date=20220707T000000, start_date=20220707T063950, end_date=20220707T063950
[2022-07-07 06:39:50,992] {local_task_job.py:154} INFO - Task exited with return code 0
[2022-07-07 06:39:51,077] {local_task_job.py:264} INFO - 0 downstream tasks scheduled from follow-on schedule check
[2022-07-07 06:43:40,752] {taskinstance.py:1037} INFO - Dependencies all met for <TaskInstance: upbit_bitcoin.upbit_bitcoin_extract scheduled__2022-07-07T00:00:00+00:00 [queued]>
[2022-07-07 06:43:40,769] {taskinstance.py:1037} INFO - Dependencies all met for <TaskInstance: upbit_bitcoin.upbit_bitcoin_extract scheduled__2022-07-07T00:00:00+00:00 [queued]>
[2022-07-07 06:43:40,769] {taskinstance.py:1243} INFO - 
--------------------------------------------------------------------------------
[2022-07-07 06:43:40,769] {taskinstance.py:1244} INFO - Starting attempt 1 of 1
[2022-07-07 06:43:40,769] {taskinstance.py:1245} INFO - 
--------------------------------------------------------------------------------
[2022-07-07 06:43:40,788] {taskinstance.py:1264} INFO - Executing <Task(PythonOperator): upbit_bitcoin_extract> on 2022-07-07 00:00:00+00:00
[2022-07-07 06:43:40,793] {standard_task_runner.py:52} INFO - Started process 508 to run task
[2022-07-07 06:43:40,798] {standard_task_runner.py:76} INFO - Running: ['***', 'tasks', 'run', 'upbit_bitcoin', 'upbit_bitcoin_extract', 'scheduled__2022-07-07T00:00:00+00:00', '--job-id', '622', '--raw', '--subdir', 'DAGS_FOLDER/upbit_bitcoin.py', '--cfg-path', '/tmp/tmpsop8p3rr', '--error-file', '/tmp/tmpbb1zvkvg']
[2022-07-07 06:43:40,798] {standard_task_runner.py:77} INFO - Job 622: Subtask upbit_bitcoin_extract
[2022-07-07 06:43:40,863] {logging_mixin.py:109} INFO - Running <TaskInstance: upbit_bitcoin.upbit_bitcoin_extract scheduled__2022-07-07T00:00:00+00:00 [running]> on host 9514ca4c721b
[2022-07-07 06:43:40,946] {taskinstance.py:1431} INFO - Exporting the following env vars:
AIRFLOW_CTX_DAG_OWNER=***
AIRFLOW_CTX_DAG_ID=upbit_bitcoin
AIRFLOW_CTX_TASK_ID=upbit_bitcoin_extract
AIRFLOW_CTX_EXECUTION_DATE=2022-07-07T00:00:00+00:00
AIRFLOW_CTX_DAG_RUN_ID=scheduled__2022-07-07T00:00:00+00:00
[2022-07-07 06:43:40,947] {upbit_bitcoin.py:27} INFO - 2022-07-07 00:00:00
[2022-07-07 06:43:40,947] {upbit_bitcoin.py:31} INFO - https://api.upbit.com/v1/candles/minutes/1?market=KRW-BTC&to=2022-07-07 00:00:00&count=1
[2022-07-07 06:43:40,948] {python.py:175} INFO - Done. Returned value was: https://api.upbit.com/v1/candles/minutes/1?market=KRW-BTC&to=2022-07-07 00:00:00&count=1
[2022-07-07 06:43:40,976] {taskinstance.py:1282} INFO - Marking task as SUCCESS. dag_id=upbit_bitcoin, task_id=upbit_bitcoin_extract, execution_date=20220707T000000, start_date=20220707T064340, end_date=20220707T064340
[2022-07-07 06:43:41,010] {local_task_job.py:154} INFO - Task exited with return code 0
[2022-07-07 06:43:41,043] {local_task_job.py:264} INFO - 0 downstream tasks scheduled from follow-on schedule check
