[2022-07-07 04:24:35,762] {taskinstance.py:1037} INFO - Dependencies all met for <TaskInstance: upbit_bitcoin.upbit_bitcoin_extract scheduled__2022-07-07T01:00:00+00:00 [queued]>
[2022-07-07 04:24:35,784] {taskinstance.py:1037} INFO - Dependencies all met for <TaskInstance: upbit_bitcoin.upbit_bitcoin_extract scheduled__2022-07-07T01:00:00+00:00 [queued]>
[2022-07-07 04:24:35,784] {taskinstance.py:1243} INFO - 
--------------------------------------------------------------------------------
[2022-07-07 04:24:35,784] {taskinstance.py:1244} INFO - Starting attempt 1 of 1
[2022-07-07 04:24:35,784] {taskinstance.py:1245} INFO - 
--------------------------------------------------------------------------------
[2022-07-07 04:24:35,824] {taskinstance.py:1264} INFO - Executing <Task(PythonOperator): upbit_bitcoin_extract> on 2022-07-07 01:00:00+00:00
[2022-07-07 04:24:35,830] {standard_task_runner.py:52} INFO - Started process 432 to run task
[2022-07-07 04:24:35,844] {standard_task_runner.py:76} INFO - Running: ['***', 'tasks', 'run', 'upbit_bitcoin', 'upbit_bitcoin_extract', 'scheduled__2022-07-07T01:00:00+00:00', '--job-id', '513', '--raw', '--subdir', 'DAGS_FOLDER/upbit_bitcoin.py', '--cfg-path', '/tmp/tmpwdz2jxgr', '--error-file', '/tmp/tmpfpy657s1']
[2022-07-07 04:24:35,845] {standard_task_runner.py:77} INFO - Job 513: Subtask upbit_bitcoin_extract
[2022-07-07 04:24:35,953] {logging_mixin.py:109} INFO - Running <TaskInstance: upbit_bitcoin.upbit_bitcoin_extract scheduled__2022-07-07T01:00:00+00:00 [running]> on host 9514ca4c721b
[2022-07-07 04:24:36,048] {taskinstance.py:1431} INFO - Exporting the following env vars:
AIRFLOW_CTX_DAG_OWNER=***
AIRFLOW_CTX_DAG_ID=upbit_bitcoin
AIRFLOW_CTX_TASK_ID=upbit_bitcoin_extract
AIRFLOW_CTX_EXECUTION_DATE=2022-07-07T01:00:00+00:00
AIRFLOW_CTX_DAG_RUN_ID=scheduled__2022-07-07T01:00:00+00:00
[2022-07-07 04:24:36,050] {logging_mixin.py:109} INFO - bitcoin_data start
[2022-07-07 04:24:36,452] {upbit_bitcoin.py:24} INFO - [{"market":"KRW-BTC","trade_date":"20220707","trade_time":"042433","trade_date_kst":"20220707","trade_time_kst":"132433","trade_timestamp":1657167873000,"opening_price":26953000.0000,"high_price":27000000.0000,"low_price":26794000.0000,"trade_price":26800000.0000,"prev_closing_price":26954000.00000000,"change":"FALL","change_price":154000.00000000,"change_rate":0.0057134377,"signed_change_price":-154000.00000000,"signed_change_rate":-0.0057134377,"trade_volume":0.00134472,"acc_trade_price":29368239910.436430000000,"acc_trade_price_24h":140704035885.32837000,"acc_trade_volume":1092.13528877,"acc_trade_volume_24h":5277.43790838,"highest_52_week_price":82700000.00000000,"highest_52_week_date":"2021-11-09","lowest_52_week_price":23800000.0000,"lowest_52_week_date":"2022-06-19","timestamp":1657167873618}]
[2022-07-07 04:24:36,495] {python.py:175} INFO - Done. Returned value was: [{"market":"KRW-BTC","trade_date":"20220707","trade_time":"042433","trade_date_kst":"20220707","trade_time_kst":"132433","trade_timestamp":1657167873000,"opening_price":26953000.0000,"high_price":27000000.0000,"low_price":26794000.0000,"trade_price":26800000.0000,"prev_closing_price":26954000.00000000,"change":"FALL","change_price":154000.00000000,"change_rate":0.0057134377,"signed_change_price":-154000.00000000,"signed_change_rate":-0.0057134377,"trade_volume":0.00134472,"acc_trade_price":29368239910.436430000000,"acc_trade_price_24h":140704035885.32837000,"acc_trade_volume":1092.13528877,"acc_trade_volume_24h":5277.43790838,"highest_52_week_price":82700000.00000000,"highest_52_week_date":"2021-11-09","lowest_52_week_price":23800000.0000,"lowest_52_week_date":"2022-06-19","timestamp":1657167873618}]
[2022-07-07 04:24:36,785] {taskinstance.py:1282} INFO - Marking task as SUCCESS. dag_id=upbit_bitcoin, task_id=upbit_bitcoin_extract, execution_date=20220707T010000, start_date=20220707T042435, end_date=20220707T042436
[2022-07-07 04:24:37,185] {local_task_job.py:154} INFO - Task exited with return code 0
[2022-07-07 04:24:37,447] {local_task_job.py:264} INFO - 0 downstream tasks scheduled from follow-on schedule check
[2022-07-07 06:40:19,930] {taskinstance.py:1037} INFO - Dependencies all met for <TaskInstance: upbit_bitcoin.upbit_bitcoin_extract scheduled__2022-07-07T01:00:00+00:00 [queued]>
[2022-07-07 06:40:19,947] {taskinstance.py:1037} INFO - Dependencies all met for <TaskInstance: upbit_bitcoin.upbit_bitcoin_extract scheduled__2022-07-07T01:00:00+00:00 [queued]>
[2022-07-07 06:40:19,947] {taskinstance.py:1243} INFO - 
--------------------------------------------------------------------------------
[2022-07-07 06:40:19,947] {taskinstance.py:1244} INFO - Starting attempt 1 of 1
[2022-07-07 06:40:19,947] {taskinstance.py:1245} INFO - 
--------------------------------------------------------------------------------
[2022-07-07 06:40:19,980] {taskinstance.py:1264} INFO - Executing <Task(PythonOperator): upbit_bitcoin_extract> on 2022-07-07 01:00:00+00:00
[2022-07-07 06:40:19,986] {standard_task_runner.py:52} INFO - Started process 360 to run task
[2022-07-07 06:40:19,991] {standard_task_runner.py:76} INFO - Running: ['***', 'tasks', 'run', 'upbit_bitcoin', 'upbit_bitcoin_extract', 'scheduled__2022-07-07T01:00:00+00:00', '--job-id', '608', '--raw', '--subdir', 'DAGS_FOLDER/upbit_bitcoin.py', '--cfg-path', '/tmp/tmpko2le5h4', '--error-file', '/tmp/tmphlpvp2yn']
[2022-07-07 06:40:19,992] {standard_task_runner.py:77} INFO - Job 608: Subtask upbit_bitcoin_extract
[2022-07-07 06:40:20,122] {logging_mixin.py:109} INFO - Running <TaskInstance: upbit_bitcoin.upbit_bitcoin_extract scheduled__2022-07-07T01:00:00+00:00 [running]> on host 9514ca4c721b
[2022-07-07 06:40:20,274] {taskinstance.py:1431} INFO - Exporting the following env vars:
AIRFLOW_CTX_DAG_OWNER=***
AIRFLOW_CTX_DAG_ID=upbit_bitcoin
AIRFLOW_CTX_TASK_ID=upbit_bitcoin_extract
AIRFLOW_CTX_EXECUTION_DATE=2022-07-07T01:00:00+00:00
AIRFLOW_CTX_DAG_RUN_ID=scheduled__2022-07-07T01:00:00+00:00
[2022-07-07 06:40:20,275] {upbit_bitcoin.py:22} INFO - ['2022-07-07', '01:00:00+00:00']
[2022-07-07 06:40:20,276] {upbit_bitcoin.py:29} INFO - https://api.upbit.com/v1/candles/minutes/1?market=KRW-BTC&to=2022-07-07 00:00:00&count=5
[2022-07-07 06:40:20,276] {python.py:175} INFO - Done. Returned value was: https://api.upbit.com/v1/candles/minutes/1?market=KRW-BTC&to=2022-07-07 00:00:00&count=5
[2022-07-07 06:40:20,340] {taskinstance.py:1282} INFO - Marking task as SUCCESS. dag_id=upbit_bitcoin, task_id=upbit_bitcoin_extract, execution_date=20220707T010000, start_date=20220707T064019, end_date=20220707T064020
[2022-07-07 06:40:20,412] {local_task_job.py:154} INFO - Task exited with return code 0
[2022-07-07 06:40:20,459] {local_task_job.py:264} INFO - 0 downstream tasks scheduled from follow-on schedule check
[2022-07-07 06:43:43,064] {taskinstance.py:1037} INFO - Dependencies all met for <TaskInstance: upbit_bitcoin.upbit_bitcoin_extract scheduled__2022-07-07T01:00:00+00:00 [queued]>
[2022-07-07 06:43:43,082] {taskinstance.py:1037} INFO - Dependencies all met for <TaskInstance: upbit_bitcoin.upbit_bitcoin_extract scheduled__2022-07-07T01:00:00+00:00 [queued]>
[2022-07-07 06:43:43,082] {taskinstance.py:1243} INFO - 
--------------------------------------------------------------------------------
[2022-07-07 06:43:43,082] {taskinstance.py:1244} INFO - Starting attempt 1 of 1
[2022-07-07 06:43:43,082] {taskinstance.py:1245} INFO - 
--------------------------------------------------------------------------------
[2022-07-07 06:43:43,108] {taskinstance.py:1264} INFO - Executing <Task(PythonOperator): upbit_bitcoin_extract> on 2022-07-07 01:00:00+00:00
[2022-07-07 06:43:43,114] {standard_task_runner.py:52} INFO - Started process 511 to run task
[2022-07-07 06:43:43,124] {standard_task_runner.py:76} INFO - Running: ['***', 'tasks', 'run', 'upbit_bitcoin', 'upbit_bitcoin_extract', 'scheduled__2022-07-07T01:00:00+00:00', '--job-id', '623', '--raw', '--subdir', 'DAGS_FOLDER/upbit_bitcoin.py', '--cfg-path', '/tmp/tmpl2_j7u95', '--error-file', '/tmp/tmpck3oihwv']
[2022-07-07 06:43:43,125] {standard_task_runner.py:77} INFO - Job 623: Subtask upbit_bitcoin_extract
[2022-07-07 06:43:43,235] {logging_mixin.py:109} INFO - Running <TaskInstance: upbit_bitcoin.upbit_bitcoin_extract scheduled__2022-07-07T01:00:00+00:00 [running]> on host 9514ca4c721b
[2022-07-07 06:43:43,347] {taskinstance.py:1431} INFO - Exporting the following env vars:
AIRFLOW_CTX_DAG_OWNER=***
AIRFLOW_CTX_DAG_ID=upbit_bitcoin
AIRFLOW_CTX_TASK_ID=upbit_bitcoin_extract
AIRFLOW_CTX_EXECUTION_DATE=2022-07-07T01:00:00+00:00
AIRFLOW_CTX_DAG_RUN_ID=scheduled__2022-07-07T01:00:00+00:00
[2022-07-07 06:43:43,348] {upbit_bitcoin.py:27} INFO - 2022-07-07 01:00:00
[2022-07-07 06:43:43,349] {upbit_bitcoin.py:31} INFO - https://api.upbit.com/v1/candles/minutes/1?market=KRW-BTC&to=2022-07-07 01:00:00&count=1
[2022-07-07 06:43:43,349] {python.py:175} INFO - Done. Returned value was: https://api.upbit.com/v1/candles/minutes/1?market=KRW-BTC&to=2022-07-07 01:00:00&count=1
[2022-07-07 06:43:43,379] {taskinstance.py:1282} INFO - Marking task as SUCCESS. dag_id=upbit_bitcoin, task_id=upbit_bitcoin_extract, execution_date=20220707T010000, start_date=20220707T064343, end_date=20220707T064343
[2022-07-07 06:43:43,414] {local_task_job.py:154} INFO - Task exited with return code 0
[2022-07-07 06:43:43,463] {local_task_job.py:264} INFO - 0 downstream tasks scheduled from follow-on schedule check
