[2022-07-08 05:54:03,634] {taskinstance.py:1037} INFO - Dependencies all met for <TaskInstance: upbit_bitcoin.upbit_bitcoin_extract scheduled__2022-07-08T04:00:00+00:00 [queued]>
[2022-07-08 05:54:03,664] {taskinstance.py:1037} INFO - Dependencies all met for <TaskInstance: upbit_bitcoin.upbit_bitcoin_extract scheduled__2022-07-08T04:00:00+00:00 [queued]>
[2022-07-08 05:54:03,665] {taskinstance.py:1243} INFO - 
--------------------------------------------------------------------------------
[2022-07-08 05:54:03,665] {taskinstance.py:1244} INFO - Starting attempt 1 of 1
[2022-07-08 05:54:03,665] {taskinstance.py:1245} INFO - 
--------------------------------------------------------------------------------
[2022-07-08 05:54:03,697] {taskinstance.py:1264} INFO - Executing <Task(PythonOperator): upbit_bitcoin_extract> on 2022-07-08 04:00:00+00:00
[2022-07-08 05:54:03,705] {standard_task_runner.py:52} INFO - Started process 361 to run task
[2022-07-08 05:54:03,713] {standard_task_runner.py:76} INFO - Running: ['***', 'tasks', 'run', 'upbit_bitcoin', 'upbit_bitcoin_extract', 'scheduled__2022-07-08T04:00:00+00:00', '--job-id', '755', '--raw', '--subdir', 'DAGS_FOLDER/upbit_bitcoin.py', '--cfg-path', '/tmp/tmpg4qcgsjw', '--error-file', '/tmp/tmp0pz8oqrt']
[2022-07-08 05:54:03,714] {standard_task_runner.py:77} INFO - Job 755: Subtask upbit_bitcoin_extract
[2022-07-08 05:54:03,842] {logging_mixin.py:109} INFO - Running <TaskInstance: upbit_bitcoin.upbit_bitcoin_extract scheduled__2022-07-08T04:00:00+00:00 [running]> on host 9514ca4c721b
[2022-07-08 05:54:03,965] {taskinstance.py:1431} INFO - Exporting the following env vars:
AIRFLOW_CTX_DAG_OWNER=***
AIRFLOW_CTX_DAG_ID=upbit_bitcoin
AIRFLOW_CTX_TASK_ID=upbit_bitcoin_extract
AIRFLOW_CTX_EXECUTION_DATE=2022-07-08T04:00:00+00:00
AIRFLOW_CTX_DAG_RUN_ID=scheduled__2022-07-08T04:00:00+00:00
[2022-07-08 05:54:03,994] {taskinstance.py:1718} ERROR - Task failed with exception
Traceback (most recent call last):
  File "/home/airflow/.local/lib/python3.7/site-packages/airflow/models/taskinstance.py", line 1334, in _run_raw_task
    self._execute_task_with_callbacks(context)
  File "/home/airflow/.local/lib/python3.7/site-packages/airflow/models/taskinstance.py", line 1460, in _execute_task_with_callbacks
    result = self._execute_task(context, self.task)
  File "/home/airflow/.local/lib/python3.7/site-packages/airflow/models/taskinstance.py", line 1516, in _execute_task
    result = execute_callable(context=context)
  File "/home/airflow/.local/lib/python3.7/site-packages/airflow/operators/python.py", line 174, in execute
    return_value = self.execute_callable()
  File "/home/airflow/.local/lib/python3.7/site-packages/airflow/operators/python.py", line 188, in execute_callable
    return self.python_callable(*self.op_args, **self.op_kwargs)
  File "/opt/airflow/dags/upbit_bitcoin.py", line 26, in bitcoin_collect
    yyyymmdd = time.split('T')[0]
AttributeError: 'list' object has no attribute 'split'
[2022-07-08 05:54:04,042] {taskinstance.py:1282} INFO - Marking task as FAILED. dag_id=upbit_bitcoin, task_id=upbit_bitcoin_extract, execution_date=20220708T040000, start_date=20220708T055403, end_date=20220708T055404
[2022-07-08 05:54:04,090] {standard_task_runner.py:92} ERROR - Failed to execute job 755 for task upbit_bitcoin_extract
Traceback (most recent call last):
  File "/home/airflow/.local/lib/python3.7/site-packages/airflow/task/task_runner/standard_task_runner.py", line 85, in _start_by_fork
    args.func(args, dag=self.dag)
  File "/home/airflow/.local/lib/python3.7/site-packages/airflow/cli/cli_parser.py", line 48, in command
    return func(*args, **kwargs)
  File "/home/airflow/.local/lib/python3.7/site-packages/airflow/utils/cli.py", line 92, in wrapper
    return f(*args, **kwargs)
  File "/home/airflow/.local/lib/python3.7/site-packages/airflow/cli/commands/task_command.py", line 298, in task_run
    _run_task_by_selected_method(args, dag, ti)
  File "/home/airflow/.local/lib/python3.7/site-packages/airflow/cli/commands/task_command.py", line 107, in _run_task_by_selected_method
    _run_raw_task(args, ti)
  File "/home/airflow/.local/lib/python3.7/site-packages/airflow/cli/commands/task_command.py", line 184, in _run_raw_task
    error_file=args.error_file,
  File "/home/airflow/.local/lib/python3.7/site-packages/airflow/utils/session.py", line 70, in wrapper
    return func(*args, session=session, **kwargs)
  File "/home/airflow/.local/lib/python3.7/site-packages/airflow/models/taskinstance.py", line 1334, in _run_raw_task
    self._execute_task_with_callbacks(context)
  File "/home/airflow/.local/lib/python3.7/site-packages/airflow/models/taskinstance.py", line 1460, in _execute_task_with_callbacks
    result = self._execute_task(context, self.task)
  File "/home/airflow/.local/lib/python3.7/site-packages/airflow/models/taskinstance.py", line 1516, in _execute_task
    result = execute_callable(context=context)
  File "/home/airflow/.local/lib/python3.7/site-packages/airflow/operators/python.py", line 174, in execute
    return_value = self.execute_callable()
  File "/home/airflow/.local/lib/python3.7/site-packages/airflow/operators/python.py", line 188, in execute_callable
    return self.python_callable(*self.op_args, **self.op_kwargs)
  File "/opt/airflow/dags/upbit_bitcoin.py", line 26, in bitcoin_collect
    yyyymmdd = time.split('T')[0]
AttributeError: 'list' object has no attribute 'split'
[2022-07-08 05:54:04,126] {local_task_job.py:154} INFO - Task exited with return code 1
[2022-07-08 05:54:04,312] {local_task_job.py:264} INFO - 0 downstream tasks scheduled from follow-on schedule check
[2022-07-08 05:59:54,876] {taskinstance.py:1037} INFO - Dependencies all met for <TaskInstance: upbit_bitcoin.upbit_bitcoin_extract scheduled__2022-07-08T04:00:00+00:00 [queued]>
[2022-07-08 05:59:54,915] {taskinstance.py:1037} INFO - Dependencies all met for <TaskInstance: upbit_bitcoin.upbit_bitcoin_extract scheduled__2022-07-08T04:00:00+00:00 [queued]>
[2022-07-08 05:59:54,915] {taskinstance.py:1243} INFO - 
--------------------------------------------------------------------------------
[2022-07-08 05:59:54,915] {taskinstance.py:1244} INFO - Starting attempt 1 of 1
[2022-07-08 05:59:54,915] {taskinstance.py:1245} INFO - 
--------------------------------------------------------------------------------
[2022-07-08 05:59:54,976] {taskinstance.py:1264} INFO - Executing <Task(PythonOperator): upbit_bitcoin_extract> on 2022-07-08 04:00:00+00:00
[2022-07-08 05:59:54,998] {standard_task_runner.py:52} INFO - Started process 72 to run task
[2022-07-08 05:59:55,017] {standard_task_runner.py:76} INFO - Running: ['***', 'tasks', 'run', 'upbit_bitcoin', 'upbit_bitcoin_extract', 'scheduled__2022-07-08T04:00:00+00:00', '--job-id', '757', '--raw', '--subdir', 'DAGS_FOLDER/upbit_bitcoin.py', '--cfg-path', '/tmp/tmpk146ss94', '--error-file', '/tmp/tmp5t5qkb8v']
[2022-07-08 05:59:55,017] {standard_task_runner.py:77} INFO - Job 757: Subtask upbit_bitcoin_extract
[2022-07-08 05:59:55,241] {logging_mixin.py:109} INFO - Running <TaskInstance: upbit_bitcoin.upbit_bitcoin_extract scheduled__2022-07-08T04:00:00+00:00 [running]> on host 9514ca4c721b
[2022-07-08 05:59:55,423] {taskinstance.py:1431} INFO - Exporting the following env vars:
AIRFLOW_CTX_DAG_OWNER=***
AIRFLOW_CTX_DAG_ID=upbit_bitcoin
AIRFLOW_CTX_TASK_ID=upbit_bitcoin_extract
AIRFLOW_CTX_EXECUTION_DATE=2022-07-08T04:00:00+00:00
AIRFLOW_CTX_DAG_RUN_ID=scheduled__2022-07-08T04:00:00+00:00
[2022-07-08 05:59:55,455] {taskinstance.py:1718} ERROR - Task failed with exception
Traceback (most recent call last):
  File "/home/airflow/.local/lib/python3.7/site-packages/airflow/models/taskinstance.py", line 1334, in _run_raw_task
    self._execute_task_with_callbacks(context)
  File "/home/airflow/.local/lib/python3.7/site-packages/airflow/models/taskinstance.py", line 1460, in _execute_task_with_callbacks
    result = self._execute_task(context, self.task)
  File "/home/airflow/.local/lib/python3.7/site-packages/airflow/models/taskinstance.py", line 1516, in _execute_task
    result = execute_callable(context=context)
  File "/home/airflow/.local/lib/python3.7/site-packages/airflow/operators/python.py", line 174, in execute
    return_value = self.execute_callable()
  File "/home/airflow/.local/lib/python3.7/site-packages/airflow/operators/python.py", line 188, in execute_callable
    return self.python_callable(*self.op_args, **self.op_kwargs)
  File "/opt/airflow/dags/upbit_bitcoin.py", line 27, in bitcoin_collect
    yyyymmdd = time.split('T')[0]
AttributeError: 'dict' object has no attribute 'split'
[2022-07-08 05:59:55,482] {taskinstance.py:1282} INFO - Marking task as FAILED. dag_id=upbit_bitcoin, task_id=upbit_bitcoin_extract, execution_date=20220708T040000, start_date=20220708T055954, end_date=20220708T055955
[2022-07-08 05:59:55,514] {standard_task_runner.py:92} ERROR - Failed to execute job 757 for task upbit_bitcoin_extract
Traceback (most recent call last):
  File "/home/airflow/.local/lib/python3.7/site-packages/airflow/task/task_runner/standard_task_runner.py", line 85, in _start_by_fork
    args.func(args, dag=self.dag)
  File "/home/airflow/.local/lib/python3.7/site-packages/airflow/cli/cli_parser.py", line 48, in command
    return func(*args, **kwargs)
  File "/home/airflow/.local/lib/python3.7/site-packages/airflow/utils/cli.py", line 92, in wrapper
    return f(*args, **kwargs)
  File "/home/airflow/.local/lib/python3.7/site-packages/airflow/cli/commands/task_command.py", line 298, in task_run
    _run_task_by_selected_method(args, dag, ti)
  File "/home/airflow/.local/lib/python3.7/site-packages/airflow/cli/commands/task_command.py", line 107, in _run_task_by_selected_method
    _run_raw_task(args, ti)
  File "/home/airflow/.local/lib/python3.7/site-packages/airflow/cli/commands/task_command.py", line 184, in _run_raw_task
    error_file=args.error_file,
  File "/home/airflow/.local/lib/python3.7/site-packages/airflow/utils/session.py", line 70, in wrapper
    return func(*args, session=session, **kwargs)
  File "/home/airflow/.local/lib/python3.7/site-packages/airflow/models/taskinstance.py", line 1334, in _run_raw_task
    self._execute_task_with_callbacks(context)
  File "/home/airflow/.local/lib/python3.7/site-packages/airflow/models/taskinstance.py", line 1460, in _execute_task_with_callbacks
    result = self._execute_task(context, self.task)
  File "/home/airflow/.local/lib/python3.7/site-packages/airflow/models/taskinstance.py", line 1516, in _execute_task
    result = execute_callable(context=context)
  File "/home/airflow/.local/lib/python3.7/site-packages/airflow/operators/python.py", line 174, in execute
    return_value = self.execute_callable()
  File "/home/airflow/.local/lib/python3.7/site-packages/airflow/operators/python.py", line 188, in execute_callable
    return self.python_callable(*self.op_args, **self.op_kwargs)
  File "/opt/airflow/dags/upbit_bitcoin.py", line 27, in bitcoin_collect
    yyyymmdd = time.split('T')[0]
AttributeError: 'dict' object has no attribute 'split'
[2022-07-08 05:59:55,534] {local_task_job.py:154} INFO - Task exited with return code 1
[2022-07-08 05:59:55,623] {local_task_job.py:264} INFO - 0 downstream tasks scheduled from follow-on schedule check
[2022-07-08 06:04:49,900] {taskinstance.py:1037} INFO - Dependencies all met for <TaskInstance: upbit_bitcoin.upbit_bitcoin_extract scheduled__2022-07-08T04:00:00+00:00 [queued]>
[2022-07-08 06:04:49,932] {taskinstance.py:1037} INFO - Dependencies all met for <TaskInstance: upbit_bitcoin.upbit_bitcoin_extract scheduled__2022-07-08T04:00:00+00:00 [queued]>
[2022-07-08 06:04:49,932] {taskinstance.py:1243} INFO - 
--------------------------------------------------------------------------------
[2022-07-08 06:04:49,932] {taskinstance.py:1244} INFO - Starting attempt 1 of 1
[2022-07-08 06:04:49,933] {taskinstance.py:1245} INFO - 
--------------------------------------------------------------------------------
[2022-07-08 06:04:49,963] {taskinstance.py:1264} INFO - Executing <Task(PythonOperator): upbit_bitcoin_extract> on 2022-07-08 04:00:00+00:00
[2022-07-08 06:04:49,975] {standard_task_runner.py:52} INFO - Started process 241 to run task
[2022-07-08 06:04:49,988] {standard_task_runner.py:76} INFO - Running: ['***', 'tasks', 'run', 'upbit_bitcoin', 'upbit_bitcoin_extract', 'scheduled__2022-07-08T04:00:00+00:00', '--job-id', '761', '--raw', '--subdir', 'DAGS_FOLDER/upbit_bitcoin.py', '--cfg-path', '/tmp/tmp44he62po', '--error-file', '/tmp/tmp50y5or5m']
[2022-07-08 06:04:49,989] {standard_task_runner.py:77} INFO - Job 761: Subtask upbit_bitcoin_extract
[2022-07-08 06:04:50,158] {logging_mixin.py:109} INFO - Running <TaskInstance: upbit_bitcoin.upbit_bitcoin_extract scheduled__2022-07-08T04:00:00+00:00 [running]> on host 9514ca4c721b
[2022-07-08 06:04:50,350] {taskinstance.py:1431} INFO - Exporting the following env vars:
AIRFLOW_CTX_DAG_OWNER=***
AIRFLOW_CTX_DAG_ID=upbit_bitcoin
AIRFLOW_CTX_TASK_ID=upbit_bitcoin_extract
AIRFLOW_CTX_EXECUTION_DATE=2022-07-08T04:00:00+00:00
AIRFLOW_CTX_DAG_RUN_ID=scheduled__2022-07-08T04:00:00+00:00
[2022-07-08 06:04:50,378] {taskinstance.py:1718} ERROR - Task failed with exception
Traceback (most recent call last):
  File "/home/airflow/.local/lib/python3.7/site-packages/airflow/models/taskinstance.py", line 1334, in _run_raw_task
    self._execute_task_with_callbacks(context)
  File "/home/airflow/.local/lib/python3.7/site-packages/airflow/models/taskinstance.py", line 1460, in _execute_task_with_callbacks
    result = self._execute_task(context, self.task)
  File "/home/airflow/.local/lib/python3.7/site-packages/airflow/models/taskinstance.py", line 1516, in _execute_task
    result = execute_callable(context=context)
  File "/home/airflow/.local/lib/python3.7/site-packages/airflow/operators/python.py", line 174, in execute
    return_value = self.execute_callable()
  File "/home/airflow/.local/lib/python3.7/site-packages/airflow/operators/python.py", line 188, in execute_callable
    return self.python_callable(*self.op_args, **self.op_kwargs)
  File "/opt/airflow/dags/upbit_bitcoin.py", line 29, in bitcoin_collect
    yyyymmdd = time.split('T')[0]
AttributeError: 'NoneType' object has no attribute 'split'
[2022-07-08 06:04:50,403] {taskinstance.py:1282} INFO - Marking task as FAILED. dag_id=upbit_bitcoin, task_id=upbit_bitcoin_extract, execution_date=20220708T040000, start_date=20220708T060449, end_date=20220708T060450
[2022-07-08 06:04:50,427] {standard_task_runner.py:92} ERROR - Failed to execute job 761 for task upbit_bitcoin_extract
Traceback (most recent call last):
  File "/home/airflow/.local/lib/python3.7/site-packages/airflow/task/task_runner/standard_task_runner.py", line 85, in _start_by_fork
    args.func(args, dag=self.dag)
  File "/home/airflow/.local/lib/python3.7/site-packages/airflow/cli/cli_parser.py", line 48, in command
    return func(*args, **kwargs)
  File "/home/airflow/.local/lib/python3.7/site-packages/airflow/utils/cli.py", line 92, in wrapper
    return f(*args, **kwargs)
  File "/home/airflow/.local/lib/python3.7/site-packages/airflow/cli/commands/task_command.py", line 298, in task_run
    _run_task_by_selected_method(args, dag, ti)
  File "/home/airflow/.local/lib/python3.7/site-packages/airflow/cli/commands/task_command.py", line 107, in _run_task_by_selected_method
    _run_raw_task(args, ti)
  File "/home/airflow/.local/lib/python3.7/site-packages/airflow/cli/commands/task_command.py", line 184, in _run_raw_task
    error_file=args.error_file,
  File "/home/airflow/.local/lib/python3.7/site-packages/airflow/utils/session.py", line 70, in wrapper
    return func(*args, session=session, **kwargs)
  File "/home/airflow/.local/lib/python3.7/site-packages/airflow/models/taskinstance.py", line 1334, in _run_raw_task
    self._execute_task_with_callbacks(context)
  File "/home/airflow/.local/lib/python3.7/site-packages/airflow/models/taskinstance.py", line 1460, in _execute_task_with_callbacks
    result = self._execute_task(context, self.task)
  File "/home/airflow/.local/lib/python3.7/site-packages/airflow/models/taskinstance.py", line 1516, in _execute_task
    result = execute_callable(context=context)
  File "/home/airflow/.local/lib/python3.7/site-packages/airflow/operators/python.py", line 174, in execute
    return_value = self.execute_callable()
  File "/home/airflow/.local/lib/python3.7/site-packages/airflow/operators/python.py", line 188, in execute_callable
    return self.python_callable(*self.op_args, **self.op_kwargs)
  File "/opt/airflow/dags/upbit_bitcoin.py", line 29, in bitcoin_collect
    yyyymmdd = time.split('T')[0]
AttributeError: 'NoneType' object has no attribute 'split'
[2022-07-08 06:04:50,451] {local_task_job.py:154} INFO - Task exited with return code 1
[2022-07-08 06:04:50,533] {local_task_job.py:264} INFO - 0 downstream tasks scheduled from follow-on schedule check
[2022-07-08 06:06:01,674] {taskinstance.py:1037} INFO - Dependencies all met for <TaskInstance: upbit_bitcoin.upbit_bitcoin_extract scheduled__2022-07-08T04:00:00+00:00 [queued]>
[2022-07-08 06:06:01,705] {taskinstance.py:1037} INFO - Dependencies all met for <TaskInstance: upbit_bitcoin.upbit_bitcoin_extract scheduled__2022-07-08T04:00:00+00:00 [queued]>
[2022-07-08 06:06:01,706] {taskinstance.py:1243} INFO - 
--------------------------------------------------------------------------------
[2022-07-08 06:06:01,706] {taskinstance.py:1244} INFO - Starting attempt 1 of 1
[2022-07-08 06:06:01,706] {taskinstance.py:1245} INFO - 
--------------------------------------------------------------------------------
[2022-07-08 06:06:01,731] {taskinstance.py:1264} INFO - Executing <Task(PythonOperator): upbit_bitcoin_extract> on 2022-07-08 04:00:00+00:00
[2022-07-08 06:06:01,746] {standard_task_runner.py:52} INFO - Started process 283 to run task
[2022-07-08 06:06:01,765] {standard_task_runner.py:76} INFO - Running: ['***', 'tasks', 'run', 'upbit_bitcoin', 'upbit_bitcoin_extract', 'scheduled__2022-07-08T04:00:00+00:00', '--job-id', '764', '--raw', '--subdir', 'DAGS_FOLDER/upbit_bitcoin.py', '--cfg-path', '/tmp/tmpl2lco915', '--error-file', '/tmp/tmp79wk3_q3']
[2022-07-08 06:06:01,766] {standard_task_runner.py:77} INFO - Job 764: Subtask upbit_bitcoin_extract
[2022-07-08 06:06:02,013] {logging_mixin.py:109} INFO - Running <TaskInstance: upbit_bitcoin.upbit_bitcoin_extract scheduled__2022-07-08T04:00:00+00:00 [running]> on host 9514ca4c721b
[2022-07-08 06:06:02,212] {taskinstance.py:1431} INFO - Exporting the following env vars:
AIRFLOW_CTX_DAG_OWNER=***
AIRFLOW_CTX_DAG_ID=upbit_bitcoin
AIRFLOW_CTX_TASK_ID=upbit_bitcoin_extract
AIRFLOW_CTX_EXECUTION_DATE=2022-07-08T04:00:00+00:00
AIRFLOW_CTX_DAG_RUN_ID=scheduled__2022-07-08T04:00:00+00:00
[2022-07-08 06:06:02,237] {taskinstance.py:1718} ERROR - Task failed with exception
Traceback (most recent call last):
  File "/home/airflow/.local/lib/python3.7/site-packages/airflow/models/taskinstance.py", line 1334, in _run_raw_task
    self._execute_task_with_callbacks(context)
  File "/home/airflow/.local/lib/python3.7/site-packages/airflow/models/taskinstance.py", line 1460, in _execute_task_with_callbacks
    result = self._execute_task(context, self.task)
  File "/home/airflow/.local/lib/python3.7/site-packages/airflow/models/taskinstance.py", line 1516, in _execute_task
    result = execute_callable(context=context)
  File "/home/airflow/.local/lib/python3.7/site-packages/airflow/operators/python.py", line 174, in execute
    return_value = self.execute_callable()
  File "/home/airflow/.local/lib/python3.7/site-packages/airflow/operators/python.py", line 188, in execute_callable
    return self.python_callable(*self.op_args, **self.op_kwargs)
  File "/opt/airflow/dags/upbit_bitcoin.py", line 29, in bitcoin_collect
    yyyymmdd = time.split('T')[0]
AttributeError: 'NoneType' object has no attribute 'split'
[2022-07-08 06:06:02,270] {taskinstance.py:1282} INFO - Marking task as FAILED. dag_id=upbit_bitcoin, task_id=upbit_bitcoin_extract, execution_date=20220708T040000, start_date=20220708T060601, end_date=20220708T060602
[2022-07-08 06:06:02,312] {standard_task_runner.py:92} ERROR - Failed to execute job 764 for task upbit_bitcoin_extract
Traceback (most recent call last):
  File "/home/airflow/.local/lib/python3.7/site-packages/airflow/task/task_runner/standard_task_runner.py", line 85, in _start_by_fork
    args.func(args, dag=self.dag)
  File "/home/airflow/.local/lib/python3.7/site-packages/airflow/cli/cli_parser.py", line 48, in command
    return func(*args, **kwargs)
  File "/home/airflow/.local/lib/python3.7/site-packages/airflow/utils/cli.py", line 92, in wrapper
    return f(*args, **kwargs)
  File "/home/airflow/.local/lib/python3.7/site-packages/airflow/cli/commands/task_command.py", line 298, in task_run
    _run_task_by_selected_method(args, dag, ti)
  File "/home/airflow/.local/lib/python3.7/site-packages/airflow/cli/commands/task_command.py", line 107, in _run_task_by_selected_method
    _run_raw_task(args, ti)
  File "/home/airflow/.local/lib/python3.7/site-packages/airflow/cli/commands/task_command.py", line 184, in _run_raw_task
    error_file=args.error_file,
  File "/home/airflow/.local/lib/python3.7/site-packages/airflow/utils/session.py", line 70, in wrapper
    return func(*args, session=session, **kwargs)
  File "/home/airflow/.local/lib/python3.7/site-packages/airflow/models/taskinstance.py", line 1334, in _run_raw_task
    self._execute_task_with_callbacks(context)
  File "/home/airflow/.local/lib/python3.7/site-packages/airflow/models/taskinstance.py", line 1460, in _execute_task_with_callbacks
    result = self._execute_task(context, self.task)
  File "/home/airflow/.local/lib/python3.7/site-packages/airflow/models/taskinstance.py", line 1516, in _execute_task
    result = execute_callable(context=context)
  File "/home/airflow/.local/lib/python3.7/site-packages/airflow/operators/python.py", line 174, in execute
    return_value = self.execute_callable()
  File "/home/airflow/.local/lib/python3.7/site-packages/airflow/operators/python.py", line 188, in execute_callable
    return self.python_callable(*self.op_args, **self.op_kwargs)
  File "/opt/airflow/dags/upbit_bitcoin.py", line 29, in bitcoin_collect
    yyyymmdd = time.split('T')[0]
AttributeError: 'NoneType' object has no attribute 'split'
[2022-07-08 06:06:02,374] {local_task_job.py:154} INFO - Task exited with return code 1
[2022-07-08 06:06:02,674] {local_task_job.py:264} INFO - 0 downstream tasks scheduled from follow-on schedule check
[2022-07-08 06:11:11,709] {taskinstance.py:1037} INFO - Dependencies all met for <TaskInstance: upbit_bitcoin.upbit_bitcoin_extract scheduled__2022-07-08T04:00:00+00:00 [queued]>
[2022-07-08 06:11:11,732] {taskinstance.py:1037} INFO - Dependencies all met for <TaskInstance: upbit_bitcoin.upbit_bitcoin_extract scheduled__2022-07-08T04:00:00+00:00 [queued]>
[2022-07-08 06:11:11,733] {taskinstance.py:1243} INFO - 
--------------------------------------------------------------------------------
[2022-07-08 06:11:11,733] {taskinstance.py:1244} INFO - Starting attempt 1 of 1
[2022-07-08 06:11:11,733] {taskinstance.py:1245} INFO - 
--------------------------------------------------------------------------------
[2022-07-08 06:11:11,775] {taskinstance.py:1264} INFO - Executing <Task(PythonOperator): upbit_bitcoin_extract> on 2022-07-08 04:00:00+00:00
[2022-07-08 06:11:11,786] {standard_task_runner.py:52} INFO - Started process 99 to run task
[2022-07-08 06:11:11,823] {standard_task_runner.py:76} INFO - Running: ['***', 'tasks', 'run', 'upbit_bitcoin', 'upbit_bitcoin_extract', 'scheduled__2022-07-08T04:00:00+00:00', '--job-id', '769', '--raw', '--subdir', 'DAGS_FOLDER/upbit_bitcoin.py', '--cfg-path', '/tmp/tmpd8a4sz4p', '--error-file', '/tmp/tmptjq1thhf']
[2022-07-08 06:11:11,824] {standard_task_runner.py:77} INFO - Job 769: Subtask upbit_bitcoin_extract
[2022-07-08 06:11:12,226] {logging_mixin.py:109} INFO - Running <TaskInstance: upbit_bitcoin.upbit_bitcoin_extract scheduled__2022-07-08T04:00:00+00:00 [running]> on host 9514ca4c721b
[2022-07-08 06:11:12,497] {taskinstance.py:1431} INFO - Exporting the following env vars:
AIRFLOW_CTX_DAG_OWNER=***
AIRFLOW_CTX_DAG_ID=upbit_bitcoin
AIRFLOW_CTX_TASK_ID=upbit_bitcoin_extract
AIRFLOW_CTX_EXECUTION_DATE=2022-07-08T04:00:00+00:00
AIRFLOW_CTX_DAG_RUN_ID=scheduled__2022-07-08T04:00:00+00:00
[2022-07-08 06:11:12,550] {taskinstance.py:1718} ERROR - Task failed with exception
Traceback (most recent call last):
  File "/home/airflow/.local/lib/python3.7/site-packages/airflow/models/taskinstance.py", line 1334, in _run_raw_task
    self._execute_task_with_callbacks(context)
  File "/home/airflow/.local/lib/python3.7/site-packages/airflow/models/taskinstance.py", line 1460, in _execute_task_with_callbacks
    result = self._execute_task(context, self.task)
  File "/home/airflow/.local/lib/python3.7/site-packages/airflow/models/taskinstance.py", line 1516, in _execute_task
    result = execute_callable(context=context)
  File "/home/airflow/.local/lib/python3.7/site-packages/airflow/operators/python.py", line 174, in execute
    return_value = self.execute_callable()
  File "/home/airflow/.local/lib/python3.7/site-packages/airflow/operators/python.py", line 188, in execute_callable
    return self.python_callable(*self.op_args, **self.op_kwargs)
  File "/opt/airflow/dags/upbit_bitcoin.py", line 33, in bitcoin_collect
    yyyymmdd = time.split('T')[0]
AttributeError: 'dict' object has no attribute 'split'
[2022-07-08 06:11:12,596] {taskinstance.py:1282} INFO - Marking task as FAILED. dag_id=upbit_bitcoin, task_id=upbit_bitcoin_extract, execution_date=20220708T040000, start_date=20220708T061111, end_date=20220708T061112
[2022-07-08 06:11:12,701] {standard_task_runner.py:92} ERROR - Failed to execute job 769 for task upbit_bitcoin_extract
Traceback (most recent call last):
  File "/home/airflow/.local/lib/python3.7/site-packages/airflow/task/task_runner/standard_task_runner.py", line 85, in _start_by_fork
    args.func(args, dag=self.dag)
  File "/home/airflow/.local/lib/python3.7/site-packages/airflow/cli/cli_parser.py", line 48, in command
    return func(*args, **kwargs)
  File "/home/airflow/.local/lib/python3.7/site-packages/airflow/utils/cli.py", line 92, in wrapper
    return f(*args, **kwargs)
  File "/home/airflow/.local/lib/python3.7/site-packages/airflow/cli/commands/task_command.py", line 298, in task_run
    _run_task_by_selected_method(args, dag, ti)
  File "/home/airflow/.local/lib/python3.7/site-packages/airflow/cli/commands/task_command.py", line 107, in _run_task_by_selected_method
    _run_raw_task(args, ti)
  File "/home/airflow/.local/lib/python3.7/site-packages/airflow/cli/commands/task_command.py", line 184, in _run_raw_task
    error_file=args.error_file,
  File "/home/airflow/.local/lib/python3.7/site-packages/airflow/utils/session.py", line 70, in wrapper
    return func(*args, session=session, **kwargs)
  File "/home/airflow/.local/lib/python3.7/site-packages/airflow/models/taskinstance.py", line 1334, in _run_raw_task
    self._execute_task_with_callbacks(context)
  File "/home/airflow/.local/lib/python3.7/site-packages/airflow/models/taskinstance.py", line 1460, in _execute_task_with_callbacks
    result = self._execute_task(context, self.task)
  File "/home/airflow/.local/lib/python3.7/site-packages/airflow/models/taskinstance.py", line 1516, in _execute_task
    result = execute_callable(context=context)
  File "/home/airflow/.local/lib/python3.7/site-packages/airflow/operators/python.py", line 174, in execute
    return_value = self.execute_callable()
  File "/home/airflow/.local/lib/python3.7/site-packages/airflow/operators/python.py", line 188, in execute_callable
    return self.python_callable(*self.op_args, **self.op_kwargs)
  File "/opt/airflow/dags/upbit_bitcoin.py", line 33, in bitcoin_collect
    yyyymmdd = time.split('T')[0]
AttributeError: 'dict' object has no attribute 'split'
[2022-07-08 06:11:12,782] {local_task_job.py:154} INFO - Task exited with return code 1
[2022-07-08 06:11:12,979] {local_task_job.py:264} INFO - 0 downstream tasks scheduled from follow-on schedule check
[2022-07-08 06:13:41,361] {taskinstance.py:1037} INFO - Dependencies all met for <TaskInstance: upbit_bitcoin.upbit_bitcoin_extract scheduled__2022-07-08T04:00:00+00:00 [queued]>
[2022-07-08 06:13:41,406] {taskinstance.py:1037} INFO - Dependencies all met for <TaskInstance: upbit_bitcoin.upbit_bitcoin_extract scheduled__2022-07-08T04:00:00+00:00 [queued]>
[2022-07-08 06:13:41,406] {taskinstance.py:1243} INFO - 
--------------------------------------------------------------------------------
[2022-07-08 06:13:41,406] {taskinstance.py:1244} INFO - Starting attempt 1 of 1
[2022-07-08 06:13:41,406] {taskinstance.py:1245} INFO - 
--------------------------------------------------------------------------------
[2022-07-08 06:13:41,493] {taskinstance.py:1264} INFO - Executing <Task(PythonOperator): upbit_bitcoin_extract> on 2022-07-08 04:00:00+00:00
[2022-07-08 06:13:41,510] {standard_task_runner.py:76} INFO - Running: ['***', 'tasks', 'run', 'upbit_bitcoin', 'upbit_bitcoin_extract', 'scheduled__2022-07-08T04:00:00+00:00', '--job-id', '772', '--raw', '--subdir', 'DAGS_FOLDER/upbit_bitcoin.py', '--cfg-path', '/tmp/tmppntf2vrx', '--error-file', '/tmp/tmpkxnfb3bf']
[2022-07-08 06:13:41,511] {standard_task_runner.py:77} INFO - Job 772: Subtask upbit_bitcoin_extract
[2022-07-08 06:13:41,499] {standard_task_runner.py:52} INFO - Started process 88 to run task
[2022-07-08 06:13:41,674] {logging_mixin.py:109} INFO - Running <TaskInstance: upbit_bitcoin.upbit_bitcoin_extract scheduled__2022-07-08T04:00:00+00:00 [running]> on host 9514ca4c721b
[2022-07-08 06:13:41,862] {taskinstance.py:1431} INFO - Exporting the following env vars:
AIRFLOW_CTX_DAG_OWNER=***
AIRFLOW_CTX_DAG_ID=upbit_bitcoin
AIRFLOW_CTX_TASK_ID=upbit_bitcoin_extract
AIRFLOW_CTX_EXECUTION_DATE=2022-07-08T04:00:00+00:00
AIRFLOW_CTX_DAG_RUN_ID=scheduled__2022-07-08T04:00:00+00:00
[2022-07-08 06:13:41,879] {taskinstance.py:1718} ERROR - Task failed with exception
Traceback (most recent call last):
  File "/home/airflow/.local/lib/python3.7/site-packages/airflow/models/taskinstance.py", line 1334, in _run_raw_task
    self._execute_task_with_callbacks(context)
  File "/home/airflow/.local/lib/python3.7/site-packages/airflow/models/taskinstance.py", line 1460, in _execute_task_with_callbacks
    result = self._execute_task(context, self.task)
  File "/home/airflow/.local/lib/python3.7/site-packages/airflow/models/taskinstance.py", line 1516, in _execute_task
    result = execute_callable(context=context)
  File "/home/airflow/.local/lib/python3.7/site-packages/airflow/operators/python.py", line 174, in execute
    return_value = self.execute_callable()
  File "/home/airflow/.local/lib/python3.7/site-packages/airflow/operators/python.py", line 188, in execute_callable
    return self.python_callable(*self.op_args, **self.op_kwargs)
  File "/opt/airflow/dags/upbit_bitcoin.py", line 33, in bitcoin_collect
    yyyymmdd = time.split('T')[0]
AttributeError: 'NoneType' object has no attribute 'split'
[2022-07-08 06:13:41,909] {taskinstance.py:1282} INFO - Marking task as FAILED. dag_id=upbit_bitcoin, task_id=upbit_bitcoin_extract, execution_date=20220708T040000, start_date=20220708T061341, end_date=20220708T061341
[2022-07-08 06:13:41,960] {standard_task_runner.py:92} ERROR - Failed to execute job 772 for task upbit_bitcoin_extract
Traceback (most recent call last):
  File "/home/airflow/.local/lib/python3.7/site-packages/airflow/task/task_runner/standard_task_runner.py", line 85, in _start_by_fork
    args.func(args, dag=self.dag)
  File "/home/airflow/.local/lib/python3.7/site-packages/airflow/cli/cli_parser.py", line 48, in command
    return func(*args, **kwargs)
  File "/home/airflow/.local/lib/python3.7/site-packages/airflow/utils/cli.py", line 92, in wrapper
    return f(*args, **kwargs)
  File "/home/airflow/.local/lib/python3.7/site-packages/airflow/cli/commands/task_command.py", line 298, in task_run
    _run_task_by_selected_method(args, dag, ti)
  File "/home/airflow/.local/lib/python3.7/site-packages/airflow/cli/commands/task_command.py", line 107, in _run_task_by_selected_method
    _run_raw_task(args, ti)
  File "/home/airflow/.local/lib/python3.7/site-packages/airflow/cli/commands/task_command.py", line 184, in _run_raw_task
    error_file=args.error_file,
  File "/home/airflow/.local/lib/python3.7/site-packages/airflow/utils/session.py", line 70, in wrapper
    return func(*args, session=session, **kwargs)
  File "/home/airflow/.local/lib/python3.7/site-packages/airflow/models/taskinstance.py", line 1334, in _run_raw_task
    self._execute_task_with_callbacks(context)
  File "/home/airflow/.local/lib/python3.7/site-packages/airflow/models/taskinstance.py", line 1460, in _execute_task_with_callbacks
    result = self._execute_task(context, self.task)
  File "/home/airflow/.local/lib/python3.7/site-packages/airflow/models/taskinstance.py", line 1516, in _execute_task
    result = execute_callable(context=context)
  File "/home/airflow/.local/lib/python3.7/site-packages/airflow/operators/python.py", line 174, in execute
    return_value = self.execute_callable()
  File "/home/airflow/.local/lib/python3.7/site-packages/airflow/operators/python.py", line 188, in execute_callable
    return self.python_callable(*self.op_args, **self.op_kwargs)
  File "/opt/airflow/dags/upbit_bitcoin.py", line 33, in bitcoin_collect
    yyyymmdd = time.split('T')[0]
AttributeError: 'NoneType' object has no attribute 'split'
[2022-07-08 06:13:41,976] {local_task_job.py:154} INFO - Task exited with return code 1
[2022-07-08 06:13:42,054] {local_task_job.py:264} INFO - 0 downstream tasks scheduled from follow-on schedule check
[2022-07-08 06:17:26,896] {taskinstance.py:1037} INFO - Dependencies all met for <TaskInstance: upbit_bitcoin.upbit_bitcoin_extract scheduled__2022-07-08T04:00:00+00:00 [queued]>
[2022-07-08 06:17:26,919] {taskinstance.py:1037} INFO - Dependencies all met for <TaskInstance: upbit_bitcoin.upbit_bitcoin_extract scheduled__2022-07-08T04:00:00+00:00 [queued]>
[2022-07-08 06:17:26,919] {taskinstance.py:1243} INFO - 
--------------------------------------------------------------------------------
[2022-07-08 06:17:26,919] {taskinstance.py:1244} INFO - Starting attempt 1 of 1
[2022-07-08 06:17:26,919] {taskinstance.py:1245} INFO - 
--------------------------------------------------------------------------------
[2022-07-08 06:17:26,958] {taskinstance.py:1264} INFO - Executing <Task(PythonOperator): upbit_bitcoin_extract> on 2022-07-08 04:00:00+00:00
[2022-07-08 06:17:26,964] {standard_task_runner.py:52} INFO - Started process 222 to run task
[2022-07-08 06:17:26,977] {standard_task_runner.py:76} INFO - Running: ['***', 'tasks', 'run', 'upbit_bitcoin', 'upbit_bitcoin_extract', 'scheduled__2022-07-08T04:00:00+00:00', '--job-id', '778', '--raw', '--subdir', 'DAGS_FOLDER/upbit_bitcoin.py', '--cfg-path', '/tmp/tmp31y18ejq', '--error-file', '/tmp/tmpyi5u8n4y']
[2022-07-08 06:17:26,978] {standard_task_runner.py:77} INFO - Job 778: Subtask upbit_bitcoin_extract
[2022-07-08 06:17:27,133] {logging_mixin.py:109} INFO - Running <TaskInstance: upbit_bitcoin.upbit_bitcoin_extract scheduled__2022-07-08T04:00:00+00:00 [running]> on host 9514ca4c721b
[2022-07-08 06:17:27,244] {taskinstance.py:1431} INFO - Exporting the following env vars:
AIRFLOW_CTX_DAG_OWNER=***
AIRFLOW_CTX_DAG_ID=upbit_bitcoin
AIRFLOW_CTX_TASK_ID=upbit_bitcoin_extract
AIRFLOW_CTX_EXECUTION_DATE=2022-07-08T04:00:00+00:00
AIRFLOW_CTX_DAG_RUN_ID=scheduled__2022-07-08T04:00:00+00:00
[2022-07-08 06:17:27,269] {upbit_bitcoin.py:33} INFO - 2022-07-08T13:00:00
[2022-07-08 06:17:27,270] {upbit_bitcoin.py:36} INFO - https://api.upbit.com/v1/candles/minutes/1?market=KRW-BTC&to=2022-07-08T13:00:00&count=1
[2022-07-08 06:17:27,270] {python.py:175} INFO - Done. Returned value was: https://api.upbit.com/v1/candles/minutes/1?market=KRW-BTC&to=2022-07-08T13:00:00&count=1
[2022-07-08 06:17:27,320] {taskinstance.py:1282} INFO - Marking task as SUCCESS. dag_id=upbit_bitcoin, task_id=upbit_bitcoin_extract, execution_date=20220708T040000, start_date=20220708T061726, end_date=20220708T061727
[2022-07-08 06:17:27,387] {local_task_job.py:154} INFO - Task exited with return code 0
[2022-07-08 06:17:27,449] {local_task_job.py:264} INFO - 0 downstream tasks scheduled from follow-on schedule check
[2022-07-08 06:27:04,539] {taskinstance.py:1037} INFO - Dependencies all met for <TaskInstance: upbit_bitcoin.upbit_bitcoin_extract scheduled__2022-07-08T04:00:00+00:00 [queued]>
[2022-07-08 06:27:04,606] {taskinstance.py:1037} INFO - Dependencies all met for <TaskInstance: upbit_bitcoin.upbit_bitcoin_extract scheduled__2022-07-08T04:00:00+00:00 [queued]>
[2022-07-08 06:27:04,606] {taskinstance.py:1243} INFO - 
--------------------------------------------------------------------------------
[2022-07-08 06:27:04,606] {taskinstance.py:1244} INFO - Starting attempt 1 of 1
[2022-07-08 06:27:04,606] {taskinstance.py:1245} INFO - 
--------------------------------------------------------------------------------
[2022-07-08 06:27:04,662] {taskinstance.py:1264} INFO - Executing <Task(PythonOperator): upbit_bitcoin_extract> on 2022-07-08 04:00:00+00:00
[2022-07-08 06:27:04,704] {standard_task_runner.py:52} INFO - Started process 129 to run task
[2022-07-08 06:27:04,708] {standard_task_runner.py:76} INFO - Running: ['***', 'tasks', 'run', 'upbit_bitcoin', 'upbit_bitcoin_extract', 'scheduled__2022-07-08T04:00:00+00:00', '--job-id', '785', '--raw', '--subdir', 'DAGS_FOLDER/upbit_bitcoin.py', '--cfg-path', '/tmp/tmp6okeui05', '--error-file', '/tmp/tmp_5kub493']
[2022-07-08 06:27:04,709] {standard_task_runner.py:77} INFO - Job 785: Subtask upbit_bitcoin_extract
[2022-07-08 06:27:04,905] {logging_mixin.py:109} INFO - Running <TaskInstance: upbit_bitcoin.upbit_bitcoin_extract scheduled__2022-07-08T04:00:00+00:00 [running]> on host 9514ca4c721b
[2022-07-08 06:27:05,060] {taskinstance.py:1431} INFO - Exporting the following env vars:
AIRFLOW_CTX_DAG_OWNER=***
AIRFLOW_CTX_DAG_ID=upbit_bitcoin
AIRFLOW_CTX_TASK_ID=upbit_bitcoin_extract
AIRFLOW_CTX_EXECUTION_DATE=2022-07-08T04:00:00+00:00
AIRFLOW_CTX_DAG_RUN_ID=scheduled__2022-07-08T04:00:00+00:00
[2022-07-08 06:27:05,077] {upbit_bitcoin.py:33} INFO - 2022-07-0813:00:00
[2022-07-08 06:27:05,077] {upbit_bitcoin.py:36} INFO - https://api.upbit.com/v1/candles/minutes/1?market=KRW-BTC&to=2022-07-0813:00:00&count=1
[2022-07-08 06:27:05,077] {python.py:175} INFO - Done. Returned value was: https://api.upbit.com/v1/candles/minutes/1?market=KRW-BTC&to=2022-07-0813:00:00&count=1
[2022-07-08 06:27:05,180] {taskinstance.py:1282} INFO - Marking task as SUCCESS. dag_id=upbit_bitcoin, task_id=upbit_bitcoin_extract, execution_date=20220708T040000, start_date=20220708T062704, end_date=20220708T062705
[2022-07-08 06:27:05,298] {local_task_job.py:154} INFO - Task exited with return code 0
[2022-07-08 06:27:05,523] {local_task_job.py:264} INFO - 0 downstream tasks scheduled from follow-on schedule check
[2022-07-08 06:32:14,997] {taskinstance.py:1037} INFO - Dependencies all met for <TaskInstance: upbit_bitcoin.upbit_bitcoin_extract scheduled__2022-07-08T04:00:00+00:00 [queued]>
[2022-07-08 06:32:15,045] {taskinstance.py:1037} INFO - Dependencies all met for <TaskInstance: upbit_bitcoin.upbit_bitcoin_extract scheduled__2022-07-08T04:00:00+00:00 [queued]>
[2022-07-08 06:32:15,046] {taskinstance.py:1243} INFO - 
--------------------------------------------------------------------------------
[2022-07-08 06:32:15,046] {taskinstance.py:1244} INFO - Starting attempt 1 of 1
[2022-07-08 06:32:15,046] {taskinstance.py:1245} INFO - 
--------------------------------------------------------------------------------
[2022-07-08 06:32:15,078] {taskinstance.py:1264} INFO - Executing <Task(PythonOperator): upbit_bitcoin_extract> on 2022-07-08 04:00:00+00:00
[2022-07-08 06:32:15,086] {standard_task_runner.py:52} INFO - Started process 320 to run task
[2022-07-08 06:32:15,092] {standard_task_runner.py:76} INFO - Running: ['***', 'tasks', 'run', 'upbit_bitcoin', 'upbit_bitcoin_extract', 'scheduled__2022-07-08T04:00:00+00:00', '--job-id', '789', '--raw', '--subdir', 'DAGS_FOLDER/upbit_bitcoin.py', '--cfg-path', '/tmp/tmp5lwvvjrq', '--error-file', '/tmp/tmpfqxgxwsn']
[2022-07-08 06:32:15,093] {standard_task_runner.py:77} INFO - Job 789: Subtask upbit_bitcoin_extract
[2022-07-08 06:32:15,200] {logging_mixin.py:109} INFO - Running <TaskInstance: upbit_bitcoin.upbit_bitcoin_extract scheduled__2022-07-08T04:00:00+00:00 [running]> on host 9514ca4c721b
[2022-07-08 06:32:15,300] {taskinstance.py:1431} INFO - Exporting the following env vars:
AIRFLOW_CTX_DAG_OWNER=***
AIRFLOW_CTX_DAG_ID=upbit_bitcoin
AIRFLOW_CTX_TASK_ID=upbit_bitcoin_extract
AIRFLOW_CTX_EXECUTION_DATE=2022-07-08T04:00:00+00:00
AIRFLOW_CTX_DAG_RUN_ID=scheduled__2022-07-08T04:00:00+00:00
[2022-07-08 06:32:15,313] {upbit_bitcoin.py:36} INFO - https://api.upbit.com/v1/candles/minutes/1?market=KRW-BTC&to=2022-07-08 13:00:00&count=1
[2022-07-08 06:32:15,645] {python.py:175} INFO - Done. Returned value was: [{'market': 'KRW-BTC', 'candle_date_time_utc': '2022-07-08T06:32:00', 'candle_date_time_kst': '2022-07-08T15:32:00', 'opening_price': 28403000.0, 'high_price': 28416000.0, 'low_price': 28402000.0, 'trade_price': 28416000.0, 'timestamp': 1657261930923, 'candle_acc_trade_price': 34325943.07768, 'candle_acc_trade_volume': 1.20849127, 'unit': 1}]
[2022-07-08 06:32:15,696] {taskinstance.py:1282} INFO - Marking task as SUCCESS. dag_id=upbit_bitcoin, task_id=upbit_bitcoin_extract, execution_date=20220708T040000, start_date=20220708T063215, end_date=20220708T063215
[2022-07-08 06:32:15,753] {local_task_job.py:154} INFO - Task exited with return code 0
[2022-07-08 06:32:15,818] {local_task_job.py:264} INFO - 0 downstream tasks scheduled from follow-on schedule check
[2022-07-08 06:34:14,522] {taskinstance.py:1037} INFO - Dependencies all met for <TaskInstance: upbit_bitcoin.upbit_bitcoin_extract scheduled__2022-07-08T04:00:00+00:00 [queued]>
[2022-07-08 06:34:14,550] {taskinstance.py:1037} INFO - Dependencies all met for <TaskInstance: upbit_bitcoin.upbit_bitcoin_extract scheduled__2022-07-08T04:00:00+00:00 [queued]>
[2022-07-08 06:34:14,550] {taskinstance.py:1243} INFO - 
--------------------------------------------------------------------------------
[2022-07-08 06:34:14,550] {taskinstance.py:1244} INFO - Starting attempt 1 of 1
[2022-07-08 06:34:14,550] {taskinstance.py:1245} INFO - 
--------------------------------------------------------------------------------
[2022-07-08 06:34:14,603] {taskinstance.py:1264} INFO - Executing <Task(PythonOperator): upbit_bitcoin_extract> on 2022-07-08 04:00:00+00:00
[2022-07-08 06:34:14,609] {standard_task_runner.py:52} INFO - Started process 403 to run task
[2022-07-08 06:34:14,622] {standard_task_runner.py:76} INFO - Running: ['***', 'tasks', 'run', 'upbit_bitcoin', 'upbit_bitcoin_extract', 'scheduled__2022-07-08T04:00:00+00:00', '--job-id', '792', '--raw', '--subdir', 'DAGS_FOLDER/upbit_bitcoin.py', '--cfg-path', '/tmp/tmp_vltyc7q', '--error-file', '/tmp/tmpbr5_hj2a']
[2022-07-08 06:34:14,623] {standard_task_runner.py:77} INFO - Job 792: Subtask upbit_bitcoin_extract
[2022-07-08 06:34:14,793] {logging_mixin.py:109} INFO - Running <TaskInstance: upbit_bitcoin.upbit_bitcoin_extract scheduled__2022-07-08T04:00:00+00:00 [running]> on host 9514ca4c721b
[2022-07-08 06:34:15,066] {taskinstance.py:1431} INFO - Exporting the following env vars:
AIRFLOW_CTX_DAG_OWNER=***
AIRFLOW_CTX_DAG_ID=upbit_bitcoin
AIRFLOW_CTX_TASK_ID=upbit_bitcoin_extract
AIRFLOW_CTX_EXECUTION_DATE=2022-07-08T04:00:00+00:00
AIRFLOW_CTX_DAG_RUN_ID=scheduled__2022-07-08T04:00:00+00:00
[2022-07-08 06:34:15,135] {upbit_bitcoin.py:30} INFO - 2022-07-08T13:00:00
[2022-07-08 06:34:15,135] {upbit_bitcoin.py:37} INFO - https://api.upbit.com/v1/candles/minutes/1?market=KRW-BTC&to=2022-07-08 13:00:00&count=1
[2022-07-08 06:34:15,135] {python.py:175} INFO - Done. Returned value was: https://api.upbit.com/v1/candles/minutes/1?market=KRW-BTC&to=2022-07-08 13:00:00&count=1
[2022-07-08 06:34:15,288] {taskinstance.py:1282} INFO - Marking task as SUCCESS. dag_id=upbit_bitcoin, task_id=upbit_bitcoin_extract, execution_date=20220708T040000, start_date=20220708T063414, end_date=20220708T063415
[2022-07-08 06:34:15,352] {local_task_job.py:154} INFO - Task exited with return code 0
[2022-07-08 06:34:15,470] {local_task_job.py:264} INFO - 0 downstream tasks scheduled from follow-on schedule check
[2022-07-08 06:56:08,077] {taskinstance.py:1037} INFO - Dependencies all met for <TaskInstance: upbit_bitcoin.upbit_bitcoin_extract scheduled__2022-07-08T04:00:00+00:00 [queued]>
[2022-07-08 06:56:08,116] {taskinstance.py:1037} INFO - Dependencies all met for <TaskInstance: upbit_bitcoin.upbit_bitcoin_extract scheduled__2022-07-08T04:00:00+00:00 [queued]>
[2022-07-08 06:56:08,116] {taskinstance.py:1243} INFO - 
--------------------------------------------------------------------------------
[2022-07-08 06:56:08,116] {taskinstance.py:1244} INFO - Starting attempt 1 of 1
[2022-07-08 06:56:08,117] {taskinstance.py:1245} INFO - 
--------------------------------------------------------------------------------
[2022-07-08 06:56:08,167] {taskinstance.py:1264} INFO - Executing <Task(PythonOperator): upbit_bitcoin_extract> on 2022-07-08 04:00:00+00:00
[2022-07-08 06:56:08,178] {standard_task_runner.py:52} INFO - Started process 1264 to run task
[2022-07-08 06:56:08,186] {standard_task_runner.py:76} INFO - Running: ['***', 'tasks', 'run', 'upbit_bitcoin', 'upbit_bitcoin_extract', 'scheduled__2022-07-08T04:00:00+00:00', '--job-id', '796', '--raw', '--subdir', 'DAGS_FOLDER/upbit_bitcoin.py', '--cfg-path', '/tmp/tmp5i7lny42', '--error-file', '/tmp/tmpi409z2u3']
[2022-07-08 06:56:08,187] {standard_task_runner.py:77} INFO - Job 796: Subtask upbit_bitcoin_extract
[2022-07-08 06:56:08,374] {logging_mixin.py:109} INFO - Running <TaskInstance: upbit_bitcoin.upbit_bitcoin_extract scheduled__2022-07-08T04:00:00+00:00 [running]> on host 9514ca4c721b
[2022-07-08 06:56:08,648] {taskinstance.py:1431} INFO - Exporting the following env vars:
AIRFLOW_CTX_DAG_OWNER=***
AIRFLOW_CTX_DAG_ID=upbit_bitcoin
AIRFLOW_CTX_TASK_ID=upbit_bitcoin_extract
AIRFLOW_CTX_EXECUTION_DATE=2022-07-08T04:00:00+00:00
AIRFLOW_CTX_DAG_RUN_ID=scheduled__2022-07-08T04:00:00+00:00
[2022-07-08 06:56:08,703] {upbit_bitcoin.py:30} INFO - 2022-07-08T13:00:00
[2022-07-08 06:56:08,703] {upbit_bitcoin.py:34} INFO - 2022-07-08T13:00:00Z
[2022-07-08 06:56:08,703] {upbit_bitcoin.py:37} INFO - https://api.upbit.com/v1/candles/minutes/1?market=KRW-BTC&to=2022-07-08T13:00:00Z&count=1
[2022-07-08 06:56:08,703] {python.py:175} INFO - Done. Returned value was: https://api.upbit.com/v1/candles/minutes/1?market=KRW-BTC&to=2022-07-08T13:00:00Z&count=1
[2022-07-08 06:56:08,825] {taskinstance.py:1282} INFO - Marking task as SUCCESS. dag_id=upbit_bitcoin, task_id=upbit_bitcoin_extract, execution_date=20220708T040000, start_date=20220708T065608, end_date=20220708T065608
[2022-07-08 06:56:08,905] {local_task_job.py:154} INFO - Task exited with return code 0
[2022-07-08 06:56:08,966] {local_task_job.py:264} INFO - 0 downstream tasks scheduled from follow-on schedule check
[2022-07-08 07:26:29,333] {taskinstance.py:1037} INFO - Dependencies all met for <TaskInstance: upbit_bitcoin.upbit_bitcoin_extract scheduled__2022-07-08T04:00:00+00:00 [queued]>
[2022-07-08 07:26:29,353] {taskinstance.py:1037} INFO - Dependencies all met for <TaskInstance: upbit_bitcoin.upbit_bitcoin_extract scheduled__2022-07-08T04:00:00+00:00 [queued]>
[2022-07-08 07:26:29,353] {taskinstance.py:1243} INFO - 
--------------------------------------------------------------------------------
[2022-07-08 07:26:29,353] {taskinstance.py:1244} INFO - Starting attempt 1 of 1
[2022-07-08 07:26:29,353] {taskinstance.py:1245} INFO - 
--------------------------------------------------------------------------------
[2022-07-08 07:26:29,375] {taskinstance.py:1264} INFO - Executing <Task(PythonOperator): upbit_bitcoin_extract> on 2022-07-08 04:00:00+00:00
[2022-07-08 07:26:29,380] {standard_task_runner.py:52} INFO - Started process 2437 to run task
[2022-07-08 07:26:29,387] {standard_task_runner.py:76} INFO - Running: ['***', 'tasks', 'run', 'upbit_bitcoin', 'upbit_bitcoin_extract', 'scheduled__2022-07-08T04:00:00+00:00', '--job-id', '803', '--raw', '--subdir', 'DAGS_FOLDER/upbit_bitcoin.py', '--cfg-path', '/tmp/tmp5z1tjif0', '--error-file', '/tmp/tmpcr84vnz1']
[2022-07-08 07:26:29,388] {standard_task_runner.py:77} INFO - Job 803: Subtask upbit_bitcoin_extract
[2022-07-08 07:26:29,460] {logging_mixin.py:109} INFO - Running <TaskInstance: upbit_bitcoin.upbit_bitcoin_extract scheduled__2022-07-08T04:00:00+00:00 [running]> on host 9514ca4c721b
[2022-07-08 07:26:29,540] {taskinstance.py:1431} INFO - Exporting the following env vars:
AIRFLOW_CTX_DAG_OWNER=***
AIRFLOW_CTX_DAG_ID=upbit_bitcoin
AIRFLOW_CTX_TASK_ID=upbit_bitcoin_extract
AIRFLOW_CTX_EXECUTION_DATE=2022-07-08T04:00:00+00:00
AIRFLOW_CTX_DAG_RUN_ID=scheduled__2022-07-08T04:00:00+00:00
[2022-07-08 07:26:29,558] {upbit_bitcoin.py:31} INFO - 2022-07-08T13:00:00
[2022-07-08 07:26:29,558] {upbit_bitcoin.py:35} INFO - 2022-07-08T13:00:00Z
[2022-07-08 07:26:29,558] {upbit_bitcoin.py:38} INFO - https://api.upbit.com/v1/candles/minutes/1?market=KRW-BTC&to=2022-07-08T13:00:00Z&count=1
[2022-07-08 07:26:29,558] {python.py:175} INFO - Done. Returned value was: https://api.upbit.com/v1/candles/minutes/1?market=KRW-BTC&to=2022-07-08T13:00:00Z&count=1
[2022-07-08 07:26:29,606] {taskinstance.py:1282} INFO - Marking task as SUCCESS. dag_id=upbit_bitcoin, task_id=upbit_bitcoin_extract, execution_date=20220708T040000, start_date=20220708T072629, end_date=20220708T072629
[2022-07-08 07:26:29,682] {local_task_job.py:154} INFO - Task exited with return code 0
[2022-07-08 07:26:29,739] {local_task_job.py:264} INFO - 0 downstream tasks scheduled from follow-on schedule check
[2022-07-08 07:27:50,987] {taskinstance.py:1037} INFO - Dependencies all met for <TaskInstance: upbit_bitcoin.upbit_bitcoin_extract scheduled__2022-07-08T04:00:00+00:00 [queued]>
[2022-07-08 07:27:51,067] {taskinstance.py:1037} INFO - Dependencies all met for <TaskInstance: upbit_bitcoin.upbit_bitcoin_extract scheduled__2022-07-08T04:00:00+00:00 [queued]>
[2022-07-08 07:27:51,068] {taskinstance.py:1243} INFO - 
--------------------------------------------------------------------------------
[2022-07-08 07:27:51,068] {taskinstance.py:1244} INFO - Starting attempt 1 of 1
[2022-07-08 07:27:51,068] {taskinstance.py:1245} INFO - 
--------------------------------------------------------------------------------
[2022-07-08 07:27:51,143] {taskinstance.py:1264} INFO - Executing <Task(PythonOperator): upbit_bitcoin_extract> on 2022-07-08 04:00:00+00:00
[2022-07-08 07:27:51,148] {standard_task_runner.py:52} INFO - Started process 2496 to run task
[2022-07-08 07:27:51,160] {standard_task_runner.py:76} INFO - Running: ['***', 'tasks', 'run', 'upbit_bitcoin', 'upbit_bitcoin_extract', 'scheduled__2022-07-08T04:00:00+00:00', '--job-id', '808', '--raw', '--subdir', 'DAGS_FOLDER/upbit_bitcoin.py', '--cfg-path', '/tmp/tmpyp2vt29d', '--error-file', '/tmp/tmpkza4as3w']
[2022-07-08 07:27:51,160] {standard_task_runner.py:77} INFO - Job 808: Subtask upbit_bitcoin_extract
[2022-07-08 07:27:51,411] {logging_mixin.py:109} INFO - Running <TaskInstance: upbit_bitcoin.upbit_bitcoin_extract scheduled__2022-07-08T04:00:00+00:00 [running]> on host 9514ca4c721b
[2022-07-08 07:27:51,894] {taskinstance.py:1431} INFO - Exporting the following env vars:
AIRFLOW_CTX_DAG_OWNER=***
AIRFLOW_CTX_DAG_ID=upbit_bitcoin
AIRFLOW_CTX_TASK_ID=upbit_bitcoin_extract
AIRFLOW_CTX_EXECUTION_DATE=2022-07-08T04:00:00+00:00
AIRFLOW_CTX_DAG_RUN_ID=scheduled__2022-07-08T04:00:00+00:00
[2022-07-08 07:27:51,898] {upbit_bitcoin.py:32} INFO - 2022-07-08T04:00:00+00:00
[2022-07-08 07:27:51,898] {upbit_bitcoin.py:36} INFO - 2022-07-08T04:00:00+00:00Z
[2022-07-08 07:27:51,899] {upbit_bitcoin.py:39} INFO - https://api.upbit.com/v1/candles/minutes/1?market=KRW-BTC&to=2022-07-08T04:00:00+00:00Z&count=1
[2022-07-08 07:27:51,899] {python.py:175} INFO - Done. Returned value was: https://api.upbit.com/v1/candles/minutes/1?market=KRW-BTC&to=2022-07-08T04:00:00+00:00Z&count=1
[2022-07-08 07:27:52,117] {taskinstance.py:1282} INFO - Marking task as SUCCESS. dag_id=upbit_bitcoin, task_id=upbit_bitcoin_extract, execution_date=20220708T040000, start_date=20220708T072750, end_date=20220708T072752
[2022-07-08 07:27:52,296] {local_task_job.py:154} INFO - Task exited with return code 0
[2022-07-08 07:27:52,468] {local_task_job.py:264} INFO - 0 downstream tasks scheduled from follow-on schedule check
[2022-07-08 07:32:37,803] {taskinstance.py:1037} INFO - Dependencies all met for <TaskInstance: upbit_bitcoin.upbit_bitcoin_extract scheduled__2022-07-08T04:00:00+00:00 [queued]>
[2022-07-08 07:32:37,903] {taskinstance.py:1037} INFO - Dependencies all met for <TaskInstance: upbit_bitcoin.upbit_bitcoin_extract scheduled__2022-07-08T04:00:00+00:00 [queued]>
[2022-07-08 07:32:37,903] {taskinstance.py:1243} INFO - 
--------------------------------------------------------------------------------
[2022-07-08 07:32:37,903] {taskinstance.py:1244} INFO - Starting attempt 1 of 1
[2022-07-08 07:32:37,903] {taskinstance.py:1245} INFO - 
--------------------------------------------------------------------------------
[2022-07-08 07:32:37,983] {taskinstance.py:1264} INFO - Executing <Task(PythonOperator): upbit_bitcoin_extract> on 2022-07-08 04:00:00+00:00
[2022-07-08 07:32:37,988] {standard_task_runner.py:52} INFO - Started process 2685 to run task
[2022-07-08 07:32:37,999] {standard_task_runner.py:76} INFO - Running: ['***', 'tasks', 'run', 'upbit_bitcoin', 'upbit_bitcoin_extract', 'scheduled__2022-07-08T04:00:00+00:00', '--job-id', '812', '--raw', '--subdir', 'DAGS_FOLDER/upbit_bitcoin.py', '--cfg-path', '/tmp/tmp3xin9sna', '--error-file', '/tmp/tmpyrvu2vah']
[2022-07-08 07:32:38,007] {standard_task_runner.py:77} INFO - Job 812: Subtask upbit_bitcoin_extract
[2022-07-08 07:32:38,271] {logging_mixin.py:109} INFO - Running <TaskInstance: upbit_bitcoin.upbit_bitcoin_extract scheduled__2022-07-08T04:00:00+00:00 [running]> on host 9514ca4c721b
[2022-07-08 07:32:38,488] {taskinstance.py:1431} INFO - Exporting the following env vars:
AIRFLOW_CTX_DAG_OWNER=***
AIRFLOW_CTX_DAG_ID=upbit_bitcoin
AIRFLOW_CTX_TASK_ID=upbit_bitcoin_extract
AIRFLOW_CTX_EXECUTION_DATE=2022-07-08T04:00:00+00:00
AIRFLOW_CTX_DAG_RUN_ID=scheduled__2022-07-08T04:00:00+00:00
[2022-07-08 07:32:38,489] {upbit_bitcoin.py:32} INFO - 2022-07-08T04:00:00
[2022-07-08 07:32:38,489] {upbit_bitcoin.py:36} INFO - 2022-07-08T04:00:00Z
[2022-07-08 07:32:38,489] {upbit_bitcoin.py:39} INFO - https://api.upbit.com/v1/candles/minutes/1?market=KRW-BTC&to=2022-07-08T04:00:00Z&count=1
[2022-07-08 07:32:38,970] {python.py:175} INFO - Done. Returned value was: [{'market': 'KRW-BTC', 'candle_date_time_utc': '2022-07-08T03:59:00', 'candle_date_time_kst': '2022-07-08T12:59:00', 'opening_price': 28851000.0, 'high_price': 28859000.0, 'low_price': 28851000.0, 'trade_price': 28852000.0, 'timestamp': 1657252799720, 'candle_acc_trade_price': 124066750.13042, 'candle_acc_trade_volume': 4.29985163, 'unit': 1}]
[2022-07-08 07:32:39,081] {taskinstance.py:1282} INFO - Marking task as SUCCESS. dag_id=upbit_bitcoin, task_id=upbit_bitcoin_extract, execution_date=20220708T040000, start_date=20220708T073237, end_date=20220708T073239
[2022-07-08 07:32:39,193] {local_task_job.py:154} INFO - Task exited with return code 0
[2022-07-08 07:32:39,307] {local_task_job.py:264} INFO - 0 downstream tasks scheduled from follow-on schedule check
