[2022-07-19 07:00:20,805] {taskinstance.py:1037} INFO - Dependencies all met for <TaskInstance: dag_with_postgres_operator.delete_data_from_table scheduled__2022-07-18T00:00:00+00:00 [queued]>
[2022-07-19 07:00:20,823] {taskinstance.py:1037} INFO - Dependencies all met for <TaskInstance: dag_with_postgres_operator.delete_data_from_table scheduled__2022-07-18T00:00:00+00:00 [queued]>
[2022-07-19 07:00:20,824] {taskinstance.py:1243} INFO - 
--------------------------------------------------------------------------------
[2022-07-19 07:00:20,824] {taskinstance.py:1244} INFO - Starting attempt 2 of 7
[2022-07-19 07:00:20,824] {taskinstance.py:1245} INFO - 
--------------------------------------------------------------------------------
[2022-07-19 07:00:20,844] {taskinstance.py:1264} INFO - Executing <Task(PostgresOperator): delete_data_from_table> on 2022-07-18 00:00:00+00:00
[2022-07-19 07:00:20,848] {standard_task_runner.py:52} INFO - Started process 912 to run task
[2022-07-19 07:00:20,853] {standard_task_runner.py:76} INFO - Running: ['***', 'tasks', 'run', 'dag_with_postgres_operator', 'delete_data_from_table', 'scheduled__2022-07-18T00:00:00+00:00', '--job-id', '60', '--raw', '--subdir', 'DAGS_FOLDER/example_postgres.py', '--cfg-path', '/tmp/tmpoet7syu9', '--error-file', '/tmp/tmpgqt54qn2']
[2022-07-19 07:00:20,853] {standard_task_runner.py:77} INFO - Job 60: Subtask delete_data_from_table
[2022-07-19 07:00:20,925] {logging_mixin.py:109} INFO - Running <TaskInstance: dag_with_postgres_operator.delete_data_from_table scheduled__2022-07-18T00:00:00+00:00 [running]> on host 0741836b2d3b
[2022-07-19 07:00:21,000] {taskinstance.py:1431} INFO - Exporting the following env vars:
AIRFLOW_CTX_DAG_OWNER=kimuksung2
AIRFLOW_CTX_DAG_ID=dag_with_postgres_operator
AIRFLOW_CTX_TASK_ID=delete_data_from_table
AIRFLOW_CTX_EXECUTION_DATE=2022-07-18T00:00:00+00:00
AIRFLOW_CTX_DAG_RUN_ID=scheduled__2022-07-18T00:00:00+00:00
[2022-07-19 07:00:21,011] {base.py:79} INFO - Using connection to: id: postgres_localhost. Host: postgres, Port: 5432, Schema: test, Login: ***, Password: ***, extra: {}
[2022-07-19 07:00:21,016] {dbapi.py:225} INFO - Running statement: 
            delete from dag_runs where dt = '2022-07-18' and dag_id = 'dag_with_postgres_operator';
        , parameters: None
[2022-07-19 07:00:21,018] {dbapi.py:233} INFO - Rows affected: 1
[2022-07-19 07:00:21,035] {taskinstance.py:1282} INFO - Marking task as SUCCESS. dag_id=dag_with_postgres_operator, task_id=delete_data_from_table, execution_date=20220718T000000, start_date=20220719T070020, end_date=20220719T070021
[2022-07-19 07:00:21,066] {local_task_job.py:154} INFO - Task exited with return code 0
[2022-07-19 07:00:21,102] {local_task_job.py:264} INFO - 0 downstream tasks scheduled from follow-on schedule check
