[2022-07-07 06:38:49,053] {taskinstance.py:1037} INFO - Dependencies all met for <TaskInstance: upbit_bitcoin.upbit_bitcoin_extract scheduled__2022-07-06T19:00:00+00:00 [queued]>
[2022-07-07 06:38:49,071] {taskinstance.py:1037} INFO - Dependencies all met for <TaskInstance: upbit_bitcoin.upbit_bitcoin_extract scheduled__2022-07-06T19:00:00+00:00 [queued]>
[2022-07-07 06:38:49,071] {taskinstance.py:1243} INFO - 
--------------------------------------------------------------------------------
[2022-07-07 06:38:49,072] {taskinstance.py:1244} INFO - Starting attempt 1 of 1
[2022-07-07 06:38:49,072] {taskinstance.py:1245} INFO - 
--------------------------------------------------------------------------------
[2022-07-07 06:38:49,104] {taskinstance.py:1264} INFO - Executing <Task(PythonOperator): upbit_bitcoin_extract> on 2022-07-06 19:00:00+00:00
[2022-07-07 06:38:49,110] {standard_task_runner.py:52} INFO - Started process 291 to run task
[2022-07-07 06:38:49,115] {standard_task_runner.py:76} INFO - Running: ['***', 'tasks', 'run', 'upbit_bitcoin', 'upbit_bitcoin_extract', 'scheduled__2022-07-06T19:00:00+00:00', '--job-id', '602', '--raw', '--subdir', 'DAGS_FOLDER/upbit_bitcoin.py', '--cfg-path', '/tmp/tmpfuuodys7', '--error-file', '/tmp/tmpxtl0zqrl']
[2022-07-07 06:38:49,116] {standard_task_runner.py:77} INFO - Job 602: Subtask upbit_bitcoin_extract
[2022-07-07 06:38:49,205] {logging_mixin.py:109} INFO - Running <TaskInstance: upbit_bitcoin.upbit_bitcoin_extract scheduled__2022-07-06T19:00:00+00:00 [running]> on host 9514ca4c721b
[2022-07-07 06:38:49,295] {taskinstance.py:1431} INFO - Exporting the following env vars:
AIRFLOW_CTX_DAG_OWNER=***
AIRFLOW_CTX_DAG_ID=upbit_bitcoin
AIRFLOW_CTX_TASK_ID=upbit_bitcoin_extract
AIRFLOW_CTX_EXECUTION_DATE=2022-07-06T19:00:00+00:00
AIRFLOW_CTX_DAG_RUN_ID=scheduled__2022-07-06T19:00:00+00:00
[2022-07-07 06:38:49,296] {upbit_bitcoin.py:22} INFO - ['2022-07-06', '19:00:00+00:00']
[2022-07-07 06:38:49,296] {upbit_bitcoin.py:29} INFO - https://api.upbit.com/v1/candles/minutes/1?market=KRW-BTC&to=2022-07-07 00:00:00&count=5
[2022-07-07 06:38:49,297] {python.py:175} INFO - Done. Returned value was: https://api.upbit.com/v1/candles/minutes/1?market=KRW-BTC&to=2022-07-07 00:00:00&count=5
[2022-07-07 06:38:49,326] {taskinstance.py:1282} INFO - Marking task as SUCCESS. dag_id=upbit_bitcoin, task_id=upbit_bitcoin_extract, execution_date=20220706T190000, start_date=20220707T063849, end_date=20220707T063849
[2022-07-07 06:38:49,367] {local_task_job.py:154} INFO - Task exited with return code 0
[2022-07-07 06:38:49,411] {local_task_job.py:264} INFO - 0 downstream tasks scheduled from follow-on schedule check
[2022-07-07 06:43:04,877] {taskinstance.py:1037} INFO - Dependencies all met for <TaskInstance: upbit_bitcoin.upbit_bitcoin_extract scheduled__2022-07-06T19:00:00+00:00 [queued]>
[2022-07-07 06:43:04,900] {taskinstance.py:1037} INFO - Dependencies all met for <TaskInstance: upbit_bitcoin.upbit_bitcoin_extract scheduled__2022-07-06T19:00:00+00:00 [queued]>
[2022-07-07 06:43:04,900] {taskinstance.py:1243} INFO - 
--------------------------------------------------------------------------------
[2022-07-07 06:43:04,900] {taskinstance.py:1244} INFO - Starting attempt 1 of 1
[2022-07-07 06:43:04,900] {taskinstance.py:1245} INFO - 
--------------------------------------------------------------------------------
[2022-07-07 06:43:04,924] {taskinstance.py:1264} INFO - Executing <Task(PythonOperator): upbit_bitcoin_extract> on 2022-07-06 19:00:00+00:00
[2022-07-07 06:43:04,930] {standard_task_runner.py:52} INFO - Started process 481 to run task
[2022-07-07 06:43:04,935] {standard_task_runner.py:76} INFO - Running: ['***', 'tasks', 'run', 'upbit_bitcoin', 'upbit_bitcoin_extract', 'scheduled__2022-07-06T19:00:00+00:00', '--job-id', '617', '--raw', '--subdir', 'DAGS_FOLDER/upbit_bitcoin.py', '--cfg-path', '/tmp/tmpc4cvv0ei', '--error-file', '/tmp/tmp5ynl5btu']
[2022-07-07 06:43:04,935] {standard_task_runner.py:77} INFO - Job 617: Subtask upbit_bitcoin_extract
[2022-07-07 06:43:05,037] {logging_mixin.py:109} INFO - Running <TaskInstance: upbit_bitcoin.upbit_bitcoin_extract scheduled__2022-07-06T19:00:00+00:00 [running]> on host 9514ca4c721b
[2022-07-07 06:43:05,132] {taskinstance.py:1431} INFO - Exporting the following env vars:
AIRFLOW_CTX_DAG_OWNER=***
AIRFLOW_CTX_DAG_ID=upbit_bitcoin
AIRFLOW_CTX_TASK_ID=upbit_bitcoin_extract
AIRFLOW_CTX_EXECUTION_DATE=2022-07-06T19:00:00+00:00
AIRFLOW_CTX_DAG_RUN_ID=scheduled__2022-07-06T19:00:00+00:00
[2022-07-07 06:43:05,133] {upbit_bitcoin.py:27} INFO - 2022-07-06 19:00:00
[2022-07-07 06:43:05,133] {upbit_bitcoin.py:31} INFO - https://api.upbit.com/v1/candles/minutes/1?market=KRW-BTC&to=2022-07-06 19:00:00&count=1
[2022-07-07 06:43:05,133] {python.py:175} INFO - Done. Returned value was: https://api.upbit.com/v1/candles/minutes/1?market=KRW-BTC&to=2022-07-06 19:00:00&count=1
[2022-07-07 06:43:05,174] {taskinstance.py:1282} INFO - Marking task as SUCCESS. dag_id=upbit_bitcoin, task_id=upbit_bitcoin_extract, execution_date=20220706T190000, start_date=20220707T064304, end_date=20220707T064305
[2022-07-07 06:43:05,235] {local_task_job.py:154} INFO - Task exited with return code 0
[2022-07-07 06:43:05,279] {local_task_job.py:264} INFO - 0 downstream tasks scheduled from follow-on schedule check
