[2022-07-20 05:30:35,762] {taskinstance.py:1037} INFO - Dependencies all met for <TaskInstance: Upbit_api.create_table_bitcoin scheduled__2022-07-19T00:00:00+00:00 [queued]>
[2022-07-20 05:30:35,778] {taskinstance.py:1037} INFO - Dependencies all met for <TaskInstance: Upbit_api.create_table_bitcoin scheduled__2022-07-19T00:00:00+00:00 [queued]>
[2022-07-20 05:30:35,778] {taskinstance.py:1243} INFO - 
--------------------------------------------------------------------------------
[2022-07-20 05:30:35,778] {taskinstance.py:1244} INFO - Starting attempt 1 of 6
[2022-07-20 05:30:35,779] {taskinstance.py:1245} INFO - 
--------------------------------------------------------------------------------
[2022-07-20 05:30:35,800] {taskinstance.py:1264} INFO - Executing <Task(PostgresOperator): create_table_bitcoin> on 2022-07-19 00:00:00+00:00
[2022-07-20 05:30:35,805] {standard_task_runner.py:52} INFO - Started process 280 to run task
[2022-07-20 05:30:35,809] {standard_task_runner.py:76} INFO - Running: ['***', 'tasks', 'run', 'Upbit_api', 'create_table_bitcoin', 'scheduled__2022-07-19T00:00:00+00:00', '--job-id', '86', '--raw', '--subdir', 'DAGS_FOLDER/Upbit_Api.py', '--cfg-path', '/tmp/tmp740yieed', '--error-file', '/tmp/tmp3bey07om']
[2022-07-20 05:30:35,810] {standard_task_runner.py:77} INFO - Job 86: Subtask create_table_bitcoin
[2022-07-20 05:30:35,884] {logging_mixin.py:109} INFO - Running <TaskInstance: Upbit_api.create_table_bitcoin scheduled__2022-07-19T00:00:00+00:00 [running]> on host 0741836b2d3b
[2022-07-20 05:30:36,056] {taskinstance.py:1431} INFO - Exporting the following env vars:
AIRFLOW_CTX_DAG_OWNER=kimuksung2
AIRFLOW_CTX_DAG_ID=Upbit_api
AIRFLOW_CTX_TASK_ID=create_table_bitcoin
AIRFLOW_CTX_EXECUTION_DATE=2022-07-19T00:00:00+00:00
AIRFLOW_CTX_DAG_RUN_ID=scheduled__2022-07-19T00:00:00+00:00
[2022-07-20 05:30:36,068] {base.py:79} INFO - Using connection to: id: postgres_xcom_test. Host: postgres, Port: 5432, Schema: test, Login: ***, Password: ***, extra: {}
[2022-07-20 05:30:36,078] {dbapi.py:225} INFO - Running statement: 
            create table if not exists bitcoin (
                time_utc date,
                time_ktc date,
                opening_price double,
                high_price double,
                low_price double,
                trade_price double,
                primary key (time_ktc, trade_price)
            )
        , parameters: None
[2022-07-20 05:30:36,081] {taskinstance.py:1718} ERROR - Task failed with exception
Traceback (most recent call last):
  File "/home/airflow/.local/lib/python3.7/site-packages/airflow/models/taskinstance.py", line 1334, in _run_raw_task
    self._execute_task_with_callbacks(context)
  File "/home/airflow/.local/lib/python3.7/site-packages/airflow/models/taskinstance.py", line 1460, in _execute_task_with_callbacks
    result = self._execute_task(context, self.task)
  File "/home/airflow/.local/lib/python3.7/site-packages/airflow/models/taskinstance.py", line 1516, in _execute_task
    result = execute_callable(context=context)
  File "/home/airflow/.local/lib/python3.7/site-packages/airflow/providers/postgres/operators/postgres.py", line 71, in execute
    self.hook.run(self.sql, self.autocommit, parameters=self.parameters)
  File "/home/airflow/.local/lib/python3.7/site-packages/airflow/hooks/dbapi.py", line 205, in run
    self._run_command(cur, sql_statement, parameters)
  File "/home/airflow/.local/lib/python3.7/site-packages/airflow/hooks/dbapi.py", line 229, in _run_command
    cur.execute(sql_statement)
psycopg2.errors.UndefinedObject: type "double" does not exist
LINE 5:                 opening_price double,
                                      ^

[2022-07-20 05:30:36,109] {taskinstance.py:1282} INFO - Marking task as UP_FOR_RETRY. dag_id=Upbit_api, task_id=create_table_bitcoin, execution_date=20220719T000000, start_date=20220720T053035, end_date=20220720T053036
[2022-07-20 05:30:36,319] {standard_task_runner.py:92} ERROR - Failed to execute job 86 for task create_table_bitcoin
Traceback (most recent call last):
  File "/home/airflow/.local/lib/python3.7/site-packages/airflow/task/task_runner/standard_task_runner.py", line 85, in _start_by_fork
    args.func(args, dag=self.dag)
  File "/home/airflow/.local/lib/python3.7/site-packages/airflow/cli/cli_parser.py", line 48, in command
    return func(*args, **kwargs)
  File "/home/airflow/.local/lib/python3.7/site-packages/airflow/utils/cli.py", line 92, in wrapper
    return f(*args, **kwargs)
  File "/home/airflow/.local/lib/python3.7/site-packages/airflow/cli/commands/task_command.py", line 298, in task_run
    _run_task_by_selected_method(args, dag, ti)
  File "/home/airflow/.local/lib/python3.7/site-packages/airflow/cli/commands/task_command.py", line 107, in _run_task_by_selected_method
    _run_raw_task(args, ti)
  File "/home/airflow/.local/lib/python3.7/site-packages/airflow/cli/commands/task_command.py", line 184, in _run_raw_task
    error_file=args.error_file,
  File "/home/airflow/.local/lib/python3.7/site-packages/airflow/utils/session.py", line 70, in wrapper
    return func(*args, session=session, **kwargs)
  File "/home/airflow/.local/lib/python3.7/site-packages/airflow/models/taskinstance.py", line 1334, in _run_raw_task
    self._execute_task_with_callbacks(context)
  File "/home/airflow/.local/lib/python3.7/site-packages/airflow/models/taskinstance.py", line 1460, in _execute_task_with_callbacks
    result = self._execute_task(context, self.task)
  File "/home/airflow/.local/lib/python3.7/site-packages/airflow/models/taskinstance.py", line 1516, in _execute_task
    result = execute_callable(context=context)
  File "/home/airflow/.local/lib/python3.7/site-packages/airflow/providers/postgres/operators/postgres.py", line 71, in execute
    self.hook.run(self.sql, self.autocommit, parameters=self.parameters)
  File "/home/airflow/.local/lib/python3.7/site-packages/airflow/hooks/dbapi.py", line 205, in run
    self._run_command(cur, sql_statement, parameters)
  File "/home/airflow/.local/lib/python3.7/site-packages/airflow/hooks/dbapi.py", line 229, in _run_command
    cur.execute(sql_statement)
psycopg2.errors.UndefinedObject: type "double" does not exist
LINE 5:                 opening_price double,
                                      ^

[2022-07-20 05:30:36,365] {local_task_job.py:154} INFO - Task exited with return code 1
[2022-07-20 05:30:36,668] {local_task_job.py:264} INFO - 0 downstream tasks scheduled from follow-on schedule check
