[2022-07-20 05:33:50,960] {taskinstance.py:1037} INFO - Dependencies all met for <TaskInstance: Upbit_api.create_table_bitcoin scheduled__2022-07-19T00:00:00+00:00 [queued]>
[2022-07-20 05:33:50,994] {taskinstance.py:1037} INFO - Dependencies all met for <TaskInstance: Upbit_api.create_table_bitcoin scheduled__2022-07-19T00:00:00+00:00 [queued]>
[2022-07-20 05:33:50,995] {taskinstance.py:1243} INFO - 
--------------------------------------------------------------------------------
[2022-07-20 05:33:50,995] {taskinstance.py:1244} INFO - Starting attempt 2 of 7
[2022-07-20 05:33:50,996] {taskinstance.py:1245} INFO - 
--------------------------------------------------------------------------------
[2022-07-20 05:33:51,027] {taskinstance.py:1264} INFO - Executing <Task(PostgresOperator): create_table_bitcoin> on 2022-07-19 00:00:00+00:00
[2022-07-20 05:33:51,034] {standard_task_runner.py:52} INFO - Started process 381 to run task
[2022-07-20 05:33:51,049] {standard_task_runner.py:76} INFO - Running: ['***', 'tasks', 'run', 'Upbit_api', 'create_table_bitcoin', 'scheduled__2022-07-19T00:00:00+00:00', '--job-id', '87', '--raw', '--subdir', 'DAGS_FOLDER/Upbit_Api.py', '--cfg-path', '/tmp/tmpwbjfkqg1', '--error-file', '/tmp/tmp95_avu6q']
[2022-07-20 05:33:51,050] {standard_task_runner.py:77} INFO - Job 87: Subtask create_table_bitcoin
[2022-07-20 05:33:51,145] {logging_mixin.py:109} INFO - Running <TaskInstance: Upbit_api.create_table_bitcoin scheduled__2022-07-19T00:00:00+00:00 [running]> on host 0741836b2d3b
[2022-07-20 05:33:51,251] {taskinstance.py:1431} INFO - Exporting the following env vars:
AIRFLOW_CTX_DAG_OWNER=kimuksung2
AIRFLOW_CTX_DAG_ID=Upbit_api
AIRFLOW_CTX_TASK_ID=create_table_bitcoin
AIRFLOW_CTX_EXECUTION_DATE=2022-07-19T00:00:00+00:00
AIRFLOW_CTX_DAG_RUN_ID=scheduled__2022-07-19T00:00:00+00:00
[2022-07-20 05:33:51,264] {base.py:79} INFO - Using connection to: id: postgres_xcom_test. Host: postgres, Port: 5432, Schema: test, Login: ***, Password: ***, extra: {}
[2022-07-20 05:33:51,269] {dbapi.py:225} INFO - Running statement: 
            create table if not exists bitcoin (
                time_utc date,
                time_ktc date,
                opening_price double precision,
                high_price double precision,
                low_price double precision,
                trade_price double precision,
                primary key (time_ktc, trade_price)
            )
        , parameters: None
[2022-07-20 05:33:51,312] {taskinstance.py:1282} INFO - Marking task as SUCCESS. dag_id=Upbit_api, task_id=create_table_bitcoin, execution_date=20220719T000000, start_date=20220720T053350, end_date=20220720T053351
[2022-07-20 05:33:51,373] {local_task_job.py:154} INFO - Task exited with return code 0
[2022-07-20 05:33:51,425] {local_task_job.py:264} INFO - 0 downstream tasks scheduled from follow-on schedule check
