[2022-07-07 04:24:57,780] {taskinstance.py:1037} INFO - Dependencies all met for <TaskInstance: upbit_bitcoin.upbit_bitcoin_extract scheduled__2022-07-07T02:00:00+00:00 [queued]>
[2022-07-07 04:24:57,819] {taskinstance.py:1037} INFO - Dependencies all met for <TaskInstance: upbit_bitcoin.upbit_bitcoin_extract scheduled__2022-07-07T02:00:00+00:00 [queued]>
[2022-07-07 04:24:57,820] {taskinstance.py:1243} INFO - 
--------------------------------------------------------------------------------
[2022-07-07 04:24:57,820] {taskinstance.py:1244} INFO - Starting attempt 1 of 1
[2022-07-07 04:24:57,820] {taskinstance.py:1245} INFO - 
--------------------------------------------------------------------------------
[2022-07-07 04:24:57,909] {taskinstance.py:1264} INFO - Executing <Task(PythonOperator): upbit_bitcoin_extract> on 2022-07-07 02:00:00+00:00
[2022-07-07 04:24:57,915] {standard_task_runner.py:52} INFO - Started process 443 to run task
[2022-07-07 04:24:57,965] {standard_task_runner.py:76} INFO - Running: ['***', 'tasks', 'run', 'upbit_bitcoin', 'upbit_bitcoin_extract', 'scheduled__2022-07-07T02:00:00+00:00', '--job-id', '514', '--raw', '--subdir', 'DAGS_FOLDER/upbit_bitcoin.py', '--cfg-path', '/tmp/tmpvw3cur1b', '--error-file', '/tmp/tmp1q3ki2ef']
[2022-07-07 04:24:57,965] {standard_task_runner.py:77} INFO - Job 514: Subtask upbit_bitcoin_extract
[2022-07-07 04:24:58,354] {logging_mixin.py:109} INFO - Running <TaskInstance: upbit_bitcoin.upbit_bitcoin_extract scheduled__2022-07-07T02:00:00+00:00 [running]> on host 9514ca4c721b
[2022-07-07 04:24:58,799] {taskinstance.py:1431} INFO - Exporting the following env vars:
AIRFLOW_CTX_DAG_OWNER=***
AIRFLOW_CTX_DAG_ID=upbit_bitcoin
AIRFLOW_CTX_TASK_ID=upbit_bitcoin_extract
AIRFLOW_CTX_EXECUTION_DATE=2022-07-07T02:00:00+00:00
AIRFLOW_CTX_DAG_RUN_ID=scheduled__2022-07-07T02:00:00+00:00
[2022-07-07 04:24:58,801] {logging_mixin.py:109} INFO - bitcoin_data start
[2022-07-07 04:24:59,375] {upbit_bitcoin.py:24} INFO - [{"market":"KRW-BTC","trade_date":"20220707","trade_time":"042456","trade_date_kst":"20220707","trade_time_kst":"132456","trade_timestamp":1657167896000,"opening_price":26953000.0000,"high_price":27000000.0000,"low_price":26794000.0000,"trade_price":26800000.0000,"prev_closing_price":26954000.00000000,"change":"FALL","change_price":154000.00000000,"change_rate":0.0057134377,"signed_change_price":-154000.00000000,"signed_change_rate":-0.0057134377,"trade_volume":0.00447001,"acc_trade_price":29374907167.520850000000,"acc_trade_price_24h":140704035885.32837000,"acc_trade_volume":1092.38406567,"acc_trade_volume_24h":5277.43790838,"highest_52_week_price":82700000.00000000,"highest_52_week_date":"2021-11-09","lowest_52_week_price":23800000.0000,"lowest_52_week_date":"2022-06-19","timestamp":1657167896791}]
[2022-07-07 04:24:59,378] {python.py:175} INFO - Done. Returned value was: [{"market":"KRW-BTC","trade_date":"20220707","trade_time":"042456","trade_date_kst":"20220707","trade_time_kst":"132456","trade_timestamp":1657167896000,"opening_price":26953000.0000,"high_price":27000000.0000,"low_price":26794000.0000,"trade_price":26800000.0000,"prev_closing_price":26954000.00000000,"change":"FALL","change_price":154000.00000000,"change_rate":0.0057134377,"signed_change_price":-154000.00000000,"signed_change_rate":-0.0057134377,"trade_volume":0.00447001,"acc_trade_price":29374907167.520850000000,"acc_trade_price_24h":140704035885.32837000,"acc_trade_volume":1092.38406567,"acc_trade_volume_24h":5277.43790838,"highest_52_week_price":82700000.00000000,"highest_52_week_date":"2021-11-09","lowest_52_week_price":23800000.0000,"lowest_52_week_date":"2022-06-19","timestamp":1657167896791}]
[2022-07-07 04:24:59,564] {taskinstance.py:1282} INFO - Marking task as SUCCESS. dag_id=upbit_bitcoin, task_id=upbit_bitcoin_extract, execution_date=20220707T020000, start_date=20220707T042457, end_date=20220707T042459
[2022-07-07 04:24:59,658] {local_task_job.py:154} INFO - Task exited with return code 0
[2022-07-07 04:24:59,735] {local_task_job.py:264} INFO - 0 downstream tasks scheduled from follow-on schedule check
[2022-07-07 06:40:20,230] {taskinstance.py:1037} INFO - Dependencies all met for <TaskInstance: upbit_bitcoin.upbit_bitcoin_extract scheduled__2022-07-07T02:00:00+00:00 [queued]>
[2022-07-07 06:40:20,300] {taskinstance.py:1037} INFO - Dependencies all met for <TaskInstance: upbit_bitcoin.upbit_bitcoin_extract scheduled__2022-07-07T02:00:00+00:00 [queued]>
[2022-07-07 06:40:20,300] {taskinstance.py:1243} INFO - 
--------------------------------------------------------------------------------
[2022-07-07 06:40:20,300] {taskinstance.py:1244} INFO - Starting attempt 1 of 1
[2022-07-07 06:40:20,300] {taskinstance.py:1245} INFO - 
--------------------------------------------------------------------------------
[2022-07-07 06:40:20,343] {taskinstance.py:1264} INFO - Executing <Task(PythonOperator): upbit_bitcoin_extract> on 2022-07-07 02:00:00+00:00
[2022-07-07 06:40:20,351] {standard_task_runner.py:52} INFO - Started process 361 to run task
[2022-07-07 06:40:20,362] {standard_task_runner.py:76} INFO - Running: ['***', 'tasks', 'run', 'upbit_bitcoin', 'upbit_bitcoin_extract', 'scheduled__2022-07-07T02:00:00+00:00', '--job-id', '609', '--raw', '--subdir', 'DAGS_FOLDER/upbit_bitcoin.py', '--cfg-path', '/tmp/tmpmvj3vsxa', '--error-file', '/tmp/tmp7x0orbnw']
[2022-07-07 06:40:20,362] {standard_task_runner.py:77} INFO - Job 609: Subtask upbit_bitcoin_extract
[2022-07-07 06:40:20,466] {logging_mixin.py:109} INFO - Running <TaskInstance: upbit_bitcoin.upbit_bitcoin_extract scheduled__2022-07-07T02:00:00+00:00 [running]> on host 9514ca4c721b
[2022-07-07 06:40:20,622] {taskinstance.py:1431} INFO - Exporting the following env vars:
AIRFLOW_CTX_DAG_OWNER=***
AIRFLOW_CTX_DAG_ID=upbit_bitcoin
AIRFLOW_CTX_TASK_ID=upbit_bitcoin_extract
AIRFLOW_CTX_EXECUTION_DATE=2022-07-07T02:00:00+00:00
AIRFLOW_CTX_DAG_RUN_ID=scheduled__2022-07-07T02:00:00+00:00
[2022-07-07 06:40:20,623] {upbit_bitcoin.py:22} INFO - ['2022-07-07', '02:00:00+00:00']
[2022-07-07 06:40:20,624] {upbit_bitcoin.py:29} INFO - https://api.upbit.com/v1/candles/minutes/1?market=KRW-BTC&to=2022-07-07 00:00:00&count=5
[2022-07-07 06:40:20,624] {python.py:175} INFO - Done. Returned value was: https://api.upbit.com/v1/candles/minutes/1?market=KRW-BTC&to=2022-07-07 00:00:00&count=5
[2022-07-07 06:40:20,656] {taskinstance.py:1282} INFO - Marking task as SUCCESS. dag_id=upbit_bitcoin, task_id=upbit_bitcoin_extract, execution_date=20220707T020000, start_date=20220707T064020, end_date=20220707T064020
[2022-07-07 06:40:20,699] {local_task_job.py:154} INFO - Task exited with return code 0
[2022-07-07 06:40:20,754] {local_task_job.py:264} INFO - 0 downstream tasks scheduled from follow-on schedule check
[2022-07-07 06:43:43,303] {taskinstance.py:1037} INFO - Dependencies all met for <TaskInstance: upbit_bitcoin.upbit_bitcoin_extract scheduled__2022-07-07T02:00:00+00:00 [queued]>
[2022-07-07 06:43:43,329] {taskinstance.py:1037} INFO - Dependencies all met for <TaskInstance: upbit_bitcoin.upbit_bitcoin_extract scheduled__2022-07-07T02:00:00+00:00 [queued]>
[2022-07-07 06:43:43,329] {taskinstance.py:1243} INFO - 
--------------------------------------------------------------------------------
[2022-07-07 06:43:43,329] {taskinstance.py:1244} INFO - Starting attempt 1 of 1
[2022-07-07 06:43:43,330] {taskinstance.py:1245} INFO - 
--------------------------------------------------------------------------------
[2022-07-07 06:43:43,357] {taskinstance.py:1264} INFO - Executing <Task(PythonOperator): upbit_bitcoin_extract> on 2022-07-07 02:00:00+00:00
[2022-07-07 06:43:43,362] {standard_task_runner.py:52} INFO - Started process 512 to run task
[2022-07-07 06:43:43,367] {standard_task_runner.py:76} INFO - Running: ['***', 'tasks', 'run', 'upbit_bitcoin', 'upbit_bitcoin_extract', 'scheduled__2022-07-07T02:00:00+00:00', '--job-id', '624', '--raw', '--subdir', 'DAGS_FOLDER/upbit_bitcoin.py', '--cfg-path', '/tmp/tmp7spv9hdh', '--error-file', '/tmp/tmpz1wqpfs6']
[2022-07-07 06:43:43,368] {standard_task_runner.py:77} INFO - Job 624: Subtask upbit_bitcoin_extract
[2022-07-07 06:43:43,462] {logging_mixin.py:109} INFO - Running <TaskInstance: upbit_bitcoin.upbit_bitcoin_extract scheduled__2022-07-07T02:00:00+00:00 [running]> on host 9514ca4c721b
[2022-07-07 06:43:43,544] {taskinstance.py:1431} INFO - Exporting the following env vars:
AIRFLOW_CTX_DAG_OWNER=***
AIRFLOW_CTX_DAG_ID=upbit_bitcoin
AIRFLOW_CTX_TASK_ID=upbit_bitcoin_extract
AIRFLOW_CTX_EXECUTION_DATE=2022-07-07T02:00:00+00:00
AIRFLOW_CTX_DAG_RUN_ID=scheduled__2022-07-07T02:00:00+00:00
[2022-07-07 06:43:43,545] {upbit_bitcoin.py:27} INFO - 2022-07-07 02:00:00
[2022-07-07 06:43:43,545] {upbit_bitcoin.py:31} INFO - https://api.upbit.com/v1/candles/minutes/1?market=KRW-BTC&to=2022-07-07 02:00:00&count=1
[2022-07-07 06:43:43,545] {python.py:175} INFO - Done. Returned value was: https://api.upbit.com/v1/candles/minutes/1?market=KRW-BTC&to=2022-07-07 02:00:00&count=1
[2022-07-07 06:43:43,570] {taskinstance.py:1282} INFO - Marking task as SUCCESS. dag_id=upbit_bitcoin, task_id=upbit_bitcoin_extract, execution_date=20220707T020000, start_date=20220707T064343, end_date=20220707T064343
[2022-07-07 06:43:43,619] {local_task_job.py:154} INFO - Task exited with return code 0
[2022-07-07 06:43:43,654] {local_task_job.py:264} INFO - 0 downstream tasks scheduled from follow-on schedule check
