[2022-07-20 07:03:40,937] {taskinstance.py:1037} INFO - Dependencies all met for <TaskInstance: Upbit_api.upbit_bitcoin_api_extract scheduled__2022-07-20T02:00:00+00:00 [queued]>
[2022-07-20 07:03:40,997] {taskinstance.py:1037} INFO - Dependencies all met for <TaskInstance: Upbit_api.upbit_bitcoin_api_extract scheduled__2022-07-20T02:00:00+00:00 [queued]>
[2022-07-20 07:03:40,998] {taskinstance.py:1243} INFO - 
--------------------------------------------------------------------------------
[2022-07-20 07:03:40,998] {taskinstance.py:1244} INFO - Starting attempt 1 of 2
[2022-07-20 07:03:40,998] {taskinstance.py:1245} INFO - 
--------------------------------------------------------------------------------
[2022-07-20 07:03:41,055] {taskinstance.py:1264} INFO - Executing <Task(PythonOperator): upbit_bitcoin_api_extract> on 2022-07-20 02:00:00+00:00
[2022-07-20 07:03:41,066] {standard_task_runner.py:52} INFO - Started process 3141 to run task
[2022-07-20 07:03:41,111] {standard_task_runner.py:76} INFO - Running: ['***', 'tasks', 'run', 'Upbit_api', 'upbit_bitcoin_api_extract', 'scheduled__2022-07-20T02:00:00+00:00', '--job-id', '201', '--raw', '--subdir', 'DAGS_FOLDER/Upbit_Api.py', '--cfg-path', '/tmp/tmpwb5vtfln', '--error-file', '/tmp/tmp8n33now_']
[2022-07-20 07:03:41,113] {standard_task_runner.py:77} INFO - Job 201: Subtask upbit_bitcoin_api_extract
[2022-07-20 07:03:42,226] {logging_mixin.py:109} INFO - Running <TaskInstance: Upbit_api.upbit_bitcoin_api_extract scheduled__2022-07-20T02:00:00+00:00 [running]> on host 0741836b2d3b
[2022-07-20 07:03:42,773] {taskinstance.py:1431} INFO - Exporting the following env vars:
AIRFLOW_CTX_DAG_OWNER=kimuksung2
AIRFLOW_CTX_DAG_ID=Upbit_api
AIRFLOW_CTX_TASK_ID=upbit_bitcoin_api_extract
AIRFLOW_CTX_EXECUTION_DATE=2022-07-20T02:00:00+00:00
AIRFLOW_CTX_DAG_RUN_ID=scheduled__2022-07-20T02:00:00+00:00
[2022-07-20 07:03:42,774] {Upbit_Api.py:21} INFO - https://api.upbit.com/v1/candles/minutes/1?market=KRW-BTC&to=2022-07-20T02:00:00Z&count=1
[2022-07-20 07:03:43,033] {python.py:175} INFO - Done. Returned value was: [{'market': 'KRW-BTC', 'candle_date_time_utc': '2022-07-20T01:59:00', 'candle_date_time_kst': '2022-07-20T10:59:00', 'opening_price': 30579000.0, 'high_price': 30588000.0, 'low_price': 30528000.0, 'trade_price': 30548000.0, 'timestamp': 1658282399424, 'candle_acc_trade_price': 254394367.64293, 'candle_acc_trade_volume': 8.32671539, 'unit': 1}]
[2022-07-20 07:03:43,208] {taskinstance.py:1282} INFO - Marking task as SUCCESS. dag_id=Upbit_api, task_id=upbit_bitcoin_api_extract, execution_date=20220720T020000, start_date=20220720T070340, end_date=20220720T070343
[2022-07-20 07:03:43,425] {local_task_job.py:154} INFO - Task exited with return code 0
[2022-07-20 07:03:43,738] {local_task_job.py:264} INFO - 1 downstream tasks scheduled from follow-on schedule check
