[2022-07-20 07:02:29,669] {taskinstance.py:1037} INFO - Dependencies all met for <TaskInstance: Upbit_api.upbit_bitcoin_api_extract scheduled__2022-07-19T09:00:00+00:00 [queued]>
[2022-07-20 07:02:29,751] {taskinstance.py:1037} INFO - Dependencies all met for <TaskInstance: Upbit_api.upbit_bitcoin_api_extract scheduled__2022-07-19T09:00:00+00:00 [queued]>
[2022-07-20 07:02:29,752] {taskinstance.py:1243} INFO - 
--------------------------------------------------------------------------------
[2022-07-20 07:02:29,752] {taskinstance.py:1244} INFO - Starting attempt 1 of 2
[2022-07-20 07:02:29,752] {taskinstance.py:1245} INFO - 
--------------------------------------------------------------------------------
[2022-07-20 07:02:36,554] {taskinstance.py:1264} INFO - Executing <Task(PythonOperator): upbit_bitcoin_api_extract> on 2022-07-19 09:00:00+00:00
[2022-07-20 07:02:36,638] {standard_task_runner.py:52} INFO - Started process 3027 to run task
[2022-07-20 07:02:36,714] {standard_task_runner.py:76} INFO - Running: ['***', 'tasks', 'run', 'Upbit_api', 'upbit_bitcoin_api_extract', 'scheduled__2022-07-19T09:00:00+00:00', '--job-id', '155', '--raw', '--subdir', 'DAGS_FOLDER/Upbit_Api.py', '--cfg-path', '/tmp/tmpeq0hiqaa', '--error-file', '/tmp/tmpelwdds84']
[2022-07-20 07:02:36,715] {standard_task_runner.py:77} INFO - Job 155: Subtask upbit_bitcoin_api_extract
[2022-07-20 07:02:47,753] {cli_action_loggers.py:105} WARNING - Failed to log action with (psycopg2.OperationalError) could not translate host name "postgres" to address: Temporary failure in name resolution

(Background on this error at: http://sqlalche.me/e/13/e3q8)
[2022-07-20 07:02:51,107] {logging_mixin.py:109} INFO - Running <TaskInstance: Upbit_api.upbit_bitcoin_api_extract scheduled__2022-07-19T09:00:00+00:00 [running]> on host 0741836b2d3b
[2022-07-20 07:02:51,738] {taskinstance.py:1431} INFO - Exporting the following env vars:
AIRFLOW_CTX_DAG_OWNER=kimuksung2
AIRFLOW_CTX_DAG_ID=Upbit_api
AIRFLOW_CTX_TASK_ID=upbit_bitcoin_api_extract
AIRFLOW_CTX_EXECUTION_DATE=2022-07-19T09:00:00+00:00
AIRFLOW_CTX_DAG_RUN_ID=scheduled__2022-07-19T09:00:00+00:00
[2022-07-20 07:02:51,739] {Upbit_Api.py:21} INFO - https://api.upbit.com/v1/candles/minutes/1?market=KRW-BTC&to=2022-07-19T09:00:00Z&count=1
[2022-07-20 07:02:52,000] {python.py:175} INFO - Done. Returned value was: [{'market': 'KRW-BTC', 'candle_date_time_utc': '2022-07-19T08:59:00', 'candle_date_time_kst': '2022-07-19T17:59:00', 'opening_price': 28759000.0, 'high_price': 28804000.0, 'low_price': 28757000.0, 'trade_price': 28790000.0, 'timestamp': 1658221198778, 'candle_acc_trade_price': 132840501.22203, 'candle_acc_trade_volume': 4.61566287, 'unit': 1}]
[2022-07-20 07:02:52,492] {taskinstance.py:1282} INFO - Marking task as SUCCESS. dag_id=Upbit_api, task_id=upbit_bitcoin_api_extract, execution_date=20220719T090000, start_date=20220720T070229, end_date=20220720T070252
[2022-07-20 07:02:52,671] {local_task_job.py:154} INFO - Task exited with return code 0
[2022-07-20 07:02:52,835] {local_task_job.py:264} INFO - 1 downstream tasks scheduled from follow-on schedule check
