[2022-07-07 06:38:49,275] {taskinstance.py:1037} INFO - Dependencies all met for <TaskInstance: upbit_bitcoin.upbit_bitcoin_extract scheduled__2022-07-06T20:00:00+00:00 [queued]>
[2022-07-07 06:38:49,293] {taskinstance.py:1037} INFO - Dependencies all met for <TaskInstance: upbit_bitcoin.upbit_bitcoin_extract scheduled__2022-07-06T20:00:00+00:00 [queued]>
[2022-07-07 06:38:49,293] {taskinstance.py:1243} INFO - 
--------------------------------------------------------------------------------
[2022-07-07 06:38:49,293] {taskinstance.py:1244} INFO - Starting attempt 1 of 1
[2022-07-07 06:38:49,293] {taskinstance.py:1245} INFO - 
--------------------------------------------------------------------------------
[2022-07-07 06:38:49,312] {taskinstance.py:1264} INFO - Executing <Task(PythonOperator): upbit_bitcoin_extract> on 2022-07-06 20:00:00+00:00
[2022-07-07 06:38:49,317] {standard_task_runner.py:52} INFO - Started process 292 to run task
[2022-07-07 06:38:49,320] {standard_task_runner.py:76} INFO - Running: ['***', 'tasks', 'run', 'upbit_bitcoin', 'upbit_bitcoin_extract', 'scheduled__2022-07-06T20:00:00+00:00', '--job-id', '603', '--raw', '--subdir', 'DAGS_FOLDER/upbit_bitcoin.py', '--cfg-path', '/tmp/tmpx6ws5mx4', '--error-file', '/tmp/tmpe7lvfed1']
[2022-07-07 06:38:49,321] {standard_task_runner.py:77} INFO - Job 603: Subtask upbit_bitcoin_extract
[2022-07-07 06:38:49,398] {logging_mixin.py:109} INFO - Running <TaskInstance: upbit_bitcoin.upbit_bitcoin_extract scheduled__2022-07-06T20:00:00+00:00 [running]> on host 9514ca4c721b
[2022-07-07 06:38:49,488] {taskinstance.py:1431} INFO - Exporting the following env vars:
AIRFLOW_CTX_DAG_OWNER=***
AIRFLOW_CTX_DAG_ID=upbit_bitcoin
AIRFLOW_CTX_TASK_ID=upbit_bitcoin_extract
AIRFLOW_CTX_EXECUTION_DATE=2022-07-06T20:00:00+00:00
AIRFLOW_CTX_DAG_RUN_ID=scheduled__2022-07-06T20:00:00+00:00
[2022-07-07 06:38:49,491] {upbit_bitcoin.py:22} INFO - ['2022-07-06', '20:00:00+00:00']
[2022-07-07 06:38:49,492] {upbit_bitcoin.py:29} INFO - https://api.upbit.com/v1/candles/minutes/1?market=KRW-BTC&to=2022-07-07 00:00:00&count=5
[2022-07-07 06:38:49,492] {python.py:175} INFO - Done. Returned value was: https://api.upbit.com/v1/candles/minutes/1?market=KRW-BTC&to=2022-07-07 00:00:00&count=5
[2022-07-07 06:38:49,549] {taskinstance.py:1282} INFO - Marking task as SUCCESS. dag_id=upbit_bitcoin, task_id=upbit_bitcoin_extract, execution_date=20220706T200000, start_date=20220707T063849, end_date=20220707T063849
[2022-07-07 06:38:49,656] {local_task_job.py:154} INFO - Task exited with return code 0
[2022-07-07 06:38:49,727] {local_task_job.py:264} INFO - 0 downstream tasks scheduled from follow-on schedule check
[2022-07-07 06:43:05,155] {taskinstance.py:1037} INFO - Dependencies all met for <TaskInstance: upbit_bitcoin.upbit_bitcoin_extract scheduled__2022-07-06T20:00:00+00:00 [queued]>
[2022-07-07 06:43:05,186] {taskinstance.py:1037} INFO - Dependencies all met for <TaskInstance: upbit_bitcoin.upbit_bitcoin_extract scheduled__2022-07-06T20:00:00+00:00 [queued]>
[2022-07-07 06:43:05,186] {taskinstance.py:1243} INFO - 
--------------------------------------------------------------------------------
[2022-07-07 06:43:05,186] {taskinstance.py:1244} INFO - Starting attempt 1 of 1
[2022-07-07 06:43:05,186] {taskinstance.py:1245} INFO - 
--------------------------------------------------------------------------------
[2022-07-07 06:43:05,216] {taskinstance.py:1264} INFO - Executing <Task(PythonOperator): upbit_bitcoin_extract> on 2022-07-06 20:00:00+00:00
[2022-07-07 06:43:05,222] {standard_task_runner.py:52} INFO - Started process 482 to run task
[2022-07-07 06:43:05,226] {standard_task_runner.py:76} INFO - Running: ['***', 'tasks', 'run', 'upbit_bitcoin', 'upbit_bitcoin_extract', 'scheduled__2022-07-06T20:00:00+00:00', '--job-id', '618', '--raw', '--subdir', 'DAGS_FOLDER/upbit_bitcoin.py', '--cfg-path', '/tmp/tmp7lp91ub7', '--error-file', '/tmp/tmpdynt1au5']
[2022-07-07 06:43:05,227] {standard_task_runner.py:77} INFO - Job 618: Subtask upbit_bitcoin_extract
[2022-07-07 06:43:05,324] {logging_mixin.py:109} INFO - Running <TaskInstance: upbit_bitcoin.upbit_bitcoin_extract scheduled__2022-07-06T20:00:00+00:00 [running]> on host 9514ca4c721b
[2022-07-07 06:43:05,392] {taskinstance.py:1431} INFO - Exporting the following env vars:
AIRFLOW_CTX_DAG_OWNER=***
AIRFLOW_CTX_DAG_ID=upbit_bitcoin
AIRFLOW_CTX_TASK_ID=upbit_bitcoin_extract
AIRFLOW_CTX_EXECUTION_DATE=2022-07-06T20:00:00+00:00
AIRFLOW_CTX_DAG_RUN_ID=scheduled__2022-07-06T20:00:00+00:00
[2022-07-07 06:43:05,393] {upbit_bitcoin.py:27} INFO - 2022-07-06 20:00:00
[2022-07-07 06:43:05,393] {upbit_bitcoin.py:31} INFO - https://api.upbit.com/v1/candles/minutes/1?market=KRW-BTC&to=2022-07-06 20:00:00&count=1
[2022-07-07 06:43:05,393] {python.py:175} INFO - Done. Returned value was: https://api.upbit.com/v1/candles/minutes/1?market=KRW-BTC&to=2022-07-06 20:00:00&count=1
[2022-07-07 06:43:05,421] {taskinstance.py:1282} INFO - Marking task as SUCCESS. dag_id=upbit_bitcoin, task_id=upbit_bitcoin_extract, execution_date=20220706T200000, start_date=20220707T064305, end_date=20220707T064305
[2022-07-07 06:43:05,479] {local_task_job.py:154} INFO - Task exited with return code 0
[2022-07-07 06:43:05,517] {local_task_job.py:264} INFO - 0 downstream tasks scheduled from follow-on schedule check
