[2022-07-20 07:03:06,400] {taskinstance.py:1037} INFO - Dependencies all met for <TaskInstance: Upbit_api.insert_bitcoin scheduled__2022-07-19T12:00:00+00:00 [queued]>
[2022-07-20 07:03:06,499] {taskinstance.py:1037} INFO - Dependencies all met for <TaskInstance: Upbit_api.insert_bitcoin scheduled__2022-07-19T12:00:00+00:00 [queued]>
[2022-07-20 07:03:06,500] {taskinstance.py:1243} INFO - 
--------------------------------------------------------------------------------
[2022-07-20 07:03:06,500] {taskinstance.py:1244} INFO - Starting attempt 1 of 2
[2022-07-20 07:03:06,500] {taskinstance.py:1245} INFO - 
--------------------------------------------------------------------------------
[2022-07-20 07:03:06,618] {taskinstance.py:1264} INFO - Executing <Task(PostgresOperator): insert_bitcoin> on 2022-07-19 12:00:00+00:00
[2022-07-20 07:03:06,623] {standard_task_runner.py:52} INFO - Started process 3063 to run task
[2022-07-20 07:03:06,713] {standard_task_runner.py:76} INFO - Running: ['***', 'tasks', 'run', 'Upbit_api', 'insert_bitcoin', 'scheduled__2022-07-19T12:00:00+00:00', '--job-id', '170', '--raw', '--subdir', 'DAGS_FOLDER/Upbit_Api.py', '--cfg-path', '/tmp/tmpxhkb4fzj', '--error-file', '/tmp/tmpwtv1486d']
[2022-07-20 07:03:06,714] {standard_task_runner.py:77} INFO - Job 170: Subtask insert_bitcoin
[2022-07-20 07:03:07,574] {logging_mixin.py:109} INFO - Running <TaskInstance: Upbit_api.insert_bitcoin scheduled__2022-07-19T12:00:00+00:00 [running]> on host 0741836b2d3b
[2022-07-20 07:03:09,125] {taskinstance.py:1431} INFO - Exporting the following env vars:
AIRFLOW_CTX_DAG_OWNER=kimuksung2
AIRFLOW_CTX_DAG_ID=Upbit_api
AIRFLOW_CTX_TASK_ID=insert_bitcoin
AIRFLOW_CTX_EXECUTION_DATE=2022-07-19T12:00:00+00:00
AIRFLOW_CTX_DAG_RUN_ID=scheduled__2022-07-19T12:00:00+00:00
[2022-07-20 07:03:09,163] {base.py:79} INFO - Using connection to: id: postgres_xcom_test. Host: postgres, Port: 5432, Schema: test, Login: ***, Password: ***, extra: {}
[2022-07-20 07:03:09,189] {dbapi.py:225} INFO - Running statement: 
            insert into bitcoin (name , time_utc , time_ktc , opening_price , high_price , low_price , trade_price ) 
            values (
                'KRW-BTC',
                '2022-07-19T11:59:00',
                '2022-07-19T20:59:00',
                28799000.0,
                28846000.0,
                28795000.0,
                28811000.0
            )
        , parameters: None
[2022-07-20 07:03:09,198] {dbapi.py:233} INFO - Rows affected: 1
[2022-07-20 07:03:09,230] {taskinstance.py:1282} INFO - Marking task as SUCCESS. dag_id=Upbit_api, task_id=insert_bitcoin, execution_date=20220719T120000, start_date=20220720T070306, end_date=20220720T070309
[2022-07-20 07:03:09,378] {local_task_job.py:154} INFO - Task exited with return code 0
[2022-07-20 07:03:09,566] {local_task_job.py:264} INFO - 0 downstream tasks scheduled from follow-on schedule check
