[2022-07-20 07:03:01,392] {taskinstance.py:1037} INFO - Dependencies all met for <TaskInstance: Upbit_api.upbit_bitcoin_api_extract scheduled__2022-07-19T14:00:00+00:00 [queued]>
[2022-07-20 07:03:01,599] {taskinstance.py:1037} INFO - Dependencies all met for <TaskInstance: Upbit_api.upbit_bitcoin_api_extract scheduled__2022-07-19T14:00:00+00:00 [queued]>
[2022-07-20 07:03:01,599] {taskinstance.py:1243} INFO - 
--------------------------------------------------------------------------------
[2022-07-20 07:03:01,599] {taskinstance.py:1244} INFO - Starting attempt 1 of 2
[2022-07-20 07:03:01,600] {taskinstance.py:1245} INFO - 
--------------------------------------------------------------------------------
[2022-07-20 07:03:02,122] {taskinstance.py:1264} INFO - Executing <Task(PythonOperator): upbit_bitcoin_api_extract> on 2022-07-19 14:00:00+00:00
[2022-07-20 07:03:02,196] {standard_task_runner.py:52} INFO - Started process 3051 to run task
[2022-07-20 07:03:02,258] {standard_task_runner.py:76} INFO - Running: ['***', 'tasks', 'run', 'Upbit_api', 'upbit_bitcoin_api_extract', 'scheduled__2022-07-19T14:00:00+00:00', '--job-id', '165', '--raw', '--subdir', 'DAGS_FOLDER/Upbit_Api.py', '--cfg-path', '/tmp/tmpn66ysh6z', '--error-file', '/tmp/tmpg47toe5a']
[2022-07-20 07:03:02,271] {standard_task_runner.py:77} INFO - Job 165: Subtask upbit_bitcoin_api_extract
[2022-07-20 07:03:02,954] {logging_mixin.py:109} INFO - Running <TaskInstance: Upbit_api.upbit_bitcoin_api_extract scheduled__2022-07-19T14:00:00+00:00 [running]> on host 0741836b2d3b
[2022-07-20 07:03:03,335] {taskinstance.py:1431} INFO - Exporting the following env vars:
AIRFLOW_CTX_DAG_OWNER=kimuksung2
AIRFLOW_CTX_DAG_ID=Upbit_api
AIRFLOW_CTX_TASK_ID=upbit_bitcoin_api_extract
AIRFLOW_CTX_EXECUTION_DATE=2022-07-19T14:00:00+00:00
AIRFLOW_CTX_DAG_RUN_ID=scheduled__2022-07-19T14:00:00+00:00
[2022-07-20 07:03:03,337] {Upbit_Api.py:21} INFO - https://api.upbit.com/v1/candles/minutes/1?market=KRW-BTC&to=2022-07-19T14:00:00Z&count=1
[2022-07-20 07:03:03,581] {python.py:175} INFO - Done. Returned value was: [{'market': 'KRW-BTC', 'candle_date_time_utc': '2022-07-19T13:59:00', 'candle_date_time_kst': '2022-07-19T22:59:00', 'opening_price': 29250000.0, 'high_price': 29257000.0, 'low_price': 29170000.0, 'trade_price': 29199000.0, 'timestamp': 1658239199936, 'candle_acc_trade_price': 468582762.46695, 'candle_acc_trade_volume': 16.03088841, 'unit': 1}]
[2022-07-20 07:03:04,246] {taskinstance.py:1282} INFO - Marking task as SUCCESS. dag_id=Upbit_api, task_id=upbit_bitcoin_api_extract, execution_date=20220719T140000, start_date=20220720T070301, end_date=20220720T070304
[2022-07-20 07:03:04,697] {local_task_job.py:154} INFO - Task exited with return code 0
[2022-07-20 07:03:05,571] {local_task_job.py:264} INFO - 1 downstream tasks scheduled from follow-on schedule check
