[2022-07-20 07:03:45,374] {taskinstance.py:1037} INFO - Dependencies all met for <TaskInstance: Upbit_api.insert_bitcoin scheduled__2022-07-20T01:00:00+00:00 [queued]>
[2022-07-20 07:03:45,429] {taskinstance.py:1037} INFO - Dependencies all met for <TaskInstance: Upbit_api.insert_bitcoin scheduled__2022-07-20T01:00:00+00:00 [queued]>
[2022-07-20 07:03:45,430] {taskinstance.py:1243} INFO - 
--------------------------------------------------------------------------------
[2022-07-20 07:03:45,430] {taskinstance.py:1244} INFO - Starting attempt 1 of 2
[2022-07-20 07:03:45,430] {taskinstance.py:1245} INFO - 
--------------------------------------------------------------------------------
[2022-07-20 07:03:45,500] {taskinstance.py:1264} INFO - Executing <Task(PostgresOperator): insert_bitcoin> on 2022-07-20 01:00:00+00:00
[2022-07-20 07:03:45,505] {standard_task_runner.py:52} INFO - Started process 3159 to run task
[2022-07-20 07:03:45,523] {standard_task_runner.py:76} INFO - Running: ['***', 'tasks', 'run', 'Upbit_api', 'insert_bitcoin', 'scheduled__2022-07-20T01:00:00+00:00', '--job-id', '207', '--raw', '--subdir', 'DAGS_FOLDER/Upbit_Api.py', '--cfg-path', '/tmp/tmpydc_sebd', '--error-file', '/tmp/tmpbb9wjk4s']
[2022-07-20 07:03:45,524] {standard_task_runner.py:77} INFO - Job 207: Subtask insert_bitcoin
[2022-07-20 07:03:45,863] {logging_mixin.py:109} INFO - Running <TaskInstance: Upbit_api.insert_bitcoin scheduled__2022-07-20T01:00:00+00:00 [running]> on host 0741836b2d3b
[2022-07-20 07:03:46,493] {taskinstance.py:1431} INFO - Exporting the following env vars:
AIRFLOW_CTX_DAG_OWNER=kimuksung2
AIRFLOW_CTX_DAG_ID=Upbit_api
AIRFLOW_CTX_TASK_ID=insert_bitcoin
AIRFLOW_CTX_EXECUTION_DATE=2022-07-20T01:00:00+00:00
AIRFLOW_CTX_DAG_RUN_ID=scheduled__2022-07-20T01:00:00+00:00
[2022-07-20 07:03:46,559] {base.py:79} INFO - Using connection to: id: postgres_xcom_test. Host: postgres, Port: 5432, Schema: test, Login: ***, Password: ***, extra: {}
[2022-07-20 07:03:46,592] {dbapi.py:225} INFO - Running statement: 
            insert into bitcoin (name , time_utc , time_ktc , opening_price , high_price , low_price , trade_price ) 
            values (
                'KRW-BTC',
                '2022-07-20T00:59:00',
                '2022-07-20T09:59:00',
                30168000.0,
                30290000.0,
                30168000.0,
                30267000.0
            )
        , parameters: None
[2022-07-20 07:03:46,594] {dbapi.py:233} INFO - Rows affected: 1
[2022-07-20 07:03:46,673] {taskinstance.py:1282} INFO - Marking task as SUCCESS. dag_id=Upbit_api, task_id=insert_bitcoin, execution_date=20220720T010000, start_date=20220720T070345, end_date=20220720T070346
[2022-07-20 07:03:46,752] {local_task_job.py:154} INFO - Task exited with return code 0
[2022-07-20 07:03:47,217] {local_task_job.py:264} INFO - 0 downstream tasks scheduled from follow-on schedule check
