[2022-07-07 06:38:03,012] {taskinstance.py:1037} INFO - Dependencies all met for <TaskInstance: upbit_bitcoin.upbit_bitcoin_extract scheduled__2022-07-06T16:00:00+00:00 [queued]>
[2022-07-07 06:38:03,030] {taskinstance.py:1037} INFO - Dependencies all met for <TaskInstance: upbit_bitcoin.upbit_bitcoin_extract scheduled__2022-07-06T16:00:00+00:00 [queued]>
[2022-07-07 06:38:03,030] {taskinstance.py:1243} INFO - 
--------------------------------------------------------------------------------
[2022-07-07 06:38:03,030] {taskinstance.py:1244} INFO - Starting attempt 1 of 1
[2022-07-07 06:38:03,030] {taskinstance.py:1245} INFO - 
--------------------------------------------------------------------------------
[2022-07-07 06:38:03,056] {taskinstance.py:1264} INFO - Executing <Task(PythonOperator): upbit_bitcoin_extract> on 2022-07-06 16:00:00+00:00
[2022-07-07 06:38:03,064] {standard_task_runner.py:52} INFO - Started process 255 to run task
[2022-07-07 06:38:03,068] {standard_task_runner.py:76} INFO - Running: ['***', 'tasks', 'run', 'upbit_bitcoin', 'upbit_bitcoin_extract', 'scheduled__2022-07-06T16:00:00+00:00', '--job-id', '599', '--raw', '--subdir', 'DAGS_FOLDER/upbit_bitcoin.py', '--cfg-path', '/tmp/tmpao9ndoqt', '--error-file', '/tmp/tmp2lu0tqze']
[2022-07-07 06:38:03,069] {standard_task_runner.py:77} INFO - Job 599: Subtask upbit_bitcoin_extract
[2022-07-07 06:38:03,153] {logging_mixin.py:109} INFO - Running <TaskInstance: upbit_bitcoin.upbit_bitcoin_extract scheduled__2022-07-06T16:00:00+00:00 [running]> on host 9514ca4c721b
[2022-07-07 06:38:03,238] {taskinstance.py:1431} INFO - Exporting the following env vars:
AIRFLOW_CTX_DAG_OWNER=***
AIRFLOW_CTX_DAG_ID=upbit_bitcoin
AIRFLOW_CTX_TASK_ID=upbit_bitcoin_extract
AIRFLOW_CTX_EXECUTION_DATE=2022-07-06T16:00:00+00:00
AIRFLOW_CTX_DAG_RUN_ID=scheduled__2022-07-06T16:00:00+00:00
[2022-07-07 06:38:03,240] {upbit_bitcoin.py:22} INFO - ['2022-07-06', '16:00:00+00:00']
[2022-07-07 06:38:03,240] {upbit_bitcoin.py:29} INFO - https://api.upbit.com/v1/candles/minutes/1?market=KRW-BTC&to=2022-07-07 00:00:00&count=5
[2022-07-07 06:38:03,240] {python.py:175} INFO - Done. Returned value was: https://api.upbit.com/v1/candles/minutes/1?market=KRW-BTC&to=2022-07-07 00:00:00&count=5
[2022-07-07 06:38:03,283] {taskinstance.py:1282} INFO - Marking task as SUCCESS. dag_id=upbit_bitcoin, task_id=upbit_bitcoin_extract, execution_date=20220706T160000, start_date=20220707T063803, end_date=20220707T063803
[2022-07-07 06:38:03,324] {local_task_job.py:154} INFO - Task exited with return code 0
[2022-07-07 06:38:03,393] {local_task_job.py:264} INFO - 0 downstream tasks scheduled from follow-on schedule check
[2022-07-07 06:42:56,002] {taskinstance.py:1037} INFO - Dependencies all met for <TaskInstance: upbit_bitcoin.upbit_bitcoin_extract scheduled__2022-07-06T16:00:00+00:00 [queued]>
[2022-07-07 06:42:56,041] {taskinstance.py:1037} INFO - Dependencies all met for <TaskInstance: upbit_bitcoin.upbit_bitcoin_extract scheduled__2022-07-06T16:00:00+00:00 [queued]>
[2022-07-07 06:42:56,042] {taskinstance.py:1243} INFO - 
--------------------------------------------------------------------------------
[2022-07-07 06:42:56,042] {taskinstance.py:1244} INFO - Starting attempt 1 of 1
[2022-07-07 06:42:56,042] {taskinstance.py:1245} INFO - 
--------------------------------------------------------------------------------
[2022-07-07 06:42:56,083] {taskinstance.py:1264} INFO - Executing <Task(PythonOperator): upbit_bitcoin_extract> on 2022-07-06 16:00:00+00:00
[2022-07-07 06:42:56,130] {standard_task_runner.py:52} INFO - Started process 474 to run task
[2022-07-07 06:42:56,137] {standard_task_runner.py:76} INFO - Running: ['***', 'tasks', 'run', 'upbit_bitcoin', 'upbit_bitcoin_extract', 'scheduled__2022-07-06T16:00:00+00:00', '--job-id', '614', '--raw', '--subdir', 'DAGS_FOLDER/upbit_bitcoin.py', '--cfg-path', '/tmp/tmpb0aaijkj', '--error-file', '/tmp/tmpxaohss0y']
[2022-07-07 06:42:56,138] {standard_task_runner.py:77} INFO - Job 614: Subtask upbit_bitcoin_extract
[2022-07-07 06:42:56,327] {logging_mixin.py:109} INFO - Running <TaskInstance: upbit_bitcoin.upbit_bitcoin_extract scheduled__2022-07-06T16:00:00+00:00 [running]> on host 9514ca4c721b
[2022-07-07 06:42:56,794] {taskinstance.py:1431} INFO - Exporting the following env vars:
AIRFLOW_CTX_DAG_OWNER=***
AIRFLOW_CTX_DAG_ID=upbit_bitcoin
AIRFLOW_CTX_TASK_ID=upbit_bitcoin_extract
AIRFLOW_CTX_EXECUTION_DATE=2022-07-06T16:00:00+00:00
AIRFLOW_CTX_DAG_RUN_ID=scheduled__2022-07-06T16:00:00+00:00
[2022-07-07 06:42:56,799] {upbit_bitcoin.py:27} INFO - 2022-07-06 16:00:00
[2022-07-07 06:42:56,799] {upbit_bitcoin.py:31} INFO - https://api.upbit.com/v1/candles/minutes/1?market=KRW-BTC&to=2022-07-06 16:00:00&count=1
[2022-07-07 06:42:56,799] {python.py:175} INFO - Done. Returned value was: https://api.upbit.com/v1/candles/minutes/1?market=KRW-BTC&to=2022-07-06 16:00:00&count=1
[2022-07-07 06:42:56,912] {taskinstance.py:1282} INFO - Marking task as SUCCESS. dag_id=upbit_bitcoin, task_id=upbit_bitcoin_extract, execution_date=20220706T160000, start_date=20220707T064256, end_date=20220707T064256
[2022-07-07 06:42:56,992] {local_task_job.py:154} INFO - Task exited with return code 0
[2022-07-07 06:42:57,119] {local_task_job.py:264} INFO - 0 downstream tasks scheduled from follow-on schedule check
