[2022-07-07 07:18:08,851] {taskinstance.py:1037} INFO - Dependencies all met for <TaskInstance: upbit_bitcoin.airflow_runtime_set scheduled__2022-07-07T06:00:00+00:00 [queued]>
[2022-07-07 07:18:08,868] {taskinstance.py:1037} INFO - Dependencies all met for <TaskInstance: upbit_bitcoin.airflow_runtime_set scheduled__2022-07-07T06:00:00+00:00 [queued]>
[2022-07-07 07:18:08,868] {taskinstance.py:1243} INFO - 
--------------------------------------------------------------------------------
[2022-07-07 07:18:08,868] {taskinstance.py:1244} INFO - Starting attempt 1 of 1
[2022-07-07 07:18:08,868] {taskinstance.py:1245} INFO - 
--------------------------------------------------------------------------------
[2022-07-07 07:18:08,893] {taskinstance.py:1264} INFO - Executing <Task(PythonOperator): airflow_runtime_set> on 2022-07-07 06:00:00+00:00
[2022-07-07 07:18:08,901] {standard_task_runner.py:52} INFO - Started process 1850 to run task
[2022-07-07 07:18:08,907] {standard_task_runner.py:76} INFO - Running: ['***', 'tasks', 'run', 'upbit_bitcoin', '***_runtime_set', 'scheduled__2022-07-07T06:00:00+00:00', '--job-id', '641', '--raw', '--subdir', 'DAGS_FOLDER/upbit_bitcoin.py', '--cfg-path', '/tmp/tmp7tve3j9j', '--error-file', '/tmp/tmpxa_leexa']
[2022-07-07 07:18:08,907] {standard_task_runner.py:77} INFO - Job 641: Subtask ***_runtime_set
[2022-07-07 07:18:09,001] {logging_mixin.py:109} INFO - Running <TaskInstance: upbit_bitcoin.***_runtime_set scheduled__2022-07-07T06:00:00+00:00 [running]> on host 9514ca4c721b
[2022-07-07 07:18:09,117] {taskinstance.py:1431} INFO - Exporting the following env vars:
AIRFLOW_CTX_DAG_OWNER=***
AIRFLOW_CTX_DAG_ID=upbit_bitcoin
AIRFLOW_CTX_TASK_ID=***_runtime_set
AIRFLOW_CTX_EXECUTION_DATE=2022-07-07T06:00:00+00:00
AIRFLOW_CTX_DAG_RUN_ID=scheduled__2022-07-07T06:00:00+00:00
[2022-07-07 07:18:09,118] {upbit_bitcoin.py:22} INFO - 2022-07-07T06:00:00+00:00
[2022-07-07 07:18:09,118] {python.py:175} INFO - Done. Returned value was: 2022-07-07T06:00:00+00:00
[2022-07-07 07:18:09,156] {taskinstance.py:1282} INFO - Marking task as SUCCESS. dag_id=upbit_bitcoin, task_id=***_runtime_set, execution_date=20220707T060000, start_date=20220707T071808, end_date=20220707T071809
[2022-07-07 07:18:09,200] {local_task_job.py:154} INFO - Task exited with return code 0
[2022-07-07 07:18:09,342] {local_task_job.py:264} INFO - 1 downstream tasks scheduled from follow-on schedule check
[2022-07-07 07:22:56,721] {taskinstance.py:1037} INFO - Dependencies all met for <TaskInstance: upbit_bitcoin.airflow_runtime_set scheduled__2022-07-07T06:00:00+00:00 [queued]>
[2022-07-07 07:22:56,746] {taskinstance.py:1037} INFO - Dependencies all met for <TaskInstance: upbit_bitcoin.airflow_runtime_set scheduled__2022-07-07T06:00:00+00:00 [queued]>
[2022-07-07 07:22:56,746] {taskinstance.py:1243} INFO - 
--------------------------------------------------------------------------------
[2022-07-07 07:22:56,746] {taskinstance.py:1244} INFO - Starting attempt 1 of 1
[2022-07-07 07:22:56,746] {taskinstance.py:1245} INFO - 
--------------------------------------------------------------------------------
[2022-07-07 07:22:56,769] {taskinstance.py:1264} INFO - Executing <Task(PythonOperator): airflow_runtime_set> on 2022-07-07 06:00:00+00:00
[2022-07-07 07:22:56,775] {standard_task_runner.py:52} INFO - Started process 2043 to run task
[2022-07-07 07:22:56,781] {standard_task_runner.py:76} INFO - Running: ['***', 'tasks', 'run', 'upbit_bitcoin', '***_runtime_set', 'scheduled__2022-07-07T06:00:00+00:00', '--job-id', '645', '--raw', '--subdir', 'DAGS_FOLDER/upbit_bitcoin.py', '--cfg-path', '/tmp/tmp2eatfv04', '--error-file', '/tmp/tmp9vs278_r']
[2022-07-07 07:22:56,782] {standard_task_runner.py:77} INFO - Job 645: Subtask ***_runtime_set
[2022-07-07 07:22:56,866] {logging_mixin.py:109} INFO - Running <TaskInstance: upbit_bitcoin.***_runtime_set scheduled__2022-07-07T06:00:00+00:00 [running]> on host 9514ca4c721b
[2022-07-07 07:22:56,936] {taskinstance.py:1431} INFO - Exporting the following env vars:
AIRFLOW_CTX_DAG_OWNER=***
AIRFLOW_CTX_DAG_ID=upbit_bitcoin
AIRFLOW_CTX_TASK_ID=***_runtime_set
AIRFLOW_CTX_EXECUTION_DATE=2022-07-07T06:00:00+00:00
AIRFLOW_CTX_DAG_RUN_ID=scheduled__2022-07-07T06:00:00+00:00
[2022-07-07 07:22:56,937] {taskinstance.py:1718} ERROR - Task failed with exception
Traceback (most recent call last):
  File "/home/airflow/.local/lib/python3.7/site-packages/airflow/models/taskinstance.py", line 1334, in _run_raw_task
    self._execute_task_with_callbacks(context)
  File "/home/airflow/.local/lib/python3.7/site-packages/airflow/models/taskinstance.py", line 1460, in _execute_task_with_callbacks
    result = self._execute_task(context, self.task)
  File "/home/airflow/.local/lib/python3.7/site-packages/airflow/models/taskinstance.py", line 1516, in _execute_task
    result = execute_callable(context=context)
  File "/home/airflow/.local/lib/python3.7/site-packages/airflow/operators/python.py", line 174, in execute
    return_value = self.execute_callable()
  File "/home/airflow/.local/lib/python3.7/site-packages/airflow/operators/python.py", line 188, in execute_callable
    return self.python_callable(*self.op_args, **self.op_kwargs)
  File "/opt/airflow/dags/upbit_bitcoin.py", line 22, in time_setting
    logging.info(ts+timedelta(hours=9))
TypeError: can only concatenate str (not "datetime.timedelta") to str
[2022-07-07 07:22:56,954] {taskinstance.py:1282} INFO - Marking task as FAILED. dag_id=upbit_bitcoin, task_id=***_runtime_set, execution_date=20220707T060000, start_date=20220707T072256, end_date=20220707T072256
[2022-07-07 07:22:56,976] {standard_task_runner.py:92} ERROR - Failed to execute job 645 for task ***_runtime_set
Traceback (most recent call last):
  File "/home/airflow/.local/lib/python3.7/site-packages/airflow/task/task_runner/standard_task_runner.py", line 85, in _start_by_fork
    args.func(args, dag=self.dag)
  File "/home/airflow/.local/lib/python3.7/site-packages/airflow/cli/cli_parser.py", line 48, in command
    return func(*args, **kwargs)
  File "/home/airflow/.local/lib/python3.7/site-packages/airflow/utils/cli.py", line 92, in wrapper
    return f(*args, **kwargs)
  File "/home/airflow/.local/lib/python3.7/site-packages/airflow/cli/commands/task_command.py", line 298, in task_run
    _run_task_by_selected_method(args, dag, ti)
  File "/home/airflow/.local/lib/python3.7/site-packages/airflow/cli/commands/task_command.py", line 107, in _run_task_by_selected_method
    _run_raw_task(args, ti)
  File "/home/airflow/.local/lib/python3.7/site-packages/airflow/cli/commands/task_command.py", line 184, in _run_raw_task
    error_file=args.error_file,
  File "/home/airflow/.local/lib/python3.7/site-packages/airflow/utils/session.py", line 70, in wrapper
    return func(*args, session=session, **kwargs)
  File "/home/airflow/.local/lib/python3.7/site-packages/airflow/models/taskinstance.py", line 1334, in _run_raw_task
    self._execute_task_with_callbacks(context)
  File "/home/airflow/.local/lib/python3.7/site-packages/airflow/models/taskinstance.py", line 1460, in _execute_task_with_callbacks
    result = self._execute_task(context, self.task)
  File "/home/airflow/.local/lib/python3.7/site-packages/airflow/models/taskinstance.py", line 1516, in _execute_task
    result = execute_callable(context=context)
  File "/home/airflow/.local/lib/python3.7/site-packages/airflow/operators/python.py", line 174, in execute
    return_value = self.execute_callable()
  File "/home/airflow/.local/lib/python3.7/site-packages/airflow/operators/python.py", line 188, in execute_callable
    return self.python_callable(*self.op_args, **self.op_kwargs)
  File "/opt/airflow/dags/upbit_bitcoin.py", line 22, in time_setting
    logging.info(ts+timedelta(hours=9))
TypeError: can only concatenate str (not "datetime.timedelta") to str
[2022-07-07 07:22:56,999] {local_task_job.py:154} INFO - Task exited with return code 1
[2022-07-07 07:22:57,055] {local_task_job.py:264} INFO - 0 downstream tasks scheduled from follow-on schedule check
[2022-07-07 07:24:15,429] {taskinstance.py:1037} INFO - Dependencies all met for <TaskInstance: upbit_bitcoin.airflow_runtime_set scheduled__2022-07-07T06:00:00+00:00 [queued]>
[2022-07-07 07:24:15,442] {taskinstance.py:1037} INFO - Dependencies all met for <TaskInstance: upbit_bitcoin.airflow_runtime_set scheduled__2022-07-07T06:00:00+00:00 [queued]>
[2022-07-07 07:24:15,442] {taskinstance.py:1243} INFO - 
--------------------------------------------------------------------------------
[2022-07-07 07:24:15,442] {taskinstance.py:1244} INFO - Starting attempt 1 of 1
[2022-07-07 07:24:15,442] {taskinstance.py:1245} INFO - 
--------------------------------------------------------------------------------
[2022-07-07 07:24:15,457] {taskinstance.py:1264} INFO - Executing <Task(PythonOperator): airflow_runtime_set> on 2022-07-07 06:00:00+00:00
[2022-07-07 07:24:15,461] {standard_task_runner.py:52} INFO - Started process 2095 to run task
[2022-07-07 07:24:15,465] {standard_task_runner.py:76} INFO - Running: ['***', 'tasks', 'run', 'upbit_bitcoin', '***_runtime_set', 'scheduled__2022-07-07T06:00:00+00:00', '--job-id', '648', '--raw', '--subdir', 'DAGS_FOLDER/upbit_bitcoin.py', '--cfg-path', '/tmp/tmpqwwlxciz', '--error-file', '/tmp/tmpehnv7wxi']
[2022-07-07 07:24:15,465] {standard_task_runner.py:77} INFO - Job 648: Subtask ***_runtime_set
[2022-07-07 07:24:15,520] {logging_mixin.py:109} INFO - Running <TaskInstance: upbit_bitcoin.***_runtime_set scheduled__2022-07-07T06:00:00+00:00 [running]> on host 9514ca4c721b
[2022-07-07 07:24:15,584] {taskinstance.py:1431} INFO - Exporting the following env vars:
AIRFLOW_CTX_DAG_OWNER=***
AIRFLOW_CTX_DAG_ID=upbit_bitcoin
AIRFLOW_CTX_TASK_ID=***_runtime_set
AIRFLOW_CTX_EXECUTION_DATE=2022-07-07T06:00:00+00:00
AIRFLOW_CTX_DAG_RUN_ID=scheduled__2022-07-07T06:00:00+00:00
[2022-07-07 07:24:15,585] {upbit_bitcoin.py:22} INFO - 2022-07-07T06:00:00+00:00
[2022-07-07 07:24:15,585] {taskinstance.py:1718} ERROR - Task failed with exception
Traceback (most recent call last):
  File "/home/airflow/.local/lib/python3.7/site-packages/airflow/models/taskinstance.py", line 1334, in _run_raw_task
    self._execute_task_with_callbacks(context)
  File "/home/airflow/.local/lib/python3.7/site-packages/airflow/models/taskinstance.py", line 1460, in _execute_task_with_callbacks
    result = self._execute_task(context, self.task)
  File "/home/airflow/.local/lib/python3.7/site-packages/airflow/models/taskinstance.py", line 1516, in _execute_task
    result = execute_callable(context=context)
  File "/home/airflow/.local/lib/python3.7/site-packages/airflow/operators/python.py", line 174, in execute
    return_value = self.execute_callable()
  File "/home/airflow/.local/lib/python3.7/site-packages/airflow/operators/python.py", line 188, in execute_callable
    return self.python_callable(*self.op_args, **self.op_kwargs)
  File "/opt/airflow/dags/upbit_bitcoin.py", line 23, in time_setting
    logging.info(datetime(ts))
TypeError: an integer is required (got type str)
[2022-07-07 07:24:15,600] {taskinstance.py:1282} INFO - Marking task as FAILED. dag_id=upbit_bitcoin, task_id=***_runtime_set, execution_date=20220707T060000, start_date=20220707T072415, end_date=20220707T072415
[2022-07-07 07:24:15,619] {standard_task_runner.py:92} ERROR - Failed to execute job 648 for task ***_runtime_set
Traceback (most recent call last):
  File "/home/airflow/.local/lib/python3.7/site-packages/airflow/task/task_runner/standard_task_runner.py", line 85, in _start_by_fork
    args.func(args, dag=self.dag)
  File "/home/airflow/.local/lib/python3.7/site-packages/airflow/cli/cli_parser.py", line 48, in command
    return func(*args, **kwargs)
  File "/home/airflow/.local/lib/python3.7/site-packages/airflow/utils/cli.py", line 92, in wrapper
    return f(*args, **kwargs)
  File "/home/airflow/.local/lib/python3.7/site-packages/airflow/cli/commands/task_command.py", line 298, in task_run
    _run_task_by_selected_method(args, dag, ti)
  File "/home/airflow/.local/lib/python3.7/site-packages/airflow/cli/commands/task_command.py", line 107, in _run_task_by_selected_method
    _run_raw_task(args, ti)
  File "/home/airflow/.local/lib/python3.7/site-packages/airflow/cli/commands/task_command.py", line 184, in _run_raw_task
    error_file=args.error_file,
  File "/home/airflow/.local/lib/python3.7/site-packages/airflow/utils/session.py", line 70, in wrapper
    return func(*args, session=session, **kwargs)
  File "/home/airflow/.local/lib/python3.7/site-packages/airflow/models/taskinstance.py", line 1334, in _run_raw_task
    self._execute_task_with_callbacks(context)
  File "/home/airflow/.local/lib/python3.7/site-packages/airflow/models/taskinstance.py", line 1460, in _execute_task_with_callbacks
    result = self._execute_task(context, self.task)
  File "/home/airflow/.local/lib/python3.7/site-packages/airflow/models/taskinstance.py", line 1516, in _execute_task
    result = execute_callable(context=context)
  File "/home/airflow/.local/lib/python3.7/site-packages/airflow/operators/python.py", line 174, in execute
    return_value = self.execute_callable()
  File "/home/airflow/.local/lib/python3.7/site-packages/airflow/operators/python.py", line 188, in execute_callable
    return self.python_callable(*self.op_args, **self.op_kwargs)
  File "/opt/airflow/dags/upbit_bitcoin.py", line 23, in time_setting
    logging.info(datetime(ts))
TypeError: an integer is required (got type str)
[2022-07-07 07:24:15,677] {local_task_job.py:154} INFO - Task exited with return code 1
[2022-07-07 07:24:15,764] {local_task_job.py:264} INFO - 0 downstream tasks scheduled from follow-on schedule check
[2022-07-07 07:31:11,221] {taskinstance.py:1037} INFO - Dependencies all met for <TaskInstance: upbit_bitcoin.airflow_runtime_set scheduled__2022-07-07T06:00:00+00:00 [queued]>
[2022-07-07 07:31:11,233] {taskinstance.py:1037} INFO - Dependencies all met for <TaskInstance: upbit_bitcoin.airflow_runtime_set scheduled__2022-07-07T06:00:00+00:00 [queued]>
[2022-07-07 07:31:11,234] {taskinstance.py:1243} INFO - 
--------------------------------------------------------------------------------
[2022-07-07 07:31:11,234] {taskinstance.py:1244} INFO - Starting attempt 1 of 1
[2022-07-07 07:31:11,234] {taskinstance.py:1245} INFO - 
--------------------------------------------------------------------------------
[2022-07-07 07:31:11,250] {taskinstance.py:1264} INFO - Executing <Task(PythonOperator): airflow_runtime_set> on 2022-07-07 06:00:00+00:00
[2022-07-07 07:31:11,254] {standard_task_runner.py:52} INFO - Started process 2371 to run task
[2022-07-07 07:31:11,258] {standard_task_runner.py:76} INFO - Running: ['***', 'tasks', 'run', 'upbit_bitcoin', '***_runtime_set', 'scheduled__2022-07-07T06:00:00+00:00', '--job-id', '651', '--raw', '--subdir', 'DAGS_FOLDER/upbit_bitcoin.py', '--cfg-path', '/tmp/tmpg6gru5zp', '--error-file', '/tmp/tmpo0jjtey2']
[2022-07-07 07:31:11,258] {standard_task_runner.py:77} INFO - Job 651: Subtask ***_runtime_set
[2022-07-07 07:31:11,327] {logging_mixin.py:109} INFO - Running <TaskInstance: upbit_bitcoin.***_runtime_set scheduled__2022-07-07T06:00:00+00:00 [running]> on host 9514ca4c721b
[2022-07-07 07:31:11,404] {taskinstance.py:1431} INFO - Exporting the following env vars:
AIRFLOW_CTX_DAG_OWNER=***
AIRFLOW_CTX_DAG_ID=upbit_bitcoin
AIRFLOW_CTX_TASK_ID=***_runtime_set
AIRFLOW_CTX_EXECUTION_DATE=2022-07-07T06:00:00+00:00
AIRFLOW_CTX_DAG_RUN_ID=scheduled__2022-07-07T06:00:00+00:00
[2022-07-07 07:31:11,406] {warnings.py:110} WARNING - /home/***/.local/lib/python3.7/site-packages/***/utils/context.py:156: AirflowContextDeprecationWarning: Accessing 'execution_date' from the template is deprecated and will be removed in a future version. Please use 'data_interval_start' or 'logical_date' instead.
  warnings.warn(_create_deprecation_warning(key, self._deprecation_replacements[key]))

[2022-07-07 07:31:11,406] {upbit_bitcoin.py:22} INFO - 2022-07-07T06:00:00+00:00
[2022-07-07 07:31:11,406] {python.py:175} INFO - Done. Returned value was: 2022-07-07T06:00:00+00:00
[2022-07-07 07:31:11,414] {xcom.py:448} ERROR - Could not serialize the XCom value into JSON. If you are using pickle instead of JSON for XCom, then you need to enable pickle support for XCom in your *** config.
[2022-07-07 07:31:11,415] {taskinstance.py:1718} ERROR - Task failed with exception
Traceback (most recent call last):
  File "/home/airflow/.local/lib/python3.7/site-packages/airflow/models/taskinstance.py", line 1334, in _run_raw_task
    self._execute_task_with_callbacks(context)
  File "/home/airflow/.local/lib/python3.7/site-packages/airflow/models/taskinstance.py", line 1460, in _execute_task_with_callbacks
    result = self._execute_task(context, self.task)
  File "/home/airflow/.local/lib/python3.7/site-packages/airflow/models/taskinstance.py", line 1519, in _execute_task
    self.xcom_push(key=XCOM_RETURN_KEY, value=result)
  File "/home/airflow/.local/lib/python3.7/site-packages/airflow/utils/session.py", line 70, in wrapper
    return func(*args, session=session, **kwargs)
  File "/home/airflow/.local/lib/python3.7/site-packages/airflow/models/taskinstance.py", line 2151, in xcom_push
    session=session,
  File "/home/airflow/.local/lib/python3.7/site-packages/airflow/utils/session.py", line 67, in wrapper
    return func(*args, **kwargs)
  File "/home/airflow/.local/lib/python3.7/site-packages/airflow/models/xcom.py", line 155, in set
    value=cls.serialize_value(value),
  File "/home/airflow/.local/lib/python3.7/site-packages/airflow/models/xcom.py", line 445, in serialize_value
    return json.dumps(value).encode('UTF-8')
  File "/usr/local/lib/python3.7/json/__init__.py", line 231, in dumps
    return _default_encoder.encode(obj)
  File "/usr/local/lib/python3.7/json/encoder.py", line 199, in encode
    chunks = self.iterencode(o, _one_shot=True)
  File "/usr/local/lib/python3.7/json/encoder.py", line 257, in iterencode
    return _iterencode(o, 0)
  File "/usr/local/lib/python3.7/json/encoder.py", line 179, in default
    raise TypeError(f'Object of type {o.__class__.__name__} '
TypeError: Object of type DateTime is not JSON serializable
[2022-07-07 07:31:11,429] {taskinstance.py:1282} INFO - Marking task as FAILED. dag_id=upbit_bitcoin, task_id=***_runtime_set, execution_date=20220707T060000, start_date=20220707T073111, end_date=20220707T073111
[2022-07-07 07:31:11,447] {standard_task_runner.py:92} ERROR - Failed to execute job 651 for task ***_runtime_set
Traceback (most recent call last):
  File "/home/airflow/.local/lib/python3.7/site-packages/airflow/task/task_runner/standard_task_runner.py", line 85, in _start_by_fork
    args.func(args, dag=self.dag)
  File "/home/airflow/.local/lib/python3.7/site-packages/airflow/cli/cli_parser.py", line 48, in command
    return func(*args, **kwargs)
  File "/home/airflow/.local/lib/python3.7/site-packages/airflow/utils/cli.py", line 92, in wrapper
    return f(*args, **kwargs)
  File "/home/airflow/.local/lib/python3.7/site-packages/airflow/cli/commands/task_command.py", line 298, in task_run
    _run_task_by_selected_method(args, dag, ti)
  File "/home/airflow/.local/lib/python3.7/site-packages/airflow/cli/commands/task_command.py", line 107, in _run_task_by_selected_method
    _run_raw_task(args, ti)
  File "/home/airflow/.local/lib/python3.7/site-packages/airflow/cli/commands/task_command.py", line 184, in _run_raw_task
    error_file=args.error_file,
  File "/home/airflow/.local/lib/python3.7/site-packages/airflow/utils/session.py", line 70, in wrapper
    return func(*args, session=session, **kwargs)
  File "/home/airflow/.local/lib/python3.7/site-packages/airflow/models/taskinstance.py", line 1334, in _run_raw_task
    self._execute_task_with_callbacks(context)
  File "/home/airflow/.local/lib/python3.7/site-packages/airflow/models/taskinstance.py", line 1460, in _execute_task_with_callbacks
    result = self._execute_task(context, self.task)
  File "/home/airflow/.local/lib/python3.7/site-packages/airflow/models/taskinstance.py", line 1519, in _execute_task
    self.xcom_push(key=XCOM_RETURN_KEY, value=result)
  File "/home/airflow/.local/lib/python3.7/site-packages/airflow/utils/session.py", line 70, in wrapper
    return func(*args, session=session, **kwargs)
  File "/home/airflow/.local/lib/python3.7/site-packages/airflow/models/taskinstance.py", line 2151, in xcom_push
    session=session,
  File "/home/airflow/.local/lib/python3.7/site-packages/airflow/utils/session.py", line 67, in wrapper
    return func(*args, **kwargs)
  File "/home/airflow/.local/lib/python3.7/site-packages/airflow/models/xcom.py", line 155, in set
    value=cls.serialize_value(value),
  File "/home/airflow/.local/lib/python3.7/site-packages/airflow/models/xcom.py", line 445, in serialize_value
    return json.dumps(value).encode('UTF-8')
  File "/usr/local/lib/python3.7/json/__init__.py", line 231, in dumps
    return _default_encoder.encode(obj)
  File "/usr/local/lib/python3.7/json/encoder.py", line 199, in encode
    chunks = self.iterencode(o, _one_shot=True)
  File "/usr/local/lib/python3.7/json/encoder.py", line 257, in iterencode
    return _iterencode(o, 0)
  File "/usr/local/lib/python3.7/json/encoder.py", line 179, in default
    raise TypeError(f'Object of type {o.__class__.__name__} '
TypeError: Object of type DateTime is not JSON serializable
[2022-07-07 07:31:11,470] {local_task_job.py:154} INFO - Task exited with return code 1
[2022-07-07 07:31:11,520] {local_task_job.py:264} INFO - 0 downstream tasks scheduled from follow-on schedule check
[2022-07-07 07:32:22,649] {taskinstance.py:1037} INFO - Dependencies all met for <TaskInstance: upbit_bitcoin.airflow_runtime_set scheduled__2022-07-07T06:00:00+00:00 [queued]>
[2022-07-07 07:32:22,663] {taskinstance.py:1037} INFO - Dependencies all met for <TaskInstance: upbit_bitcoin.airflow_runtime_set scheduled__2022-07-07T06:00:00+00:00 [queued]>
[2022-07-07 07:32:22,663] {taskinstance.py:1243} INFO - 
--------------------------------------------------------------------------------
[2022-07-07 07:32:22,663] {taskinstance.py:1244} INFO - Starting attempt 1 of 1
[2022-07-07 07:32:22,663] {taskinstance.py:1245} INFO - 
--------------------------------------------------------------------------------
[2022-07-07 07:32:22,688] {taskinstance.py:1264} INFO - Executing <Task(PythonOperator): airflow_runtime_set> on 2022-07-07 06:00:00+00:00
[2022-07-07 07:32:22,693] {standard_task_runner.py:52} INFO - Started process 2423 to run task
[2022-07-07 07:32:22,696] {standard_task_runner.py:76} INFO - Running: ['***', 'tasks', 'run', 'upbit_bitcoin', '***_runtime_set', 'scheduled__2022-07-07T06:00:00+00:00', '--job-id', '654', '--raw', '--subdir', 'DAGS_FOLDER/upbit_bitcoin.py', '--cfg-path', '/tmp/tmp2wgm5mhb', '--error-file', '/tmp/tmpy20k1sf1']
[2022-07-07 07:32:22,697] {standard_task_runner.py:77} INFO - Job 654: Subtask ***_runtime_set
[2022-07-07 07:32:22,752] {logging_mixin.py:109} INFO - Running <TaskInstance: upbit_bitcoin.***_runtime_set scheduled__2022-07-07T06:00:00+00:00 [running]> on host 9514ca4c721b
[2022-07-07 07:32:22,828] {taskinstance.py:1431} INFO - Exporting the following env vars:
AIRFLOW_CTX_DAG_OWNER=***
AIRFLOW_CTX_DAG_ID=upbit_bitcoin
AIRFLOW_CTX_TASK_ID=***_runtime_set
AIRFLOW_CTX_EXECUTION_DATE=2022-07-07T06:00:00+00:00
AIRFLOW_CTX_DAG_RUN_ID=scheduled__2022-07-07T06:00:00+00:00
[2022-07-07 07:32:22,830] {warnings.py:110} WARNING - /home/***/.local/lib/python3.7/site-packages/***/utils/context.py:156: AirflowContextDeprecationWarning: Accessing 'execution_date' from the template is deprecated and will be removed in a future version. Please use 'data_interval_start' or 'logical_date' instead.
  warnings.warn(_create_deprecation_warning(key, self._deprecation_replacements[key]))

[2022-07-07 07:32:22,831] {upbit_bitcoin.py:22} INFO - 2022-07-07T06:00:00+00:00
[2022-07-07 07:32:22,831] {python.py:175} INFO - Done. Returned value was: 2022-07-07T06:00:00+00:00
[2022-07-07 07:32:22,839] {xcom.py:448} ERROR - Could not serialize the XCom value into JSON. If you are using pickle instead of JSON for XCom, then you need to enable pickle support for XCom in your *** config.
[2022-07-07 07:32:22,840] {taskinstance.py:1718} ERROR - Task failed with exception
Traceback (most recent call last):
  File "/home/airflow/.local/lib/python3.7/site-packages/airflow/models/taskinstance.py", line 1334, in _run_raw_task
    self._execute_task_with_callbacks(context)
  File "/home/airflow/.local/lib/python3.7/site-packages/airflow/models/taskinstance.py", line 1460, in _execute_task_with_callbacks
    result = self._execute_task(context, self.task)
  File "/home/airflow/.local/lib/python3.7/site-packages/airflow/models/taskinstance.py", line 1519, in _execute_task
    self.xcom_push(key=XCOM_RETURN_KEY, value=result)
  File "/home/airflow/.local/lib/python3.7/site-packages/airflow/utils/session.py", line 70, in wrapper
    return func(*args, session=session, **kwargs)
  File "/home/airflow/.local/lib/python3.7/site-packages/airflow/models/taskinstance.py", line 2151, in xcom_push
    session=session,
  File "/home/airflow/.local/lib/python3.7/site-packages/airflow/utils/session.py", line 67, in wrapper
    return func(*args, **kwargs)
  File "/home/airflow/.local/lib/python3.7/site-packages/airflow/models/xcom.py", line 155, in set
    value=cls.serialize_value(value),
  File "/home/airflow/.local/lib/python3.7/site-packages/airflow/models/xcom.py", line 445, in serialize_value
    return json.dumps(value).encode('UTF-8')
  File "/usr/local/lib/python3.7/json/__init__.py", line 231, in dumps
    return _default_encoder.encode(obj)
  File "/usr/local/lib/python3.7/json/encoder.py", line 199, in encode
    chunks = self.iterencode(o, _one_shot=True)
  File "/usr/local/lib/python3.7/json/encoder.py", line 257, in iterencode
    return _iterencode(o, 0)
  File "/usr/local/lib/python3.7/json/encoder.py", line 179, in default
    raise TypeError(f'Object of type {o.__class__.__name__} '
TypeError: Object of type DateTime is not JSON serializable
[2022-07-07 07:32:22,853] {taskinstance.py:1282} INFO - Marking task as FAILED. dag_id=upbit_bitcoin, task_id=***_runtime_set, execution_date=20220707T060000, start_date=20220707T073222, end_date=20220707T073222
[2022-07-07 07:32:22,870] {standard_task_runner.py:92} ERROR - Failed to execute job 654 for task ***_runtime_set
Traceback (most recent call last):
  File "/home/airflow/.local/lib/python3.7/site-packages/airflow/task/task_runner/standard_task_runner.py", line 85, in _start_by_fork
    args.func(args, dag=self.dag)
  File "/home/airflow/.local/lib/python3.7/site-packages/airflow/cli/cli_parser.py", line 48, in command
    return func(*args, **kwargs)
  File "/home/airflow/.local/lib/python3.7/site-packages/airflow/utils/cli.py", line 92, in wrapper
    return f(*args, **kwargs)
  File "/home/airflow/.local/lib/python3.7/site-packages/airflow/cli/commands/task_command.py", line 298, in task_run
    _run_task_by_selected_method(args, dag, ti)
  File "/home/airflow/.local/lib/python3.7/site-packages/airflow/cli/commands/task_command.py", line 107, in _run_task_by_selected_method
    _run_raw_task(args, ti)
  File "/home/airflow/.local/lib/python3.7/site-packages/airflow/cli/commands/task_command.py", line 184, in _run_raw_task
    error_file=args.error_file,
  File "/home/airflow/.local/lib/python3.7/site-packages/airflow/utils/session.py", line 70, in wrapper
    return func(*args, session=session, **kwargs)
  File "/home/airflow/.local/lib/python3.7/site-packages/airflow/models/taskinstance.py", line 1334, in _run_raw_task
    self._execute_task_with_callbacks(context)
  File "/home/airflow/.local/lib/python3.7/site-packages/airflow/models/taskinstance.py", line 1460, in _execute_task_with_callbacks
    result = self._execute_task(context, self.task)
  File "/home/airflow/.local/lib/python3.7/site-packages/airflow/models/taskinstance.py", line 1519, in _execute_task
    self.xcom_push(key=XCOM_RETURN_KEY, value=result)
  File "/home/airflow/.local/lib/python3.7/site-packages/airflow/utils/session.py", line 70, in wrapper
    return func(*args, session=session, **kwargs)
  File "/home/airflow/.local/lib/python3.7/site-packages/airflow/models/taskinstance.py", line 2151, in xcom_push
    session=session,
  File "/home/airflow/.local/lib/python3.7/site-packages/airflow/utils/session.py", line 67, in wrapper
    return func(*args, **kwargs)
  File "/home/airflow/.local/lib/python3.7/site-packages/airflow/models/xcom.py", line 155, in set
    value=cls.serialize_value(value),
  File "/home/airflow/.local/lib/python3.7/site-packages/airflow/models/xcom.py", line 445, in serialize_value
    return json.dumps(value).encode('UTF-8')
  File "/usr/local/lib/python3.7/json/__init__.py", line 231, in dumps
    return _default_encoder.encode(obj)
  File "/usr/local/lib/python3.7/json/encoder.py", line 199, in encode
    chunks = self.iterencode(o, _one_shot=True)
  File "/usr/local/lib/python3.7/json/encoder.py", line 257, in iterencode
    return _iterencode(o, 0)
  File "/usr/local/lib/python3.7/json/encoder.py", line 179, in default
    raise TypeError(f'Object of type {o.__class__.__name__} '
TypeError: Object of type DateTime is not JSON serializable
[2022-07-07 07:32:22,909] {local_task_job.py:154} INFO - Task exited with return code 1
[2022-07-07 07:32:22,974] {local_task_job.py:264} INFO - 0 downstream tasks scheduled from follow-on schedule check
[2022-07-07 07:33:37,015] {taskinstance.py:1037} INFO - Dependencies all met for <TaskInstance: upbit_bitcoin.airflow_runtime_set scheduled__2022-07-07T06:00:00+00:00 [queued]>
[2022-07-07 07:33:37,037] {taskinstance.py:1037} INFO - Dependencies all met for <TaskInstance: upbit_bitcoin.airflow_runtime_set scheduled__2022-07-07T06:00:00+00:00 [queued]>
[2022-07-07 07:33:37,037] {taskinstance.py:1243} INFO - 
--------------------------------------------------------------------------------
[2022-07-07 07:33:37,037] {taskinstance.py:1244} INFO - Starting attempt 1 of 1
[2022-07-07 07:33:37,038] {taskinstance.py:1245} INFO - 
--------------------------------------------------------------------------------
[2022-07-07 07:33:37,061] {taskinstance.py:1264} INFO - Executing <Task(PythonOperator): airflow_runtime_set> on 2022-07-07 06:00:00+00:00
[2022-07-07 07:33:37,066] {standard_task_runner.py:52} INFO - Started process 2475 to run task
[2022-07-07 07:33:37,072] {standard_task_runner.py:76} INFO - Running: ['***', 'tasks', 'run', 'upbit_bitcoin', '***_runtime_set', 'scheduled__2022-07-07T06:00:00+00:00', '--job-id', '657', '--raw', '--subdir', 'DAGS_FOLDER/upbit_bitcoin.py', '--cfg-path', '/tmp/tmp1ltbjdvw', '--error-file', '/tmp/tmp52fdred5']
[2022-07-07 07:33:37,073] {standard_task_runner.py:77} INFO - Job 657: Subtask ***_runtime_set
[2022-07-07 07:33:37,149] {logging_mixin.py:109} INFO - Running <TaskInstance: upbit_bitcoin.***_runtime_set scheduled__2022-07-07T06:00:00+00:00 [running]> on host 9514ca4c721b
[2022-07-07 07:33:37,207] {taskinstance.py:1431} INFO - Exporting the following env vars:
AIRFLOW_CTX_DAG_OWNER=***
AIRFLOW_CTX_DAG_ID=upbit_bitcoin
AIRFLOW_CTX_TASK_ID=***_runtime_set
AIRFLOW_CTX_EXECUTION_DATE=2022-07-07T06:00:00+00:00
AIRFLOW_CTX_DAG_RUN_ID=scheduled__2022-07-07T06:00:00+00:00
[2022-07-07 07:33:37,208] {warnings.py:110} WARNING - /home/***/.local/lib/python3.7/site-packages/***/utils/context.py:156: AirflowContextDeprecationWarning: Accessing 'execution_date' from the template is deprecated and will be removed in a future version. Please use 'data_interval_start' or 'logical_date' instead.
  warnings.warn(_create_deprecation_warning(key, self._deprecation_replacements[key]))

[2022-07-07 07:33:37,208] {upbit_bitcoin.py:22} INFO - start here
[2022-07-07 07:33:37,208] {upbit_bitcoin.py:23} INFO - 2022-07-07T06:00:00+00:00
[2022-07-07 07:33:37,208] {python.py:175} INFO - Done. Returned value was: 2022-07-07T06:00:00+00:00
[2022-07-07 07:33:37,215] {xcom.py:448} ERROR - Could not serialize the XCom value into JSON. If you are using pickle instead of JSON for XCom, then you need to enable pickle support for XCom in your *** config.
[2022-07-07 07:33:37,216] {taskinstance.py:1718} ERROR - Task failed with exception
Traceback (most recent call last):
  File "/home/airflow/.local/lib/python3.7/site-packages/airflow/models/taskinstance.py", line 1334, in _run_raw_task
    self._execute_task_with_callbacks(context)
  File "/home/airflow/.local/lib/python3.7/site-packages/airflow/models/taskinstance.py", line 1460, in _execute_task_with_callbacks
    result = self._execute_task(context, self.task)
  File "/home/airflow/.local/lib/python3.7/site-packages/airflow/models/taskinstance.py", line 1519, in _execute_task
    self.xcom_push(key=XCOM_RETURN_KEY, value=result)
  File "/home/airflow/.local/lib/python3.7/site-packages/airflow/utils/session.py", line 70, in wrapper
    return func(*args, session=session, **kwargs)
  File "/home/airflow/.local/lib/python3.7/site-packages/airflow/models/taskinstance.py", line 2151, in xcom_push
    session=session,
  File "/home/airflow/.local/lib/python3.7/site-packages/airflow/utils/session.py", line 67, in wrapper
    return func(*args, **kwargs)
  File "/home/airflow/.local/lib/python3.7/site-packages/airflow/models/xcom.py", line 155, in set
    value=cls.serialize_value(value),
  File "/home/airflow/.local/lib/python3.7/site-packages/airflow/models/xcom.py", line 445, in serialize_value
    return json.dumps(value).encode('UTF-8')
  File "/usr/local/lib/python3.7/json/__init__.py", line 231, in dumps
    return _default_encoder.encode(obj)
  File "/usr/local/lib/python3.7/json/encoder.py", line 199, in encode
    chunks = self.iterencode(o, _one_shot=True)
  File "/usr/local/lib/python3.7/json/encoder.py", line 257, in iterencode
    return _iterencode(o, 0)
  File "/usr/local/lib/python3.7/json/encoder.py", line 179, in default
    raise TypeError(f'Object of type {o.__class__.__name__} '
TypeError: Object of type DateTime is not JSON serializable
[2022-07-07 07:33:37,230] {taskinstance.py:1282} INFO - Marking task as FAILED. dag_id=upbit_bitcoin, task_id=***_runtime_set, execution_date=20220707T060000, start_date=20220707T073337, end_date=20220707T073337
[2022-07-07 07:33:37,247] {standard_task_runner.py:92} ERROR - Failed to execute job 657 for task ***_runtime_set
Traceback (most recent call last):
  File "/home/airflow/.local/lib/python3.7/site-packages/airflow/task/task_runner/standard_task_runner.py", line 85, in _start_by_fork
    args.func(args, dag=self.dag)
  File "/home/airflow/.local/lib/python3.7/site-packages/airflow/cli/cli_parser.py", line 48, in command
    return func(*args, **kwargs)
  File "/home/airflow/.local/lib/python3.7/site-packages/airflow/utils/cli.py", line 92, in wrapper
    return f(*args, **kwargs)
  File "/home/airflow/.local/lib/python3.7/site-packages/airflow/cli/commands/task_command.py", line 298, in task_run
    _run_task_by_selected_method(args, dag, ti)
  File "/home/airflow/.local/lib/python3.7/site-packages/airflow/cli/commands/task_command.py", line 107, in _run_task_by_selected_method
    _run_raw_task(args, ti)
  File "/home/airflow/.local/lib/python3.7/site-packages/airflow/cli/commands/task_command.py", line 184, in _run_raw_task
    error_file=args.error_file,
  File "/home/airflow/.local/lib/python3.7/site-packages/airflow/utils/session.py", line 70, in wrapper
    return func(*args, session=session, **kwargs)
  File "/home/airflow/.local/lib/python3.7/site-packages/airflow/models/taskinstance.py", line 1334, in _run_raw_task
    self._execute_task_with_callbacks(context)
  File "/home/airflow/.local/lib/python3.7/site-packages/airflow/models/taskinstance.py", line 1460, in _execute_task_with_callbacks
    result = self._execute_task(context, self.task)
  File "/home/airflow/.local/lib/python3.7/site-packages/airflow/models/taskinstance.py", line 1519, in _execute_task
    self.xcom_push(key=XCOM_RETURN_KEY, value=result)
  File "/home/airflow/.local/lib/python3.7/site-packages/airflow/utils/session.py", line 70, in wrapper
    return func(*args, session=session, **kwargs)
  File "/home/airflow/.local/lib/python3.7/site-packages/airflow/models/taskinstance.py", line 2151, in xcom_push
    session=session,
  File "/home/airflow/.local/lib/python3.7/site-packages/airflow/utils/session.py", line 67, in wrapper
    return func(*args, **kwargs)
  File "/home/airflow/.local/lib/python3.7/site-packages/airflow/models/xcom.py", line 155, in set
    value=cls.serialize_value(value),
  File "/home/airflow/.local/lib/python3.7/site-packages/airflow/models/xcom.py", line 445, in serialize_value
    return json.dumps(value).encode('UTF-8')
  File "/usr/local/lib/python3.7/json/__init__.py", line 231, in dumps
    return _default_encoder.encode(obj)
  File "/usr/local/lib/python3.7/json/encoder.py", line 199, in encode
    chunks = self.iterencode(o, _one_shot=True)
  File "/usr/local/lib/python3.7/json/encoder.py", line 257, in iterencode
    return _iterencode(o, 0)
  File "/usr/local/lib/python3.7/json/encoder.py", line 179, in default
    raise TypeError(f'Object of type {o.__class__.__name__} '
TypeError: Object of type DateTime is not JSON serializable
[2022-07-07 07:33:37,284] {local_task_job.py:154} INFO - Task exited with return code 1
[2022-07-07 07:33:37,357] {local_task_job.py:264} INFO - 0 downstream tasks scheduled from follow-on schedule check
[2022-07-07 07:40:35,783] {taskinstance.py:1037} INFO - Dependencies all met for <TaskInstance: upbit_bitcoin.airflow_runtime_set scheduled__2022-07-07T06:00:00+00:00 [queued]>
[2022-07-07 07:40:35,849] {taskinstance.py:1037} INFO - Dependencies all met for <TaskInstance: upbit_bitcoin.airflow_runtime_set scheduled__2022-07-07T06:00:00+00:00 [queued]>
[2022-07-07 07:40:35,850] {taskinstance.py:1243} INFO - 
--------------------------------------------------------------------------------
[2022-07-07 07:40:35,850] {taskinstance.py:1244} INFO - Starting attempt 1 of 1
[2022-07-07 07:40:35,851] {taskinstance.py:1245} INFO - 
--------------------------------------------------------------------------------
[2022-07-07 07:40:35,890] {taskinstance.py:1264} INFO - Executing <Task(PythonOperator): airflow_runtime_set> on 2022-07-07 06:00:00+00:00
[2022-07-07 07:40:35,898] {standard_task_runner.py:52} INFO - Started process 2743 to run task
[2022-07-07 07:40:35,914] {standard_task_runner.py:76} INFO - Running: ['***', 'tasks', 'run', 'upbit_bitcoin', '***_runtime_set', 'scheduled__2022-07-07T06:00:00+00:00', '--job-id', '662', '--raw', '--subdir', 'DAGS_FOLDER/upbit_bitcoin.py', '--cfg-path', '/tmp/tmpyi4iwykh', '--error-file', '/tmp/tmp29yamfim']
[2022-07-07 07:40:35,914] {standard_task_runner.py:77} INFO - Job 662: Subtask ***_runtime_set
[2022-07-07 07:40:36,150] {logging_mixin.py:109} INFO - Running <TaskInstance: upbit_bitcoin.***_runtime_set scheduled__2022-07-07T06:00:00+00:00 [running]> on host 9514ca4c721b
[2022-07-07 07:40:36,375] {taskinstance.py:1431} INFO - Exporting the following env vars:
AIRFLOW_CTX_DAG_OWNER=***
AIRFLOW_CTX_DAG_ID=upbit_bitcoin
AIRFLOW_CTX_TASK_ID=***_runtime_set
AIRFLOW_CTX_EXECUTION_DATE=2022-07-07T06:00:00+00:00
AIRFLOW_CTX_DAG_RUN_ID=scheduled__2022-07-07T06:00:00+00:00
[2022-07-07 07:40:36,377] {warnings.py:110} WARNING - /home/***/.local/lib/python3.7/site-packages/***/utils/context.py:156: AirflowContextDeprecationWarning: Accessing 'execution_date' from the template is deprecated and will be removed in a future version. Please use 'data_interval_start' or 'logical_date' instead.
  warnings.warn(_create_deprecation_warning(key, self._deprecation_replacements[key]))

[2022-07-07 07:40:36,380] {upbit_bitcoin.py:22} INFO - start here
[2022-07-07 07:40:36,381] {upbit_bitcoin.py:23} INFO - 2022-07-07T06:00:00+00:00
[2022-07-07 07:40:36,382] {python.py:175} INFO - Done. Returned value was: 15
[2022-07-07 07:40:36,466] {taskinstance.py:1282} INFO - Marking task as SUCCESS. dag_id=upbit_bitcoin, task_id=***_runtime_set, execution_date=20220707T060000, start_date=20220707T074035, end_date=20220707T074036
[2022-07-07 07:40:36,591] {local_task_job.py:154} INFO - Task exited with return code 0
[2022-07-07 07:40:36,733] {local_task_job.py:264} INFO - 1 downstream tasks scheduled from follow-on schedule check
[2022-07-07 07:44:08,087] {taskinstance.py:1037} INFO - Dependencies all met for <TaskInstance: upbit_bitcoin.airflow_runtime_set scheduled__2022-07-07T06:00:00+00:00 [queued]>
[2022-07-07 07:44:08,100] {taskinstance.py:1037} INFO - Dependencies all met for <TaskInstance: upbit_bitcoin.airflow_runtime_set scheduled__2022-07-07T06:00:00+00:00 [queued]>
[2022-07-07 07:44:08,100] {taskinstance.py:1243} INFO - 
--------------------------------------------------------------------------------
[2022-07-07 07:44:08,100] {taskinstance.py:1244} INFO - Starting attempt 1 of 1
[2022-07-07 07:44:08,100] {taskinstance.py:1245} INFO - 
--------------------------------------------------------------------------------
[2022-07-07 07:44:08,119] {taskinstance.py:1264} INFO - Executing <Task(PythonOperator): airflow_runtime_set> on 2022-07-07 06:00:00+00:00
[2022-07-07 07:44:08,128] {standard_task_runner.py:52} INFO - Started process 2883 to run task
[2022-07-07 07:44:08,134] {standard_task_runner.py:76} INFO - Running: ['***', 'tasks', 'run', 'upbit_bitcoin', '***_runtime_set', 'scheduled__2022-07-07T06:00:00+00:00', '--job-id', '668', '--raw', '--subdir', 'DAGS_FOLDER/upbit_bitcoin.py', '--cfg-path', '/tmp/tmpsdv0_onb', '--error-file', '/tmp/tmpfe4rghch']
[2022-07-07 07:44:08,134] {standard_task_runner.py:77} INFO - Job 668: Subtask ***_runtime_set
[2022-07-07 07:44:08,193] {logging_mixin.py:109} INFO - Running <TaskInstance: upbit_bitcoin.***_runtime_set scheduled__2022-07-07T06:00:00+00:00 [running]> on host 9514ca4c721b
[2022-07-07 07:44:08,354] {taskinstance.py:1431} INFO - Exporting the following env vars:
AIRFLOW_CTX_DAG_OWNER=***
AIRFLOW_CTX_DAG_ID=upbit_bitcoin
AIRFLOW_CTX_TASK_ID=***_runtime_set
AIRFLOW_CTX_EXECUTION_DATE=2022-07-07T06:00:00+00:00
AIRFLOW_CTX_DAG_RUN_ID=scheduled__2022-07-07T06:00:00+00:00
[2022-07-07 07:44:08,356] {warnings.py:110} WARNING - /home/***/.local/lib/python3.7/site-packages/***/utils/context.py:156: AirflowContextDeprecationWarning: Accessing 'execution_date' from the template is deprecated and will be removed in a future version. Please use 'data_interval_start' or 'logical_date' instead.
  warnings.warn(_create_deprecation_warning(key, self._deprecation_replacements[key]))

[2022-07-07 07:44:08,356] {upbit_bitcoin.py:22} INFO - start here
[2022-07-07 07:44:08,357] {upbit_bitcoin.py:23} INFO - 2022-07-07T06:00:00+00:00
[2022-07-07 07:44:08,357] {upbit_bitcoin.py:25} INFO - {{ (execution_date + macros.timedelta(days=1)).strftime('%Y-%m-%d/%H:%M') }}
[2022-07-07 07:44:08,357] {python.py:175} INFO - Done. Returned value was: 15
[2022-07-07 07:44:08,393] {taskinstance.py:1282} INFO - Marking task as SUCCESS. dag_id=upbit_bitcoin, task_id=***_runtime_set, execution_date=20220707T060000, start_date=20220707T074408, end_date=20220707T074408
[2022-07-07 07:44:08,429] {local_task_job.py:154} INFO - Task exited with return code 0
[2022-07-07 07:44:08,480] {local_task_job.py:264} INFO - 1 downstream tasks scheduled from follow-on schedule check
[2022-07-07 07:45:21,854] {taskinstance.py:1037} INFO - Dependencies all met for <TaskInstance: upbit_bitcoin.airflow_runtime_set scheduled__2022-07-07T06:00:00+00:00 [queued]>
[2022-07-07 07:45:21,876] {taskinstance.py:1037} INFO - Dependencies all met for <TaskInstance: upbit_bitcoin.airflow_runtime_set scheduled__2022-07-07T06:00:00+00:00 [queued]>
[2022-07-07 07:45:21,876] {taskinstance.py:1243} INFO - 
--------------------------------------------------------------------------------
[2022-07-07 07:45:21,876] {taskinstance.py:1244} INFO - Starting attempt 1 of 1
[2022-07-07 07:45:21,876] {taskinstance.py:1245} INFO - 
--------------------------------------------------------------------------------
[2022-07-07 07:45:21,902] {taskinstance.py:1264} INFO - Executing <Task(PythonOperator): airflow_runtime_set> on 2022-07-07 06:00:00+00:00
[2022-07-07 07:45:21,908] {standard_task_runner.py:52} INFO - Started process 2937 to run task
[2022-07-07 07:45:21,914] {standard_task_runner.py:76} INFO - Running: ['***', 'tasks', 'run', 'upbit_bitcoin', '***_runtime_set', 'scheduled__2022-07-07T06:00:00+00:00', '--job-id', '672', '--raw', '--subdir', 'DAGS_FOLDER/upbit_bitcoin.py', '--cfg-path', '/tmp/tmpz7bw4f7l', '--error-file', '/tmp/tmph6bw_iv_']
[2022-07-07 07:45:21,915] {standard_task_runner.py:77} INFO - Job 672: Subtask ***_runtime_set
[2022-07-07 07:45:22,013] {logging_mixin.py:109} INFO - Running <TaskInstance: upbit_bitcoin.***_runtime_set scheduled__2022-07-07T06:00:00+00:00 [running]> on host 9514ca4c721b
[2022-07-07 07:45:22,108] {taskinstance.py:1431} INFO - Exporting the following env vars:
AIRFLOW_CTX_DAG_OWNER=***
AIRFLOW_CTX_DAG_ID=upbit_bitcoin
AIRFLOW_CTX_TASK_ID=***_runtime_set
AIRFLOW_CTX_EXECUTION_DATE=2022-07-07T06:00:00+00:00
AIRFLOW_CTX_DAG_RUN_ID=scheduled__2022-07-07T06:00:00+00:00
[2022-07-07 07:45:22,110] {warnings.py:110} WARNING - /home/***/.local/lib/python3.7/site-packages/***/utils/context.py:156: AirflowContextDeprecationWarning: Accessing 'execution_date' from the template is deprecated and will be removed in a future version. Please use 'data_interval_start' or 'logical_date' instead.
  warnings.warn(_create_deprecation_warning(key, self._deprecation_replacements[key]))

[2022-07-07 07:45:22,111] {upbit_bitcoin.py:22} INFO - start here
[2022-07-07 07:45:22,111] {upbit_bitcoin.py:23} INFO - 2022-07-07T06:00:00+00:00
[2022-07-07 07:45:22,111] {taskinstance.py:1718} ERROR - Task failed with exception
Traceback (most recent call last):
  File "/home/airflow/.local/lib/python3.7/site-packages/airflow/models/taskinstance.py", line 1334, in _run_raw_task
    self._execute_task_with_callbacks(context)
  File "/home/airflow/.local/lib/python3.7/site-packages/airflow/models/taskinstance.py", line 1460, in _execute_task_with_callbacks
    result = self._execute_task(context, self.task)
  File "/home/airflow/.local/lib/python3.7/site-packages/airflow/models/taskinstance.py", line 1516, in _execute_task
    result = execute_callable(context=context)
  File "/home/airflow/.local/lib/python3.7/site-packages/airflow/operators/python.py", line 174, in execute
    return_value = self.execute_callable()
  File "/home/airflow/.local/lib/python3.7/site-packages/airflow/operators/python.py", line 188, in execute_callable
    return self.python_callable(*self.op_args, **self.op_kwargs)
  File "/opt/airflow/dags/upbit_bitcoin.py", line 24, in time_setting
    EXEC_DATE = {{ (execution_date + macros.timedelta(days=1)).strftime('%Y-%m-%d/%H:%M') }}
NameError: name 'macros' is not defined
[2022-07-07 07:45:22,131] {taskinstance.py:1282} INFO - Marking task as FAILED. dag_id=upbit_bitcoin, task_id=***_runtime_set, execution_date=20220707T060000, start_date=20220707T074521, end_date=20220707T074522
[2022-07-07 07:45:22,155] {standard_task_runner.py:92} ERROR - Failed to execute job 672 for task ***_runtime_set
Traceback (most recent call last):
  File "/home/airflow/.local/lib/python3.7/site-packages/airflow/task/task_runner/standard_task_runner.py", line 85, in _start_by_fork
    args.func(args, dag=self.dag)
  File "/home/airflow/.local/lib/python3.7/site-packages/airflow/cli/cli_parser.py", line 48, in command
    return func(*args, **kwargs)
  File "/home/airflow/.local/lib/python3.7/site-packages/airflow/utils/cli.py", line 92, in wrapper
    return f(*args, **kwargs)
  File "/home/airflow/.local/lib/python3.7/site-packages/airflow/cli/commands/task_command.py", line 298, in task_run
    _run_task_by_selected_method(args, dag, ti)
  File "/home/airflow/.local/lib/python3.7/site-packages/airflow/cli/commands/task_command.py", line 107, in _run_task_by_selected_method
    _run_raw_task(args, ti)
  File "/home/airflow/.local/lib/python3.7/site-packages/airflow/cli/commands/task_command.py", line 184, in _run_raw_task
    error_file=args.error_file,
  File "/home/airflow/.local/lib/python3.7/site-packages/airflow/utils/session.py", line 70, in wrapper
    return func(*args, session=session, **kwargs)
  File "/home/airflow/.local/lib/python3.7/site-packages/airflow/models/taskinstance.py", line 1334, in _run_raw_task
    self._execute_task_with_callbacks(context)
  File "/home/airflow/.local/lib/python3.7/site-packages/airflow/models/taskinstance.py", line 1460, in _execute_task_with_callbacks
    result = self._execute_task(context, self.task)
  File "/home/airflow/.local/lib/python3.7/site-packages/airflow/models/taskinstance.py", line 1516, in _execute_task
    result = execute_callable(context=context)
  File "/home/airflow/.local/lib/python3.7/site-packages/airflow/operators/python.py", line 174, in execute
    return_value = self.execute_callable()
  File "/home/airflow/.local/lib/python3.7/site-packages/airflow/operators/python.py", line 188, in execute_callable
    return self.python_callable(*self.op_args, **self.op_kwargs)
  File "/opt/airflow/dags/upbit_bitcoin.py", line 24, in time_setting
    EXEC_DATE = {{ (execution_date + macros.timedelta(days=1)).strftime('%Y-%m-%d/%H:%M') }}
NameError: name 'macros' is not defined
[2022-07-07 07:45:22,167] {local_task_job.py:154} INFO - Task exited with return code 1
[2022-07-07 07:45:22,282] {local_task_job.py:264} INFO - 0 downstream tasks scheduled from follow-on schedule check
[2022-07-07 07:48:19,000] {taskinstance.py:1037} INFO - Dependencies all met for <TaskInstance: upbit_bitcoin.airflow_runtime_set scheduled__2022-07-07T06:00:00+00:00 [queued]>
[2022-07-07 07:48:19,017] {taskinstance.py:1037} INFO - Dependencies all met for <TaskInstance: upbit_bitcoin.airflow_runtime_set scheduled__2022-07-07T06:00:00+00:00 [queued]>
[2022-07-07 07:48:19,017] {taskinstance.py:1243} INFO - 
--------------------------------------------------------------------------------
[2022-07-07 07:48:19,017] {taskinstance.py:1244} INFO - Starting attempt 1 of 1
[2022-07-07 07:48:19,017] {taskinstance.py:1245} INFO - 
--------------------------------------------------------------------------------
[2022-07-07 07:48:19,034] {taskinstance.py:1264} INFO - Executing <Task(PythonOperator): airflow_runtime_set> on 2022-07-07 06:00:00+00:00
[2022-07-07 07:48:19,043] {standard_task_runner.py:52} INFO - Started process 3054 to run task
[2022-07-07 07:48:19,050] {standard_task_runner.py:76} INFO - Running: ['***', 'tasks', 'run', 'upbit_bitcoin', '***_runtime_set', 'scheduled__2022-07-07T06:00:00+00:00', '--job-id', '675', '--raw', '--subdir', 'DAGS_FOLDER/upbit_bitcoin.py', '--cfg-path', '/tmp/tmps1abuj42', '--error-file', '/tmp/tmp3c59i68s']
[2022-07-07 07:48:19,054] {standard_task_runner.py:77} INFO - Job 675: Subtask ***_runtime_set
[2022-07-07 07:48:19,159] {logging_mixin.py:109} INFO - Running <TaskInstance: upbit_bitcoin.***_runtime_set scheduled__2022-07-07T06:00:00+00:00 [running]> on host 9514ca4c721b
[2022-07-07 07:48:19,239] {taskinstance.py:1431} INFO - Exporting the following env vars:
AIRFLOW_CTX_DAG_OWNER=***
AIRFLOW_CTX_DAG_ID=upbit_bitcoin
AIRFLOW_CTX_TASK_ID=***_runtime_set
AIRFLOW_CTX_EXECUTION_DATE=2022-07-07T06:00:00+00:00
AIRFLOW_CTX_DAG_RUN_ID=scheduled__2022-07-07T06:00:00+00:00
[2022-07-07 07:48:19,240] {warnings.py:110} WARNING - /home/***/.local/lib/python3.7/site-packages/***/utils/context.py:156: AirflowContextDeprecationWarning: Accessing 'execution_date' from the template is deprecated and will be removed in a future version. Please use 'data_interval_start' or 'logical_date' instead.
  warnings.warn(_create_deprecation_warning(key, self._deprecation_replacements[key]))

[2022-07-07 07:48:19,240] {upbit_bitcoin.py:24} INFO - start here
[2022-07-07 07:48:19,240] {upbit_bitcoin.py:25} INFO - 2022-07-07T06:00:00+00:00
[2022-07-07 07:48:19,240] {taskinstance.py:1718} ERROR - Task failed with exception
Traceback (most recent call last):
  File "/home/airflow/.local/lib/python3.7/site-packages/airflow/models/taskinstance.py", line 1334, in _run_raw_task
    self._execute_task_with_callbacks(context)
  File "/home/airflow/.local/lib/python3.7/site-packages/airflow/models/taskinstance.py", line 1460, in _execute_task_with_callbacks
    result = self._execute_task(context, self.task)
  File "/home/airflow/.local/lib/python3.7/site-packages/airflow/models/taskinstance.py", line 1516, in _execute_task
    result = execute_callable(context=context)
  File "/home/airflow/.local/lib/python3.7/site-packages/airflow/operators/python.py", line 174, in execute
    return_value = self.execute_callable()
  File "/home/airflow/.local/lib/python3.7/site-packages/airflow/operators/python.py", line 188, in execute_callable
    return self.python_callable(*self.op_args, **self.op_kwargs)
  File "/opt/airflow/dags/upbit_bitcoin.py", line 26, in time_setting
    EXEC_DATE = {{ (execution_date + macros.timedelta(days=1)).strftime('%Y-%m-%d/%H:%M') }}
NameError: name 'macros' is not defined
[2022-07-07 07:48:19,255] {taskinstance.py:1282} INFO - Marking task as FAILED. dag_id=upbit_bitcoin, task_id=***_runtime_set, execution_date=20220707T060000, start_date=20220707T074819, end_date=20220707T074819
[2022-07-07 07:48:19,274] {standard_task_runner.py:92} ERROR - Failed to execute job 675 for task ***_runtime_set
Traceback (most recent call last):
  File "/home/airflow/.local/lib/python3.7/site-packages/airflow/task/task_runner/standard_task_runner.py", line 85, in _start_by_fork
    args.func(args, dag=self.dag)
  File "/home/airflow/.local/lib/python3.7/site-packages/airflow/cli/cli_parser.py", line 48, in command
    return func(*args, **kwargs)
  File "/home/airflow/.local/lib/python3.7/site-packages/airflow/utils/cli.py", line 92, in wrapper
    return f(*args, **kwargs)
  File "/home/airflow/.local/lib/python3.7/site-packages/airflow/cli/commands/task_command.py", line 298, in task_run
    _run_task_by_selected_method(args, dag, ti)
  File "/home/airflow/.local/lib/python3.7/site-packages/airflow/cli/commands/task_command.py", line 107, in _run_task_by_selected_method
    _run_raw_task(args, ti)
  File "/home/airflow/.local/lib/python3.7/site-packages/airflow/cli/commands/task_command.py", line 184, in _run_raw_task
    error_file=args.error_file,
  File "/home/airflow/.local/lib/python3.7/site-packages/airflow/utils/session.py", line 70, in wrapper
    return func(*args, session=session, **kwargs)
  File "/home/airflow/.local/lib/python3.7/site-packages/airflow/models/taskinstance.py", line 1334, in _run_raw_task
    self._execute_task_with_callbacks(context)
  File "/home/airflow/.local/lib/python3.7/site-packages/airflow/models/taskinstance.py", line 1460, in _execute_task_with_callbacks
    result = self._execute_task(context, self.task)
  File "/home/airflow/.local/lib/python3.7/site-packages/airflow/models/taskinstance.py", line 1516, in _execute_task
    result = execute_callable(context=context)
  File "/home/airflow/.local/lib/python3.7/site-packages/airflow/operators/python.py", line 174, in execute
    return_value = self.execute_callable()
  File "/home/airflow/.local/lib/python3.7/site-packages/airflow/operators/python.py", line 188, in execute_callable
    return self.python_callable(*self.op_args, **self.op_kwargs)
  File "/opt/airflow/dags/upbit_bitcoin.py", line 26, in time_setting
    EXEC_DATE = {{ (execution_date + macros.timedelta(days=1)).strftime('%Y-%m-%d/%H:%M') }}
NameError: name 'macros' is not defined
[2022-07-07 07:48:19,301] {local_task_job.py:154} INFO - Task exited with return code 1
[2022-07-07 07:48:19,371] {local_task_job.py:264} INFO - 0 downstream tasks scheduled from follow-on schedule check
[2022-07-07 07:49:59,206] {taskinstance.py:1037} INFO - Dependencies all met for <TaskInstance: upbit_bitcoin.airflow_runtime_set scheduled__2022-07-07T06:00:00+00:00 [queued]>
[2022-07-07 07:49:59,226] {taskinstance.py:1037} INFO - Dependencies all met for <TaskInstance: upbit_bitcoin.airflow_runtime_set scheduled__2022-07-07T06:00:00+00:00 [queued]>
[2022-07-07 07:49:59,226] {taskinstance.py:1243} INFO - 
--------------------------------------------------------------------------------
[2022-07-07 07:49:59,226] {taskinstance.py:1244} INFO - Starting attempt 1 of 1
[2022-07-07 07:49:59,226] {taskinstance.py:1245} INFO - 
--------------------------------------------------------------------------------
[2022-07-07 07:49:59,244] {taskinstance.py:1264} INFO - Executing <Task(PythonOperator): airflow_runtime_set> on 2022-07-07 06:00:00+00:00
[2022-07-07 07:49:59,250] {standard_task_runner.py:52} INFO - Started process 3124 to run task
[2022-07-07 07:49:59,254] {standard_task_runner.py:76} INFO - Running: ['***', 'tasks', 'run', 'upbit_bitcoin', '***_runtime_set', 'scheduled__2022-07-07T06:00:00+00:00', '--job-id', '678', '--raw', '--subdir', 'DAGS_FOLDER/upbit_bitcoin.py', '--cfg-path', '/tmp/tmpqphej1ld', '--error-file', '/tmp/tmpchlbhrgr']
[2022-07-07 07:49:59,255] {standard_task_runner.py:77} INFO - Job 678: Subtask ***_runtime_set
[2022-07-07 07:49:59,328] {logging_mixin.py:109} INFO - Running <TaskInstance: upbit_bitcoin.***_runtime_set scheduled__2022-07-07T06:00:00+00:00 [running]> on host 9514ca4c721b
[2022-07-07 07:49:59,418] {taskinstance.py:1431} INFO - Exporting the following env vars:
AIRFLOW_CTX_DAG_OWNER=***
AIRFLOW_CTX_DAG_ID=upbit_bitcoin
AIRFLOW_CTX_TASK_ID=***_runtime_set
AIRFLOW_CTX_EXECUTION_DATE=2022-07-07T06:00:00+00:00
AIRFLOW_CTX_DAG_RUN_ID=scheduled__2022-07-07T06:00:00+00:00
[2022-07-07 07:49:59,419] {warnings.py:110} WARNING - /home/***/.local/lib/python3.7/site-packages/***/utils/context.py:156: AirflowContextDeprecationWarning: Accessing 'execution_date' from the template is deprecated and will be removed in a future version. Please use 'data_interval_start' or 'logical_date' instead.
  warnings.warn(_create_deprecation_warning(key, self._deprecation_replacements[key]))

[2022-07-07 07:49:59,420] {upbit_bitcoin.py:24} INFO - start here
[2022-07-07 07:49:59,420] {upbit_bitcoin.py:25} INFO - 2022-07-07T06:00:00+00:00
[2022-07-07 07:49:59,420] {taskinstance.py:1718} ERROR - Task failed with exception
Traceback (most recent call last):
  File "/home/airflow/.local/lib/python3.7/site-packages/airflow/models/taskinstance.py", line 1334, in _run_raw_task
    self._execute_task_with_callbacks(context)
  File "/home/airflow/.local/lib/python3.7/site-packages/airflow/models/taskinstance.py", line 1460, in _execute_task_with_callbacks
    result = self._execute_task(context, self.task)
  File "/home/airflow/.local/lib/python3.7/site-packages/airflow/models/taskinstance.py", line 1516, in _execute_task
    result = execute_callable(context=context)
  File "/home/airflow/.local/lib/python3.7/site-packages/airflow/operators/python.py", line 174, in execute
    return_value = self.execute_callable()
  File "/home/airflow/.local/lib/python3.7/site-packages/airflow/operators/python.py", line 188, in execute_callable
    return self.python_callable(*self.op_args, **self.op_kwargs)
  File "/opt/airflow/dags/upbit_bitcoin.py", line 26, in time_setting
    EXEC_DATE = {{ (execution_date + macros.timedelta(days=1)).strftime('%Y-%m-%d/%H:%M') }}
NameError: name 'macros' is not defined
[2022-07-07 07:49:59,436] {taskinstance.py:1282} INFO - Marking task as FAILED. dag_id=upbit_bitcoin, task_id=***_runtime_set, execution_date=20220707T060000, start_date=20220707T074959, end_date=20220707T074959
[2022-07-07 07:49:59,456] {standard_task_runner.py:92} ERROR - Failed to execute job 678 for task ***_runtime_set
Traceback (most recent call last):
  File "/home/airflow/.local/lib/python3.7/site-packages/airflow/task/task_runner/standard_task_runner.py", line 85, in _start_by_fork
    args.func(args, dag=self.dag)
  File "/home/airflow/.local/lib/python3.7/site-packages/airflow/cli/cli_parser.py", line 48, in command
    return func(*args, **kwargs)
  File "/home/airflow/.local/lib/python3.7/site-packages/airflow/utils/cli.py", line 92, in wrapper
    return f(*args, **kwargs)
  File "/home/airflow/.local/lib/python3.7/site-packages/airflow/cli/commands/task_command.py", line 298, in task_run
    _run_task_by_selected_method(args, dag, ti)
  File "/home/airflow/.local/lib/python3.7/site-packages/airflow/cli/commands/task_command.py", line 107, in _run_task_by_selected_method
    _run_raw_task(args, ti)
  File "/home/airflow/.local/lib/python3.7/site-packages/airflow/cli/commands/task_command.py", line 184, in _run_raw_task
    error_file=args.error_file,
  File "/home/airflow/.local/lib/python3.7/site-packages/airflow/utils/session.py", line 70, in wrapper
    return func(*args, session=session, **kwargs)
  File "/home/airflow/.local/lib/python3.7/site-packages/airflow/models/taskinstance.py", line 1334, in _run_raw_task
    self._execute_task_with_callbacks(context)
  File "/home/airflow/.local/lib/python3.7/site-packages/airflow/models/taskinstance.py", line 1460, in _execute_task_with_callbacks
    result = self._execute_task(context, self.task)
  File "/home/airflow/.local/lib/python3.7/site-packages/airflow/models/taskinstance.py", line 1516, in _execute_task
    result = execute_callable(context=context)
  File "/home/airflow/.local/lib/python3.7/site-packages/airflow/operators/python.py", line 174, in execute
    return_value = self.execute_callable()
  File "/home/airflow/.local/lib/python3.7/site-packages/airflow/operators/python.py", line 188, in execute_callable
    return self.python_callable(*self.op_args, **self.op_kwargs)
  File "/opt/airflow/dags/upbit_bitcoin.py", line 26, in time_setting
    EXEC_DATE = {{ (execution_date + macros.timedelta(days=1)).strftime('%Y-%m-%d/%H:%M') }}
NameError: name 'macros' is not defined
[2022-07-07 07:49:59,468] {local_task_job.py:154} INFO - Task exited with return code 1
[2022-07-07 07:49:59,530] {local_task_job.py:264} INFO - 0 downstream tasks scheduled from follow-on schedule check
[2022-07-07 07:54:21,145] {taskinstance.py:1037} INFO - Dependencies all met for <TaskInstance: upbit_bitcoin.airflow_runtime_set scheduled__2022-07-07T06:00:00+00:00 [queued]>
[2022-07-07 07:54:21,159] {taskinstance.py:1037} INFO - Dependencies all met for <TaskInstance: upbit_bitcoin.airflow_runtime_set scheduled__2022-07-07T06:00:00+00:00 [queued]>
[2022-07-07 07:54:21,159] {taskinstance.py:1243} INFO - 
--------------------------------------------------------------------------------
[2022-07-07 07:54:21,160] {taskinstance.py:1244} INFO - Starting attempt 1 of 1
[2022-07-07 07:54:21,160] {taskinstance.py:1245} INFO - 
--------------------------------------------------------------------------------
[2022-07-07 07:54:21,178] {taskinstance.py:1264} INFO - Executing <Task(PythonOperator): airflow_runtime_set> on 2022-07-07 06:00:00+00:00
[2022-07-07 07:54:21,186] {standard_task_runner.py:52} INFO - Started process 3287 to run task
[2022-07-07 07:54:21,192] {standard_task_runner.py:76} INFO - Running: ['***', 'tasks', 'run', 'upbit_bitcoin', '***_runtime_set', 'scheduled__2022-07-07T06:00:00+00:00', '--job-id', '681', '--raw', '--subdir', 'DAGS_FOLDER/upbit_bitcoin.py', '--cfg-path', '/tmp/tmpnrpo9aqp', '--error-file', '/tmp/tmpb_sw0p4s']
[2022-07-07 07:54:21,193] {standard_task_runner.py:77} INFO - Job 681: Subtask ***_runtime_set
[2022-07-07 07:54:21,255] {logging_mixin.py:109} INFO - Running <TaskInstance: upbit_bitcoin.***_runtime_set scheduled__2022-07-07T06:00:00+00:00 [running]> on host 9514ca4c721b
[2022-07-07 07:54:21,315] {taskinstance.py:1431} INFO - Exporting the following env vars:
AIRFLOW_CTX_DAG_OWNER=***
AIRFLOW_CTX_DAG_ID=upbit_bitcoin
AIRFLOW_CTX_TASK_ID=***_runtime_set
AIRFLOW_CTX_EXECUTION_DATE=2022-07-07T06:00:00+00:00
AIRFLOW_CTX_DAG_RUN_ID=scheduled__2022-07-07T06:00:00+00:00
[2022-07-07 07:54:21,316] {upbit_bitcoin.py:22} INFO - start here
[2022-07-07 07:54:21,316] {upbit_bitcoin.py:23} INFO - 2022-07-07T06:00:00+00:00
[2022-07-07 07:54:21,316] {taskinstance.py:1718} ERROR - Task failed with exception
Traceback (most recent call last):
  File "/home/airflow/.local/lib/python3.7/site-packages/airflow/models/taskinstance.py", line 1334, in _run_raw_task
    self._execute_task_with_callbacks(context)
  File "/home/airflow/.local/lib/python3.7/site-packages/airflow/models/taskinstance.py", line 1460, in _execute_task_with_callbacks
    result = self._execute_task(context, self.task)
  File "/home/airflow/.local/lib/python3.7/site-packages/airflow/models/taskinstance.py", line 1516, in _execute_task
    result = execute_callable(context=context)
  File "/home/airflow/.local/lib/python3.7/site-packages/airflow/operators/python.py", line 174, in execute
    return_value = self.execute_callable()
  File "/home/airflow/.local/lib/python3.7/site-packages/airflow/operators/python.py", line 188, in execute_callable
    return self.python_callable(*self.op_args, **self.op_kwargs)
  File "/opt/airflow/dags/upbit_bitcoin.py", line 24, in time_setting
    EXEC_DATE = (ts + macros.timedelta(days=1)).strftime('%Y-%m-%d/%H:%M')
NameError: name 'macros' is not defined
[2022-07-07 07:54:21,330] {taskinstance.py:1282} INFO - Marking task as FAILED. dag_id=upbit_bitcoin, task_id=***_runtime_set, execution_date=20220707T060000, start_date=20220707T075421, end_date=20220707T075421
[2022-07-07 07:54:21,347] {standard_task_runner.py:92} ERROR - Failed to execute job 681 for task ***_runtime_set
Traceback (most recent call last):
  File "/home/airflow/.local/lib/python3.7/site-packages/airflow/task/task_runner/standard_task_runner.py", line 85, in _start_by_fork
    args.func(args, dag=self.dag)
  File "/home/airflow/.local/lib/python3.7/site-packages/airflow/cli/cli_parser.py", line 48, in command
    return func(*args, **kwargs)
  File "/home/airflow/.local/lib/python3.7/site-packages/airflow/utils/cli.py", line 92, in wrapper
    return f(*args, **kwargs)
  File "/home/airflow/.local/lib/python3.7/site-packages/airflow/cli/commands/task_command.py", line 298, in task_run
    _run_task_by_selected_method(args, dag, ti)
  File "/home/airflow/.local/lib/python3.7/site-packages/airflow/cli/commands/task_command.py", line 107, in _run_task_by_selected_method
    _run_raw_task(args, ti)
  File "/home/airflow/.local/lib/python3.7/site-packages/airflow/cli/commands/task_command.py", line 184, in _run_raw_task
    error_file=args.error_file,
  File "/home/airflow/.local/lib/python3.7/site-packages/airflow/utils/session.py", line 70, in wrapper
    return func(*args, session=session, **kwargs)
  File "/home/airflow/.local/lib/python3.7/site-packages/airflow/models/taskinstance.py", line 1334, in _run_raw_task
    self._execute_task_with_callbacks(context)
  File "/home/airflow/.local/lib/python3.7/site-packages/airflow/models/taskinstance.py", line 1460, in _execute_task_with_callbacks
    result = self._execute_task(context, self.task)
  File "/home/airflow/.local/lib/python3.7/site-packages/airflow/models/taskinstance.py", line 1516, in _execute_task
    result = execute_callable(context=context)
  File "/home/airflow/.local/lib/python3.7/site-packages/airflow/operators/python.py", line 174, in execute
    return_value = self.execute_callable()
  File "/home/airflow/.local/lib/python3.7/site-packages/airflow/operators/python.py", line 188, in execute_callable
    return self.python_callable(*self.op_args, **self.op_kwargs)
  File "/opt/airflow/dags/upbit_bitcoin.py", line 24, in time_setting
    EXEC_DATE = (ts + macros.timedelta(days=1)).strftime('%Y-%m-%d/%H:%M')
NameError: name 'macros' is not defined
[2022-07-07 07:54:21,364] {local_task_job.py:154} INFO - Task exited with return code 1
[2022-07-07 07:54:21,411] {local_task_job.py:264} INFO - 0 downstream tasks scheduled from follow-on schedule check
[2022-07-07 07:55:02,971] {taskinstance.py:1037} INFO - Dependencies all met for <TaskInstance: upbit_bitcoin.airflow_runtime_set scheduled__2022-07-07T06:00:00+00:00 [queued]>
[2022-07-07 07:55:03,010] {taskinstance.py:1037} INFO - Dependencies all met for <TaskInstance: upbit_bitcoin.airflow_runtime_set scheduled__2022-07-07T06:00:00+00:00 [queued]>
[2022-07-07 07:55:03,010] {taskinstance.py:1243} INFO - 
--------------------------------------------------------------------------------
[2022-07-07 07:55:03,010] {taskinstance.py:1244} INFO - Starting attempt 1 of 1
[2022-07-07 07:55:03,010] {taskinstance.py:1245} INFO - 
--------------------------------------------------------------------------------
[2022-07-07 07:55:03,063] {taskinstance.py:1264} INFO - Executing <Task(PythonOperator): airflow_runtime_set> on 2022-07-07 06:00:00+00:00
[2022-07-07 07:55:03,069] {standard_task_runner.py:52} INFO - Started process 3323 to run task
[2022-07-07 07:55:03,100] {standard_task_runner.py:76} INFO - Running: ['***', 'tasks', 'run', 'upbit_bitcoin', '***_runtime_set', 'scheduled__2022-07-07T06:00:00+00:00', '--job-id', '686', '--raw', '--subdir', 'DAGS_FOLDER/upbit_bitcoin.py', '--cfg-path', '/tmp/tmplauye3rq', '--error-file', '/tmp/tmpmgxzy4n7']
[2022-07-07 07:55:03,100] {standard_task_runner.py:77} INFO - Job 686: Subtask ***_runtime_set
[2022-07-07 07:55:03,318] {logging_mixin.py:109} INFO - Running <TaskInstance: upbit_bitcoin.***_runtime_set scheduled__2022-07-07T06:00:00+00:00 [running]> on host 9514ca4c721b
[2022-07-07 07:55:03,429] {taskinstance.py:1431} INFO - Exporting the following env vars:
AIRFLOW_CTX_DAG_OWNER=***
AIRFLOW_CTX_DAG_ID=upbit_bitcoin
AIRFLOW_CTX_TASK_ID=***_runtime_set
AIRFLOW_CTX_EXECUTION_DATE=2022-07-07T06:00:00+00:00
AIRFLOW_CTX_DAG_RUN_ID=scheduled__2022-07-07T06:00:00+00:00
[2022-07-07 07:55:03,430] {upbit_bitcoin.py:22} INFO - start here
[2022-07-07 07:55:03,430] {upbit_bitcoin.py:23} INFO - 2022-07-07T06:00:00+00:00
[2022-07-07 07:55:03,431] {upbit_bitcoin.py:24} INFO - end here
[2022-07-07 07:55:03,431] {python.py:175} INFO - Done. Returned value was: 2022-07-07T06:00:00+00:00
[2022-07-07 07:55:03,478] {taskinstance.py:1282} INFO - Marking task as SUCCESS. dag_id=upbit_bitcoin, task_id=***_runtime_set, execution_date=20220707T060000, start_date=20220707T075502, end_date=20220707T075503
[2022-07-07 07:55:03,537] {local_task_job.py:154} INFO - Task exited with return code 0
[2022-07-07 07:55:03,606] {local_task_job.py:264} INFO - 1 downstream tasks scheduled from follow-on schedule check
[2022-07-07 07:56:29,761] {taskinstance.py:1037} INFO - Dependencies all met for <TaskInstance: upbit_bitcoin.airflow_runtime_set scheduled__2022-07-07T06:00:00+00:00 [queued]>
[2022-07-07 07:56:29,778] {taskinstance.py:1037} INFO - Dependencies all met for <TaskInstance: upbit_bitcoin.airflow_runtime_set scheduled__2022-07-07T06:00:00+00:00 [queued]>
[2022-07-07 07:56:29,778] {taskinstance.py:1243} INFO - 
--------------------------------------------------------------------------------
[2022-07-07 07:56:29,778] {taskinstance.py:1244} INFO - Starting attempt 1 of 1
[2022-07-07 07:56:29,778] {taskinstance.py:1245} INFO - 
--------------------------------------------------------------------------------
[2022-07-07 07:56:29,798] {taskinstance.py:1264} INFO - Executing <Task(PythonOperator): airflow_runtime_set> on 2022-07-07 06:00:00+00:00
[2022-07-07 07:56:29,803] {standard_task_runner.py:52} INFO - Started process 3378 to run task
[2022-07-07 07:56:29,808] {standard_task_runner.py:76} INFO - Running: ['***', 'tasks', 'run', 'upbit_bitcoin', '***_runtime_set', 'scheduled__2022-07-07T06:00:00+00:00', '--job-id', '692', '--raw', '--subdir', 'DAGS_FOLDER/upbit_bitcoin.py', '--cfg-path', '/tmp/tmpjaz8skr8', '--error-file', '/tmp/tmp63vsn6vz']
[2022-07-07 07:56:29,809] {standard_task_runner.py:77} INFO - Job 692: Subtask ***_runtime_set
[2022-07-07 07:56:29,886] {logging_mixin.py:109} INFO - Running <TaskInstance: upbit_bitcoin.***_runtime_set scheduled__2022-07-07T06:00:00+00:00 [running]> on host 9514ca4c721b
[2022-07-07 07:56:30,005] {taskinstance.py:1431} INFO - Exporting the following env vars:
AIRFLOW_CTX_DAG_OWNER=***
AIRFLOW_CTX_DAG_ID=upbit_bitcoin
AIRFLOW_CTX_TASK_ID=***_runtime_set
AIRFLOW_CTX_EXECUTION_DATE=2022-07-07T06:00:00+00:00
AIRFLOW_CTX_DAG_RUN_ID=scheduled__2022-07-07T06:00:00+00:00
[2022-07-07 07:56:30,006] {upbit_bitcoin.py:22} INFO - start here
[2022-07-07 07:56:30,006] {upbit_bitcoin.py:23} INFO - 2022-07-07T06:00:00+00:00
[2022-07-07 07:56:30,006] {upbit_bitcoin.py:24} INFO - end here
[2022-07-07 07:56:30,007] {python.py:175} INFO - Done. Returned value was: 2022-07-07T06:00:00+00:00
[2022-07-07 07:56:30,041] {taskinstance.py:1282} INFO - Marking task as SUCCESS. dag_id=upbit_bitcoin, task_id=***_runtime_set, execution_date=20220707T060000, start_date=20220707T075629, end_date=20220707T075630
[2022-07-07 07:56:30,107] {local_task_job.py:154} INFO - Task exited with return code 0
[2022-07-07 07:56:30,175] {local_task_job.py:264} INFO - 0 downstream tasks scheduled from follow-on schedule check
[2022-07-07 07:58:46,164] {taskinstance.py:1037} INFO - Dependencies all met for <TaskInstance: upbit_bitcoin.airflow_runtime_set scheduled__2022-07-07T06:00:00+00:00 [queued]>
[2022-07-07 07:58:46,179] {taskinstance.py:1037} INFO - Dependencies all met for <TaskInstance: upbit_bitcoin.airflow_runtime_set scheduled__2022-07-07T06:00:00+00:00 [queued]>
[2022-07-07 07:58:46,179] {taskinstance.py:1243} INFO - 
--------------------------------------------------------------------------------
[2022-07-07 07:58:46,180] {taskinstance.py:1244} INFO - Starting attempt 1 of 1
[2022-07-07 07:58:46,180] {taskinstance.py:1245} INFO - 
--------------------------------------------------------------------------------
[2022-07-07 07:58:46,199] {taskinstance.py:1264} INFO - Executing <Task(PythonOperator): airflow_runtime_set> on 2022-07-07 06:00:00+00:00
[2022-07-07 07:58:46,205] {standard_task_runner.py:52} INFO - Started process 3475 to run task
[2022-07-07 07:58:46,210] {standard_task_runner.py:76} INFO - Running: ['***', 'tasks', 'run', 'upbit_bitcoin', '***_runtime_set', 'scheduled__2022-07-07T06:00:00+00:00', '--job-id', '698', '--raw', '--subdir', 'DAGS_FOLDER/upbit_bitcoin.py', '--cfg-path', '/tmp/tmpumez1orh', '--error-file', '/tmp/tmp5q8na7cg']
[2022-07-07 07:58:46,211] {standard_task_runner.py:77} INFO - Job 698: Subtask ***_runtime_set
[2022-07-07 07:58:46,276] {logging_mixin.py:109} INFO - Running <TaskInstance: upbit_bitcoin.***_runtime_set scheduled__2022-07-07T06:00:00+00:00 [running]> on host 9514ca4c721b
[2022-07-07 07:58:46,344] {taskinstance.py:1431} INFO - Exporting the following env vars:
AIRFLOW_CTX_DAG_OWNER=***
AIRFLOW_CTX_DAG_ID=upbit_bitcoin
AIRFLOW_CTX_TASK_ID=***_runtime_set
AIRFLOW_CTX_EXECUTION_DATE=2022-07-07T06:00:00+00:00
AIRFLOW_CTX_DAG_RUN_ID=scheduled__2022-07-07T06:00:00+00:00
[2022-07-07 07:58:46,345] {upbit_bitcoin.py:22} INFO - start here
[2022-07-07 07:58:46,346] {upbit_bitcoin.py:23} INFO - 2022-07-07T06:00:00+00:00
[2022-07-07 07:58:46,346] {upbit_bitcoin.py:24} INFO - end here
[2022-07-07 07:58:46,346] {python.py:175} INFO - Done. Returned value was: 2022-07-07T06:00:00+00:00
[2022-07-07 07:58:46,359] {taskinstance.py:1282} INFO - Marking task as SUCCESS. dag_id=upbit_bitcoin, task_id=***_runtime_set, execution_date=20220707T060000, start_date=20220707T075846, end_date=20220707T075846
[2022-07-07 07:58:46,382] {local_task_job.py:154} INFO - Task exited with return code 0
[2022-07-07 07:58:46,434] {local_task_job.py:264} INFO - 1 downstream tasks scheduled from follow-on schedule check
[2022-07-07 08:00:45,713] {taskinstance.py:1037} INFO - Dependencies all met for <TaskInstance: upbit_bitcoin.airflow_runtime_set scheduled__2022-07-07T06:00:00+00:00 [queued]>
[2022-07-07 08:00:45,745] {taskinstance.py:1037} INFO - Dependencies all met for <TaskInstance: upbit_bitcoin.airflow_runtime_set scheduled__2022-07-07T06:00:00+00:00 [queued]>
[2022-07-07 08:00:45,746] {taskinstance.py:1243} INFO - 
--------------------------------------------------------------------------------
[2022-07-07 08:00:45,747] {taskinstance.py:1244} INFO - Starting attempt 1 of 1
[2022-07-07 08:00:45,747] {taskinstance.py:1245} INFO - 
--------------------------------------------------------------------------------
[2022-07-07 08:00:45,868] {taskinstance.py:1264} INFO - Executing <Task(PythonOperator): airflow_runtime_set> on 2022-07-07 06:00:00+00:00
[2022-07-07 08:00:45,877] {standard_task_runner.py:52} INFO - Started process 3574 to run task
[2022-07-07 08:00:45,895] {standard_task_runner.py:76} INFO - Running: ['***', 'tasks', 'run', 'upbit_bitcoin', '***_runtime_set', 'scheduled__2022-07-07T06:00:00+00:00', '--job-id', '706', '--raw', '--subdir', 'DAGS_FOLDER/upbit_bitcoin.py', '--cfg-path', '/tmp/tmpeerv3bg2', '--error-file', '/tmp/tmpigp4l2w5']
[2022-07-07 08:00:45,896] {standard_task_runner.py:77} INFO - Job 706: Subtask ***_runtime_set
[2022-07-07 08:00:46,310] {logging_mixin.py:109} INFO - Running <TaskInstance: upbit_bitcoin.***_runtime_set scheduled__2022-07-07T06:00:00+00:00 [running]> on host 9514ca4c721b
[2022-07-07 08:00:46,529] {taskinstance.py:1431} INFO - Exporting the following env vars:
AIRFLOW_CTX_DAG_OWNER=***
AIRFLOW_CTX_DAG_ID=upbit_bitcoin
AIRFLOW_CTX_TASK_ID=***_runtime_set
AIRFLOW_CTX_EXECUTION_DATE=2022-07-07T06:00:00+00:00
AIRFLOW_CTX_DAG_RUN_ID=scheduled__2022-07-07T06:00:00+00:00
[2022-07-07 08:00:46,530] {upbit_bitcoin.py:22} INFO - start here
[2022-07-07 08:00:46,531] {upbit_bitcoin.py:23} INFO - 2022-07-07T06:00:00+00:00
[2022-07-07 08:00:46,531] {upbit_bitcoin.py:24} INFO - end here
[2022-07-07 08:00:46,531] {python.py:175} INFO - Done. Returned value was: 2022-07-07T06:00:00+00:00
[2022-07-07 08:00:46,701] {taskinstance.py:1282} INFO - Marking task as SUCCESS. dag_id=upbit_bitcoin, task_id=***_runtime_set, execution_date=20220707T060000, start_date=20220707T080045, end_date=20220707T080046
[2022-07-07 08:00:46,837] {local_task_job.py:154} INFO - Task exited with return code 0
[2022-07-07 08:00:46,964] {local_task_job.py:264} INFO - 1 downstream tasks scheduled from follow-on schedule check
[2022-07-07 08:08:46,723] {taskinstance.py:1037} INFO - Dependencies all met for <TaskInstance: upbit_bitcoin.airflow_runtime_set scheduled__2022-07-07T06:00:00+00:00 [queued]>
[2022-07-07 08:08:46,738] {taskinstance.py:1037} INFO - Dependencies all met for <TaskInstance: upbit_bitcoin.airflow_runtime_set scheduled__2022-07-07T06:00:00+00:00 [queued]>
[2022-07-07 08:08:46,739] {taskinstance.py:1243} INFO - 
--------------------------------------------------------------------------------
[2022-07-07 08:08:46,739] {taskinstance.py:1244} INFO - Starting attempt 1 of 1
[2022-07-07 08:08:46,739] {taskinstance.py:1245} INFO - 
--------------------------------------------------------------------------------
[2022-07-07 08:08:46,760] {taskinstance.py:1264} INFO - Executing <Task(PythonOperator): airflow_runtime_set> on 2022-07-07 06:00:00+00:00
[2022-07-07 08:08:46,765] {standard_task_runner.py:52} INFO - Started process 3893 to run task
[2022-07-07 08:08:46,770] {standard_task_runner.py:76} INFO - Running: ['***', 'tasks', 'run', 'upbit_bitcoin', '***_runtime_set', 'scheduled__2022-07-07T06:00:00+00:00', '--job-id', '712', '--raw', '--subdir', 'DAGS_FOLDER/upbit_bitcoin.py', '--cfg-path', '/tmp/tmprfuewzhj', '--error-file', '/tmp/tmp8whtmuku']
[2022-07-07 08:08:46,771] {standard_task_runner.py:77} INFO - Job 712: Subtask ***_runtime_set
[2022-07-07 08:08:46,871] {logging_mixin.py:109} INFO - Running <TaskInstance: upbit_bitcoin.***_runtime_set scheduled__2022-07-07T06:00:00+00:00 [running]> on host 9514ca4c721b
[2022-07-07 08:08:47,027] {taskinstance.py:1431} INFO - Exporting the following env vars:
AIRFLOW_CTX_DAG_OWNER=***
AIRFLOW_CTX_DAG_ID=upbit_bitcoin
AIRFLOW_CTX_TASK_ID=***_runtime_set
AIRFLOW_CTX_EXECUTION_DATE=2022-07-07T06:00:00+00:00
AIRFLOW_CTX_DAG_RUN_ID=scheduled__2022-07-07T06:00:00+00:00
[2022-07-07 08:08:47,033] {upbit_bitcoin.py:19} INFO - start here
[2022-07-07 08:08:47,033] {upbit_bitcoin.py:20} INFO - 2022-07-07T06:00:00+00:00
[2022-07-07 08:08:47,034] {taskinstance.py:1718} ERROR - Task failed with exception
Traceback (most recent call last):
  File "/home/airflow/.local/lib/python3.7/site-packages/airflow/models/taskinstance.py", line 1334, in _run_raw_task
    self._execute_task_with_callbacks(context)
  File "/home/airflow/.local/lib/python3.7/site-packages/airflow/models/taskinstance.py", line 1460, in _execute_task_with_callbacks
    result = self._execute_task(context, self.task)
  File "/home/airflow/.local/lib/python3.7/site-packages/airflow/models/taskinstance.py", line 1516, in _execute_task
    result = execute_callable(context=context)
  File "/home/airflow/.local/lib/python3.7/site-packages/airflow/operators/python.py", line 174, in execute
    return_value = self.execute_callable()
  File "/home/airflow/.local/lib/python3.7/site-packages/airflow/operators/python.py", line 188, in execute_callable
    return self.python_callable(*self.op_args, **self.op_kwargs)
  File "/opt/airflow/dags/upbit_bitcoin.py", line 21, in time_setting
    logging.info(datetime(ts))
TypeError: an integer is required (got type str)
[2022-07-07 08:08:47,052] {taskinstance.py:1282} INFO - Marking task as FAILED. dag_id=upbit_bitcoin, task_id=***_runtime_set, execution_date=20220707T060000, start_date=20220707T080846, end_date=20220707T080847
[2022-07-07 08:08:47,075] {standard_task_runner.py:92} ERROR - Failed to execute job 712 for task ***_runtime_set
Traceback (most recent call last):
  File "/home/airflow/.local/lib/python3.7/site-packages/airflow/task/task_runner/standard_task_runner.py", line 85, in _start_by_fork
    args.func(args, dag=self.dag)
  File "/home/airflow/.local/lib/python3.7/site-packages/airflow/cli/cli_parser.py", line 48, in command
    return func(*args, **kwargs)
  File "/home/airflow/.local/lib/python3.7/site-packages/airflow/utils/cli.py", line 92, in wrapper
    return f(*args, **kwargs)
  File "/home/airflow/.local/lib/python3.7/site-packages/airflow/cli/commands/task_command.py", line 298, in task_run
    _run_task_by_selected_method(args, dag, ti)
  File "/home/airflow/.local/lib/python3.7/site-packages/airflow/cli/commands/task_command.py", line 107, in _run_task_by_selected_method
    _run_raw_task(args, ti)
  File "/home/airflow/.local/lib/python3.7/site-packages/airflow/cli/commands/task_command.py", line 184, in _run_raw_task
    error_file=args.error_file,
  File "/home/airflow/.local/lib/python3.7/site-packages/airflow/utils/session.py", line 70, in wrapper
    return func(*args, session=session, **kwargs)
  File "/home/airflow/.local/lib/python3.7/site-packages/airflow/models/taskinstance.py", line 1334, in _run_raw_task
    self._execute_task_with_callbacks(context)
  File "/home/airflow/.local/lib/python3.7/site-packages/airflow/models/taskinstance.py", line 1460, in _execute_task_with_callbacks
    result = self._execute_task(context, self.task)
  File "/home/airflow/.local/lib/python3.7/site-packages/airflow/models/taskinstance.py", line 1516, in _execute_task
    result = execute_callable(context=context)
  File "/home/airflow/.local/lib/python3.7/site-packages/airflow/operators/python.py", line 174, in execute
    return_value = self.execute_callable()
  File "/home/airflow/.local/lib/python3.7/site-packages/airflow/operators/python.py", line 188, in execute_callable
    return self.python_callable(*self.op_args, **self.op_kwargs)
  File "/opt/airflow/dags/upbit_bitcoin.py", line 21, in time_setting
    logging.info(datetime(ts))
TypeError: an integer is required (got type str)
[2022-07-07 08:08:47,119] {local_task_job.py:154} INFO - Task exited with return code 1
[2022-07-07 08:08:47,168] {local_task_job.py:264} INFO - 0 downstream tasks scheduled from follow-on schedule check
[2022-07-07 08:16:13,085] {taskinstance.py:1037} INFO - Dependencies all met for <TaskInstance: upbit_bitcoin.airflow_runtime_set scheduled__2022-07-07T06:00:00+00:00 [queued]>
[2022-07-07 08:16:13,104] {taskinstance.py:1037} INFO - Dependencies all met for <TaskInstance: upbit_bitcoin.airflow_runtime_set scheduled__2022-07-07T06:00:00+00:00 [queued]>
[2022-07-07 08:16:13,104] {taskinstance.py:1243} INFO - 
--------------------------------------------------------------------------------
[2022-07-07 08:16:13,104] {taskinstance.py:1244} INFO - Starting attempt 1 of 1
[2022-07-07 08:16:13,104] {taskinstance.py:1245} INFO - 
--------------------------------------------------------------------------------
[2022-07-07 08:16:13,131] {taskinstance.py:1264} INFO - Executing <Task(PythonOperator): airflow_runtime_set> on 2022-07-07 06:00:00+00:00
[2022-07-07 08:16:13,138] {standard_task_runner.py:52} INFO - Started process 4169 to run task
[2022-07-07 08:16:13,143] {standard_task_runner.py:76} INFO - Running: ['***', 'tasks', 'run', 'upbit_bitcoin', '***_runtime_set', 'scheduled__2022-07-07T06:00:00+00:00', '--job-id', '718', '--raw', '--subdir', 'DAGS_FOLDER/upbit_bitcoin.py', '--cfg-path', '/tmp/tmppa3m55w8', '--error-file', '/tmp/tmpc4yzc2u4']
[2022-07-07 08:16:13,144] {standard_task_runner.py:77} INFO - Job 718: Subtask ***_runtime_set
[2022-07-07 08:16:13,257] {logging_mixin.py:109} INFO - Running <TaskInstance: upbit_bitcoin.***_runtime_set scheduled__2022-07-07T06:00:00+00:00 [running]> on host 9514ca4c721b
[2022-07-07 08:16:13,367] {taskinstance.py:1431} INFO - Exporting the following env vars:
AIRFLOW_CTX_DAG_OWNER=***
AIRFLOW_CTX_DAG_ID=upbit_bitcoin
AIRFLOW_CTX_TASK_ID=***_runtime_set
AIRFLOW_CTX_EXECUTION_DATE=2022-07-07T06:00:00+00:00
AIRFLOW_CTX_DAG_RUN_ID=scheduled__2022-07-07T06:00:00+00:00
[2022-07-07 08:16:13,369] {upbit_bitcoin.py:19} INFO - start here
[2022-07-07 08:16:13,369] {upbit_bitcoin.py:20} INFO - 2022-07-07T06:00:00+00:00
[2022-07-07 08:16:13,370] {upbit_bitcoin.py:21} INFO - 2022-07-07 12:01:00+09:00
[2022-07-07 08:16:13,370] {python.py:175} INFO - Done. Returned value was: 2022-07-07T06:00:00+00:00
[2022-07-07 08:16:13,420] {taskinstance.py:1282} INFO - Marking task as SUCCESS. dag_id=upbit_bitcoin, task_id=***_runtime_set, execution_date=20220707T060000, start_date=20220707T081613, end_date=20220707T081613
[2022-07-07 08:16:13,485] {local_task_job.py:154} INFO - Task exited with return code 0
[2022-07-07 08:16:13,553] {local_task_job.py:264} INFO - 1 downstream tasks scheduled from follow-on schedule check
[2022-07-07 08:19:00,144] {taskinstance.py:1037} INFO - Dependencies all met for <TaskInstance: upbit_bitcoin.airflow_runtime_set scheduled__2022-07-07T06:00:00+00:00 [queued]>
[2022-07-07 08:19:00,165] {taskinstance.py:1037} INFO - Dependencies all met for <TaskInstance: upbit_bitcoin.airflow_runtime_set scheduled__2022-07-07T06:00:00+00:00 [queued]>
[2022-07-07 08:19:00,166] {taskinstance.py:1243} INFO - 
--------------------------------------------------------------------------------
[2022-07-07 08:19:00,166] {taskinstance.py:1244} INFO - Starting attempt 1 of 1
[2022-07-07 08:19:00,166] {taskinstance.py:1245} INFO - 
--------------------------------------------------------------------------------
[2022-07-07 08:19:00,201] {taskinstance.py:1264} INFO - Executing <Task(PythonOperator): airflow_runtime_set> on 2022-07-07 06:00:00+00:00
[2022-07-07 08:19:00,214] {standard_task_runner.py:52} INFO - Started process 4285 to run task
[2022-07-07 08:19:00,222] {standard_task_runner.py:76} INFO - Running: ['***', 'tasks', 'run', 'upbit_bitcoin', '***_runtime_set', 'scheduled__2022-07-07T06:00:00+00:00', '--job-id', '726', '--raw', '--subdir', 'DAGS_FOLDER/upbit_bitcoin.py', '--cfg-path', '/tmp/tmpefri2hmz', '--error-file', '/tmp/tmpwxxp3qo3']
[2022-07-07 08:19:00,223] {standard_task_runner.py:77} INFO - Job 726: Subtask ***_runtime_set
[2022-07-07 08:19:00,458] {logging_mixin.py:109} INFO - Running <TaskInstance: upbit_bitcoin.***_runtime_set scheduled__2022-07-07T06:00:00+00:00 [running]> on host 9514ca4c721b
[2022-07-07 08:19:00,650] {taskinstance.py:1431} INFO - Exporting the following env vars:
AIRFLOW_CTX_DAG_OWNER=***
AIRFLOW_CTX_DAG_ID=upbit_bitcoin
AIRFLOW_CTX_TASK_ID=***_runtime_set
AIRFLOW_CTX_EXECUTION_DATE=2022-07-07T06:00:00+00:00
AIRFLOW_CTX_DAG_RUN_ID=scheduled__2022-07-07T06:00:00+00:00
[2022-07-07 08:19:00,651] {upbit_bitcoin.py:19} INFO - start here
[2022-07-07 08:19:00,651] {upbit_bitcoin.py:20} INFO - 2022-07-07T06:00:00+00:00
[2022-07-07 08:19:00,651] {upbit_bitcoin.py:21} INFO - 2022
[2022-07-07 08:19:00,651] {upbit_bitcoin.py:22} INFO - 2022-07-07 12:01:00+09:00
[2022-07-07 08:19:00,651] {python.py:175} INFO - Done. Returned value was: 2022-07-07T06:00:00+00:00
[2022-07-07 08:19:00,725] {taskinstance.py:1282} INFO - Marking task as SUCCESS. dag_id=upbit_bitcoin, task_id=***_runtime_set, execution_date=20220707T060000, start_date=20220707T081900, end_date=20220707T081900
[2022-07-07 08:19:00,792] {local_task_job.py:154} INFO - Task exited with return code 0
[2022-07-07 08:19:00,927] {local_task_job.py:264} INFO - 1 downstream tasks scheduled from follow-on schedule check
