[2022-07-07 07:17:42,391] {taskinstance.py:1037} INFO - Dependencies all met for <TaskInstance: upbit_bitcoin.airflow_runtime_set scheduled__2022-07-07T04:00:00+00:00 [queued]>
[2022-07-07 07:17:42,418] {taskinstance.py:1037} INFO - Dependencies all met for <TaskInstance: upbit_bitcoin.airflow_runtime_set scheduled__2022-07-07T04:00:00+00:00 [queued]>
[2022-07-07 07:17:42,419] {taskinstance.py:1243} INFO - 
--------------------------------------------------------------------------------
[2022-07-07 07:17:42,419] {taskinstance.py:1244} INFO - Starting attempt 1 of 1
[2022-07-07 07:17:42,419] {taskinstance.py:1245} INFO - 
--------------------------------------------------------------------------------
[2022-07-07 07:17:42,451] {taskinstance.py:1264} INFO - Executing <Task(PythonOperator): airflow_runtime_set> on 2022-07-07 04:00:00+00:00
[2022-07-07 07:17:42,465] {standard_task_runner.py:52} INFO - Started process 1833 to run task
[2022-07-07 07:17:42,480] {standard_task_runner.py:76} INFO - Running: ['***', 'tasks', 'run', 'upbit_bitcoin', '***_runtime_set', 'scheduled__2022-07-07T04:00:00+00:00', '--job-id', '637', '--raw', '--subdir', 'DAGS_FOLDER/upbit_bitcoin.py', '--cfg-path', '/tmp/tmpdvmfztcw', '--error-file', '/tmp/tmp3iryd9ae']
[2022-07-07 07:17:42,481] {standard_task_runner.py:77} INFO - Job 637: Subtask ***_runtime_set
[2022-07-07 07:17:42,621] {logging_mixin.py:109} INFO - Running <TaskInstance: upbit_bitcoin.***_runtime_set scheduled__2022-07-07T04:00:00+00:00 [running]> on host 9514ca4c721b
[2022-07-07 07:17:42,758] {taskinstance.py:1431} INFO - Exporting the following env vars:
AIRFLOW_CTX_DAG_OWNER=***
AIRFLOW_CTX_DAG_ID=upbit_bitcoin
AIRFLOW_CTX_TASK_ID=***_runtime_set
AIRFLOW_CTX_EXECUTION_DATE=2022-07-07T04:00:00+00:00
AIRFLOW_CTX_DAG_RUN_ID=scheduled__2022-07-07T04:00:00+00:00
[2022-07-07 07:17:42,759] {upbit_bitcoin.py:22} INFO - 2022-07-07T04:00:00+00:00
[2022-07-07 07:17:42,760] {python.py:175} INFO - Done. Returned value was: 2022-07-07T04:00:00+00:00
[2022-07-07 07:17:42,804] {taskinstance.py:1282} INFO - Marking task as SUCCESS. dag_id=upbit_bitcoin, task_id=***_runtime_set, execution_date=20220707T040000, start_date=20220707T071742, end_date=20220707T071742
[2022-07-07 07:17:42,876] {local_task_job.py:154} INFO - Task exited with return code 0
[2022-07-07 07:17:42,939] {local_task_job.py:264} INFO - 1 downstream tasks scheduled from follow-on schedule check
[2022-07-07 07:22:37,469] {taskinstance.py:1037} INFO - Dependencies all met for <TaskInstance: upbit_bitcoin.airflow_runtime_set scheduled__2022-07-07T04:00:00+00:00 [queued]>
[2022-07-07 07:22:37,494] {taskinstance.py:1037} INFO - Dependencies all met for <TaskInstance: upbit_bitcoin.airflow_runtime_set scheduled__2022-07-07T04:00:00+00:00 [queued]>
[2022-07-07 07:22:37,494] {taskinstance.py:1243} INFO - 
--------------------------------------------------------------------------------
[2022-07-07 07:22:37,494] {taskinstance.py:1244} INFO - Starting attempt 1 of 1
[2022-07-07 07:22:37,494] {taskinstance.py:1245} INFO - 
--------------------------------------------------------------------------------
[2022-07-07 07:22:37,539] {taskinstance.py:1264} INFO - Executing <Task(PythonOperator): airflow_runtime_set> on 2022-07-07 04:00:00+00:00
[2022-07-07 07:22:37,547] {standard_task_runner.py:52} INFO - Started process 2022 to run task
[2022-07-07 07:22:37,559] {standard_task_runner.py:76} INFO - Running: ['***', 'tasks', 'run', 'upbit_bitcoin', '***_runtime_set', 'scheduled__2022-07-07T04:00:00+00:00', '--job-id', '643', '--raw', '--subdir', 'DAGS_FOLDER/upbit_bitcoin.py', '--cfg-path', '/tmp/tmpu8kszm0x', '--error-file', '/tmp/tmpnsmyv7qj']
[2022-07-07 07:22:37,560] {standard_task_runner.py:77} INFO - Job 643: Subtask ***_runtime_set
[2022-07-07 07:22:37,687] {logging_mixin.py:109} INFO - Running <TaskInstance: upbit_bitcoin.***_runtime_set scheduled__2022-07-07T04:00:00+00:00 [running]> on host 9514ca4c721b
[2022-07-07 07:22:37,822] {taskinstance.py:1431} INFO - Exporting the following env vars:
AIRFLOW_CTX_DAG_OWNER=***
AIRFLOW_CTX_DAG_ID=upbit_bitcoin
AIRFLOW_CTX_TASK_ID=***_runtime_set
AIRFLOW_CTX_EXECUTION_DATE=2022-07-07T04:00:00+00:00
AIRFLOW_CTX_DAG_RUN_ID=scheduled__2022-07-07T04:00:00+00:00
[2022-07-07 07:22:37,823] {taskinstance.py:1718} ERROR - Task failed with exception
Traceback (most recent call last):
  File "/home/airflow/.local/lib/python3.7/site-packages/airflow/models/taskinstance.py", line 1334, in _run_raw_task
    self._execute_task_with_callbacks(context)
  File "/home/airflow/.local/lib/python3.7/site-packages/airflow/models/taskinstance.py", line 1460, in _execute_task_with_callbacks
    result = self._execute_task(context, self.task)
  File "/home/airflow/.local/lib/python3.7/site-packages/airflow/models/taskinstance.py", line 1516, in _execute_task
    result = execute_callable(context=context)
  File "/home/airflow/.local/lib/python3.7/site-packages/airflow/operators/python.py", line 174, in execute
    return_value = self.execute_callable()
  File "/home/airflow/.local/lib/python3.7/site-packages/airflow/operators/python.py", line 188, in execute_callable
    return self.python_callable(*self.op_args, **self.op_kwargs)
  File "/opt/airflow/dags/upbit_bitcoin.py", line 22, in time_setting
    logging.info(ts+timedelta(hours=9))
TypeError: can only concatenate str (not "datetime.timedelta") to str
[2022-07-07 07:22:37,855] {taskinstance.py:1282} INFO - Marking task as FAILED. dag_id=upbit_bitcoin, task_id=***_runtime_set, execution_date=20220707T040000, start_date=20220707T072237, end_date=20220707T072237
[2022-07-07 07:22:37,897] {standard_task_runner.py:92} ERROR - Failed to execute job 643 for task ***_runtime_set
Traceback (most recent call last):
  File "/home/airflow/.local/lib/python3.7/site-packages/airflow/task/task_runner/standard_task_runner.py", line 85, in _start_by_fork
    args.func(args, dag=self.dag)
  File "/home/airflow/.local/lib/python3.7/site-packages/airflow/cli/cli_parser.py", line 48, in command
    return func(*args, **kwargs)
  File "/home/airflow/.local/lib/python3.7/site-packages/airflow/utils/cli.py", line 92, in wrapper
    return f(*args, **kwargs)
  File "/home/airflow/.local/lib/python3.7/site-packages/airflow/cli/commands/task_command.py", line 298, in task_run
    _run_task_by_selected_method(args, dag, ti)
  File "/home/airflow/.local/lib/python3.7/site-packages/airflow/cli/commands/task_command.py", line 107, in _run_task_by_selected_method
    _run_raw_task(args, ti)
  File "/home/airflow/.local/lib/python3.7/site-packages/airflow/cli/commands/task_command.py", line 184, in _run_raw_task
    error_file=args.error_file,
  File "/home/airflow/.local/lib/python3.7/site-packages/airflow/utils/session.py", line 70, in wrapper
    return func(*args, session=session, **kwargs)
  File "/home/airflow/.local/lib/python3.7/site-packages/airflow/models/taskinstance.py", line 1334, in _run_raw_task
    self._execute_task_with_callbacks(context)
  File "/home/airflow/.local/lib/python3.7/site-packages/airflow/models/taskinstance.py", line 1460, in _execute_task_with_callbacks
    result = self._execute_task(context, self.task)
  File "/home/airflow/.local/lib/python3.7/site-packages/airflow/models/taskinstance.py", line 1516, in _execute_task
    result = execute_callable(context=context)
  File "/home/airflow/.local/lib/python3.7/site-packages/airflow/operators/python.py", line 174, in execute
    return_value = self.execute_callable()
  File "/home/airflow/.local/lib/python3.7/site-packages/airflow/operators/python.py", line 188, in execute_callable
    return self.python_callable(*self.op_args, **self.op_kwargs)
  File "/opt/airflow/dags/upbit_bitcoin.py", line 22, in time_setting
    logging.info(ts+timedelta(hours=9))
TypeError: can only concatenate str (not "datetime.timedelta") to str
[2022-07-07 07:22:37,949] {local_task_job.py:154} INFO - Task exited with return code 1
[2022-07-07 07:22:38,026] {local_task_job.py:264} INFO - 0 downstream tasks scheduled from follow-on schedule check
[2022-07-07 07:23:47,860] {taskinstance.py:1037} INFO - Dependencies all met for <TaskInstance: upbit_bitcoin.airflow_runtime_set scheduled__2022-07-07T04:00:00+00:00 [queued]>
[2022-07-07 07:23:47,877] {taskinstance.py:1037} INFO - Dependencies all met for <TaskInstance: upbit_bitcoin.airflow_runtime_set scheduled__2022-07-07T04:00:00+00:00 [queued]>
[2022-07-07 07:23:47,878] {taskinstance.py:1243} INFO - 
--------------------------------------------------------------------------------
[2022-07-07 07:23:47,878] {taskinstance.py:1244} INFO - Starting attempt 1 of 1
[2022-07-07 07:23:47,878] {taskinstance.py:1245} INFO - 
--------------------------------------------------------------------------------
[2022-07-07 07:23:47,909] {taskinstance.py:1264} INFO - Executing <Task(PythonOperator): airflow_runtime_set> on 2022-07-07 04:00:00+00:00
[2022-07-07 07:23:47,920] {standard_task_runner.py:52} INFO - Started process 2074 to run task
[2022-07-07 07:23:47,925] {standard_task_runner.py:76} INFO - Running: ['***', 'tasks', 'run', 'upbit_bitcoin', '***_runtime_set', 'scheduled__2022-07-07T04:00:00+00:00', '--job-id', '646', '--raw', '--subdir', 'DAGS_FOLDER/upbit_bitcoin.py', '--cfg-path', '/tmp/tmpaeix5boz', '--error-file', '/tmp/tmpg95tkunk']
[2022-07-07 07:23:47,926] {standard_task_runner.py:77} INFO - Job 646: Subtask ***_runtime_set
[2022-07-07 07:23:48,114] {logging_mixin.py:109} INFO - Running <TaskInstance: upbit_bitcoin.***_runtime_set scheduled__2022-07-07T04:00:00+00:00 [running]> on host 9514ca4c721b
[2022-07-07 07:23:48,205] {taskinstance.py:1431} INFO - Exporting the following env vars:
AIRFLOW_CTX_DAG_OWNER=***
AIRFLOW_CTX_DAG_ID=upbit_bitcoin
AIRFLOW_CTX_TASK_ID=***_runtime_set
AIRFLOW_CTX_EXECUTION_DATE=2022-07-07T04:00:00+00:00
AIRFLOW_CTX_DAG_RUN_ID=scheduled__2022-07-07T04:00:00+00:00
[2022-07-07 07:23:48,206] {upbit_bitcoin.py:22} INFO - 2022-07-07T04:00:00+00:00
[2022-07-07 07:23:48,207] {taskinstance.py:1718} ERROR - Task failed with exception
Traceback (most recent call last):
  File "/home/airflow/.local/lib/python3.7/site-packages/airflow/models/taskinstance.py", line 1334, in _run_raw_task
    self._execute_task_with_callbacks(context)
  File "/home/airflow/.local/lib/python3.7/site-packages/airflow/models/taskinstance.py", line 1460, in _execute_task_with_callbacks
    result = self._execute_task(context, self.task)
  File "/home/airflow/.local/lib/python3.7/site-packages/airflow/models/taskinstance.py", line 1516, in _execute_task
    result = execute_callable(context=context)
  File "/home/airflow/.local/lib/python3.7/site-packages/airflow/operators/python.py", line 174, in execute
    return_value = self.execute_callable()
  File "/home/airflow/.local/lib/python3.7/site-packages/airflow/operators/python.py", line 188, in execute_callable
    return self.python_callable(*self.op_args, **self.op_kwargs)
  File "/opt/airflow/dags/upbit_bitcoin.py", line 23, in time_setting
    logging.info(datetime(ts))
TypeError: an integer is required (got type str)
[2022-07-07 07:23:48,224] {taskinstance.py:1282} INFO - Marking task as FAILED. dag_id=upbit_bitcoin, task_id=***_runtime_set, execution_date=20220707T040000, start_date=20220707T072347, end_date=20220707T072348
[2022-07-07 07:23:48,255] {standard_task_runner.py:92} ERROR - Failed to execute job 646 for task ***_runtime_set
Traceback (most recent call last):
  File "/home/airflow/.local/lib/python3.7/site-packages/airflow/task/task_runner/standard_task_runner.py", line 85, in _start_by_fork
    args.func(args, dag=self.dag)
  File "/home/airflow/.local/lib/python3.7/site-packages/airflow/cli/cli_parser.py", line 48, in command
    return func(*args, **kwargs)
  File "/home/airflow/.local/lib/python3.7/site-packages/airflow/utils/cli.py", line 92, in wrapper
    return f(*args, **kwargs)
  File "/home/airflow/.local/lib/python3.7/site-packages/airflow/cli/commands/task_command.py", line 298, in task_run
    _run_task_by_selected_method(args, dag, ti)
  File "/home/airflow/.local/lib/python3.7/site-packages/airflow/cli/commands/task_command.py", line 107, in _run_task_by_selected_method
    _run_raw_task(args, ti)
  File "/home/airflow/.local/lib/python3.7/site-packages/airflow/cli/commands/task_command.py", line 184, in _run_raw_task
    error_file=args.error_file,
  File "/home/airflow/.local/lib/python3.7/site-packages/airflow/utils/session.py", line 70, in wrapper
    return func(*args, session=session, **kwargs)
  File "/home/airflow/.local/lib/python3.7/site-packages/airflow/models/taskinstance.py", line 1334, in _run_raw_task
    self._execute_task_with_callbacks(context)
  File "/home/airflow/.local/lib/python3.7/site-packages/airflow/models/taskinstance.py", line 1460, in _execute_task_with_callbacks
    result = self._execute_task(context, self.task)
  File "/home/airflow/.local/lib/python3.7/site-packages/airflow/models/taskinstance.py", line 1516, in _execute_task
    result = execute_callable(context=context)
  File "/home/airflow/.local/lib/python3.7/site-packages/airflow/operators/python.py", line 174, in execute
    return_value = self.execute_callable()
  File "/home/airflow/.local/lib/python3.7/site-packages/airflow/operators/python.py", line 188, in execute_callable
    return self.python_callable(*self.op_args, **self.op_kwargs)
  File "/opt/airflow/dags/upbit_bitcoin.py", line 23, in time_setting
    logging.info(datetime(ts))
TypeError: an integer is required (got type str)
[2022-07-07 07:23:48,276] {local_task_job.py:154} INFO - Task exited with return code 1
[2022-07-07 07:23:48,361] {local_task_job.py:264} INFO - 0 downstream tasks scheduled from follow-on schedule check
[2022-07-07 07:30:49,033] {taskinstance.py:1037} INFO - Dependencies all met for <TaskInstance: upbit_bitcoin.airflow_runtime_set scheduled__2022-07-07T04:00:00+00:00 [queued]>
[2022-07-07 07:30:49,055] {taskinstance.py:1037} INFO - Dependencies all met for <TaskInstance: upbit_bitcoin.airflow_runtime_set scheduled__2022-07-07T04:00:00+00:00 [queued]>
[2022-07-07 07:30:49,055] {taskinstance.py:1243} INFO - 
--------------------------------------------------------------------------------
[2022-07-07 07:30:49,055] {taskinstance.py:1244} INFO - Starting attempt 1 of 1
[2022-07-07 07:30:49,055] {taskinstance.py:1245} INFO - 
--------------------------------------------------------------------------------
[2022-07-07 07:30:49,085] {taskinstance.py:1264} INFO - Executing <Task(PythonOperator): airflow_runtime_set> on 2022-07-07 04:00:00+00:00
[2022-07-07 07:30:49,092] {standard_task_runner.py:52} INFO - Started process 2348 to run task
[2022-07-07 07:30:49,097] {standard_task_runner.py:76} INFO - Running: ['***', 'tasks', 'run', 'upbit_bitcoin', '***_runtime_set', 'scheduled__2022-07-07T04:00:00+00:00', '--job-id', '649', '--raw', '--subdir', 'DAGS_FOLDER/upbit_bitcoin.py', '--cfg-path', '/tmp/tmpoapd3tg5', '--error-file', '/tmp/tmpr0w6m8ll']
[2022-07-07 07:30:49,098] {standard_task_runner.py:77} INFO - Job 649: Subtask ***_runtime_set
[2022-07-07 07:30:49,213] {logging_mixin.py:109} INFO - Running <TaskInstance: upbit_bitcoin.***_runtime_set scheduled__2022-07-07T04:00:00+00:00 [running]> on host 9514ca4c721b
[2022-07-07 07:30:49,290] {taskinstance.py:1431} INFO - Exporting the following env vars:
AIRFLOW_CTX_DAG_OWNER=***
AIRFLOW_CTX_DAG_ID=upbit_bitcoin
AIRFLOW_CTX_TASK_ID=***_runtime_set
AIRFLOW_CTX_EXECUTION_DATE=2022-07-07T04:00:00+00:00
AIRFLOW_CTX_DAG_RUN_ID=scheduled__2022-07-07T04:00:00+00:00
[2022-07-07 07:30:49,296] {warnings.py:110} WARNING - /home/***/.local/lib/python3.7/site-packages/***/utils/context.py:156: AirflowContextDeprecationWarning: Accessing 'execution_date' from the template is deprecated and will be removed in a future version. Please use 'data_interval_start' or 'logical_date' instead.
  warnings.warn(_create_deprecation_warning(key, self._deprecation_replacements[key]))

[2022-07-07 07:30:49,297] {upbit_bitcoin.py:22} INFO - 2022-07-07T04:00:00+00:00
[2022-07-07 07:30:49,297] {python.py:175} INFO - Done. Returned value was: 2022-07-07T04:00:00+00:00
[2022-07-07 07:30:49,321] {xcom.py:448} ERROR - Could not serialize the XCom value into JSON. If you are using pickle instead of JSON for XCom, then you need to enable pickle support for XCom in your *** config.
[2022-07-07 07:30:49,322] {taskinstance.py:1718} ERROR - Task failed with exception
Traceback (most recent call last):
  File "/home/airflow/.local/lib/python3.7/site-packages/airflow/models/taskinstance.py", line 1334, in _run_raw_task
    self._execute_task_with_callbacks(context)
  File "/home/airflow/.local/lib/python3.7/site-packages/airflow/models/taskinstance.py", line 1460, in _execute_task_with_callbacks
    result = self._execute_task(context, self.task)
  File "/home/airflow/.local/lib/python3.7/site-packages/airflow/models/taskinstance.py", line 1519, in _execute_task
    self.xcom_push(key=XCOM_RETURN_KEY, value=result)
  File "/home/airflow/.local/lib/python3.7/site-packages/airflow/utils/session.py", line 70, in wrapper
    return func(*args, session=session, **kwargs)
  File "/home/airflow/.local/lib/python3.7/site-packages/airflow/models/taskinstance.py", line 2151, in xcom_push
    session=session,
  File "/home/airflow/.local/lib/python3.7/site-packages/airflow/utils/session.py", line 67, in wrapper
    return func(*args, **kwargs)
  File "/home/airflow/.local/lib/python3.7/site-packages/airflow/models/xcom.py", line 155, in set
    value=cls.serialize_value(value),
  File "/home/airflow/.local/lib/python3.7/site-packages/airflow/models/xcom.py", line 445, in serialize_value
    return json.dumps(value).encode('UTF-8')
  File "/usr/local/lib/python3.7/json/__init__.py", line 231, in dumps
    return _default_encoder.encode(obj)
  File "/usr/local/lib/python3.7/json/encoder.py", line 199, in encode
    chunks = self.iterencode(o, _one_shot=True)
  File "/usr/local/lib/python3.7/json/encoder.py", line 257, in iterencode
    return _iterencode(o, 0)
  File "/usr/local/lib/python3.7/json/encoder.py", line 179, in default
    raise TypeError(f'Object of type {o.__class__.__name__} '
TypeError: Object of type DateTime is not JSON serializable
[2022-07-07 07:30:49,415] {taskinstance.py:1282} INFO - Marking task as FAILED. dag_id=upbit_bitcoin, task_id=***_runtime_set, execution_date=20220707T040000, start_date=20220707T073049, end_date=20220707T073049
[2022-07-07 07:30:49,446] {standard_task_runner.py:92} ERROR - Failed to execute job 649 for task ***_runtime_set
Traceback (most recent call last):
  File "/home/airflow/.local/lib/python3.7/site-packages/airflow/task/task_runner/standard_task_runner.py", line 85, in _start_by_fork
    args.func(args, dag=self.dag)
  File "/home/airflow/.local/lib/python3.7/site-packages/airflow/cli/cli_parser.py", line 48, in command
    return func(*args, **kwargs)
  File "/home/airflow/.local/lib/python3.7/site-packages/airflow/utils/cli.py", line 92, in wrapper
    return f(*args, **kwargs)
  File "/home/airflow/.local/lib/python3.7/site-packages/airflow/cli/commands/task_command.py", line 298, in task_run
    _run_task_by_selected_method(args, dag, ti)
  File "/home/airflow/.local/lib/python3.7/site-packages/airflow/cli/commands/task_command.py", line 107, in _run_task_by_selected_method
    _run_raw_task(args, ti)
  File "/home/airflow/.local/lib/python3.7/site-packages/airflow/cli/commands/task_command.py", line 184, in _run_raw_task
    error_file=args.error_file,
  File "/home/airflow/.local/lib/python3.7/site-packages/airflow/utils/session.py", line 70, in wrapper
    return func(*args, session=session, **kwargs)
  File "/home/airflow/.local/lib/python3.7/site-packages/airflow/models/taskinstance.py", line 1334, in _run_raw_task
    self._execute_task_with_callbacks(context)
  File "/home/airflow/.local/lib/python3.7/site-packages/airflow/models/taskinstance.py", line 1460, in _execute_task_with_callbacks
    result = self._execute_task(context, self.task)
  File "/home/airflow/.local/lib/python3.7/site-packages/airflow/models/taskinstance.py", line 1519, in _execute_task
    self.xcom_push(key=XCOM_RETURN_KEY, value=result)
  File "/home/airflow/.local/lib/python3.7/site-packages/airflow/utils/session.py", line 70, in wrapper
    return func(*args, session=session, **kwargs)
  File "/home/airflow/.local/lib/python3.7/site-packages/airflow/models/taskinstance.py", line 2151, in xcom_push
    session=session,
  File "/home/airflow/.local/lib/python3.7/site-packages/airflow/utils/session.py", line 67, in wrapper
    return func(*args, **kwargs)
  File "/home/airflow/.local/lib/python3.7/site-packages/airflow/models/xcom.py", line 155, in set
    value=cls.serialize_value(value),
  File "/home/airflow/.local/lib/python3.7/site-packages/airflow/models/xcom.py", line 445, in serialize_value
    return json.dumps(value).encode('UTF-8')
  File "/usr/local/lib/python3.7/json/__init__.py", line 231, in dumps
    return _default_encoder.encode(obj)
  File "/usr/local/lib/python3.7/json/encoder.py", line 199, in encode
    chunks = self.iterencode(o, _one_shot=True)
  File "/usr/local/lib/python3.7/json/encoder.py", line 257, in iterencode
    return _iterencode(o, 0)
  File "/usr/local/lib/python3.7/json/encoder.py", line 179, in default
    raise TypeError(f'Object of type {o.__class__.__name__} '
TypeError: Object of type DateTime is not JSON serializable
[2022-07-07 07:30:49,478] {local_task_job.py:154} INFO - Task exited with return code 1
[2022-07-07 07:30:49,546] {local_task_job.py:264} INFO - 0 downstream tasks scheduled from follow-on schedule check
[2022-07-07 07:31:58,249] {taskinstance.py:1037} INFO - Dependencies all met for <TaskInstance: upbit_bitcoin.airflow_runtime_set scheduled__2022-07-07T04:00:00+00:00 [queued]>
[2022-07-07 07:31:58,269] {taskinstance.py:1037} INFO - Dependencies all met for <TaskInstance: upbit_bitcoin.airflow_runtime_set scheduled__2022-07-07T04:00:00+00:00 [queued]>
[2022-07-07 07:31:58,269] {taskinstance.py:1243} INFO - 
--------------------------------------------------------------------------------
[2022-07-07 07:31:58,270] {taskinstance.py:1244} INFO - Starting attempt 1 of 1
[2022-07-07 07:31:58,270] {taskinstance.py:1245} INFO - 
--------------------------------------------------------------------------------
[2022-07-07 07:31:58,314] {taskinstance.py:1264} INFO - Executing <Task(PythonOperator): airflow_runtime_set> on 2022-07-07 04:00:00+00:00
[2022-07-07 07:31:58,319] {standard_task_runner.py:52} INFO - Started process 2401 to run task
[2022-07-07 07:31:58,336] {standard_task_runner.py:76} INFO - Running: ['***', 'tasks', 'run', 'upbit_bitcoin', '***_runtime_set', 'scheduled__2022-07-07T04:00:00+00:00', '--job-id', '652', '--raw', '--subdir', 'DAGS_FOLDER/upbit_bitcoin.py', '--cfg-path', '/tmp/tmpa9j6dp4r', '--error-file', '/tmp/tmpfe7rl_43']
[2022-07-07 07:31:58,342] {standard_task_runner.py:77} INFO - Job 652: Subtask ***_runtime_set
[2022-07-07 07:31:58,472] {logging_mixin.py:109} INFO - Running <TaskInstance: upbit_bitcoin.***_runtime_set scheduled__2022-07-07T04:00:00+00:00 [running]> on host 9514ca4c721b
[2022-07-07 07:31:58,581] {taskinstance.py:1431} INFO - Exporting the following env vars:
AIRFLOW_CTX_DAG_OWNER=***
AIRFLOW_CTX_DAG_ID=upbit_bitcoin
AIRFLOW_CTX_TASK_ID=***_runtime_set
AIRFLOW_CTX_EXECUTION_DATE=2022-07-07T04:00:00+00:00
AIRFLOW_CTX_DAG_RUN_ID=scheduled__2022-07-07T04:00:00+00:00
[2022-07-07 07:31:58,587] {warnings.py:110} WARNING - /home/***/.local/lib/python3.7/site-packages/***/utils/context.py:156: AirflowContextDeprecationWarning: Accessing 'execution_date' from the template is deprecated and will be removed in a future version. Please use 'data_interval_start' or 'logical_date' instead.
  warnings.warn(_create_deprecation_warning(key, self._deprecation_replacements[key]))

[2022-07-07 07:31:58,587] {upbit_bitcoin.py:22} INFO - 2022-07-07T04:00:00+00:00
[2022-07-07 07:31:58,587] {python.py:175} INFO - Done. Returned value was: 2022-07-07T04:00:00+00:00
[2022-07-07 07:31:58,597] {xcom.py:448} ERROR - Could not serialize the XCom value into JSON. If you are using pickle instead of JSON for XCom, then you need to enable pickle support for XCom in your *** config.
[2022-07-07 07:31:58,598] {taskinstance.py:1718} ERROR - Task failed with exception
Traceback (most recent call last):
  File "/home/airflow/.local/lib/python3.7/site-packages/airflow/models/taskinstance.py", line 1334, in _run_raw_task
    self._execute_task_with_callbacks(context)
  File "/home/airflow/.local/lib/python3.7/site-packages/airflow/models/taskinstance.py", line 1460, in _execute_task_with_callbacks
    result = self._execute_task(context, self.task)
  File "/home/airflow/.local/lib/python3.7/site-packages/airflow/models/taskinstance.py", line 1519, in _execute_task
    self.xcom_push(key=XCOM_RETURN_KEY, value=result)
  File "/home/airflow/.local/lib/python3.7/site-packages/airflow/utils/session.py", line 70, in wrapper
    return func(*args, session=session, **kwargs)
  File "/home/airflow/.local/lib/python3.7/site-packages/airflow/models/taskinstance.py", line 2151, in xcom_push
    session=session,
  File "/home/airflow/.local/lib/python3.7/site-packages/airflow/utils/session.py", line 67, in wrapper
    return func(*args, **kwargs)
  File "/home/airflow/.local/lib/python3.7/site-packages/airflow/models/xcom.py", line 155, in set
    value=cls.serialize_value(value),
  File "/home/airflow/.local/lib/python3.7/site-packages/airflow/models/xcom.py", line 445, in serialize_value
    return json.dumps(value).encode('UTF-8')
  File "/usr/local/lib/python3.7/json/__init__.py", line 231, in dumps
    return _default_encoder.encode(obj)
  File "/usr/local/lib/python3.7/json/encoder.py", line 199, in encode
    chunks = self.iterencode(o, _one_shot=True)
  File "/usr/local/lib/python3.7/json/encoder.py", line 257, in iterencode
    return _iterencode(o, 0)
  File "/usr/local/lib/python3.7/json/encoder.py", line 179, in default
    raise TypeError(f'Object of type {o.__class__.__name__} '
TypeError: Object of type DateTime is not JSON serializable
[2022-07-07 07:31:58,627] {taskinstance.py:1282} INFO - Marking task as FAILED. dag_id=upbit_bitcoin, task_id=***_runtime_set, execution_date=20220707T040000, start_date=20220707T073158, end_date=20220707T073158
[2022-07-07 07:31:58,663] {standard_task_runner.py:92} ERROR - Failed to execute job 652 for task ***_runtime_set
Traceback (most recent call last):
  File "/home/airflow/.local/lib/python3.7/site-packages/airflow/task/task_runner/standard_task_runner.py", line 85, in _start_by_fork
    args.func(args, dag=self.dag)
  File "/home/airflow/.local/lib/python3.7/site-packages/airflow/cli/cli_parser.py", line 48, in command
    return func(*args, **kwargs)
  File "/home/airflow/.local/lib/python3.7/site-packages/airflow/utils/cli.py", line 92, in wrapper
    return f(*args, **kwargs)
  File "/home/airflow/.local/lib/python3.7/site-packages/airflow/cli/commands/task_command.py", line 298, in task_run
    _run_task_by_selected_method(args, dag, ti)
  File "/home/airflow/.local/lib/python3.7/site-packages/airflow/cli/commands/task_command.py", line 107, in _run_task_by_selected_method
    _run_raw_task(args, ti)
  File "/home/airflow/.local/lib/python3.7/site-packages/airflow/cli/commands/task_command.py", line 184, in _run_raw_task
    error_file=args.error_file,
  File "/home/airflow/.local/lib/python3.7/site-packages/airflow/utils/session.py", line 70, in wrapper
    return func(*args, session=session, **kwargs)
  File "/home/airflow/.local/lib/python3.7/site-packages/airflow/models/taskinstance.py", line 1334, in _run_raw_task
    self._execute_task_with_callbacks(context)
  File "/home/airflow/.local/lib/python3.7/site-packages/airflow/models/taskinstance.py", line 1460, in _execute_task_with_callbacks
    result = self._execute_task(context, self.task)
  File "/home/airflow/.local/lib/python3.7/site-packages/airflow/models/taskinstance.py", line 1519, in _execute_task
    self.xcom_push(key=XCOM_RETURN_KEY, value=result)
  File "/home/airflow/.local/lib/python3.7/site-packages/airflow/utils/session.py", line 70, in wrapper
    return func(*args, session=session, **kwargs)
  File "/home/airflow/.local/lib/python3.7/site-packages/airflow/models/taskinstance.py", line 2151, in xcom_push
    session=session,
  File "/home/airflow/.local/lib/python3.7/site-packages/airflow/utils/session.py", line 67, in wrapper
    return func(*args, **kwargs)
  File "/home/airflow/.local/lib/python3.7/site-packages/airflow/models/xcom.py", line 155, in set
    value=cls.serialize_value(value),
  File "/home/airflow/.local/lib/python3.7/site-packages/airflow/models/xcom.py", line 445, in serialize_value
    return json.dumps(value).encode('UTF-8')
  File "/usr/local/lib/python3.7/json/__init__.py", line 231, in dumps
    return _default_encoder.encode(obj)
  File "/usr/local/lib/python3.7/json/encoder.py", line 199, in encode
    chunks = self.iterencode(o, _one_shot=True)
  File "/usr/local/lib/python3.7/json/encoder.py", line 257, in iterencode
    return _iterencode(o, 0)
  File "/usr/local/lib/python3.7/json/encoder.py", line 179, in default
    raise TypeError(f'Object of type {o.__class__.__name__} '
TypeError: Object of type DateTime is not JSON serializable
[2022-07-07 07:31:58,680] {local_task_job.py:154} INFO - Task exited with return code 1
[2022-07-07 07:31:58,765] {local_task_job.py:264} INFO - 0 downstream tasks scheduled from follow-on schedule check
[2022-07-07 07:33:14,107] {taskinstance.py:1037} INFO - Dependencies all met for <TaskInstance: upbit_bitcoin.airflow_runtime_set scheduled__2022-07-07T04:00:00+00:00 [queued]>
[2022-07-07 07:33:14,134] {taskinstance.py:1037} INFO - Dependencies all met for <TaskInstance: upbit_bitcoin.airflow_runtime_set scheduled__2022-07-07T04:00:00+00:00 [queued]>
[2022-07-07 07:33:14,134] {taskinstance.py:1243} INFO - 
--------------------------------------------------------------------------------
[2022-07-07 07:33:14,134] {taskinstance.py:1244} INFO - Starting attempt 1 of 1
[2022-07-07 07:33:14,134] {taskinstance.py:1245} INFO - 
--------------------------------------------------------------------------------
[2022-07-07 07:33:14,167] {taskinstance.py:1264} INFO - Executing <Task(PythonOperator): airflow_runtime_set> on 2022-07-07 04:00:00+00:00
[2022-07-07 07:33:14,173] {standard_task_runner.py:52} INFO - Started process 2453 to run task
[2022-07-07 07:33:14,182] {standard_task_runner.py:76} INFO - Running: ['***', 'tasks', 'run', 'upbit_bitcoin', '***_runtime_set', 'scheduled__2022-07-07T04:00:00+00:00', '--job-id', '655', '--raw', '--subdir', 'DAGS_FOLDER/upbit_bitcoin.py', '--cfg-path', '/tmp/tmpt9lf97mr', '--error-file', '/tmp/tmpklf868n6']
[2022-07-07 07:33:14,182] {standard_task_runner.py:77} INFO - Job 655: Subtask ***_runtime_set
[2022-07-07 07:33:14,553] {logging_mixin.py:109} INFO - Running <TaskInstance: upbit_bitcoin.***_runtime_set scheduled__2022-07-07T04:00:00+00:00 [running]> on host 9514ca4c721b
[2022-07-07 07:33:15,106] {taskinstance.py:1431} INFO - Exporting the following env vars:
AIRFLOW_CTX_DAG_OWNER=***
AIRFLOW_CTX_DAG_ID=upbit_bitcoin
AIRFLOW_CTX_TASK_ID=***_runtime_set
AIRFLOW_CTX_EXECUTION_DATE=2022-07-07T04:00:00+00:00
AIRFLOW_CTX_DAG_RUN_ID=scheduled__2022-07-07T04:00:00+00:00
[2022-07-07 07:33:15,108] {warnings.py:110} WARNING - /home/***/.local/lib/python3.7/site-packages/***/utils/context.py:156: AirflowContextDeprecationWarning: Accessing 'execution_date' from the template is deprecated and will be removed in a future version. Please use 'data_interval_start' or 'logical_date' instead.
  warnings.warn(_create_deprecation_warning(key, self._deprecation_replacements[key]))

[2022-07-07 07:33:15,136] {upbit_bitcoin.py:22} INFO - start here
[2022-07-07 07:33:15,140] {upbit_bitcoin.py:23} INFO - 2022-07-07T04:00:00+00:00
[2022-07-07 07:33:15,141] {python.py:175} INFO - Done. Returned value was: 2022-07-07T04:00:00+00:00
[2022-07-07 07:33:15,187] {xcom.py:448} ERROR - Could not serialize the XCom value into JSON. If you are using pickle instead of JSON for XCom, then you need to enable pickle support for XCom in your *** config.
[2022-07-07 07:33:15,188] {taskinstance.py:1718} ERROR - Task failed with exception
Traceback (most recent call last):
  File "/home/airflow/.local/lib/python3.7/site-packages/airflow/models/taskinstance.py", line 1334, in _run_raw_task
    self._execute_task_with_callbacks(context)
  File "/home/airflow/.local/lib/python3.7/site-packages/airflow/models/taskinstance.py", line 1460, in _execute_task_with_callbacks
    result = self._execute_task(context, self.task)
  File "/home/airflow/.local/lib/python3.7/site-packages/airflow/models/taskinstance.py", line 1519, in _execute_task
    self.xcom_push(key=XCOM_RETURN_KEY, value=result)
  File "/home/airflow/.local/lib/python3.7/site-packages/airflow/utils/session.py", line 70, in wrapper
    return func(*args, session=session, **kwargs)
  File "/home/airflow/.local/lib/python3.7/site-packages/airflow/models/taskinstance.py", line 2151, in xcom_push
    session=session,
  File "/home/airflow/.local/lib/python3.7/site-packages/airflow/utils/session.py", line 67, in wrapper
    return func(*args, **kwargs)
  File "/home/airflow/.local/lib/python3.7/site-packages/airflow/models/xcom.py", line 155, in set
    value=cls.serialize_value(value),
  File "/home/airflow/.local/lib/python3.7/site-packages/airflow/models/xcom.py", line 445, in serialize_value
    return json.dumps(value).encode('UTF-8')
  File "/usr/local/lib/python3.7/json/__init__.py", line 231, in dumps
    return _default_encoder.encode(obj)
  File "/usr/local/lib/python3.7/json/encoder.py", line 199, in encode
    chunks = self.iterencode(o, _one_shot=True)
  File "/usr/local/lib/python3.7/json/encoder.py", line 257, in iterencode
    return _iterencode(o, 0)
  File "/usr/local/lib/python3.7/json/encoder.py", line 179, in default
    raise TypeError(f'Object of type {o.__class__.__name__} '
TypeError: Object of type DateTime is not JSON serializable
[2022-07-07 07:33:15,266] {taskinstance.py:1282} INFO - Marking task as FAILED. dag_id=upbit_bitcoin, task_id=***_runtime_set, execution_date=20220707T040000, start_date=20220707T073314, end_date=20220707T073315
[2022-07-07 07:33:15,304] {standard_task_runner.py:92} ERROR - Failed to execute job 655 for task ***_runtime_set
Traceback (most recent call last):
  File "/home/airflow/.local/lib/python3.7/site-packages/airflow/task/task_runner/standard_task_runner.py", line 85, in _start_by_fork
    args.func(args, dag=self.dag)
  File "/home/airflow/.local/lib/python3.7/site-packages/airflow/cli/cli_parser.py", line 48, in command
    return func(*args, **kwargs)
  File "/home/airflow/.local/lib/python3.7/site-packages/airflow/utils/cli.py", line 92, in wrapper
    return f(*args, **kwargs)
  File "/home/airflow/.local/lib/python3.7/site-packages/airflow/cli/commands/task_command.py", line 298, in task_run
    _run_task_by_selected_method(args, dag, ti)
  File "/home/airflow/.local/lib/python3.7/site-packages/airflow/cli/commands/task_command.py", line 107, in _run_task_by_selected_method
    _run_raw_task(args, ti)
  File "/home/airflow/.local/lib/python3.7/site-packages/airflow/cli/commands/task_command.py", line 184, in _run_raw_task
    error_file=args.error_file,
  File "/home/airflow/.local/lib/python3.7/site-packages/airflow/utils/session.py", line 70, in wrapper
    return func(*args, session=session, **kwargs)
  File "/home/airflow/.local/lib/python3.7/site-packages/airflow/models/taskinstance.py", line 1334, in _run_raw_task
    self._execute_task_with_callbacks(context)
  File "/home/airflow/.local/lib/python3.7/site-packages/airflow/models/taskinstance.py", line 1460, in _execute_task_with_callbacks
    result = self._execute_task(context, self.task)
  File "/home/airflow/.local/lib/python3.7/site-packages/airflow/models/taskinstance.py", line 1519, in _execute_task
    self.xcom_push(key=XCOM_RETURN_KEY, value=result)
  File "/home/airflow/.local/lib/python3.7/site-packages/airflow/utils/session.py", line 70, in wrapper
    return func(*args, session=session, **kwargs)
  File "/home/airflow/.local/lib/python3.7/site-packages/airflow/models/taskinstance.py", line 2151, in xcom_push
    session=session,
  File "/home/airflow/.local/lib/python3.7/site-packages/airflow/utils/session.py", line 67, in wrapper
    return func(*args, **kwargs)
  File "/home/airflow/.local/lib/python3.7/site-packages/airflow/models/xcom.py", line 155, in set
    value=cls.serialize_value(value),
  File "/home/airflow/.local/lib/python3.7/site-packages/airflow/models/xcom.py", line 445, in serialize_value
    return json.dumps(value).encode('UTF-8')
  File "/usr/local/lib/python3.7/json/__init__.py", line 231, in dumps
    return _default_encoder.encode(obj)
  File "/usr/local/lib/python3.7/json/encoder.py", line 199, in encode
    chunks = self.iterencode(o, _one_shot=True)
  File "/usr/local/lib/python3.7/json/encoder.py", line 257, in iterencode
    return _iterencode(o, 0)
  File "/usr/local/lib/python3.7/json/encoder.py", line 179, in default
    raise TypeError(f'Object of type {o.__class__.__name__} '
TypeError: Object of type DateTime is not JSON serializable
[2022-07-07 07:33:15,321] {local_task_job.py:154} INFO - Task exited with return code 1
[2022-07-07 07:33:15,393] {local_task_job.py:264} INFO - 0 downstream tasks scheduled from follow-on schedule check
[2022-07-07 07:40:09,122] {taskinstance.py:1037} INFO - Dependencies all met for <TaskInstance: upbit_bitcoin.airflow_runtime_set scheduled__2022-07-07T04:00:00+00:00 [queued]>
[2022-07-07 07:40:09,140] {taskinstance.py:1037} INFO - Dependencies all met for <TaskInstance: upbit_bitcoin.airflow_runtime_set scheduled__2022-07-07T04:00:00+00:00 [queued]>
[2022-07-07 07:40:09,140] {taskinstance.py:1243} INFO - 
--------------------------------------------------------------------------------
[2022-07-07 07:40:09,140] {taskinstance.py:1244} INFO - Starting attempt 1 of 1
[2022-07-07 07:40:09,140] {taskinstance.py:1245} INFO - 
--------------------------------------------------------------------------------
[2022-07-07 07:40:09,167] {taskinstance.py:1264} INFO - Executing <Task(PythonOperator): airflow_runtime_set> on 2022-07-07 04:00:00+00:00
[2022-07-07 07:40:09,175] {standard_task_runner.py:52} INFO - Started process 2716 to run task
[2022-07-07 07:40:09,179] {standard_task_runner.py:76} INFO - Running: ['***', 'tasks', 'run', 'upbit_bitcoin', '***_runtime_set', 'scheduled__2022-07-07T04:00:00+00:00', '--job-id', '658', '--raw', '--subdir', 'DAGS_FOLDER/upbit_bitcoin.py', '--cfg-path', '/tmp/tmpehvec75g', '--error-file', '/tmp/tmp9emitsqq']
[2022-07-07 07:40:09,179] {standard_task_runner.py:77} INFO - Job 658: Subtask ***_runtime_set
[2022-07-07 07:40:09,273] {logging_mixin.py:109} INFO - Running <TaskInstance: upbit_bitcoin.***_runtime_set scheduled__2022-07-07T04:00:00+00:00 [running]> on host 9514ca4c721b
[2022-07-07 07:40:09,374] {taskinstance.py:1431} INFO - Exporting the following env vars:
AIRFLOW_CTX_DAG_OWNER=***
AIRFLOW_CTX_DAG_ID=upbit_bitcoin
AIRFLOW_CTX_TASK_ID=***_runtime_set
AIRFLOW_CTX_EXECUTION_DATE=2022-07-07T04:00:00+00:00
AIRFLOW_CTX_DAG_RUN_ID=scheduled__2022-07-07T04:00:00+00:00
[2022-07-07 07:40:09,376] {warnings.py:110} WARNING - /home/***/.local/lib/python3.7/site-packages/***/utils/context.py:156: AirflowContextDeprecationWarning: Accessing 'execution_date' from the template is deprecated and will be removed in a future version. Please use 'data_interval_start' or 'logical_date' instead.
  warnings.warn(_create_deprecation_warning(key, self._deprecation_replacements[key]))

[2022-07-07 07:40:09,376] {upbit_bitcoin.py:22} INFO - start here
[2022-07-07 07:40:09,376] {upbit_bitcoin.py:23} INFO - 2022-07-07T04:00:00+00:00
[2022-07-07 07:40:09,377] {python.py:175} INFO - Done. Returned value was: 15
[2022-07-07 07:40:09,413] {taskinstance.py:1282} INFO - Marking task as SUCCESS. dag_id=upbit_bitcoin, task_id=***_runtime_set, execution_date=20220707T040000, start_date=20220707T074009, end_date=20220707T074009
[2022-07-07 07:40:09,474] {local_task_job.py:154} INFO - Task exited with return code 0
[2022-07-07 07:40:09,529] {local_task_job.py:264} INFO - 1 downstream tasks scheduled from follow-on schedule check
[2022-07-07 07:43:44,586] {taskinstance.py:1037} INFO - Dependencies all met for <TaskInstance: upbit_bitcoin.airflow_runtime_set scheduled__2022-07-07T04:00:00+00:00 [queued]>
[2022-07-07 07:43:44,601] {taskinstance.py:1037} INFO - Dependencies all met for <TaskInstance: upbit_bitcoin.airflow_runtime_set scheduled__2022-07-07T04:00:00+00:00 [queued]>
[2022-07-07 07:43:44,601] {taskinstance.py:1243} INFO - 
--------------------------------------------------------------------------------
[2022-07-07 07:43:44,601] {taskinstance.py:1244} INFO - Starting attempt 1 of 1
[2022-07-07 07:43:44,601] {taskinstance.py:1245} INFO - 
--------------------------------------------------------------------------------
[2022-07-07 07:43:44,624] {taskinstance.py:1264} INFO - Executing <Task(PythonOperator): airflow_runtime_set> on 2022-07-07 04:00:00+00:00
[2022-07-07 07:43:44,631] {standard_task_runner.py:52} INFO - Started process 2857 to run task
[2022-07-07 07:43:44,634] {standard_task_runner.py:76} INFO - Running: ['***', 'tasks', 'run', 'upbit_bitcoin', '***_runtime_set', 'scheduled__2022-07-07T04:00:00+00:00', '--job-id', '664', '--raw', '--subdir', 'DAGS_FOLDER/upbit_bitcoin.py', '--cfg-path', '/tmp/tmpxgzrxnvp', '--error-file', '/tmp/tmpd0r6ii4s']
[2022-07-07 07:43:44,635] {standard_task_runner.py:77} INFO - Job 664: Subtask ***_runtime_set
[2022-07-07 07:43:44,713] {logging_mixin.py:109} INFO - Running <TaskInstance: upbit_bitcoin.***_runtime_set scheduled__2022-07-07T04:00:00+00:00 [running]> on host 9514ca4c721b
[2022-07-07 07:43:44,848] {taskinstance.py:1431} INFO - Exporting the following env vars:
AIRFLOW_CTX_DAG_OWNER=***
AIRFLOW_CTX_DAG_ID=upbit_bitcoin
AIRFLOW_CTX_TASK_ID=***_runtime_set
AIRFLOW_CTX_EXECUTION_DATE=2022-07-07T04:00:00+00:00
AIRFLOW_CTX_DAG_RUN_ID=scheduled__2022-07-07T04:00:00+00:00
[2022-07-07 07:43:44,850] {warnings.py:110} WARNING - /home/***/.local/lib/python3.7/site-packages/***/utils/context.py:156: AirflowContextDeprecationWarning: Accessing 'execution_date' from the template is deprecated and will be removed in a future version. Please use 'data_interval_start' or 'logical_date' instead.
  warnings.warn(_create_deprecation_warning(key, self._deprecation_replacements[key]))

[2022-07-07 07:43:44,850] {upbit_bitcoin.py:22} INFO - start here
[2022-07-07 07:43:44,850] {upbit_bitcoin.py:23} INFO - 2022-07-07T04:00:00+00:00
[2022-07-07 07:43:44,850] {upbit_bitcoin.py:25} INFO - {{ (execution_date + macros.timedelta(days=1)).strftime('%Y-%m-%d/%H:%M') }}
[2022-07-07 07:43:44,850] {python.py:175} INFO - Done. Returned value was: 15
[2022-07-07 07:43:44,896] {taskinstance.py:1282} INFO - Marking task as SUCCESS. dag_id=upbit_bitcoin, task_id=***_runtime_set, execution_date=20220707T040000, start_date=20220707T074344, end_date=20220707T074344
[2022-07-07 07:43:44,928] {local_task_job.py:154} INFO - Task exited with return code 0
[2022-07-07 07:43:44,982] {local_task_job.py:264} INFO - 1 downstream tasks scheduled from follow-on schedule check
[2022-07-07 07:45:18,652] {taskinstance.py:1037} INFO - Dependencies all met for <TaskInstance: upbit_bitcoin.airflow_runtime_set scheduled__2022-07-07T04:00:00+00:00 [queued]>
[2022-07-07 07:45:18,668] {taskinstance.py:1037} INFO - Dependencies all met for <TaskInstance: upbit_bitcoin.airflow_runtime_set scheduled__2022-07-07T04:00:00+00:00 [queued]>
[2022-07-07 07:45:18,669] {taskinstance.py:1243} INFO - 
--------------------------------------------------------------------------------
[2022-07-07 07:45:18,669] {taskinstance.py:1244} INFO - Starting attempt 1 of 1
[2022-07-07 07:45:18,669] {taskinstance.py:1245} INFO - 
--------------------------------------------------------------------------------
[2022-07-07 07:45:18,693] {taskinstance.py:1264} INFO - Executing <Task(PythonOperator): airflow_runtime_set> on 2022-07-07 04:00:00+00:00
[2022-07-07 07:45:18,700] {standard_task_runner.py:52} INFO - Started process 2934 to run task
[2022-07-07 07:45:18,706] {standard_task_runner.py:76} INFO - Running: ['***', 'tasks', 'run', 'upbit_bitcoin', '***_runtime_set', 'scheduled__2022-07-07T04:00:00+00:00', '--job-id', '670', '--raw', '--subdir', 'DAGS_FOLDER/upbit_bitcoin.py', '--cfg-path', '/tmp/tmpo91fo7hd', '--error-file', '/tmp/tmpcfl6f_wy']
[2022-07-07 07:45:18,707] {standard_task_runner.py:77} INFO - Job 670: Subtask ***_runtime_set
[2022-07-07 07:45:18,789] {logging_mixin.py:109} INFO - Running <TaskInstance: upbit_bitcoin.***_runtime_set scheduled__2022-07-07T04:00:00+00:00 [running]> on host 9514ca4c721b
[2022-07-07 07:45:18,879] {taskinstance.py:1431} INFO - Exporting the following env vars:
AIRFLOW_CTX_DAG_OWNER=***
AIRFLOW_CTX_DAG_ID=upbit_bitcoin
AIRFLOW_CTX_TASK_ID=***_runtime_set
AIRFLOW_CTX_EXECUTION_DATE=2022-07-07T04:00:00+00:00
AIRFLOW_CTX_DAG_RUN_ID=scheduled__2022-07-07T04:00:00+00:00
[2022-07-07 07:45:18,882] {warnings.py:110} WARNING - /home/***/.local/lib/python3.7/site-packages/***/utils/context.py:156: AirflowContextDeprecationWarning: Accessing 'execution_date' from the template is deprecated and will be removed in a future version. Please use 'data_interval_start' or 'logical_date' instead.
  warnings.warn(_create_deprecation_warning(key, self._deprecation_replacements[key]))

[2022-07-07 07:45:18,882] {upbit_bitcoin.py:22} INFO - start here
[2022-07-07 07:45:18,882] {upbit_bitcoin.py:23} INFO - 2022-07-07T04:00:00+00:00
[2022-07-07 07:45:18,882] {taskinstance.py:1718} ERROR - Task failed with exception
Traceback (most recent call last):
  File "/home/airflow/.local/lib/python3.7/site-packages/airflow/models/taskinstance.py", line 1334, in _run_raw_task
    self._execute_task_with_callbacks(context)
  File "/home/airflow/.local/lib/python3.7/site-packages/airflow/models/taskinstance.py", line 1460, in _execute_task_with_callbacks
    result = self._execute_task(context, self.task)
  File "/home/airflow/.local/lib/python3.7/site-packages/airflow/models/taskinstance.py", line 1516, in _execute_task
    result = execute_callable(context=context)
  File "/home/airflow/.local/lib/python3.7/site-packages/airflow/operators/python.py", line 174, in execute
    return_value = self.execute_callable()
  File "/home/airflow/.local/lib/python3.7/site-packages/airflow/operators/python.py", line 188, in execute_callable
    return self.python_callable(*self.op_args, **self.op_kwargs)
  File "/opt/airflow/dags/upbit_bitcoin.py", line 24, in time_setting
    EXEC_DATE = {{ (execution_date + macros.timedelta(days=1)).strftime('%Y-%m-%d/%H:%M') }}
NameError: name 'macros' is not defined
[2022-07-07 07:45:18,904] {taskinstance.py:1282} INFO - Marking task as FAILED. dag_id=upbit_bitcoin, task_id=***_runtime_set, execution_date=20220707T040000, start_date=20220707T074518, end_date=20220707T074518
[2022-07-07 07:45:18,926] {standard_task_runner.py:92} ERROR - Failed to execute job 670 for task ***_runtime_set
Traceback (most recent call last):
  File "/home/airflow/.local/lib/python3.7/site-packages/airflow/task/task_runner/standard_task_runner.py", line 85, in _start_by_fork
    args.func(args, dag=self.dag)
  File "/home/airflow/.local/lib/python3.7/site-packages/airflow/cli/cli_parser.py", line 48, in command
    return func(*args, **kwargs)
  File "/home/airflow/.local/lib/python3.7/site-packages/airflow/utils/cli.py", line 92, in wrapper
    return f(*args, **kwargs)
  File "/home/airflow/.local/lib/python3.7/site-packages/airflow/cli/commands/task_command.py", line 298, in task_run
    _run_task_by_selected_method(args, dag, ti)
  File "/home/airflow/.local/lib/python3.7/site-packages/airflow/cli/commands/task_command.py", line 107, in _run_task_by_selected_method
    _run_raw_task(args, ti)
  File "/home/airflow/.local/lib/python3.7/site-packages/airflow/cli/commands/task_command.py", line 184, in _run_raw_task
    error_file=args.error_file,
  File "/home/airflow/.local/lib/python3.7/site-packages/airflow/utils/session.py", line 70, in wrapper
    return func(*args, session=session, **kwargs)
  File "/home/airflow/.local/lib/python3.7/site-packages/airflow/models/taskinstance.py", line 1334, in _run_raw_task
    self._execute_task_with_callbacks(context)
  File "/home/airflow/.local/lib/python3.7/site-packages/airflow/models/taskinstance.py", line 1460, in _execute_task_with_callbacks
    result = self._execute_task(context, self.task)
  File "/home/airflow/.local/lib/python3.7/site-packages/airflow/models/taskinstance.py", line 1516, in _execute_task
    result = execute_callable(context=context)
  File "/home/airflow/.local/lib/python3.7/site-packages/airflow/operators/python.py", line 174, in execute
    return_value = self.execute_callable()
  File "/home/airflow/.local/lib/python3.7/site-packages/airflow/operators/python.py", line 188, in execute_callable
    return self.python_callable(*self.op_args, **self.op_kwargs)
  File "/opt/airflow/dags/upbit_bitcoin.py", line 24, in time_setting
    EXEC_DATE = {{ (execution_date + macros.timedelta(days=1)).strftime('%Y-%m-%d/%H:%M') }}
NameError: name 'macros' is not defined
[2022-07-07 07:45:18,961] {local_task_job.py:154} INFO - Task exited with return code 1
[2022-07-07 07:45:19,014] {local_task_job.py:264} INFO - 0 downstream tasks scheduled from follow-on schedule check
[2022-07-07 07:48:02,614] {taskinstance.py:1037} INFO - Dependencies all met for <TaskInstance: upbit_bitcoin.airflow_runtime_set scheduled__2022-07-07T04:00:00+00:00 [queued]>
[2022-07-07 07:48:02,654] {taskinstance.py:1037} INFO - Dependencies all met for <TaskInstance: upbit_bitcoin.airflow_runtime_set scheduled__2022-07-07T04:00:00+00:00 [queued]>
[2022-07-07 07:48:02,655] {taskinstance.py:1243} INFO - 
--------------------------------------------------------------------------------
[2022-07-07 07:48:02,655] {taskinstance.py:1244} INFO - Starting attempt 1 of 1
[2022-07-07 07:48:02,655] {taskinstance.py:1245} INFO - 
--------------------------------------------------------------------------------
[2022-07-07 07:48:02,742] {taskinstance.py:1264} INFO - Executing <Task(PythonOperator): airflow_runtime_set> on 2022-07-07 04:00:00+00:00
[2022-07-07 07:48:02,757] {standard_task_runner.py:52} INFO - Started process 3042 to run task
[2022-07-07 07:48:02,771] {standard_task_runner.py:76} INFO - Running: ['***', 'tasks', 'run', 'upbit_bitcoin', '***_runtime_set', 'scheduled__2022-07-07T04:00:00+00:00', '--job-id', '673', '--raw', '--subdir', 'DAGS_FOLDER/upbit_bitcoin.py', '--cfg-path', '/tmp/tmpry_pqmsl', '--error-file', '/tmp/tmp29rjo9cy']
[2022-07-07 07:48:02,772] {standard_task_runner.py:77} INFO - Job 673: Subtask ***_runtime_set
[2022-07-07 07:48:02,971] {logging_mixin.py:109} INFO - Running <TaskInstance: upbit_bitcoin.***_runtime_set scheduled__2022-07-07T04:00:00+00:00 [running]> on host 9514ca4c721b
[2022-07-07 07:48:03,108] {taskinstance.py:1431} INFO - Exporting the following env vars:
AIRFLOW_CTX_DAG_OWNER=***
AIRFLOW_CTX_DAG_ID=upbit_bitcoin
AIRFLOW_CTX_TASK_ID=***_runtime_set
AIRFLOW_CTX_EXECUTION_DATE=2022-07-07T04:00:00+00:00
AIRFLOW_CTX_DAG_RUN_ID=scheduled__2022-07-07T04:00:00+00:00
[2022-07-07 07:48:03,110] {warnings.py:110} WARNING - /home/***/.local/lib/python3.7/site-packages/***/utils/context.py:156: AirflowContextDeprecationWarning: Accessing 'execution_date' from the template is deprecated and will be removed in a future version. Please use 'data_interval_start' or 'logical_date' instead.
  warnings.warn(_create_deprecation_warning(key, self._deprecation_replacements[key]))

[2022-07-07 07:48:03,111] {upbit_bitcoin.py:24} INFO - start here
[2022-07-07 07:48:03,111] {upbit_bitcoin.py:25} INFO - 2022-07-07T04:00:00+00:00
[2022-07-07 07:48:03,111] {taskinstance.py:1718} ERROR - Task failed with exception
Traceback (most recent call last):
  File "/home/airflow/.local/lib/python3.7/site-packages/airflow/models/taskinstance.py", line 1334, in _run_raw_task
    self._execute_task_with_callbacks(context)
  File "/home/airflow/.local/lib/python3.7/site-packages/airflow/models/taskinstance.py", line 1460, in _execute_task_with_callbacks
    result = self._execute_task(context, self.task)
  File "/home/airflow/.local/lib/python3.7/site-packages/airflow/models/taskinstance.py", line 1516, in _execute_task
    result = execute_callable(context=context)
  File "/home/airflow/.local/lib/python3.7/site-packages/airflow/operators/python.py", line 174, in execute
    return_value = self.execute_callable()
  File "/home/airflow/.local/lib/python3.7/site-packages/airflow/operators/python.py", line 188, in execute_callable
    return self.python_callable(*self.op_args, **self.op_kwargs)
  File "/opt/airflow/dags/upbit_bitcoin.py", line 26, in time_setting
    EXEC_DATE = {{ (execution_date + macros.timedelta(days=1)).strftime('%Y-%m-%d/%H:%M') }}
NameError: name 'macros' is not defined
[2022-07-07 07:48:03,132] {taskinstance.py:1282} INFO - Marking task as FAILED. dag_id=upbit_bitcoin, task_id=***_runtime_set, execution_date=20220707T040000, start_date=20220707T074802, end_date=20220707T074803
[2022-07-07 07:48:03,168] {standard_task_runner.py:92} ERROR - Failed to execute job 673 for task ***_runtime_set
Traceback (most recent call last):
  File "/home/airflow/.local/lib/python3.7/site-packages/airflow/task/task_runner/standard_task_runner.py", line 85, in _start_by_fork
    args.func(args, dag=self.dag)
  File "/home/airflow/.local/lib/python3.7/site-packages/airflow/cli/cli_parser.py", line 48, in command
    return func(*args, **kwargs)
  File "/home/airflow/.local/lib/python3.7/site-packages/airflow/utils/cli.py", line 92, in wrapper
    return f(*args, **kwargs)
  File "/home/airflow/.local/lib/python3.7/site-packages/airflow/cli/commands/task_command.py", line 298, in task_run
    _run_task_by_selected_method(args, dag, ti)
  File "/home/airflow/.local/lib/python3.7/site-packages/airflow/cli/commands/task_command.py", line 107, in _run_task_by_selected_method
    _run_raw_task(args, ti)
  File "/home/airflow/.local/lib/python3.7/site-packages/airflow/cli/commands/task_command.py", line 184, in _run_raw_task
    error_file=args.error_file,
  File "/home/airflow/.local/lib/python3.7/site-packages/airflow/utils/session.py", line 70, in wrapper
    return func(*args, session=session, **kwargs)
  File "/home/airflow/.local/lib/python3.7/site-packages/airflow/models/taskinstance.py", line 1334, in _run_raw_task
    self._execute_task_with_callbacks(context)
  File "/home/airflow/.local/lib/python3.7/site-packages/airflow/models/taskinstance.py", line 1460, in _execute_task_with_callbacks
    result = self._execute_task(context, self.task)
  File "/home/airflow/.local/lib/python3.7/site-packages/airflow/models/taskinstance.py", line 1516, in _execute_task
    result = execute_callable(context=context)
  File "/home/airflow/.local/lib/python3.7/site-packages/airflow/operators/python.py", line 174, in execute
    return_value = self.execute_callable()
  File "/home/airflow/.local/lib/python3.7/site-packages/airflow/operators/python.py", line 188, in execute_callable
    return self.python_callable(*self.op_args, **self.op_kwargs)
  File "/opt/airflow/dags/upbit_bitcoin.py", line 26, in time_setting
    EXEC_DATE = {{ (execution_date + macros.timedelta(days=1)).strftime('%Y-%m-%d/%H:%M') }}
NameError: name 'macros' is not defined
[2022-07-07 07:48:03,202] {local_task_job.py:154} INFO - Task exited with return code 1
[2022-07-07 07:48:03,282] {local_task_job.py:264} INFO - 0 downstream tasks scheduled from follow-on schedule check
[2022-07-07 07:49:30,759] {taskinstance.py:1037} INFO - Dependencies all met for <TaskInstance: upbit_bitcoin.airflow_runtime_set scheduled__2022-07-07T04:00:00+00:00 [queued]>
[2022-07-07 07:49:30,799] {taskinstance.py:1037} INFO - Dependencies all met for <TaskInstance: upbit_bitcoin.airflow_runtime_set scheduled__2022-07-07T04:00:00+00:00 [queued]>
[2022-07-07 07:49:30,799] {taskinstance.py:1243} INFO - 
--------------------------------------------------------------------------------
[2022-07-07 07:49:30,799] {taskinstance.py:1244} INFO - Starting attempt 1 of 1
[2022-07-07 07:49:30,800] {taskinstance.py:1245} INFO - 
--------------------------------------------------------------------------------
[2022-07-07 07:49:30,840] {taskinstance.py:1264} INFO - Executing <Task(PythonOperator): airflow_runtime_set> on 2022-07-07 04:00:00+00:00
[2022-07-07 07:49:30,845] {standard_task_runner.py:52} INFO - Started process 3102 to run task
[2022-07-07 07:49:30,851] {standard_task_runner.py:76} INFO - Running: ['***', 'tasks', 'run', 'upbit_bitcoin', '***_runtime_set', 'scheduled__2022-07-07T04:00:00+00:00', '--job-id', '676', '--raw', '--subdir', 'DAGS_FOLDER/upbit_bitcoin.py', '--cfg-path', '/tmp/tmpos579ggx', '--error-file', '/tmp/tmpcbrrc5xk']
[2022-07-07 07:49:30,852] {standard_task_runner.py:77} INFO - Job 676: Subtask ***_runtime_set
[2022-07-07 07:49:31,148] {logging_mixin.py:109} INFO - Running <TaskInstance: upbit_bitcoin.***_runtime_set scheduled__2022-07-07T04:00:00+00:00 [running]> on host 9514ca4c721b
[2022-07-07 07:49:31,958] {taskinstance.py:1431} INFO - Exporting the following env vars:
AIRFLOW_CTX_DAG_OWNER=***
AIRFLOW_CTX_DAG_ID=upbit_bitcoin
AIRFLOW_CTX_TASK_ID=***_runtime_set
AIRFLOW_CTX_EXECUTION_DATE=2022-07-07T04:00:00+00:00
AIRFLOW_CTX_DAG_RUN_ID=scheduled__2022-07-07T04:00:00+00:00
[2022-07-07 07:49:31,966] {warnings.py:110} WARNING - /home/***/.local/lib/python3.7/site-packages/***/utils/context.py:156: AirflowContextDeprecationWarning: Accessing 'execution_date' from the template is deprecated and will be removed in a future version. Please use 'data_interval_start' or 'logical_date' instead.
  warnings.warn(_create_deprecation_warning(key, self._deprecation_replacements[key]))

[2022-07-07 07:49:31,967] {upbit_bitcoin.py:24} INFO - start here
[2022-07-07 07:49:31,967] {upbit_bitcoin.py:25} INFO - 2022-07-07T04:00:00+00:00
[2022-07-07 07:49:31,967] {taskinstance.py:1718} ERROR - Task failed with exception
Traceback (most recent call last):
  File "/home/airflow/.local/lib/python3.7/site-packages/airflow/models/taskinstance.py", line 1334, in _run_raw_task
    self._execute_task_with_callbacks(context)
  File "/home/airflow/.local/lib/python3.7/site-packages/airflow/models/taskinstance.py", line 1460, in _execute_task_with_callbacks
    result = self._execute_task(context, self.task)
  File "/home/airflow/.local/lib/python3.7/site-packages/airflow/models/taskinstance.py", line 1516, in _execute_task
    result = execute_callable(context=context)
  File "/home/airflow/.local/lib/python3.7/site-packages/airflow/operators/python.py", line 174, in execute
    return_value = self.execute_callable()
  File "/home/airflow/.local/lib/python3.7/site-packages/airflow/operators/python.py", line 188, in execute_callable
    return self.python_callable(*self.op_args, **self.op_kwargs)
  File "/opt/airflow/dags/upbit_bitcoin.py", line 26, in time_setting
    EXEC_DATE = {{ (execution_date + macros.timedelta(days=1)).strftime('%Y-%m-%d/%H:%M') }}
NameError: name 'macros' is not defined
[2022-07-07 07:49:32,037] {taskinstance.py:1282} INFO - Marking task as FAILED. dag_id=upbit_bitcoin, task_id=***_runtime_set, execution_date=20220707T040000, start_date=20220707T074930, end_date=20220707T074932
[2022-07-07 07:49:32,256] {standard_task_runner.py:92} ERROR - Failed to execute job 676 for task ***_runtime_set
Traceback (most recent call last):
  File "/home/airflow/.local/lib/python3.7/site-packages/airflow/task/task_runner/standard_task_runner.py", line 85, in _start_by_fork
    args.func(args, dag=self.dag)
  File "/home/airflow/.local/lib/python3.7/site-packages/airflow/cli/cli_parser.py", line 48, in command
    return func(*args, **kwargs)
  File "/home/airflow/.local/lib/python3.7/site-packages/airflow/utils/cli.py", line 92, in wrapper
    return f(*args, **kwargs)
  File "/home/airflow/.local/lib/python3.7/site-packages/airflow/cli/commands/task_command.py", line 298, in task_run
    _run_task_by_selected_method(args, dag, ti)
  File "/home/airflow/.local/lib/python3.7/site-packages/airflow/cli/commands/task_command.py", line 107, in _run_task_by_selected_method
    _run_raw_task(args, ti)
  File "/home/airflow/.local/lib/python3.7/site-packages/airflow/cli/commands/task_command.py", line 184, in _run_raw_task
    error_file=args.error_file,
  File "/home/airflow/.local/lib/python3.7/site-packages/airflow/utils/session.py", line 70, in wrapper
    return func(*args, session=session, **kwargs)
  File "/home/airflow/.local/lib/python3.7/site-packages/airflow/models/taskinstance.py", line 1334, in _run_raw_task
    self._execute_task_with_callbacks(context)
  File "/home/airflow/.local/lib/python3.7/site-packages/airflow/models/taskinstance.py", line 1460, in _execute_task_with_callbacks
    result = self._execute_task(context, self.task)
  File "/home/airflow/.local/lib/python3.7/site-packages/airflow/models/taskinstance.py", line 1516, in _execute_task
    result = execute_callable(context=context)
  File "/home/airflow/.local/lib/python3.7/site-packages/airflow/operators/python.py", line 174, in execute
    return_value = self.execute_callable()
  File "/home/airflow/.local/lib/python3.7/site-packages/airflow/operators/python.py", line 188, in execute_callable
    return self.python_callable(*self.op_args, **self.op_kwargs)
  File "/opt/airflow/dags/upbit_bitcoin.py", line 26, in time_setting
    EXEC_DATE = {{ (execution_date + macros.timedelta(days=1)).strftime('%Y-%m-%d/%H:%M') }}
NameError: name 'macros' is not defined
[2022-07-07 07:49:32,328] {local_task_job.py:154} INFO - Task exited with return code 1
[2022-07-07 07:49:32,612] {local_task_job.py:264} INFO - 0 downstream tasks scheduled from follow-on schedule check
[2022-07-07 07:53:55,981] {taskinstance.py:1037} INFO - Dependencies all met for <TaskInstance: upbit_bitcoin.airflow_runtime_set scheduled__2022-07-07T04:00:00+00:00 [queued]>
[2022-07-07 07:53:56,016] {taskinstance.py:1037} INFO - Dependencies all met for <TaskInstance: upbit_bitcoin.airflow_runtime_set scheduled__2022-07-07T04:00:00+00:00 [queued]>
[2022-07-07 07:53:56,016] {taskinstance.py:1243} INFO - 
--------------------------------------------------------------------------------
[2022-07-07 07:53:56,016] {taskinstance.py:1244} INFO - Starting attempt 1 of 1
[2022-07-07 07:53:56,016] {taskinstance.py:1245} INFO - 
--------------------------------------------------------------------------------
[2022-07-07 07:53:56,119] {taskinstance.py:1264} INFO - Executing <Task(PythonOperator): airflow_runtime_set> on 2022-07-07 04:00:00+00:00
[2022-07-07 07:53:56,126] {standard_task_runner.py:52} INFO - Started process 3274 to run task
[2022-07-07 07:53:56,146] {standard_task_runner.py:76} INFO - Running: ['***', 'tasks', 'run', 'upbit_bitcoin', '***_runtime_set', 'scheduled__2022-07-07T04:00:00+00:00', '--job-id', '679', '--raw', '--subdir', 'DAGS_FOLDER/upbit_bitcoin.py', '--cfg-path', '/tmp/tmpg2r980l0', '--error-file', '/tmp/tmp53s_p3bz']
[2022-07-07 07:53:56,147] {standard_task_runner.py:77} INFO - Job 679: Subtask ***_runtime_set
[2022-07-07 07:53:56,343] {logging_mixin.py:109} INFO - Running <TaskInstance: upbit_bitcoin.***_runtime_set scheduled__2022-07-07T04:00:00+00:00 [running]> on host 9514ca4c721b
[2022-07-07 07:53:56,631] {taskinstance.py:1431} INFO - Exporting the following env vars:
AIRFLOW_CTX_DAG_OWNER=***
AIRFLOW_CTX_DAG_ID=upbit_bitcoin
AIRFLOW_CTX_TASK_ID=***_runtime_set
AIRFLOW_CTX_EXECUTION_DATE=2022-07-07T04:00:00+00:00
AIRFLOW_CTX_DAG_RUN_ID=scheduled__2022-07-07T04:00:00+00:00
[2022-07-07 07:53:56,632] {upbit_bitcoin.py:22} INFO - start here
[2022-07-07 07:53:56,632] {upbit_bitcoin.py:23} INFO - 2022-07-07T04:00:00+00:00
[2022-07-07 07:53:56,633] {taskinstance.py:1718} ERROR - Task failed with exception
Traceback (most recent call last):
  File "/home/airflow/.local/lib/python3.7/site-packages/airflow/models/taskinstance.py", line 1334, in _run_raw_task
    self._execute_task_with_callbacks(context)
  File "/home/airflow/.local/lib/python3.7/site-packages/airflow/models/taskinstance.py", line 1460, in _execute_task_with_callbacks
    result = self._execute_task(context, self.task)
  File "/home/airflow/.local/lib/python3.7/site-packages/airflow/models/taskinstance.py", line 1516, in _execute_task
    result = execute_callable(context=context)
  File "/home/airflow/.local/lib/python3.7/site-packages/airflow/operators/python.py", line 174, in execute
    return_value = self.execute_callable()
  File "/home/airflow/.local/lib/python3.7/site-packages/airflow/operators/python.py", line 188, in execute_callable
    return self.python_callable(*self.op_args, **self.op_kwargs)
  File "/opt/airflow/dags/upbit_bitcoin.py", line 24, in time_setting
    EXEC_DATE = (ts + macros.timedelta(days=1)).strftime('%Y-%m-%d/%H:%M')
NameError: name 'macros' is not defined
[2022-07-07 07:53:56,740] {taskinstance.py:1282} INFO - Marking task as FAILED. dag_id=upbit_bitcoin, task_id=***_runtime_set, execution_date=20220707T040000, start_date=20220707T075355, end_date=20220707T075356
[2022-07-07 07:53:56,880] {standard_task_runner.py:92} ERROR - Failed to execute job 679 for task ***_runtime_set
Traceback (most recent call last):
  File "/home/airflow/.local/lib/python3.7/site-packages/airflow/task/task_runner/standard_task_runner.py", line 85, in _start_by_fork
    args.func(args, dag=self.dag)
  File "/home/airflow/.local/lib/python3.7/site-packages/airflow/cli/cli_parser.py", line 48, in command
    return func(*args, **kwargs)
  File "/home/airflow/.local/lib/python3.7/site-packages/airflow/utils/cli.py", line 92, in wrapper
    return f(*args, **kwargs)
  File "/home/airflow/.local/lib/python3.7/site-packages/airflow/cli/commands/task_command.py", line 298, in task_run
    _run_task_by_selected_method(args, dag, ti)
  File "/home/airflow/.local/lib/python3.7/site-packages/airflow/cli/commands/task_command.py", line 107, in _run_task_by_selected_method
    _run_raw_task(args, ti)
  File "/home/airflow/.local/lib/python3.7/site-packages/airflow/cli/commands/task_command.py", line 184, in _run_raw_task
    error_file=args.error_file,
  File "/home/airflow/.local/lib/python3.7/site-packages/airflow/utils/session.py", line 70, in wrapper
    return func(*args, session=session, **kwargs)
  File "/home/airflow/.local/lib/python3.7/site-packages/airflow/models/taskinstance.py", line 1334, in _run_raw_task
    self._execute_task_with_callbacks(context)
  File "/home/airflow/.local/lib/python3.7/site-packages/airflow/models/taskinstance.py", line 1460, in _execute_task_with_callbacks
    result = self._execute_task(context, self.task)
  File "/home/airflow/.local/lib/python3.7/site-packages/airflow/models/taskinstance.py", line 1516, in _execute_task
    result = execute_callable(context=context)
  File "/home/airflow/.local/lib/python3.7/site-packages/airflow/operators/python.py", line 174, in execute
    return_value = self.execute_callable()
  File "/home/airflow/.local/lib/python3.7/site-packages/airflow/operators/python.py", line 188, in execute_callable
    return self.python_callable(*self.op_args, **self.op_kwargs)
  File "/opt/airflow/dags/upbit_bitcoin.py", line 24, in time_setting
    EXEC_DATE = (ts + macros.timedelta(days=1)).strftime('%Y-%m-%d/%H:%M')
NameError: name 'macros' is not defined
[2022-07-07 07:53:57,029] {local_task_job.py:154} INFO - Task exited with return code 1
[2022-07-07 07:53:57,242] {local_task_job.py:264} INFO - 0 downstream tasks scheduled from follow-on schedule check
[2022-07-07 07:54:55,626] {taskinstance.py:1037} INFO - Dependencies all met for <TaskInstance: upbit_bitcoin.airflow_runtime_set scheduled__2022-07-07T04:00:00+00:00 [queued]>
[2022-07-07 07:54:55,659] {taskinstance.py:1037} INFO - Dependencies all met for <TaskInstance: upbit_bitcoin.airflow_runtime_set scheduled__2022-07-07T04:00:00+00:00 [queued]>
[2022-07-07 07:54:55,659] {taskinstance.py:1243} INFO - 
--------------------------------------------------------------------------------
[2022-07-07 07:54:55,659] {taskinstance.py:1244} INFO - Starting attempt 1 of 1
[2022-07-07 07:54:55,659] {taskinstance.py:1245} INFO - 
--------------------------------------------------------------------------------
[2022-07-07 07:54:55,734] {taskinstance.py:1264} INFO - Executing <Task(PythonOperator): airflow_runtime_set> on 2022-07-07 04:00:00+00:00
[2022-07-07 07:54:55,749] {standard_task_runner.py:52} INFO - Started process 3307 to run task
[2022-07-07 07:54:55,767] {standard_task_runner.py:76} INFO - Running: ['***', 'tasks', 'run', 'upbit_bitcoin', '***_runtime_set', 'scheduled__2022-07-07T04:00:00+00:00', '--job-id', '682', '--raw', '--subdir', 'DAGS_FOLDER/upbit_bitcoin.py', '--cfg-path', '/tmp/tmpl1p891eq', '--error-file', '/tmp/tmp9445h9d8']
[2022-07-07 07:54:55,768] {standard_task_runner.py:77} INFO - Job 682: Subtask ***_runtime_set
[2022-07-07 07:54:56,007] {logging_mixin.py:109} INFO - Running <TaskInstance: upbit_bitcoin.***_runtime_set scheduled__2022-07-07T04:00:00+00:00 [running]> on host 9514ca4c721b
[2022-07-07 07:54:56,425] {taskinstance.py:1431} INFO - Exporting the following env vars:
AIRFLOW_CTX_DAG_OWNER=***
AIRFLOW_CTX_DAG_ID=upbit_bitcoin
AIRFLOW_CTX_TASK_ID=***_runtime_set
AIRFLOW_CTX_EXECUTION_DATE=2022-07-07T04:00:00+00:00
AIRFLOW_CTX_DAG_RUN_ID=scheduled__2022-07-07T04:00:00+00:00
[2022-07-07 07:54:56,429] {upbit_bitcoin.py:22} INFO - start here
[2022-07-07 07:54:56,429] {upbit_bitcoin.py:23} INFO - 2022-07-07T04:00:00+00:00
[2022-07-07 07:54:56,430] {upbit_bitcoin.py:24} INFO - end here
[2022-07-07 07:54:56,430] {python.py:175} INFO - Done. Returned value was: 2022-07-07T04:00:00+00:00
[2022-07-07 07:54:56,634] {taskinstance.py:1282} INFO - Marking task as SUCCESS. dag_id=upbit_bitcoin, task_id=***_runtime_set, execution_date=20220707T040000, start_date=20220707T075455, end_date=20220707T075456
[2022-07-07 07:54:56,855] {local_task_job.py:154} INFO - Task exited with return code 0
[2022-07-07 07:54:57,006] {local_task_job.py:264} INFO - 1 downstream tasks scheduled from follow-on schedule check
[2022-07-07 07:56:03,120] {taskinstance.py:1037} INFO - Dependencies all met for <TaskInstance: upbit_bitcoin.airflow_runtime_set scheduled__2022-07-07T04:00:00+00:00 [queued]>
[2022-07-07 07:56:03,162] {taskinstance.py:1037} INFO - Dependencies all met for <TaskInstance: upbit_bitcoin.airflow_runtime_set scheduled__2022-07-07T04:00:00+00:00 [queued]>
[2022-07-07 07:56:03,162] {taskinstance.py:1243} INFO - 
--------------------------------------------------------------------------------
[2022-07-07 07:56:03,162] {taskinstance.py:1244} INFO - Starting attempt 1 of 1
[2022-07-07 07:56:03,162] {taskinstance.py:1245} INFO - 
--------------------------------------------------------------------------------
[2022-07-07 07:56:03,224] {taskinstance.py:1264} INFO - Executing <Task(PythonOperator): airflow_runtime_set> on 2022-07-07 04:00:00+00:00
[2022-07-07 07:56:03,261] {standard_task_runner.py:52} INFO - Started process 3360 to run task
[2022-07-07 07:56:03,268] {standard_task_runner.py:76} INFO - Running: ['***', 'tasks', 'run', 'upbit_bitcoin', '***_runtime_set', 'scheduled__2022-07-07T04:00:00+00:00', '--job-id', '688', '--raw', '--subdir', 'DAGS_FOLDER/upbit_bitcoin.py', '--cfg-path', '/tmp/tmp8jry94e2', '--error-file', '/tmp/tmprkawq1nt']
[2022-07-07 07:56:03,268] {standard_task_runner.py:77} INFO - Job 688: Subtask ***_runtime_set
[2022-07-07 07:56:03,510] {logging_mixin.py:109} INFO - Running <TaskInstance: upbit_bitcoin.***_runtime_set scheduled__2022-07-07T04:00:00+00:00 [running]> on host 9514ca4c721b
[2022-07-07 07:56:03,699] {taskinstance.py:1431} INFO - Exporting the following env vars:
AIRFLOW_CTX_DAG_OWNER=***
AIRFLOW_CTX_DAG_ID=upbit_bitcoin
AIRFLOW_CTX_TASK_ID=***_runtime_set
AIRFLOW_CTX_EXECUTION_DATE=2022-07-07T04:00:00+00:00
AIRFLOW_CTX_DAG_RUN_ID=scheduled__2022-07-07T04:00:00+00:00
[2022-07-07 07:56:03,700] {upbit_bitcoin.py:22} INFO - start here
[2022-07-07 07:56:03,700] {upbit_bitcoin.py:23} INFO - 2022-07-07T04:00:00+00:00
[2022-07-07 07:56:03,700] {upbit_bitcoin.py:24} INFO - end here
[2022-07-07 07:56:03,701] {python.py:175} INFO - Done. Returned value was: 2022-07-07T04:00:00+00:00
[2022-07-07 07:56:03,821] {taskinstance.py:1282} INFO - Marking task as SUCCESS. dag_id=upbit_bitcoin, task_id=***_runtime_set, execution_date=20220707T040000, start_date=20220707T075603, end_date=20220707T075603
[2022-07-07 07:56:03,930] {local_task_job.py:154} INFO - Task exited with return code 0
[2022-07-07 07:56:04,072] {local_task_job.py:264} INFO - 1 downstream tasks scheduled from follow-on schedule check
[2022-07-07 07:58:24,543] {taskinstance.py:1037} INFO - Dependencies all met for <TaskInstance: upbit_bitcoin.airflow_runtime_set scheduled__2022-07-07T04:00:00+00:00 [queued]>
[2022-07-07 07:58:24,574] {taskinstance.py:1037} INFO - Dependencies all met for <TaskInstance: upbit_bitcoin.airflow_runtime_set scheduled__2022-07-07T04:00:00+00:00 [queued]>
[2022-07-07 07:58:24,574] {taskinstance.py:1243} INFO - 
--------------------------------------------------------------------------------
[2022-07-07 07:58:24,574] {taskinstance.py:1244} INFO - Starting attempt 1 of 1
[2022-07-07 07:58:24,574] {taskinstance.py:1245} INFO - 
--------------------------------------------------------------------------------
[2022-07-07 07:58:24,603] {taskinstance.py:1264} INFO - Executing <Task(PythonOperator): airflow_runtime_set> on 2022-07-07 04:00:00+00:00
[2022-07-07 07:58:24,668] {standard_task_runner.py:52} INFO - Started process 3459 to run task
[2022-07-07 07:58:24,703] {standard_task_runner.py:76} INFO - Running: ['***', 'tasks', 'run', 'upbit_bitcoin', '***_runtime_set', 'scheduled__2022-07-07T04:00:00+00:00', '--job-id', '694', '--raw', '--subdir', 'DAGS_FOLDER/upbit_bitcoin.py', '--cfg-path', '/tmp/tmpcnvhbnof', '--error-file', '/tmp/tmp_2ame3u1']
[2022-07-07 07:58:24,705] {standard_task_runner.py:77} INFO - Job 694: Subtask ***_runtime_set
[2022-07-07 07:58:24,821] {logging_mixin.py:109} INFO - Running <TaskInstance: upbit_bitcoin.***_runtime_set scheduled__2022-07-07T04:00:00+00:00 [running]> on host 9514ca4c721b
[2022-07-07 07:58:24,898] {taskinstance.py:1431} INFO - Exporting the following env vars:
AIRFLOW_CTX_DAG_OWNER=***
AIRFLOW_CTX_DAG_ID=upbit_bitcoin
AIRFLOW_CTX_TASK_ID=***_runtime_set
AIRFLOW_CTX_EXECUTION_DATE=2022-07-07T04:00:00+00:00
AIRFLOW_CTX_DAG_RUN_ID=scheduled__2022-07-07T04:00:00+00:00
[2022-07-07 07:58:24,901] {upbit_bitcoin.py:22} INFO - start here
[2022-07-07 07:58:24,901] {upbit_bitcoin.py:23} INFO - 2022-07-07T04:00:00+00:00
[2022-07-07 07:58:24,901] {upbit_bitcoin.py:24} INFO - end here
[2022-07-07 07:58:24,902] {python.py:175} INFO - Done. Returned value was: 2022-07-07T04:00:00+00:00
[2022-07-07 07:58:24,919] {taskinstance.py:1282} INFO - Marking task as SUCCESS. dag_id=upbit_bitcoin, task_id=***_runtime_set, execution_date=20220707T040000, start_date=20220707T075824, end_date=20220707T075824
[2022-07-07 07:58:24,964] {local_task_job.py:154} INFO - Task exited with return code 0
[2022-07-07 07:58:25,017] {local_task_job.py:264} INFO - 1 downstream tasks scheduled from follow-on schedule check
[2022-07-07 08:00:33,101] {taskinstance.py:1037} INFO - Dependencies all met for <TaskInstance: upbit_bitcoin.airflow_runtime_set scheduled__2022-07-07T04:00:00+00:00 [queued]>
[2022-07-07 08:00:33,121] {taskinstance.py:1037} INFO - Dependencies all met for <TaskInstance: upbit_bitcoin.airflow_runtime_set scheduled__2022-07-07T04:00:00+00:00 [queued]>
[2022-07-07 08:00:33,121] {taskinstance.py:1243} INFO - 
--------------------------------------------------------------------------------
[2022-07-07 08:00:33,122] {taskinstance.py:1244} INFO - Starting attempt 1 of 1
[2022-07-07 08:00:33,122] {taskinstance.py:1245} INFO - 
--------------------------------------------------------------------------------
[2022-07-07 08:00:33,150] {taskinstance.py:1264} INFO - Executing <Task(PythonOperator): airflow_runtime_set> on 2022-07-07 04:00:00+00:00
[2022-07-07 08:00:33,157] {standard_task_runner.py:52} INFO - Started process 3556 to run task
[2022-07-07 08:00:33,163] {standard_task_runner.py:76} INFO - Running: ['***', 'tasks', 'run', 'upbit_bitcoin', '***_runtime_set', 'scheduled__2022-07-07T04:00:00+00:00', '--job-id', '702', '--raw', '--subdir', 'DAGS_FOLDER/upbit_bitcoin.py', '--cfg-path', '/tmp/tmpg3mfbm9v', '--error-file', '/tmp/tmpir1azrce']
[2022-07-07 08:00:33,163] {standard_task_runner.py:77} INFO - Job 702: Subtask ***_runtime_set
[2022-07-07 08:00:33,282] {logging_mixin.py:109} INFO - Running <TaskInstance: upbit_bitcoin.***_runtime_set scheduled__2022-07-07T04:00:00+00:00 [running]> on host 9514ca4c721b
[2022-07-07 08:00:33,385] {taskinstance.py:1431} INFO - Exporting the following env vars:
AIRFLOW_CTX_DAG_OWNER=***
AIRFLOW_CTX_DAG_ID=upbit_bitcoin
AIRFLOW_CTX_TASK_ID=***_runtime_set
AIRFLOW_CTX_EXECUTION_DATE=2022-07-07T04:00:00+00:00
AIRFLOW_CTX_DAG_RUN_ID=scheduled__2022-07-07T04:00:00+00:00
[2022-07-07 08:00:33,386] {upbit_bitcoin.py:22} INFO - start here
[2022-07-07 08:00:33,387] {upbit_bitcoin.py:23} INFO - 2022-07-07T04:00:00+00:00
[2022-07-07 08:00:33,387] {upbit_bitcoin.py:24} INFO - end here
[2022-07-07 08:00:33,387] {python.py:175} INFO - Done. Returned value was: 2022-07-07T04:00:00+00:00
[2022-07-07 08:00:33,429] {taskinstance.py:1282} INFO - Marking task as SUCCESS. dag_id=upbit_bitcoin, task_id=***_runtime_set, execution_date=20220707T040000, start_date=20220707T080033, end_date=20220707T080033
[2022-07-07 08:00:33,505] {local_task_job.py:154} INFO - Task exited with return code 0
[2022-07-07 08:00:33,560] {local_task_job.py:264} INFO - 1 downstream tasks scheduled from follow-on schedule check
[2022-07-07 08:08:21,503] {taskinstance.py:1037} INFO - Dependencies all met for <TaskInstance: upbit_bitcoin.airflow_runtime_set scheduled__2022-07-07T04:00:00+00:00 [queued]>
[2022-07-07 08:08:21,525] {taskinstance.py:1037} INFO - Dependencies all met for <TaskInstance: upbit_bitcoin.airflow_runtime_set scheduled__2022-07-07T04:00:00+00:00 [queued]>
[2022-07-07 08:08:21,526] {taskinstance.py:1243} INFO - 
--------------------------------------------------------------------------------
[2022-07-07 08:08:21,526] {taskinstance.py:1244} INFO - Starting attempt 1 of 1
[2022-07-07 08:08:21,526] {taskinstance.py:1245} INFO - 
--------------------------------------------------------------------------------
[2022-07-07 08:08:21,590] {taskinstance.py:1264} INFO - Executing <Task(PythonOperator): airflow_runtime_set> on 2022-07-07 04:00:00+00:00
[2022-07-07 08:08:21,598] {standard_task_runner.py:52} INFO - Started process 3880 to run task
[2022-07-07 08:08:21,604] {standard_task_runner.py:76} INFO - Running: ['***', 'tasks', 'run', 'upbit_bitcoin', '***_runtime_set', 'scheduled__2022-07-07T04:00:00+00:00', '--job-id', '710', '--raw', '--subdir', 'DAGS_FOLDER/upbit_bitcoin.py', '--cfg-path', '/tmp/tmpt90e2fc3', '--error-file', '/tmp/tmp3z1dbk_w']
[2022-07-07 08:08:21,604] {standard_task_runner.py:77} INFO - Job 710: Subtask ***_runtime_set
[2022-07-07 08:08:21,753] {logging_mixin.py:109} INFO - Running <TaskInstance: upbit_bitcoin.***_runtime_set scheduled__2022-07-07T04:00:00+00:00 [running]> on host 9514ca4c721b
[2022-07-07 08:08:21,846] {taskinstance.py:1431} INFO - Exporting the following env vars:
AIRFLOW_CTX_DAG_OWNER=***
AIRFLOW_CTX_DAG_ID=upbit_bitcoin
AIRFLOW_CTX_TASK_ID=***_runtime_set
AIRFLOW_CTX_EXECUTION_DATE=2022-07-07T04:00:00+00:00
AIRFLOW_CTX_DAG_RUN_ID=scheduled__2022-07-07T04:00:00+00:00
[2022-07-07 08:08:21,847] {upbit_bitcoin.py:19} INFO - start here
[2022-07-07 08:08:21,847] {upbit_bitcoin.py:20} INFO - 2022-07-07T04:00:00+00:00
[2022-07-07 08:08:21,847] {taskinstance.py:1718} ERROR - Task failed with exception
Traceback (most recent call last):
  File "/home/airflow/.local/lib/python3.7/site-packages/airflow/models/taskinstance.py", line 1334, in _run_raw_task
    self._execute_task_with_callbacks(context)
  File "/home/airflow/.local/lib/python3.7/site-packages/airflow/models/taskinstance.py", line 1460, in _execute_task_with_callbacks
    result = self._execute_task(context, self.task)
  File "/home/airflow/.local/lib/python3.7/site-packages/airflow/models/taskinstance.py", line 1516, in _execute_task
    result = execute_callable(context=context)
  File "/home/airflow/.local/lib/python3.7/site-packages/airflow/operators/python.py", line 174, in execute
    return_value = self.execute_callable()
  File "/home/airflow/.local/lib/python3.7/site-packages/airflow/operators/python.py", line 188, in execute_callable
    return self.python_callable(*self.op_args, **self.op_kwargs)
  File "/opt/airflow/dags/upbit_bitcoin.py", line 21, in time_setting
    logging.info(datetime(ts))
TypeError: an integer is required (got type str)
[2022-07-07 08:08:21,866] {taskinstance.py:1282} INFO - Marking task as FAILED. dag_id=upbit_bitcoin, task_id=***_runtime_set, execution_date=20220707T040000, start_date=20220707T080821, end_date=20220707T080821
[2022-07-07 08:08:21,891] {standard_task_runner.py:92} ERROR - Failed to execute job 710 for task ***_runtime_set
Traceback (most recent call last):
  File "/home/airflow/.local/lib/python3.7/site-packages/airflow/task/task_runner/standard_task_runner.py", line 85, in _start_by_fork
    args.func(args, dag=self.dag)
  File "/home/airflow/.local/lib/python3.7/site-packages/airflow/cli/cli_parser.py", line 48, in command
    return func(*args, **kwargs)
  File "/home/airflow/.local/lib/python3.7/site-packages/airflow/utils/cli.py", line 92, in wrapper
    return f(*args, **kwargs)
  File "/home/airflow/.local/lib/python3.7/site-packages/airflow/cli/commands/task_command.py", line 298, in task_run
    _run_task_by_selected_method(args, dag, ti)
  File "/home/airflow/.local/lib/python3.7/site-packages/airflow/cli/commands/task_command.py", line 107, in _run_task_by_selected_method
    _run_raw_task(args, ti)
  File "/home/airflow/.local/lib/python3.7/site-packages/airflow/cli/commands/task_command.py", line 184, in _run_raw_task
    error_file=args.error_file,
  File "/home/airflow/.local/lib/python3.7/site-packages/airflow/utils/session.py", line 70, in wrapper
    return func(*args, session=session, **kwargs)
  File "/home/airflow/.local/lib/python3.7/site-packages/airflow/models/taskinstance.py", line 1334, in _run_raw_task
    self._execute_task_with_callbacks(context)
  File "/home/airflow/.local/lib/python3.7/site-packages/airflow/models/taskinstance.py", line 1460, in _execute_task_with_callbacks
    result = self._execute_task(context, self.task)
  File "/home/airflow/.local/lib/python3.7/site-packages/airflow/models/taskinstance.py", line 1516, in _execute_task
    result = execute_callable(context=context)
  File "/home/airflow/.local/lib/python3.7/site-packages/airflow/operators/python.py", line 174, in execute
    return_value = self.execute_callable()
  File "/home/airflow/.local/lib/python3.7/site-packages/airflow/operators/python.py", line 188, in execute_callable
    return self.python_callable(*self.op_args, **self.op_kwargs)
  File "/opt/airflow/dags/upbit_bitcoin.py", line 21, in time_setting
    logging.info(datetime(ts))
TypeError: an integer is required (got type str)
[2022-07-07 08:08:21,939] {local_task_job.py:154} INFO - Task exited with return code 1
[2022-07-07 08:08:22,039] {local_task_job.py:264} INFO - 0 downstream tasks scheduled from follow-on schedule check
[2022-07-07 08:15:45,524] {taskinstance.py:1037} INFO - Dependencies all met for <TaskInstance: upbit_bitcoin.airflow_runtime_set scheduled__2022-07-07T04:00:00+00:00 [queued]>
[2022-07-07 08:15:45,549] {taskinstance.py:1037} INFO - Dependencies all met for <TaskInstance: upbit_bitcoin.airflow_runtime_set scheduled__2022-07-07T04:00:00+00:00 [queued]>
[2022-07-07 08:15:45,549] {taskinstance.py:1243} INFO - 
--------------------------------------------------------------------------------
[2022-07-07 08:15:45,550] {taskinstance.py:1244} INFO - Starting attempt 1 of 1
[2022-07-07 08:15:45,559] {taskinstance.py:1245} INFO - 
--------------------------------------------------------------------------------
[2022-07-07 08:15:45,585] {taskinstance.py:1264} INFO - Executing <Task(PythonOperator): airflow_runtime_set> on 2022-07-07 04:00:00+00:00
[2022-07-07 08:15:45,592] {standard_task_runner.py:52} INFO - Started process 4144 to run task
[2022-07-07 08:15:45,602] {standard_task_runner.py:76} INFO - Running: ['***', 'tasks', 'run', 'upbit_bitcoin', '***_runtime_set', 'scheduled__2022-07-07T04:00:00+00:00', '--job-id', '714', '--raw', '--subdir', 'DAGS_FOLDER/upbit_bitcoin.py', '--cfg-path', '/tmp/tmpvc7tx26l', '--error-file', '/tmp/tmpqaznpard']
[2022-07-07 08:15:45,603] {standard_task_runner.py:77} INFO - Job 714: Subtask ***_runtime_set
[2022-07-07 08:15:45,685] {logging_mixin.py:109} INFO - Running <TaskInstance: upbit_bitcoin.***_runtime_set scheduled__2022-07-07T04:00:00+00:00 [running]> on host 9514ca4c721b
[2022-07-07 08:15:45,764] {taskinstance.py:1431} INFO - Exporting the following env vars:
AIRFLOW_CTX_DAG_OWNER=***
AIRFLOW_CTX_DAG_ID=upbit_bitcoin
AIRFLOW_CTX_TASK_ID=***_runtime_set
AIRFLOW_CTX_EXECUTION_DATE=2022-07-07T04:00:00+00:00
AIRFLOW_CTX_DAG_RUN_ID=scheduled__2022-07-07T04:00:00+00:00
[2022-07-07 08:15:45,765] {upbit_bitcoin.py:19} INFO - start here
[2022-07-07 08:15:45,765] {upbit_bitcoin.py:20} INFO - 2022-07-07T04:00:00+00:00
[2022-07-07 08:15:45,765] {upbit_bitcoin.py:21} INFO - 2022-07-07 12:01:00+09:00
[2022-07-07 08:15:45,765] {python.py:175} INFO - Done. Returned value was: 2022-07-07T04:00:00+00:00
[2022-07-07 08:15:45,799] {taskinstance.py:1282} INFO - Marking task as SUCCESS. dag_id=upbit_bitcoin, task_id=***_runtime_set, execution_date=20220707T040000, start_date=20220707T081545, end_date=20220707T081545
[2022-07-07 08:15:45,855] {local_task_job.py:154} INFO - Task exited with return code 0
[2022-07-07 08:15:45,901] {local_task_job.py:264} INFO - 1 downstream tasks scheduled from follow-on schedule check
[2022-07-07 08:18:34,734] {taskinstance.py:1037} INFO - Dependencies all met for <TaskInstance: upbit_bitcoin.airflow_runtime_set scheduled__2022-07-07T04:00:00+00:00 [queued]>
[2022-07-07 08:18:34,760] {taskinstance.py:1037} INFO - Dependencies all met for <TaskInstance: upbit_bitcoin.airflow_runtime_set scheduled__2022-07-07T04:00:00+00:00 [queued]>
[2022-07-07 08:18:34,761] {taskinstance.py:1243} INFO - 
--------------------------------------------------------------------------------
[2022-07-07 08:18:34,761] {taskinstance.py:1244} INFO - Starting attempt 1 of 1
[2022-07-07 08:18:34,761] {taskinstance.py:1245} INFO - 
--------------------------------------------------------------------------------
[2022-07-07 08:18:34,792] {taskinstance.py:1264} INFO - Executing <Task(PythonOperator): airflow_runtime_set> on 2022-07-07 04:00:00+00:00
[2022-07-07 08:18:34,802] {standard_task_runner.py:52} INFO - Started process 4268 to run task
[2022-07-07 08:18:34,818] {standard_task_runner.py:76} INFO - Running: ['***', 'tasks', 'run', 'upbit_bitcoin', '***_runtime_set', 'scheduled__2022-07-07T04:00:00+00:00', '--job-id', '722', '--raw', '--subdir', 'DAGS_FOLDER/upbit_bitcoin.py', '--cfg-path', '/tmp/tmpykpf0haz', '--error-file', '/tmp/tmpbn6uswyk']
[2022-07-07 08:18:34,820] {standard_task_runner.py:77} INFO - Job 722: Subtask ***_runtime_set
[2022-07-07 08:18:34,930] {logging_mixin.py:109} INFO - Running <TaskInstance: upbit_bitcoin.***_runtime_set scheduled__2022-07-07T04:00:00+00:00 [running]> on host 9514ca4c721b
[2022-07-07 08:18:35,026] {taskinstance.py:1431} INFO - Exporting the following env vars:
AIRFLOW_CTX_DAG_OWNER=***
AIRFLOW_CTX_DAG_ID=upbit_bitcoin
AIRFLOW_CTX_TASK_ID=***_runtime_set
AIRFLOW_CTX_EXECUTION_DATE=2022-07-07T04:00:00+00:00
AIRFLOW_CTX_DAG_RUN_ID=scheduled__2022-07-07T04:00:00+00:00
[2022-07-07 08:18:35,027] {upbit_bitcoin.py:19} INFO - start here
[2022-07-07 08:18:35,027] {upbit_bitcoin.py:20} INFO - 2022-07-07T04:00:00+00:00
[2022-07-07 08:18:35,027] {upbit_bitcoin.py:21} INFO - 2022
[2022-07-07 08:18:35,027] {upbit_bitcoin.py:22} INFO - 2022-07-07 12:01:00+09:00
[2022-07-07 08:18:35,028] {python.py:175} INFO - Done. Returned value was: 2022-07-07T04:00:00+00:00
[2022-07-07 08:18:35,062] {taskinstance.py:1282} INFO - Marking task as SUCCESS. dag_id=upbit_bitcoin, task_id=***_runtime_set, execution_date=20220707T040000, start_date=20220707T081834, end_date=20220707T081835
[2022-07-07 08:18:35,101] {local_task_job.py:154} INFO - Task exited with return code 0
[2022-07-07 08:18:35,157] {local_task_job.py:264} INFO - 1 downstream tasks scheduled from follow-on schedule check
