[2022-07-20 07:03:45,686] {taskinstance.py:1037} INFO - Dependencies all met for <TaskInstance: Upbit_api.upbit_bitcoin_api_extract scheduled__2022-07-20T04:00:00+00:00 [queued]>
[2022-07-20 07:03:45,725] {taskinstance.py:1037} INFO - Dependencies all met for <TaskInstance: Upbit_api.upbit_bitcoin_api_extract scheduled__2022-07-20T04:00:00+00:00 [queued]>
[2022-07-20 07:03:45,725] {taskinstance.py:1243} INFO - 
--------------------------------------------------------------------------------
[2022-07-20 07:03:45,725] {taskinstance.py:1244} INFO - Starting attempt 1 of 2
[2022-07-20 07:03:45,725] {taskinstance.py:1245} INFO - 
--------------------------------------------------------------------------------
[2022-07-20 07:03:45,776] {taskinstance.py:1264} INFO - Executing <Task(PythonOperator): upbit_bitcoin_api_extract> on 2022-07-20 04:00:00+00:00
[2022-07-20 07:03:45,781] {standard_task_runner.py:52} INFO - Started process 3160 to run task
[2022-07-20 07:03:45,798] {standard_task_runner.py:76} INFO - Running: ['***', 'tasks', 'run', 'Upbit_api', 'upbit_bitcoin_api_extract', 'scheduled__2022-07-20T04:00:00+00:00', '--job-id', '209', '--raw', '--subdir', 'DAGS_FOLDER/Upbit_Api.py', '--cfg-path', '/tmp/tmp3dull7xp', '--error-file', '/tmp/tmp5yz1zy_u']
[2022-07-20 07:03:45,798] {standard_task_runner.py:77} INFO - Job 209: Subtask upbit_bitcoin_api_extract
[2022-07-20 07:03:46,056] {logging_mixin.py:109} INFO - Running <TaskInstance: Upbit_api.upbit_bitcoin_api_extract scheduled__2022-07-20T04:00:00+00:00 [running]> on host 0741836b2d3b
[2022-07-20 07:03:46,440] {taskinstance.py:1431} INFO - Exporting the following env vars:
AIRFLOW_CTX_DAG_OWNER=kimuksung2
AIRFLOW_CTX_DAG_ID=Upbit_api
AIRFLOW_CTX_TASK_ID=upbit_bitcoin_api_extract
AIRFLOW_CTX_EXECUTION_DATE=2022-07-20T04:00:00+00:00
AIRFLOW_CTX_DAG_RUN_ID=scheduled__2022-07-20T04:00:00+00:00
[2022-07-20 07:03:46,441] {Upbit_Api.py:21} INFO - https://api.upbit.com/v1/candles/minutes/1?market=KRW-BTC&to=2022-07-20T04:00:00Z&count=1
[2022-07-20 07:03:46,655] {python.py:175} INFO - Done. Returned value was: [{'market': 'KRW-BTC', 'candle_date_time_utc': '2022-07-20T03:59:00', 'candle_date_time_kst': '2022-07-20T12:59:00', 'opening_price': 30705000.0, 'high_price': 30725000.0, 'low_price': 30705000.0, 'trade_price': 30723000.0, 'timestamp': 1658289599824, 'candle_acc_trade_price': 93150483.75858, 'candle_acc_trade_volume': 3.03322127, 'unit': 1}]
[2022-07-20 07:03:46,751] {taskinstance.py:1282} INFO - Marking task as SUCCESS. dag_id=Upbit_api, task_id=upbit_bitcoin_api_extract, execution_date=20220720T040000, start_date=20220720T070345, end_date=20220720T070346
[2022-07-20 07:03:46,844] {local_task_job.py:154} INFO - Task exited with return code 0
[2022-07-20 07:03:47,231] {local_task_job.py:264} INFO - 0 downstream tasks scheduled from follow-on schedule check
