[2022-07-20 07:02:54,454] {taskinstance.py:1037} INFO - Dependencies all met for <TaskInstance: Upbit_api.upbit_bitcoin_api_extract scheduled__2022-07-19T10:00:00+00:00 [queued]>
[2022-07-20 07:02:54,561] {taskinstance.py:1037} INFO - Dependencies all met for <TaskInstance: Upbit_api.upbit_bitcoin_api_extract scheduled__2022-07-19T10:00:00+00:00 [queued]>
[2022-07-20 07:02:54,562] {taskinstance.py:1243} INFO - 
--------------------------------------------------------------------------------
[2022-07-20 07:02:54,562] {taskinstance.py:1244} INFO - Starting attempt 1 of 2
[2022-07-20 07:02:54,562] {taskinstance.py:1245} INFO - 
--------------------------------------------------------------------------------
[2022-07-20 07:02:54,658] {taskinstance.py:1264} INFO - Executing <Task(PythonOperator): upbit_bitcoin_api_extract> on 2022-07-19 10:00:00+00:00
[2022-07-20 07:02:54,667] {standard_task_runner.py:52} INFO - Started process 3037 to run task
[2022-07-20 07:02:54,701] {standard_task_runner.py:76} INFO - Running: ['***', 'tasks', 'run', 'Upbit_api', 'upbit_bitcoin_api_extract', 'scheduled__2022-07-19T10:00:00+00:00', '--job-id', '158', '--raw', '--subdir', 'DAGS_FOLDER/Upbit_Api.py', '--cfg-path', '/tmp/tmp8u8_rokc', '--error-file', '/tmp/tmpaduv1o3q']
[2022-07-20 07:02:54,702] {standard_task_runner.py:77} INFO - Job 158: Subtask upbit_bitcoin_api_extract
[2022-07-20 07:02:55,680] {logging_mixin.py:109} INFO - Running <TaskInstance: Upbit_api.upbit_bitcoin_api_extract scheduled__2022-07-19T10:00:00+00:00 [running]> on host 0741836b2d3b
[2022-07-20 07:02:58,308] {taskinstance.py:1431} INFO - Exporting the following env vars:
AIRFLOW_CTX_DAG_OWNER=kimuksung2
AIRFLOW_CTX_DAG_ID=Upbit_api
AIRFLOW_CTX_TASK_ID=upbit_bitcoin_api_extract
AIRFLOW_CTX_EXECUTION_DATE=2022-07-19T10:00:00+00:00
AIRFLOW_CTX_DAG_RUN_ID=scheduled__2022-07-19T10:00:00+00:00
[2022-07-20 07:02:58,309] {Upbit_Api.py:21} INFO - https://api.upbit.com/v1/candles/minutes/1?market=KRW-BTC&to=2022-07-19T10:00:00Z&count=1
[2022-07-20 07:02:58,612] {python.py:175} INFO - Done. Returned value was: [{'market': 'KRW-BTC', 'candle_date_time_utc': '2022-07-19T09:59:00', 'candle_date_time_kst': '2022-07-19T18:59:00', 'opening_price': 28736000.0, 'high_price': 28752000.0, 'low_price': 28731000.0, 'trade_price': 28752000.0, 'timestamp': 1658224797182, 'candle_acc_trade_price': 57219763.82161, 'candle_acc_trade_volume': 1.99143813, 'unit': 1}]
[2022-07-20 07:02:58,914] {taskinstance.py:1282} INFO - Marking task as SUCCESS. dag_id=Upbit_api, task_id=upbit_bitcoin_api_extract, execution_date=20220719T100000, start_date=20220720T070254, end_date=20220720T070258
[2022-07-20 07:02:59,080] {local_task_job.py:154} INFO - Task exited with return code 0
[2022-07-20 07:02:59,392] {local_task_job.py:264} INFO - 1 downstream tasks scheduled from follow-on schedule check
