[2022-07-20 07:03:45,731] {taskinstance.py:1037} INFO - Dependencies all met for <TaskInstance: Upbit_api.insert_bitcoin scheduled__2022-07-20T00:00:00+00:00 [queued]>
[2022-07-20 07:03:45,845] {taskinstance.py:1037} INFO - Dependencies all met for <TaskInstance: Upbit_api.insert_bitcoin scheduled__2022-07-20T00:00:00+00:00 [queued]>
[2022-07-20 07:03:45,845] {taskinstance.py:1243} INFO - 
--------------------------------------------------------------------------------
[2022-07-20 07:03:45,845] {taskinstance.py:1244} INFO - Starting attempt 1 of 2
[2022-07-20 07:03:45,846] {taskinstance.py:1245} INFO - 
--------------------------------------------------------------------------------
[2022-07-20 07:03:45,899] {taskinstance.py:1264} INFO - Executing <Task(PostgresOperator): insert_bitcoin> on 2022-07-20 00:00:00+00:00
[2022-07-20 07:03:45,904] {standard_task_runner.py:52} INFO - Started process 3162 to run task
[2022-07-20 07:03:45,919] {standard_task_runner.py:76} INFO - Running: ['***', 'tasks', 'run', 'Upbit_api', 'insert_bitcoin', 'scheduled__2022-07-20T00:00:00+00:00', '--job-id', '206', '--raw', '--subdir', 'DAGS_FOLDER/Upbit_Api.py', '--cfg-path', '/tmp/tmpd340nn5r', '--error-file', '/tmp/tmpb2cmjjvr']
[2022-07-20 07:03:45,920] {standard_task_runner.py:77} INFO - Job 206: Subtask insert_bitcoin
[2022-07-20 07:03:46,179] {logging_mixin.py:109} INFO - Running <TaskInstance: Upbit_api.insert_bitcoin scheduled__2022-07-20T00:00:00+00:00 [running]> on host 0741836b2d3b
[2022-07-20 07:03:46,838] {taskinstance.py:1431} INFO - Exporting the following env vars:
AIRFLOW_CTX_DAG_OWNER=kimuksung2
AIRFLOW_CTX_DAG_ID=Upbit_api
AIRFLOW_CTX_TASK_ID=insert_bitcoin
AIRFLOW_CTX_EXECUTION_DATE=2022-07-20T00:00:00+00:00
AIRFLOW_CTX_DAG_RUN_ID=scheduled__2022-07-20T00:00:00+00:00
[2022-07-20 07:03:46,909] {base.py:79} INFO - Using connection to: id: postgres_xcom_test. Host: postgres, Port: 5432, Schema: test, Login: ***, Password: ***, extra: {}
[2022-07-20 07:03:46,917] {dbapi.py:225} INFO - Running statement: 
            insert into bitcoin (name , time_utc , time_ktc , opening_price , high_price , low_price , trade_price ) 
            values (
                'KRW-BTC',
                '2022-07-19T23:59:00',
                '2022-07-20T08:59:00',
                30686000.0,
                30690000.0,
                30637000.0,
                30660000.0
            )
        , parameters: None
[2022-07-20 07:03:46,919] {dbapi.py:233} INFO - Rows affected: 1
[2022-07-20 07:03:47,164] {taskinstance.py:1282} INFO - Marking task as SUCCESS. dag_id=Upbit_api, task_id=insert_bitcoin, execution_date=20220720T000000, start_date=20220720T070345, end_date=20220720T070347
[2022-07-20 07:03:47,341] {local_task_job.py:154} INFO - Task exited with return code 0
[2022-07-20 07:03:47,605] {local_task_job.py:264} INFO - 0 downstream tasks scheduled from follow-on schedule check
