[2022-07-20 07:03:13,343] {taskinstance.py:1037} INFO - Dependencies all met for <TaskInstance: Upbit_api.upbit_bitcoin_api_extract scheduled__2022-07-19T18:00:00+00:00 [queued]>
[2022-07-20 07:03:13,484] {taskinstance.py:1037} INFO - Dependencies all met for <TaskInstance: Upbit_api.upbit_bitcoin_api_extract scheduled__2022-07-19T18:00:00+00:00 [queued]>
[2022-07-20 07:03:13,484] {taskinstance.py:1243} INFO - 
--------------------------------------------------------------------------------
[2022-07-20 07:03:13,484] {taskinstance.py:1244} INFO - Starting attempt 1 of 2
[2022-07-20 07:03:13,484] {taskinstance.py:1245} INFO - 
--------------------------------------------------------------------------------
[2022-07-20 07:03:13,585] {taskinstance.py:1264} INFO - Executing <Task(PythonOperator): upbit_bitcoin_api_extract> on 2022-07-19 18:00:00+00:00
[2022-07-20 07:03:13,593] {standard_task_runner.py:52} INFO - Started process 3082 to run task
[2022-07-20 07:03:13,634] {standard_task_runner.py:76} INFO - Running: ['***', 'tasks', 'run', 'Upbit_api', 'upbit_bitcoin_api_extract', 'scheduled__2022-07-19T18:00:00+00:00', '--job-id', '177', '--raw', '--subdir', 'DAGS_FOLDER/Upbit_Api.py', '--cfg-path', '/tmp/tmpuzlxjvw_', '--error-file', '/tmp/tmpd0iyd1e8']
[2022-07-20 07:03:13,634] {standard_task_runner.py:77} INFO - Job 177: Subtask upbit_bitcoin_api_extract
[2022-07-20 07:03:14,190] {logging_mixin.py:109} INFO - Running <TaskInstance: Upbit_api.upbit_bitcoin_api_extract scheduled__2022-07-19T18:00:00+00:00 [running]> on host 0741836b2d3b
[2022-07-20 07:03:14,497] {taskinstance.py:1431} INFO - Exporting the following env vars:
AIRFLOW_CTX_DAG_OWNER=kimuksung2
AIRFLOW_CTX_DAG_ID=Upbit_api
AIRFLOW_CTX_TASK_ID=upbit_bitcoin_api_extract
AIRFLOW_CTX_EXECUTION_DATE=2022-07-19T18:00:00+00:00
AIRFLOW_CTX_DAG_RUN_ID=scheduled__2022-07-19T18:00:00+00:00
[2022-07-20 07:03:14,526] {Upbit_Api.py:21} INFO - https://api.upbit.com/v1/candles/minutes/1?market=KRW-BTC&to=2022-07-19T18:00:00Z&count=1
[2022-07-20 07:03:14,738] {python.py:175} INFO - Done. Returned value was: [{'market': 'KRW-BTC', 'candle_date_time_utc': '2022-07-19T17:59:00', 'candle_date_time_kst': '2022-07-20T02:59:00', 'opening_price': 30674000.0, 'high_price': 30685000.0, 'low_price': 30603000.0, 'trade_price': 30625000.0, 'timestamp': 1658253599564, 'candle_acc_trade_price': 221700979.0544, 'candle_acc_trade_volume': 7.23161645, 'unit': 1}]
[2022-07-20 07:03:14,930] {taskinstance.py:1282} INFO - Marking task as SUCCESS. dag_id=Upbit_api, task_id=upbit_bitcoin_api_extract, execution_date=20220719T180000, start_date=20220720T070313, end_date=20220720T070314
[2022-07-20 07:03:15,064] {local_task_job.py:154} INFO - Task exited with return code 0
[2022-07-20 07:03:15,295] {local_task_job.py:264} INFO - 1 downstream tasks scheduled from follow-on schedule check
