[2022-07-19 06:02:16,626] {taskinstance.py:1037} INFO - Dependencies all met for <TaskInstance: postgres_operator_dag.create_pet_table scheduled__2020-02-02T00:00:00+00:00 [None]>
[2022-07-19 06:02:16,638] {taskinstance.py:1037} INFO - Dependencies all met for <TaskInstance: postgres_operator_dag.create_pet_table scheduled__2020-02-02T00:00:00+00:00 [None]>
[2022-07-19 06:02:16,638] {taskinstance.py:1243} INFO - 
--------------------------------------------------------------------------------
[2022-07-19 06:02:16,638] {taskinstance.py:1244} INFO - Starting attempt 2 of 2
[2022-07-19 06:02:16,639] {taskinstance.py:1245} INFO - 
--------------------------------------------------------------------------------
[2022-07-19 06:02:16,660] {taskinstance.py:1264} INFO - Executing <Task(PostgresOperator): create_pet_table> on 2020-02-02 00:00:00+00:00
[2022-07-19 06:02:16,665] {standard_task_runner.py:52} INFO - Started process 1163 to run task
[2022-07-19 06:02:16,669] {standard_task_runner.py:76} INFO - Running: ['***', 'tasks', 'run', 'postgres_operator_dag', 'create_pet_table', 'scheduled__2020-02-02T00:00:00+00:00', '--job-id', '8', '--pool', 'default_pool', '--raw', '--subdir', 'DAGS_FOLDER/example_postgres.py', '--cfg-path', '/tmp/tmp9l48srbe', '--error-file', '/tmp/tmpixdyzyez']
[2022-07-19 06:02:16,670] {standard_task_runner.py:77} INFO - Job 8: Subtask create_pet_table
[2022-07-19 06:02:16,738] {logging_mixin.py:109} INFO - Running <TaskInstance: postgres_operator_dag.create_pet_table scheduled__2020-02-02T00:00:00+00:00 [running]> on host 0741836b2d3b
[2022-07-19 06:02:16,840] {taskinstance.py:1431} INFO - Exporting the following env vars:
AIRFLOW_CTX_DAG_OWNER=***
AIRFLOW_CTX_DAG_ID=postgres_operator_dag
AIRFLOW_CTX_TASK_ID=create_pet_table
AIRFLOW_CTX_EXECUTION_DATE=2020-02-02T00:00:00+00:00
AIRFLOW_CTX_DAG_RUN_ID=scheduled__2020-02-02T00:00:00+00:00
[2022-07-19 06:02:16,851] {base.py:79} INFO - Using connection to: id: postgres_default. Host: postgres, Port: None, Schema: ***, Login: postgres, Password: ***, extra: {}
[2022-07-19 06:02:16,858] {taskinstance.py:1718} ERROR - Task failed with exception
Traceback (most recent call last):
  File "/home/airflow/.local/lib/python3.7/site-packages/airflow/models/taskinstance.py", line 1334, in _run_raw_task
    self._execute_task_with_callbacks(context)
  File "/home/airflow/.local/lib/python3.7/site-packages/airflow/models/taskinstance.py", line 1460, in _execute_task_with_callbacks
    result = self._execute_task(context, self.task)
  File "/home/airflow/.local/lib/python3.7/site-packages/airflow/models/taskinstance.py", line 1516, in _execute_task
    result = execute_callable(context=context)
  File "/home/airflow/.local/lib/python3.7/site-packages/airflow/providers/postgres/operators/postgres.py", line 71, in execute
    self.hook.run(self.sql, self.autocommit, parameters=self.parameters)
  File "/home/airflow/.local/lib/python3.7/site-packages/airflow/hooks/dbapi.py", line 198, in run
    with closing(self.get_conn()) as conn:
  File "/home/airflow/.local/lib/python3.7/site-packages/airflow/providers/postgres/hooks/postgres.py", line 113, in get_conn
    self.conn = psycopg2.connect(**conn_args)
  File "/home/airflow/.local/lib/python3.7/site-packages/psycopg2/__init__.py", line 122, in connect
    conn = _connect(dsn, connection_factory=connection_factory, **kwasync)
psycopg2.OperationalError: connection to server at "postgres" (172.18.0.3), port 5432 failed: FATAL:  password authentication failed for user "postgres"

[2022-07-19 06:02:16,881] {taskinstance.py:1282} INFO - Marking task as FAILED. dag_id=postgres_operator_dag, task_id=create_pet_table, execution_date=20200202T000000, start_date=20220719T060216, end_date=20220719T060216
[2022-07-19 06:02:16,939] {standard_task_runner.py:92} ERROR - Failed to execute job 8 for task create_pet_table
Traceback (most recent call last):
  File "/home/airflow/.local/lib/python3.7/site-packages/airflow/task/task_runner/standard_task_runner.py", line 85, in _start_by_fork
    args.func(args, dag=self.dag)
  File "/home/airflow/.local/lib/python3.7/site-packages/airflow/cli/cli_parser.py", line 48, in command
    return func(*args, **kwargs)
  File "/home/airflow/.local/lib/python3.7/site-packages/airflow/utils/cli.py", line 92, in wrapper
    return f(*args, **kwargs)
  File "/home/airflow/.local/lib/python3.7/site-packages/airflow/cli/commands/task_command.py", line 298, in task_run
    _run_task_by_selected_method(args, dag, ti)
  File "/home/airflow/.local/lib/python3.7/site-packages/airflow/cli/commands/task_command.py", line 107, in _run_task_by_selected_method
    _run_raw_task(args, ti)
  File "/home/airflow/.local/lib/python3.7/site-packages/airflow/cli/commands/task_command.py", line 184, in _run_raw_task
    error_file=args.error_file,
  File "/home/airflow/.local/lib/python3.7/site-packages/airflow/utils/session.py", line 70, in wrapper
    return func(*args, session=session, **kwargs)
  File "/home/airflow/.local/lib/python3.7/site-packages/airflow/models/taskinstance.py", line 1334, in _run_raw_task
    self._execute_task_with_callbacks(context)
  File "/home/airflow/.local/lib/python3.7/site-packages/airflow/models/taskinstance.py", line 1460, in _execute_task_with_callbacks
    result = self._execute_task(context, self.task)
  File "/home/airflow/.local/lib/python3.7/site-packages/airflow/models/taskinstance.py", line 1516, in _execute_task
    result = execute_callable(context=context)
  File "/home/airflow/.local/lib/python3.7/site-packages/airflow/providers/postgres/operators/postgres.py", line 71, in execute
    self.hook.run(self.sql, self.autocommit, parameters=self.parameters)
  File "/home/airflow/.local/lib/python3.7/site-packages/airflow/hooks/dbapi.py", line 198, in run
    with closing(self.get_conn()) as conn:
  File "/home/airflow/.local/lib/python3.7/site-packages/airflow/providers/postgres/hooks/postgres.py", line 113, in get_conn
    self.conn = psycopg2.connect(**conn_args)
  File "/home/airflow/.local/lib/python3.7/site-packages/psycopg2/__init__.py", line 122, in connect
    conn = _connect(dsn, connection_factory=connection_factory, **kwasync)
psycopg2.OperationalError: connection to server at "postgres" (172.18.0.3), port 5432 failed: FATAL:  password authentication failed for user "postgres"

[2022-07-19 06:02:16,988] {local_task_job.py:154} INFO - Task exited with return code 1
[2022-07-19 06:02:17,095] {local_task_job.py:264} INFO - 0 downstream tasks scheduled from follow-on schedule check
[2022-07-19 06:02:17,138] {dagrun.py:530} ERROR - Marking run <DagRun postgres_operator_dag @ 2020-02-02 00:00:00+00:00: scheduled__2020-02-02T00:00:00+00:00, externally triggered: False> failed
[2022-07-19 06:02:17,139] {dagrun.py:605} INFO - DagRun Finished: dag_id=postgres_operator_dag, execution_date=2020-02-02 00:00:00+00:00, run_id=scheduled__2020-02-02T00:00:00+00:00, run_start_date=None, run_end_date=2022-07-19 06:02:17.139393+00:00, run_duration=None, state=failed, external_trigger=False, run_type=scheduled, data_interval_start=2020-02-02 00:00:00+00:00, data_interval_end=2020-02-02 00:00:00+00:00, dag_hash=f4df44f5b158f75ae3db5360aa0961f7
[2022-07-19 06:02:17,139] {dagrun.py:749} WARNING - Failed to record duration of <DagRun postgres_operator_dag @ 2020-02-02 00:00:00+00:00: scheduled__2020-02-02T00:00:00+00:00, externally triggered: False>: start_date is not set.
