[2022-07-08 05:49:31,535] {taskinstance.py:1037} INFO - Dependencies all met for <TaskInstance: upbit_bitcoin.airflow_runtime_set scheduled__2022-07-08T02:00:00+00:00 [queued]>
[2022-07-08 05:49:31,567] {taskinstance.py:1037} INFO - Dependencies all met for <TaskInstance: upbit_bitcoin.airflow_runtime_set scheduled__2022-07-08T02:00:00+00:00 [queued]>
[2022-07-08 05:49:31,568] {taskinstance.py:1243} INFO - 
--------------------------------------------------------------------------------
[2022-07-08 05:49:31,568] {taskinstance.py:1244} INFO - Starting attempt 1 of 1
[2022-07-08 05:49:31,568] {taskinstance.py:1245} INFO - 
--------------------------------------------------------------------------------
[2022-07-08 05:49:31,637] {taskinstance.py:1264} INFO - Executing <Task(PythonOperator): airflow_runtime_set> on 2022-07-08 02:00:00+00:00
[2022-07-08 05:49:31,688] {standard_task_runner.py:76} INFO - Running: ['***', 'tasks', 'run', 'upbit_bitcoin', '***_runtime_set', 'scheduled__2022-07-08T02:00:00+00:00', '--job-id', '750', '--raw', '--subdir', 'DAGS_FOLDER/upbit_bitcoin.py', '--cfg-path', '/tmp/tmp20u8i28s', '--error-file', '/tmp/tmpqa23tnx0']
[2022-07-08 05:49:31,689] {standard_task_runner.py:77} INFO - Job 750: Subtask ***_runtime_set
[2022-07-08 05:49:31,656] {standard_task_runner.py:52} INFO - Started process 208 to run task
[2022-07-08 05:49:32,014] {logging_mixin.py:109} INFO - Running <TaskInstance: upbit_bitcoin.***_runtime_set scheduled__2022-07-08T02:00:00+00:00 [running]> on host 9514ca4c721b
[2022-07-08 05:49:32,306] {taskinstance.py:1431} INFO - Exporting the following env vars:
AIRFLOW_CTX_DAG_OWNER=***
AIRFLOW_CTX_DAG_ID=upbit_bitcoin
AIRFLOW_CTX_TASK_ID=***_runtime_set
AIRFLOW_CTX_EXECUTION_DATE=2022-07-08T02:00:00+00:00
AIRFLOW_CTX_DAG_RUN_ID=scheduled__2022-07-08T02:00:00+00:00
[2022-07-08 05:49:32,308] {upbit_bitcoin.py:19} INFO - start here
[2022-07-08 05:49:32,308] {upbit_bitcoin.py:20} INFO - 2022-07-08T02:00:00+00:00
[2022-07-08 05:49:32,308] {logging_mixin.py:109} WARNING - --- Logging error ---
[2022-07-08 05:49:32,309] {logging_mixin.py:109} WARNING - Traceback (most recent call last):
[2022-07-08 05:49:32,310] {logging_mixin.py:109} WARNING -   File "/usr/local/lib/python3.7/logging/__init__.py", line 1025, in emit
    msg = self.format(record)
[2022-07-08 05:49:32,310] {logging_mixin.py:109} WARNING -   File "/usr/local/lib/python3.7/logging/__init__.py", line 869, in format
    return fmt.format(record)
[2022-07-08 05:49:32,310] {logging_mixin.py:109} WARNING -   File "/usr/local/lib/python3.7/logging/__init__.py", line 608, in format
    record.message = record.getMessage()
[2022-07-08 05:49:32,310] {logging_mixin.py:109} WARNING -   File "/usr/local/lib/python3.7/logging/__init__.py", line 369, in getMessage
    msg = msg % self.args
[2022-07-08 05:49:32,310] {logging_mixin.py:109} WARNING - TypeError: not all arguments converted during string formatting
[2022-07-08 05:49:32,310] {logging_mixin.py:109} WARNING - Call stack:
[2022-07-08 05:49:32,325] {logging_mixin.py:109} WARNING -   File "/home/***/.local/bin/***", line 8, in <module>
    sys.exit(main())
[2022-07-08 05:49:32,325] {logging_mixin.py:109} WARNING -   File "/home/***/.local/lib/python3.7/site-packages/***/__main__.py", line 48, in main
    args.func(args)
[2022-07-08 05:49:32,326] {logging_mixin.py:109} WARNING -   File "/home/***/.local/lib/python3.7/site-packages/***/cli/cli_parser.py", line 48, in command
    return func(*args, **kwargs)
[2022-07-08 05:49:32,326] {logging_mixin.py:109} WARNING -   File "/home/***/.local/lib/python3.7/site-packages/***/utils/cli.py", line 92, in wrapper
    return f(*args, **kwargs)
[2022-07-08 05:49:32,326] {logging_mixin.py:109} WARNING -   File "/home/***/.local/lib/python3.7/site-packages/***/cli/commands/celery_command.py", line 188, in worker
    _run_worker(options=options, skip_serve_logs=skip_serve_logs)
[2022-07-08 05:49:32,327] {logging_mixin.py:109} WARNING -   File "/home/***/.local/lib/python3.7/site-packages/***/cli/commands/celery_command.py", line 94, in _run_worker
    celery_app.worker_main(options)
[2022-07-08 05:49:32,327] {logging_mixin.py:109} WARNING -   File "/home/***/.local/lib/python3.7/site-packages/celery/app/base.py", line 391, in worker_main
    self.start(argv=argv)
[2022-07-08 05:49:32,328] {logging_mixin.py:109} WARNING -   File "/home/***/.local/lib/python3.7/site-packages/celery/app/base.py", line 371, in start
    celery.main(args=argv, standalone_mode=False)
[2022-07-08 05:49:32,328] {logging_mixin.py:109} WARNING -   File "/home/***/.local/lib/python3.7/site-packages/click/core.py", line 1053, in main
    rv = self.invoke(ctx)
[2022-07-08 05:49:32,328] {logging_mixin.py:109} WARNING -   File "/home/***/.local/lib/python3.7/site-packages/click/core.py", line 1659, in invoke
    return _process_result(sub_ctx.command.invoke(sub_ctx))
[2022-07-08 05:49:32,328] {logging_mixin.py:109} WARNING -   File "/home/***/.local/lib/python3.7/site-packages/click/core.py", line 1395, in invoke
    return ctx.invoke(self.callback, **ctx.params)
[2022-07-08 05:49:32,328] {logging_mixin.py:109} WARNING -   File "/home/***/.local/lib/python3.7/site-packages/click/core.py", line 754, in invoke
    return __callback(*args, **kwargs)
[2022-07-08 05:49:32,328] {logging_mixin.py:109} WARNING -   File "/home/***/.local/lib/python3.7/site-packages/click/decorators.py", line 26, in new_func
    return f(get_current_context(), *args, **kwargs)
[2022-07-08 05:49:32,329] {logging_mixin.py:109} WARNING -   File "/home/***/.local/lib/python3.7/site-packages/celery/bin/base.py", line 134, in caller
    return f(ctx, *args, **kwargs)
[2022-07-08 05:49:32,329] {logging_mixin.py:109} WARNING -   File "/home/***/.local/lib/python3.7/site-packages/celery/bin/worker.py", line 351, in worker
    worker.start()
[2022-07-08 05:49:32,329] {logging_mixin.py:109} WARNING -   File "/home/***/.local/lib/python3.7/site-packages/celery/worker/worker.py", line 203, in start
    self.blueprint.start(self)
[2022-07-08 05:49:32,329] {logging_mixin.py:109} WARNING -   File "/home/***/.local/lib/python3.7/site-packages/celery/bootsteps.py", line 116, in start
    step.start(parent)
[2022-07-08 05:49:32,329] {logging_mixin.py:109} WARNING -   File "/home/***/.local/lib/python3.7/site-packages/celery/bootsteps.py", line 365, in start
    return self.obj.start()
[2022-07-08 05:49:32,329] {logging_mixin.py:109} WARNING -   File "/home/***/.local/lib/python3.7/site-packages/celery/concurrency/base.py", line 129, in start
    self.on_start()
[2022-07-08 05:49:32,329] {logging_mixin.py:109} WARNING -   File "/home/***/.local/lib/python3.7/site-packages/celery/concurrency/prefork.py", line 115, in on_start
    **self.options)
[2022-07-08 05:49:32,330] {logging_mixin.py:109} WARNING -   File "/home/***/.local/lib/python3.7/site-packages/celery/concurrency/asynpool.py", line 463, in __init__
    super().__init__(processes, *args, **kwargs)
[2022-07-08 05:49:32,330] {logging_mixin.py:109} WARNING -   File "/home/***/.local/lib/python3.7/site-packages/billiard/pool.py", line 1046, in __init__
    self._create_worker_process(i)
[2022-07-08 05:49:32,330] {logging_mixin.py:109} WARNING -   File "/home/***/.local/lib/python3.7/site-packages/celery/concurrency/asynpool.py", line 480, in _create_worker_process
    return super()._create_worker_process(i)
[2022-07-08 05:49:32,330] {logging_mixin.py:109} WARNING -   File "/home/***/.local/lib/python3.7/site-packages/billiard/pool.py", line 1158, in _create_worker_process
    w.start()
[2022-07-08 05:49:32,330] {logging_mixin.py:109} WARNING -   File "/home/***/.local/lib/python3.7/site-packages/billiard/process.py", line 124, in start
    self._popen = self._Popen(self)
[2022-07-08 05:49:32,330] {logging_mixin.py:109} WARNING -   File "/home/***/.local/lib/python3.7/site-packages/billiard/context.py", line 333, in _Popen
    return Popen(process_obj)
[2022-07-08 05:49:32,330] {logging_mixin.py:109} WARNING -   File "/home/***/.local/lib/python3.7/site-packages/billiard/popen_fork.py", line 24, in __init__
    self._launch(process_obj)
[2022-07-08 05:49:32,330] {logging_mixin.py:109} WARNING -   File "/home/***/.local/lib/python3.7/site-packages/billiard/popen_fork.py", line 79, in _launch
    code = process_obj._bootstrap()
[2022-07-08 05:49:32,332] {logging_mixin.py:109} WARNING -   File "/home/***/.local/lib/python3.7/site-packages/billiard/process.py", line 327, in _bootstrap
    self.run()
[2022-07-08 05:49:32,332] {logging_mixin.py:109} WARNING -   File "/home/***/.local/lib/python3.7/site-packages/billiard/process.py", line 114, in run
    self._target(*self._args, **self._kwargs)
[2022-07-08 05:49:32,332] {logging_mixin.py:109} WARNING -   File "/home/***/.local/lib/python3.7/site-packages/billiard/pool.py", line 292, in __call__
    sys.exit(self.workloop(pid=pid))
[2022-07-08 05:49:32,332] {logging_mixin.py:109} WARNING -   File "/home/***/.local/lib/python3.7/site-packages/billiard/pool.py", line 362, in workloop
    result = (True, prepare_result(fun(*args, **kwargs)))
[2022-07-08 05:49:32,332] {logging_mixin.py:109} WARNING -   File "/home/***/.local/lib/python3.7/site-packages/celery/app/trace.py", line 650, in fast_trace_task
    uuid, args, kwargs, request,
[2022-07-08 05:49:32,332] {logging_mixin.py:109} WARNING -   File "/home/***/.local/lib/python3.7/site-packages/celery/app/trace.py", line 451, in trace_task
    R = retval = fun(*args, **kwargs)
[2022-07-08 05:49:32,332] {logging_mixin.py:109} WARNING -   File "/home/***/.local/lib/python3.7/site-packages/celery/app/trace.py", line 734, in __protected_call__
    return self.run(*args, **kwargs)
[2022-07-08 05:49:32,332] {logging_mixin.py:109} WARNING -   File "/home/***/.local/lib/python3.7/site-packages/***/executors/celery_executor.py", line 90, in execute_command
    _execute_in_fork(command_to_exec, celery_task_id)
[2022-07-08 05:49:32,333] {logging_mixin.py:109} WARNING -   File "/home/***/.local/lib/python3.7/site-packages/***/executors/celery_executor.py", line 121, in _execute_in_fork
    args.func(args)
[2022-07-08 05:49:32,333] {logging_mixin.py:109} WARNING -   File "/home/***/.local/lib/python3.7/site-packages/***/cli/cli_parser.py", line 48, in command
    return func(*args, **kwargs)
[2022-07-08 05:49:32,333] {logging_mixin.py:109} WARNING -   File "/home/***/.local/lib/python3.7/site-packages/***/utils/cli.py", line 92, in wrapper
    return f(*args, **kwargs)
[2022-07-08 05:49:32,333] {logging_mixin.py:109} WARNING -   File "/home/***/.local/lib/python3.7/site-packages/***/cli/commands/task_command.py", line 298, in task_run
    _run_task_by_selected_method(args, dag, ti)
[2022-07-08 05:49:32,334] {logging_mixin.py:109} WARNING -   File "/home/***/.local/lib/python3.7/site-packages/***/cli/commands/task_command.py", line 105, in _run_task_by_selected_method
    _run_task_by_local_task_job(args, ti)
[2022-07-08 05:49:32,334] {logging_mixin.py:109} WARNING -   File "/home/***/.local/lib/python3.7/site-packages/***/cli/commands/task_command.py", line 163, in _run_task_by_local_task_job
    run_job.run()
[2022-07-08 05:49:32,334] {logging_mixin.py:109} WARNING -   File "/home/***/.local/lib/python3.7/site-packages/***/jobs/base_job.py", line 246, in run
    self._execute()
[2022-07-08 05:49:32,334] {logging_mixin.py:109} WARNING -   File "/home/***/.local/lib/python3.7/site-packages/***/jobs/local_task_job.py", line 103, in _execute
    self.task_runner.start()
[2022-07-08 05:49:32,334] {logging_mixin.py:109} WARNING -   File "/home/***/.local/lib/python3.7/site-packages/***/task/task_runner/standard_task_runner.py", line 41, in start
    self.process = self._start_by_fork()
[2022-07-08 05:49:32,334] {logging_mixin.py:109} WARNING -   File "/home/***/.local/lib/python3.7/site-packages/***/task/task_runner/standard_task_runner.py", line 85, in _start_by_fork
    args.func(args, dag=self.dag)
[2022-07-08 05:49:32,334] {logging_mixin.py:109} WARNING -   File "/home/***/.local/lib/python3.7/site-packages/***/cli/cli_parser.py", line 48, in command
    return func(*args, **kwargs)
[2022-07-08 05:49:32,334] {logging_mixin.py:109} WARNING -   File "/home/***/.local/lib/python3.7/site-packages/***/utils/cli.py", line 92, in wrapper
    return f(*args, **kwargs)
[2022-07-08 05:49:32,335] {logging_mixin.py:109} WARNING -   File "/home/***/.local/lib/python3.7/site-packages/***/cli/commands/task_command.py", line 298, in task_run
    _run_task_by_selected_method(args, dag, ti)
[2022-07-08 05:49:32,335] {logging_mixin.py:109} WARNING -   File "/home/***/.local/lib/python3.7/site-packages/***/cli/commands/task_command.py", line 107, in _run_task_by_selected_method
    _run_raw_task(args, ti)
[2022-07-08 05:49:32,335] {logging_mixin.py:109} WARNING -   File "/home/***/.local/lib/python3.7/site-packages/***/cli/commands/task_command.py", line 184, in _run_raw_task
    error_file=args.error_file,
[2022-07-08 05:49:32,335] {logging_mixin.py:109} WARNING -   File "/home/***/.local/lib/python3.7/site-packages/***/utils/session.py", line 70, in wrapper
    return func(*args, session=session, **kwargs)
[2022-07-08 05:49:32,335] {logging_mixin.py:109} WARNING -   File "/home/***/.local/lib/python3.7/site-packages/***/models/taskinstance.py", line 1334, in _run_raw_task
    self._execute_task_with_callbacks(context)
[2022-07-08 05:49:32,337] {logging_mixin.py:109} WARNING -   File "/home/***/.local/lib/python3.7/site-packages/***/models/taskinstance.py", line 1460, in _execute_task_with_callbacks
    result = self._execute_task(context, self.task)
[2022-07-08 05:49:32,337] {logging_mixin.py:109} WARNING -   File "/home/***/.local/lib/python3.7/site-packages/***/models/taskinstance.py", line 1516, in _execute_task
    result = execute_callable(context=context)
[2022-07-08 05:49:32,337] {logging_mixin.py:109} WARNING -   File "/home/***/.local/lib/python3.7/site-packages/***/operators/python.py", line 174, in execute
    return_value = self.execute_callable()
[2022-07-08 05:49:32,337] {logging_mixin.py:109} WARNING -   File "/home/***/.local/lib/python3.7/site-packages/***/operators/python.py", line 188, in execute_callable
    return self.python_callable(*self.op_args, **self.op_kwargs)
[2022-07-08 05:49:32,338] {logging_mixin.py:109} WARNING -   File "/opt/***/dags/upbit_bitcoin.py", line 21, in time_setting
    logging.info(ts[:4],ts[5:7],ts[8:10])
[2022-07-08 05:49:32,338] {logging_mixin.py:109} WARNING -   File "/usr/local/lib/python3.7/logging/__init__.py", line 1992, in info
    root.info(msg, *args, **kwargs)
[2022-07-08 05:49:32,338] {logging_mixin.py:109} WARNING -   File "/usr/local/lib/python3.7/logging/__init__.py", line 1378, in info
    self._log(INFO, msg, args, **kwargs)
[2022-07-08 05:49:32,338] {logging_mixin.py:109} WARNING -   File "/usr/local/lib/python3.7/logging/__init__.py", line 1514, in _log
    self.handle(record)
[2022-07-08 05:49:32,338] {logging_mixin.py:109} WARNING -   File "/usr/local/lib/python3.7/logging/__init__.py", line 1524, in handle
    self.callHandlers(record)
[2022-07-08 05:49:32,338] {logging_mixin.py:109} WARNING -   File "/usr/local/lib/python3.7/logging/__init__.py", line 1586, in callHandlers
    hdlr.handle(record)
[2022-07-08 05:49:32,339] {logging_mixin.py:109} WARNING -   File "/usr/local/lib/python3.7/logging/__init__.py", line 894, in handle
    self.emit(record)
[2022-07-08 05:49:32,339] {logging_mixin.py:109} WARNING -   File "/home/***/.local/lib/python3.7/site-packages/***/utils/log/file_task_handler.py", line 68, in emit
    self.handler.emit(record)
[2022-07-08 05:49:32,339] {logging_mixin.py:109} WARNING - Message: '2022'
Arguments: ('07', '08')
[2022-07-08 05:49:32,339] {taskinstance.py:1718} ERROR - Task failed with exception
Traceback (most recent call last):
  File "/home/airflow/.local/lib/python3.7/site-packages/airflow/models/taskinstance.py", line 1334, in _run_raw_task
    self._execute_task_with_callbacks(context)
  File "/home/airflow/.local/lib/python3.7/site-packages/airflow/models/taskinstance.py", line 1460, in _execute_task_with_callbacks
    result = self._execute_task(context, self.task)
  File "/home/airflow/.local/lib/python3.7/site-packages/airflow/models/taskinstance.py", line 1516, in _execute_task
    result = execute_callable(context=context)
  File "/home/airflow/.local/lib/python3.7/site-packages/airflow/operators/python.py", line 174, in execute
    return_value = self.execute_callable()
  File "/home/airflow/.local/lib/python3.7/site-packages/airflow/operators/python.py", line 188, in execute_callable
    return self.python_callable(*self.op_args, **self.op_kwargs)
  File "/opt/airflow/dags/upbit_bitcoin.py", line 22, in time_setting
    logging.info(datetime(ts[:4],ts[5:7],ts[8:10],tzinfo=KST))
TypeError: an integer is required (got type str)
[2022-07-08 05:49:32,380] {taskinstance.py:1282} INFO - Marking task as FAILED. dag_id=upbit_bitcoin, task_id=***_runtime_set, execution_date=20220708T020000, start_date=20220708T054931, end_date=20220708T054932
[2022-07-08 05:49:32,408] {standard_task_runner.py:92} ERROR - Failed to execute job 750 for task ***_runtime_set
Traceback (most recent call last):
  File "/home/airflow/.local/lib/python3.7/site-packages/airflow/task/task_runner/standard_task_runner.py", line 85, in _start_by_fork
    args.func(args, dag=self.dag)
  File "/home/airflow/.local/lib/python3.7/site-packages/airflow/cli/cli_parser.py", line 48, in command
    return func(*args, **kwargs)
  File "/home/airflow/.local/lib/python3.7/site-packages/airflow/utils/cli.py", line 92, in wrapper
    return f(*args, **kwargs)
  File "/home/airflow/.local/lib/python3.7/site-packages/airflow/cli/commands/task_command.py", line 298, in task_run
    _run_task_by_selected_method(args, dag, ti)
  File "/home/airflow/.local/lib/python3.7/site-packages/airflow/cli/commands/task_command.py", line 107, in _run_task_by_selected_method
    _run_raw_task(args, ti)
  File "/home/airflow/.local/lib/python3.7/site-packages/airflow/cli/commands/task_command.py", line 184, in _run_raw_task
    error_file=args.error_file,
  File "/home/airflow/.local/lib/python3.7/site-packages/airflow/utils/session.py", line 70, in wrapper
    return func(*args, session=session, **kwargs)
  File "/home/airflow/.local/lib/python3.7/site-packages/airflow/models/taskinstance.py", line 1334, in _run_raw_task
    self._execute_task_with_callbacks(context)
  File "/home/airflow/.local/lib/python3.7/site-packages/airflow/models/taskinstance.py", line 1460, in _execute_task_with_callbacks
    result = self._execute_task(context, self.task)
  File "/home/airflow/.local/lib/python3.7/site-packages/airflow/models/taskinstance.py", line 1516, in _execute_task
    result = execute_callable(context=context)
  File "/home/airflow/.local/lib/python3.7/site-packages/airflow/operators/python.py", line 174, in execute
    return_value = self.execute_callable()
  File "/home/airflow/.local/lib/python3.7/site-packages/airflow/operators/python.py", line 188, in execute_callable
    return self.python_callable(*self.op_args, **self.op_kwargs)
  File "/opt/airflow/dags/upbit_bitcoin.py", line 22, in time_setting
    logging.info(datetime(ts[:4],ts[5:7],ts[8:10],tzinfo=KST))
TypeError: an integer is required (got type str)
[2022-07-08 05:49:32,419] {local_task_job.py:154} INFO - Task exited with return code 1
[2022-07-08 05:49:32,516] {local_task_job.py:264} INFO - 0 downstream tasks scheduled from follow-on schedule check
