[2022-07-20 05:33:51,989] {taskinstance.py:1037} INFO - Dependencies all met for <TaskInstance: Upbit_api.upbit_bitcoin_api_extract scheduled__2022-07-19T00:00:00+00:00 [queued]>
[2022-07-20 05:33:52,022] {taskinstance.py:1037} INFO - Dependencies all met for <TaskInstance: Upbit_api.upbit_bitcoin_api_extract scheduled__2022-07-19T00:00:00+00:00 [queued]>
[2022-07-20 05:33:52,023] {taskinstance.py:1243} INFO - 
--------------------------------------------------------------------------------
[2022-07-20 05:33:52,023] {taskinstance.py:1244} INFO - Starting attempt 1 of 6
[2022-07-20 05:33:52,023] {taskinstance.py:1245} INFO - 
--------------------------------------------------------------------------------
[2022-07-20 05:33:52,044] {taskinstance.py:1264} INFO - Executing <Task(PythonOperator): upbit_bitcoin_api_extract> on 2022-07-19 00:00:00+00:00
[2022-07-20 05:33:52,067] {standard_task_runner.py:52} INFO - Started process 383 to run task
[2022-07-20 05:33:52,072] {standard_task_runner.py:76} INFO - Running: ['***', 'tasks', 'run', 'Upbit_api', 'upbit_bitcoin_api_extract', 'scheduled__2022-07-19T00:00:00+00:00', '--job-id', '88', '--raw', '--subdir', 'DAGS_FOLDER/Upbit_Api.py', '--cfg-path', '/tmp/tmpn80j8pz4', '--error-file', '/tmp/tmpzxnoke4n']
[2022-07-20 05:33:52,073] {standard_task_runner.py:77} INFO - Job 88: Subtask upbit_bitcoin_api_extract
[2022-07-20 05:33:52,216] {logging_mixin.py:109} INFO - Running <TaskInstance: Upbit_api.upbit_bitcoin_api_extract scheduled__2022-07-19T00:00:00+00:00 [running]> on host 0741836b2d3b
[2022-07-20 05:33:52,316] {taskinstance.py:1431} INFO - Exporting the following env vars:
AIRFLOW_CTX_DAG_OWNER=kimuksung2
AIRFLOW_CTX_DAG_ID=Upbit_api
AIRFLOW_CTX_TASK_ID=upbit_bitcoin_api_extract
AIRFLOW_CTX_EXECUTION_DATE=2022-07-19T00:00:00+00:00
AIRFLOW_CTX_DAG_RUN_ID=scheduled__2022-07-19T00:00:00+00:00
[2022-07-20 05:33:53,839] {python.py:175} INFO - Done. Returned value was: [{'market': 'KRW-BTC', 'candle_date_time_utc': '2022-07-18T23:59:00', 'candle_date_time_kst': '2022-07-19T08:59:00', 'opening_price': 29439000.0, 'high_price': 29495000.0, 'low_price': 29314000.0, 'trade_price': 29322000.0, 'timestamp': 1658188799854, 'candle_acc_trade_price': 1176241565.61858, 'candle_acc_trade_volume': 39.9992713, 'unit': 1}]
[2022-07-20 05:33:53,890] {taskinstance.py:1282} INFO - Marking task as SUCCESS. dag_id=Upbit_api, task_id=upbit_bitcoin_api_extract, execution_date=20220719T000000, start_date=20220720T053351, end_date=20220720T053353
[2022-07-20 05:33:53,936] {local_task_job.py:154} INFO - Task exited with return code 0
[2022-07-20 05:33:53,996] {local_task_job.py:264} INFO - 0 downstream tasks scheduled from follow-on schedule check
