[2022-07-20 05:40:39,859] {taskinstance.py:1037} INFO - Dependencies all met for <TaskInstance: Upbit_api.upbit_bitcoin_api_extract scheduled__2022-07-19T00:00:00+00:00 [queued]>
[2022-07-20 05:40:39,876] {taskinstance.py:1037} INFO - Dependencies all met for <TaskInstance: Upbit_api.upbit_bitcoin_api_extract scheduled__2022-07-19T00:00:00+00:00 [queued]>
[2022-07-20 05:40:39,876] {taskinstance.py:1243} INFO - 
--------------------------------------------------------------------------------
[2022-07-20 05:40:39,876] {taskinstance.py:1244} INFO - Starting attempt 2 of 7
[2022-07-20 05:40:39,876] {taskinstance.py:1245} INFO - 
--------------------------------------------------------------------------------
[2022-07-20 05:40:39,896] {taskinstance.py:1264} INFO - Executing <Task(PythonOperator): upbit_bitcoin_api_extract> on 2022-07-19 00:00:00+00:00
[2022-07-20 05:40:39,902] {standard_task_runner.py:52} INFO - Started process 551 to run task
[2022-07-20 05:40:39,906] {standard_task_runner.py:76} INFO - Running: ['***', 'tasks', 'run', 'Upbit_api', 'upbit_bitcoin_api_extract', 'scheduled__2022-07-19T00:00:00+00:00', '--job-id', '90', '--raw', '--subdir', 'DAGS_FOLDER/Upbit_Api.py', '--cfg-path', '/tmp/tmpzcpkuivd', '--error-file', '/tmp/tmps36j71ew']
[2022-07-20 05:40:39,907] {standard_task_runner.py:77} INFO - Job 90: Subtask upbit_bitcoin_api_extract
[2022-07-20 05:40:39,979] {logging_mixin.py:109} INFO - Running <TaskInstance: Upbit_api.upbit_bitcoin_api_extract scheduled__2022-07-19T00:00:00+00:00 [running]> on host 0741836b2d3b
[2022-07-20 05:40:40,056] {taskinstance.py:1431} INFO - Exporting the following env vars:
AIRFLOW_CTX_DAG_OWNER=kimuksung2
AIRFLOW_CTX_DAG_ID=Upbit_api
AIRFLOW_CTX_TASK_ID=upbit_bitcoin_api_extract
AIRFLOW_CTX_EXECUTION_DATE=2022-07-19T00:00:00+00:00
AIRFLOW_CTX_DAG_RUN_ID=scheduled__2022-07-19T00:00:00+00:00
[2022-07-20 05:40:40,205] {python.py:175} INFO - Done. Returned value was: [{'market': 'KRW-BTC', 'candle_date_time_utc': '2022-07-18T23:59:00', 'candle_date_time_kst': '2022-07-19T08:59:00', 'opening_price': 29439000.0, 'high_price': 29495000.0, 'low_price': 29314000.0, 'trade_price': 29322000.0, 'timestamp': 1658188799854, 'candle_acc_trade_price': 1176241565.61858, 'candle_acc_trade_volume': 39.9992713, 'unit': 1}]
[2022-07-20 05:40:40,238] {taskinstance.py:1282} INFO - Marking task as SUCCESS. dag_id=Upbit_api, task_id=upbit_bitcoin_api_extract, execution_date=20220719T000000, start_date=20220720T054039, end_date=20220720T054040
[2022-07-20 05:40:40,282] {local_task_job.py:154} INFO - Task exited with return code 0
[2022-07-20 05:40:40,348] {local_task_job.py:264} INFO - 1 downstream tasks scheduled from follow-on schedule check
