[2022-07-20 05:47:37,884] {taskinstance.py:1037} INFO - Dependencies all met for <TaskInstance: Upbit_api.upbit_bitcoin_api_extract scheduled__2022-07-19T00:00:00+00:00 [queued]>
[2022-07-20 05:47:37,902] {taskinstance.py:1037} INFO - Dependencies all met for <TaskInstance: Upbit_api.upbit_bitcoin_api_extract scheduled__2022-07-19T00:00:00+00:00 [queued]>
[2022-07-20 05:47:37,902] {taskinstance.py:1243} INFO - 
--------------------------------------------------------------------------------
[2022-07-20 05:47:37,902] {taskinstance.py:1244} INFO - Starting attempt 4 of 9
[2022-07-20 05:47:37,902] {taskinstance.py:1245} INFO - 
--------------------------------------------------------------------------------
[2022-07-20 05:47:37,928] {taskinstance.py:1264} INFO - Executing <Task(PythonOperator): upbit_bitcoin_api_extract> on 2022-07-19 00:00:00+00:00
[2022-07-20 05:47:37,933] {standard_task_runner.py:52} INFO - Started process 705 to run task
[2022-07-20 05:47:37,937] {standard_task_runner.py:76} INFO - Running: ['***', 'tasks', 'run', 'Upbit_api', 'upbit_bitcoin_api_extract', 'scheduled__2022-07-19T00:00:00+00:00', '--job-id', '95', '--raw', '--subdir', 'DAGS_FOLDER/Upbit_Api.py', '--cfg-path', '/tmp/tmpt6d8ut06', '--error-file', '/tmp/tmppqck3qg9']
[2022-07-20 05:47:37,938] {standard_task_runner.py:77} INFO - Job 95: Subtask upbit_bitcoin_api_extract
[2022-07-20 05:47:38,016] {logging_mixin.py:109} INFO - Running <TaskInstance: Upbit_api.upbit_bitcoin_api_extract scheduled__2022-07-19T00:00:00+00:00 [running]> on host 0741836b2d3b
[2022-07-20 05:47:38,089] {taskinstance.py:1431} INFO - Exporting the following env vars:
AIRFLOW_CTX_DAG_OWNER=kimuksung2
AIRFLOW_CTX_DAG_ID=Upbit_api
AIRFLOW_CTX_TASK_ID=upbit_bitcoin_api_extract
AIRFLOW_CTX_EXECUTION_DATE=2022-07-19T00:00:00+00:00
AIRFLOW_CTX_DAG_RUN_ID=scheduled__2022-07-19T00:00:00+00:00
[2022-07-20 05:47:38,241] {python.py:175} INFO - Done. Returned value was: [{'market': 'KRW-BTC', 'candle_date_time_utc': '2022-07-18T23:59:00', 'candle_date_time_kst': '2022-07-19T08:59:00', 'opening_price': 29439000.0, 'high_price': 29495000.0, 'low_price': 29314000.0, 'trade_price': 29322000.0, 'timestamp': 1658188799854, 'candle_acc_trade_price': 1176241565.61858, 'candle_acc_trade_volume': 39.9992713, 'unit': 1}]
[2022-07-20 05:47:38,275] {taskinstance.py:1282} INFO - Marking task as SUCCESS. dag_id=Upbit_api, task_id=upbit_bitcoin_api_extract, execution_date=20220719T000000, start_date=20220720T054737, end_date=20220720T054738
[2022-07-20 05:47:38,311] {local_task_job.py:154} INFO - Task exited with return code 0
[2022-07-20 05:47:38,356] {local_task_job.py:264} INFO - 1 downstream tasks scheduled from follow-on schedule check
