[2022-07-07 06:38:19,902] {taskinstance.py:1037} INFO - Dependencies all met for <TaskInstance: upbit_bitcoin.upbit_bitcoin_extract scheduled__2022-07-06T17:00:00+00:00 [queued]>
[2022-07-07 06:38:19,926] {taskinstance.py:1037} INFO - Dependencies all met for <TaskInstance: upbit_bitcoin.upbit_bitcoin_extract scheduled__2022-07-06T17:00:00+00:00 [queued]>
[2022-07-07 06:38:19,926] {taskinstance.py:1243} INFO - 
--------------------------------------------------------------------------------
[2022-07-07 06:38:19,926] {taskinstance.py:1244} INFO - Starting attempt 1 of 1
[2022-07-07 06:38:19,926] {taskinstance.py:1245} INFO - 
--------------------------------------------------------------------------------
[2022-07-07 06:38:19,955] {taskinstance.py:1264} INFO - Executing <Task(PythonOperator): upbit_bitcoin_extract> on 2022-07-06 17:00:00+00:00
[2022-07-07 06:38:19,964] {standard_task_runner.py:52} INFO - Started process 268 to run task
[2022-07-07 06:38:19,974] {standard_task_runner.py:76} INFO - Running: ['***', 'tasks', 'run', 'upbit_bitcoin', 'upbit_bitcoin_extract', 'scheduled__2022-07-06T17:00:00+00:00', '--job-id', '600', '--raw', '--subdir', 'DAGS_FOLDER/upbit_bitcoin.py', '--cfg-path', '/tmp/tmp3u4fq3ir', '--error-file', '/tmp/tmpcau995tk']
[2022-07-07 06:38:19,975] {standard_task_runner.py:77} INFO - Job 600: Subtask upbit_bitcoin_extract
[2022-07-07 06:38:20,098] {logging_mixin.py:109} INFO - Running <TaskInstance: upbit_bitcoin.upbit_bitcoin_extract scheduled__2022-07-06T17:00:00+00:00 [running]> on host 9514ca4c721b
[2022-07-07 06:38:20,192] {taskinstance.py:1431} INFO - Exporting the following env vars:
AIRFLOW_CTX_DAG_OWNER=***
AIRFLOW_CTX_DAG_ID=upbit_bitcoin
AIRFLOW_CTX_TASK_ID=upbit_bitcoin_extract
AIRFLOW_CTX_EXECUTION_DATE=2022-07-06T17:00:00+00:00
AIRFLOW_CTX_DAG_RUN_ID=scheduled__2022-07-06T17:00:00+00:00
[2022-07-07 06:38:20,193] {upbit_bitcoin.py:22} INFO - ['2022-07-06', '17:00:00+00:00']
[2022-07-07 06:38:20,193] {upbit_bitcoin.py:29} INFO - https://api.upbit.com/v1/candles/minutes/1?market=KRW-BTC&to=2022-07-07 00:00:00&count=5
[2022-07-07 06:38:20,193] {python.py:175} INFO - Done. Returned value was: https://api.upbit.com/v1/candles/minutes/1?market=KRW-BTC&to=2022-07-07 00:00:00&count=5
[2022-07-07 06:38:20,244] {taskinstance.py:1282} INFO - Marking task as SUCCESS. dag_id=upbit_bitcoin, task_id=upbit_bitcoin_extract, execution_date=20220706T170000, start_date=20220707T063819, end_date=20220707T063820
[2022-07-07 06:38:20,302] {local_task_job.py:154} INFO - Task exited with return code 0
[2022-07-07 06:38:20,380] {local_task_job.py:264} INFO - 0 downstream tasks scheduled from follow-on schedule check
[2022-07-07 06:43:00,333] {taskinstance.py:1037} INFO - Dependencies all met for <TaskInstance: upbit_bitcoin.upbit_bitcoin_extract scheduled__2022-07-06T17:00:00+00:00 [queued]>
[2022-07-07 06:43:00,402] {taskinstance.py:1037} INFO - Dependencies all met for <TaskInstance: upbit_bitcoin.upbit_bitcoin_extract scheduled__2022-07-06T17:00:00+00:00 [queued]>
[2022-07-07 06:43:00,402] {taskinstance.py:1243} INFO - 
--------------------------------------------------------------------------------
[2022-07-07 06:43:00,403] {taskinstance.py:1244} INFO - Starting attempt 1 of 1
[2022-07-07 06:43:00,406] {taskinstance.py:1245} INFO - 
--------------------------------------------------------------------------------
[2022-07-07 06:43:00,503] {taskinstance.py:1264} INFO - Executing <Task(PythonOperator): upbit_bitcoin_extract> on 2022-07-06 17:00:00+00:00
[2022-07-07 06:43:00,533] {standard_task_runner.py:52} INFO - Started process 476 to run task
[2022-07-07 06:43:00,559] {standard_task_runner.py:76} INFO - Running: ['***', 'tasks', 'run', 'upbit_bitcoin', 'upbit_bitcoin_extract', 'scheduled__2022-07-06T17:00:00+00:00', '--job-id', '615', '--raw', '--subdir', 'DAGS_FOLDER/upbit_bitcoin.py', '--cfg-path', '/tmp/tmptivk19sa', '--error-file', '/tmp/tmpf2e6lmpk']
[2022-07-07 06:43:00,560] {standard_task_runner.py:77} INFO - Job 615: Subtask upbit_bitcoin_extract
[2022-07-07 06:43:00,914] {logging_mixin.py:109} INFO - Running <TaskInstance: upbit_bitcoin.upbit_bitcoin_extract scheduled__2022-07-06T17:00:00+00:00 [running]> on host 9514ca4c721b
[2022-07-07 06:43:01,304] {taskinstance.py:1431} INFO - Exporting the following env vars:
AIRFLOW_CTX_DAG_OWNER=***
AIRFLOW_CTX_DAG_ID=upbit_bitcoin
AIRFLOW_CTX_TASK_ID=upbit_bitcoin_extract
AIRFLOW_CTX_EXECUTION_DATE=2022-07-06T17:00:00+00:00
AIRFLOW_CTX_DAG_RUN_ID=scheduled__2022-07-06T17:00:00+00:00
[2022-07-07 06:43:01,309] {upbit_bitcoin.py:27} INFO - 2022-07-06 17:00:00
[2022-07-07 06:43:01,309] {upbit_bitcoin.py:31} INFO - https://api.upbit.com/v1/candles/minutes/1?market=KRW-BTC&to=2022-07-06 17:00:00&count=1
[2022-07-07 06:43:01,310] {python.py:175} INFO - Done. Returned value was: https://api.upbit.com/v1/candles/minutes/1?market=KRW-BTC&to=2022-07-06 17:00:00&count=1
[2022-07-07 06:43:01,465] {taskinstance.py:1282} INFO - Marking task as SUCCESS. dag_id=upbit_bitcoin, task_id=upbit_bitcoin_extract, execution_date=20220706T170000, start_date=20220707T064300, end_date=20220707T064301
[2022-07-07 06:43:01,538] {local_task_job.py:154} INFO - Task exited with return code 0
[2022-07-07 06:43:01,700] {local_task_job.py:264} INFO - 0 downstream tasks scheduled from follow-on schedule check
