[2022-07-20 06:43:38,027] {taskinstance.py:1037} INFO - Dependencies all met for <TaskInstance: Upbit_api.insert_bitcoin scheduled__2022-07-19T00:00:00+00:00 [queued]>
[2022-07-20 06:43:38,066] {taskinstance.py:1037} INFO - Dependencies all met for <TaskInstance: Upbit_api.insert_bitcoin scheduled__2022-07-19T00:00:00+00:00 [queued]>
[2022-07-20 06:43:38,066] {taskinstance.py:1243} INFO - 
--------------------------------------------------------------------------------
[2022-07-20 06:43:38,067] {taskinstance.py:1244} INFO - Starting attempt 10 of 11
[2022-07-20 06:43:38,067] {taskinstance.py:1245} INFO - 
--------------------------------------------------------------------------------
[2022-07-20 06:43:38,099] {taskinstance.py:1264} INFO - Executing <Task(PostgresOperator): insert_bitcoin> on 2022-07-19 00:00:00+00:00
[2022-07-20 06:43:38,106] {standard_task_runner.py:52} INFO - Started process 2439 to run task
[2022-07-20 06:43:38,121] {standard_task_runner.py:76} INFO - Running: ['***', 'tasks', 'run', 'Upbit_api', 'insert_bitcoin', 'scheduled__2022-07-19T00:00:00+00:00', '--job-id', '150', '--raw', '--subdir', 'DAGS_FOLDER/Upbit_Api.py', '--cfg-path', '/tmp/tmpqju8ivjw', '--error-file', '/tmp/tmp0qsyqow4']
[2022-07-20 06:43:38,122] {standard_task_runner.py:77} INFO - Job 150: Subtask insert_bitcoin
[2022-07-20 06:43:38,231] {logging_mixin.py:109} INFO - Running <TaskInstance: Upbit_api.insert_bitcoin scheduled__2022-07-19T00:00:00+00:00 [running]> on host 0741836b2d3b
[2022-07-20 06:43:38,446] {taskinstance.py:1431} INFO - Exporting the following env vars:
AIRFLOW_CTX_DAG_OWNER=kimuksung2
AIRFLOW_CTX_DAG_ID=Upbit_api
AIRFLOW_CTX_TASK_ID=insert_bitcoin
AIRFLOW_CTX_EXECUTION_DATE=2022-07-19T00:00:00+00:00
AIRFLOW_CTX_DAG_RUN_ID=scheduled__2022-07-19T00:00:00+00:00
[2022-07-20 06:43:38,464] {base.py:79} INFO - Using connection to: id: postgres_xcom_test. Host: postgres, Port: 5432, Schema: test, Login: ***, Password: ***, extra: {}
[2022-07-20 06:43:38,473] {dbapi.py:225} INFO - Running statement: 
            insert into bitcoin (name , time_utc , time_ktc , opening_price , high_price , low_price , trade_price ) 
            values (
                'KRW-BTC',
                '2022-07-18T23:59:00',
                '2022-07-19T08:59:00',
                29439000.0,
                29495000.0,
                29314000.0,
                29322000.0
            )
        , parameters: None
[2022-07-20 06:43:38,475] {dbapi.py:233} INFO - Rows affected: 1
[2022-07-20 06:43:38,515] {taskinstance.py:1282} INFO - Marking task as SUCCESS. dag_id=Upbit_api, task_id=insert_bitcoin, execution_date=20220719T000000, start_date=20220720T064338, end_date=20220720T064338
[2022-07-20 06:43:38,572] {local_task_job.py:154} INFO - Task exited with return code 0
[2022-07-20 06:43:38,638] {local_task_job.py:264} INFO - 0 downstream tasks scheduled from follow-on schedule check
