[2022-07-20 07:02:54,461] {taskinstance.py:1037} INFO - Dependencies all met for <TaskInstance: Upbit_api.create_table_coin scheduled__2022-07-19T14:00:00+00:00 [queued]>
[2022-07-20 07:02:54,504] {taskinstance.py:1037} INFO - Dependencies all met for <TaskInstance: Upbit_api.create_table_coin scheduled__2022-07-19T14:00:00+00:00 [queued]>
[2022-07-20 07:02:54,505] {taskinstance.py:1243} INFO - 
--------------------------------------------------------------------------------
[2022-07-20 07:02:54,505] {taskinstance.py:1244} INFO - Starting attempt 1 of 2
[2022-07-20 07:02:54,505] {taskinstance.py:1245} INFO - 
--------------------------------------------------------------------------------
[2022-07-20 07:02:54,587] {taskinstance.py:1264} INFO - Executing <Task(PostgresOperator): create_table_coin> on 2022-07-19 14:00:00+00:00
[2022-07-20 07:02:54,594] {standard_task_runner.py:52} INFO - Started process 3035 to run task
[2022-07-20 07:02:54,619] {standard_task_runner.py:76} INFO - Running: ['***', 'tasks', 'run', 'Upbit_api', 'create_table_coin', 'scheduled__2022-07-19T14:00:00+00:00', '--job-id', '157', '--raw', '--subdir', 'DAGS_FOLDER/Upbit_Api.py', '--cfg-path', '/tmp/tmpgsiyqbww', '--error-file', '/tmp/tmpnpvyuunh']
[2022-07-20 07:02:54,620] {standard_task_runner.py:77} INFO - Job 157: Subtask create_table_coin
[2022-07-20 07:02:55,742] {logging_mixin.py:109} INFO - Running <TaskInstance: Upbit_api.create_table_coin scheduled__2022-07-19T14:00:00+00:00 [running]> on host 0741836b2d3b
[2022-07-20 07:02:57,449] {taskinstance.py:1431} INFO - Exporting the following env vars:
AIRFLOW_CTX_DAG_OWNER=kimuksung2
AIRFLOW_CTX_DAG_ID=Upbit_api
AIRFLOW_CTX_TASK_ID=create_table_coin
AIRFLOW_CTX_EXECUTION_DATE=2022-07-19T14:00:00+00:00
AIRFLOW_CTX_DAG_RUN_ID=scheduled__2022-07-19T14:00:00+00:00
[2022-07-20 07:02:57,818] {base.py:79} INFO - Using connection to: id: postgres_xcom_test. Host: postgres, Port: 5432, Schema: test, Login: ***, Password: ***, extra: {}
[2022-07-20 07:02:57,823] {dbapi.py:225} INFO - Running statement: 
            create table if not exists bitcoin (
                name text,
                time_utc timestamp,
                time_ktc timestamp,
                opening_price double precision,
                high_price double precision,
                low_price double precision,
                trade_price double precision,
                primary key (time_ktc, trade_price)
            )
        , parameters: None
[2022-07-20 07:02:57,846] {postgres.py:73} INFO - NOTICE:  relation "bitcoin" already exists, skipping

[2022-07-20 07:02:57,971] {taskinstance.py:1282} INFO - Marking task as SUCCESS. dag_id=Upbit_api, task_id=create_table_coin, execution_date=20220719T140000, start_date=20220720T070254, end_date=20220720T070257
[2022-07-20 07:02:58,405] {local_task_job.py:154} INFO - Task exited with return code 0
[2022-07-20 07:02:58,698] {local_task_job.py:264} INFO - 1 downstream tasks scheduled from follow-on schedule check
